2026/01/12 16:22:05 日志文件: log/lbr_output_20260112_162205.log
2026/01/12 16:22:05 Current nofile rlimit: curr=524287 max=524288
2026/01/12 16:22:05 Monitoring PID: 79171
2026/01/12 16:22:06 LBR demo is running. Press Ctrl-C to exit.
2026/01/12 16:22:06 Attached to 8 CPUs, checking for LBR data every second...
2026/01/12 16:22:07 No LBR data - map中无任何条目
2026/01/12 16:22:08 No LBR data - map中无任何条目
2026/01/12 16:22:09 [DEBUG] loadSymbols: 加载了 30 个普通符号
2026/01/12 16:22:09 [DEBUG] loadSymbols: 共加载 31 个符号
2026/01/12 16:22:09 [DEBUG] loadSymbols: 符号地址范围: 0x1000 - 0x4068
2026/01/12 16:22:09 已启用 DWARF 符号解析 for PID 79171

=== PID: 79171, TID: 79171, COMM: test_lbr, Entries: 32 ===
LBR Stack:
[#00] [33mrand (libc.so.6)[0m      -> [33mrandom (libc.so.6)[0m   
[#01] [33mrandom (libc.so.6)[0m    -> [33mrandom (libc.so.6)[0m   
[#02] [33mrandom (libc.so.6)[0m    -> [33mrandom_r (libc.so.6)[0m 
[#03] [33mrandom_r (libc.so.6)[0m  -> [33mrandom_r (libc.so.6)[0m 
[#04] [33mrandom_r (libc.so.6)[0m  -> [33mrandom (libc.so.6)[0m   
[#05] [33mrandom (libc.so.6)[0m    -> [33mrandom (libc.so.6)[0m   
[#06] [33mrandom (libc.so.6)[0m    -> [33mrand (libc.so.6)[0m     
[#07] [33mrand (libc.so.6)[0m      -> [33mmain (test_lbr.c:195)[0m
[#08] [33mmain (test_lbr.c:195)[0m -> [33mmain (test_lbr.c:105)[0m
[#09] [33mmain (test_lbr.c:195)[0m -> [33mmain (test_lbr.c:148)[0m
[#10] [33mmain (test_lbr.c:195)[0m -> [33mmain (test_lbr.c:150)[0m
[#11] [33mmain (test_lbr.c:195)[0m -> [33mmain (test_lbr.c:152)[0m
[#12] [33mmain (test_lbr.c:153)[0m -> [33mmain (test_lbr.c:143)[0m
[#13] [33mmain (test_lbr.c:141)[0m -> [33m_init[0m                
[#14] [33m_init[0m                 -> [33mrand (libc.so.6)[0m     
[#15] [33mrand (libc.so.6)[0m      -> [33mrandom (libc.so.6)[0m   
[#16] [33mrandom (libc.so.6)[0m    -> [33mrandom (libc.so.6)[0m   
[#17] [33mrandom (libc.so.6)[0m    -> [33mrandom_r (libc.so.6)[0m 
[#18] [33mrandom_r (libc.so.6)[0m  -> [33mrandom_r (libc.so.6)[0m 
[#19] [33mrandom_r (libc.so.6)[0m  -> [33mrandom (libc.so.6)[0m   
[#20] [33mrandom (libc.so.6)[0m    -> [33mrandom (libc.so.6)[0m   
[#21] [33mrandom (libc.so.6)[0m    -> [33mrand (libc.so.6)[0m     
[#22] [33mrand (libc.so.6)[0m      -> [33mmain (test_lbr.c:195)[0m
[#23] [33mmain (test_lbr.c:195)[0m -> [33mmain (test_lbr.c:105)[0m
[#24] [33mmain (test_lbr.c:195)[0m -> [33mmain (test_lbr.c:148)[0m
[#25] [33mmain (test_lbr.c:195)[0m -> [33mmain (test_lbr.c:150)[0m
[#26] [33mmain (test_lbr.c:195)[0m -> [33mmain (test_lbr.c:152)[0m
[#27] [33mmain (test_lbr.c:195)[0m -> [33mmain (test_lbr.c:154)[0m
[#28] [33mmain (test_lbr.c:195)[0m -> [33mmain (test_lbr.c:156)[0m
[#29] [33mmain (test_lbr.c:157)[0m -> [33mmain (test_lbr.c:143)[0m
[#30] [33mmain (test_lbr.c:141)[0m -> [33m_init[0m                
[#31] [33m_init[0m                 -> [33mrand (libc.so.6)[0m     
2026/01/12 16:22:09 LBR数据统计: 总条目=1, 有效=1, 空数据=0, 全零数据=0
2026/01/12 16:22:10 No LBR data - map中无任何条目
2026/01/12 16:22:11 No LBR data - map中无任何条目
2026/01/12 16:22:12 No LBR data - map中无任何条目
2026/01/12 16:22:13 No LBR data - map中无任何条目
2026/01/12 16:22:14 No LBR data - map中无任何条目
2026/01/12 16:22:15 No LBR data - map中无任何条目
