2026/01/12 16:38:23 日志文件: log/lbr_output_20260112_163823.log
2026/01/12 16:38:23 Current nofile rlimit: curr=524287 max=524288
2026/01/12 16:38:23 Monitoring PID: 86319
2026/01/12 16:38:23 LBR demo is running. Press Ctrl-C to exit.
2026/01/12 16:38:23 Attached to 8 CPUs, checking for LBR data every second...
2026/01/12 16:38:24 No LBR data - map中无任何条目
2026/01/12 16:38:25 No LBR data - map中无任何条目
2026/01/12 16:38:26 [DEBUG] NewUserSymbolResolver: 为PID 86319 创建解析器
2026/01/12 16:38:26 [DEBUG] NewUserSymbolResolver: 使用可执行文件: /home/ssy/lbr/test/test_lbr
2026/01/12 16:38:26 [DEBUG] checkDebugSymbols: 检查文件 /home/ssy/lbr/test/test_lbr 的调试符号
2026/01/12 16:38:26 [DEBUG] checkDebugSymbols: file 输出: /home/ssy/lbr/test/test_lbr: ELF 64-bit LSB pie executable, x86-64, version 1 (SYSV), dynamically linked, interpreter /lib64/ld-linux-x86-64.so.2, BuildID[sha1]=c991d85de712a97fc7e96e087fbedad9567699a4, for GNU/Linux 4.4.0, with debug_info, not stripped
2026/01/12 16:38:26 [DEBUG] checkDebugSymbols: 结果: true
2026/01/12 16:38:26 [DEBUG] NewUserSymbolResolver: 调试符号检查结果: true
2026/01/12 16:38:26 [DEBUG] NewUserSymbolResolver: 解析器创建成功
2026/01/12 16:38:26 已启用 addr2line 符号解析 for PID 86319
2026/01/12 16:38:26 [DEBUG] ResolveAddress: 开始解析地址 0x7f3b5ae4394e
2026/01/12 16:38:26 [DEBUG] ResolveAddress: 执行 addr2line 命令
2026/01/12 16:38:26 [DEBUG] ResolveAddress: addr2line 输出行数: 2
2026/01/12 16:38:26 [DEBUG] ResolveAddress: 函数名: ??, 位置: ??:0
2026/01/12 16:38:26 [DEBUG] ResolveAddress: 解析成功 -> 函数: ??, 文件: ??, 行号: 0
2026/01/12 16:38:26 [DEBUG] ResolveAddress: 开始解析地址 0x555f7a6b845d
2026/01/12 16:38:26 [DEBUG] ResolveAddress: 执行 addr2line 命令
2026/01/12 16:38:26 [DEBUG] ResolveAddress: addr2line 输出行数: 2
2026/01/12 16:38:26 [DEBUG] ResolveAddress: 函数名: ??, 位置: ??:0
2026/01/12 16:38:26 [DEBUG] ResolveAddress: 解析成功 -> 函数: ??, 文件: ??, 行号: 0
2026/01/12 16:38:26 [DEBUG] ResolveAddress: 开始解析地址 0x7f3b5ae43bb6
2026/01/12 16:38:26 [DEBUG] ResolveAddress: 执行 addr2line 命令
2026/01/12 16:38:26 [DEBUG] ResolveAddress: addr2line 输出行数: 2
2026/01/12 16:38:26 [DEBUG] ResolveAddress: 函数名: ??, 位置: ??:0
2026/01/12 16:38:26 [DEBUG] ResolveAddress: 解析成功 -> 函数: ??, 文件: ??, 行号: 0
2026/01/12 16:38:26 [DEBUG] ResolveAddress: 开始解析地址 0x7f3b5ae4394d
2026/01/12 16:38:26 [DEBUG] ResolveAddress: 执行 addr2line 命令
2026/01/12 16:38:26 [DEBUG] ResolveAddress: addr2line 输出行数: 2
2026/01/12 16:38:26 [DEBUG] ResolveAddress: 函数名: ??, 位置: ??:0
2026/01/12 16:38:26 [DEBUG] ResolveAddress: 解析成功 -> 函数: ??, 文件: ??, 行号: 0
2026/01/12 16:38:26 [DEBUG] ResolveAddress: 开始解析地址 0x7f3b5ae43bd4
2026/01/12 16:38:26 [DEBUG] ResolveAddress: 执行 addr2line 命令
2026/01/12 16:38:26 [DEBUG] ResolveAddress: addr2line 输出行数: 2
2026/01/12 16:38:26 [DEBUG] ResolveAddress: 函数名: ??, 位置: ??:0
2026/01/12 16:38:26 [DEBUG] ResolveAddress: 解析成功 -> 函数: ??, 文件: ??, 行号: 0
2026/01/12 16:38:26 [DEBUG] ResolveAddress: 开始解析地址 0x7f3b5ae43ba6
2026/01/12 16:38:26 [DEBUG] ResolveAddress: 执行 addr2line 命令
2026/01/12 16:38:26 [DEBUG] ResolveAddress: addr2line 输出行数: 2
2026/01/12 16:38:26 [DEBUG] ResolveAddress: 函数名: ??, 位置: ??:0
2026/01/12 16:38:26 [DEBUG] ResolveAddress: 解析成功 -> 函数: ??, 文件: ??, 行号: 0
2026/01/12 16:38:26 [DEBUG] ResolveAddress: 开始解析地址 0x7f3b5ae43d6c
2026/01/12 16:38:26 [DEBUG] ResolveAddress: 执行 addr2line 命令
2026/01/12 16:38:26 [DEBUG] ResolveAddress: addr2line 输出行数: 2
2026/01/12 16:38:26 [DEBUG] ResolveAddress: 函数名: ??, 位置: ??:0
2026/01/12 16:38:26 [DEBUG] ResolveAddress: 解析成功 -> 函数: ??, 文件: ??, 行号: 0
2026/01/12 16:38:26 [DEBUG] ResolveAddress: 开始解析地址 0x7f3b5ae43bd0
2026/01/12 16:38:26 [DEBUG] ResolveAddress: 执行 addr2line 命令
2026/01/12 16:38:26 [DEBUG] ResolveAddress: addr2line 输出行数: 2
2026/01/12 16:38:26 [DEBUG] ResolveAddress: 函数名: ??, 位置: ??:0
2026/01/12 16:38:26 [DEBUG] ResolveAddress: 解析成功 -> 函数: ??, 文件: ??, 行号: 0
2026/01/12 16:38:26 [DEBUG] ResolveAddress: 开始解析地址 0x7f3b5ae43d17
2026/01/12 16:38:26 [DEBUG] ResolveAddress: 执行 addr2line 命令
2026/01/12 16:38:26 [DEBUG] ResolveAddress: addr2line 输出行数: 2
2026/01/12 16:38:26 [DEBUG] ResolveAddress: 函数名: ??, 位置: ??:0
2026/01/12 16:38:26 [DEBUG] ResolveAddress: 解析成功 -> 函数: ??, 文件: ??, 行号: 0
2026/01/12 16:38:26 [DEBUG] ResolveAddress: 开始解析地址 0x7f3b5ae43d38
2026/01/12 16:38:26 [DEBUG] ResolveAddress: 执行 addr2line 命令
2026/01/12 16:38:26 [DEBUG] ResolveAddress: addr2line 输出行数: 2
2026/01/12 16:38:26 [DEBUG] ResolveAddress: 函数名: ??, 位置: ??:0
2026/01/12 16:38:26 [DEBUG] ResolveAddress: 解析成功 -> 函数: ??, 文件: ??, 行号: 0
2026/01/12 16:38:26 [DEBUG] ResolveAddress: 开始解析地址 0x7f3b5ae43bcb
2026/01/12 16:38:26 [DEBUG] ResolveAddress: 执行 addr2line 命令
2026/01/12 16:38:26 [DEBUG] ResolveAddress: addr2line 输出行数: 2
2026/01/12 16:38:26 [DEBUG] ResolveAddress: 函数名: ??, 位置: ??:0
2026/01/12 16:38:26 [DEBUG] ResolveAddress: 解析成功 -> 函数: ??, 文件: ??, 行号: 0
2026/01/12 16:38:26 [DEBUG] ResolveAddress: 开始解析地址 0x7f3b5ae43d00
2026/01/12 16:38:26 [DEBUG] ResolveAddress: 执行 addr2line 命令
2026/01/12 16:38:26 [DEBUG] ResolveAddress: addr2line 输出行数: 2
2026/01/12 16:38:26 [DEBUG] ResolveAddress: 函数名: ??, 位置: ??:0
2026/01/12 16:38:26 [DEBUG] ResolveAddress: 解析成功 -> 函数: ??, 文件: ??, 行号: 0
2026/01/12 16:38:26 [DEBUG] ResolveAddress: 开始解析地址 0x7f3b5ae43b72
2026/01/12 16:38:26 [DEBUG] ResolveAddress: 执行 addr2line 命令
2026/01/12 16:38:26 [DEBUG] ResolveAddress: addr2line 输出行数: 2
2026/01/12 16:38:26 [DEBUG] ResolveAddress: 函数名: ??, 位置: ??:0
2026/01/12 16:38:26 [DEBUG] ResolveAddress: 解析成功 -> 函数: ??, 文件: ??, 行号: 0
2026/01/12 16:38:26 [DEBUG] ResolveAddress: 开始解析地址 0x7f3b5ae43bc0
2026/01/12 16:38:26 [DEBUG] ResolveAddress: 执行 addr2line 命令
2026/01/12 16:38:26 [DEBUG] ResolveAddress: addr2line 输出行数: 2
2026/01/12 16:38:26 [DEBUG] ResolveAddress: 函数名: ??, 位置: ??:0
2026/01/12 16:38:26 [DEBUG] ResolveAddress: 解析成功 -> 函数: ??, 文件: ??, 行号: 0
2026/01/12 16:38:26 [DEBUG] ResolveAddress: 开始解析地址 0x7f3b5ae43948
2026/01/12 16:38:26 [DEBUG] ResolveAddress: 执行 addr2line 命令
2026/01/12 16:38:26 [DEBUG] ResolveAddress: addr2line 输出行数: 2
2026/01/12 16:38:26 [DEBUG] ResolveAddress: 函数名: ??, 位置: ??:0
2026/01/12 16:38:26 [DEBUG] ResolveAddress: 解析成功 -> 函数: ??, 文件: ??, 行号: 0
2026/01/12 16:38:26 [DEBUG] ResolveAddress: 开始解析地址 0x7f3b5ae43b50
2026/01/12 16:38:26 [DEBUG] ResolveAddress: 执行 addr2line 命令
2026/01/12 16:38:26 [DEBUG] ResolveAddress: addr2line 输出行数: 2
2026/01/12 16:38:26 [DEBUG] ResolveAddress: 函数名: ??, 位置: ??:0
2026/01/12 16:38:26 [DEBUG] ResolveAddress: 解析成功 -> 函数: ??, 文件: ??, 行号: 0
2026/01/12 16:38:26 [DEBUG] ResolveAddress: 开始解析地址 0x555f7a6b80b0
2026/01/12 16:38:26 [DEBUG] ResolveAddress: 执行 addr2line 命令
2026/01/12 16:38:26 [DEBUG] ResolveAddress: addr2line 输出行数: 2
2026/01/12 16:38:26 [DEBUG] ResolveAddress: 函数名: ??, 位置: ??:0
2026/01/12 16:38:26 [DEBUG] ResolveAddress: 解析成功 -> 函数: ??, 文件: ??, 行号: 0
2026/01/12 16:38:26 [DEBUG] ResolveAddress: 开始解析地址 0x7f3b5ae43940
2026/01/12 16:38:26 [DEBUG] ResolveAddress: 执行 addr2line 命令
2026/01/12 16:38:26 [DEBUG] ResolveAddress: addr2line 输出行数: 2
2026/01/12 16:38:26 [DEBUG] ResolveAddress: 函数名: ??, 位置: ??:0
2026/01/12 16:38:26 [DEBUG] ResolveAddress: 解析成功 -> 函数: ??, 文件: ??, 行号: 0
2026/01/12 16:38:26 [DEBUG] ResolveAddress: 开始解析地址 0x555f7a6b8458
2026/01/12 16:38:26 [DEBUG] ResolveAddress: 执行 addr2line 命令
2026/01/12 16:38:26 [DEBUG] ResolveAddress: addr2line 输出行数: 2
2026/01/12 16:38:26 [DEBUG] ResolveAddress: 函数名: ??, 位置: ??:0
2026/01/12 16:38:26 [DEBUG] ResolveAddress: 解析成功 -> 函数: ??, 文件: ??, 行号: 0
2026/01/12 16:38:26 [DEBUG] ResolveAddress: 开始解析地址 0x555f7a6b80b0
2026/01/12 16:38:26 [DEBUG] ResolveAddress: 执行 addr2line 命令
2026/01/12 16:38:26 [DEBUG] ResolveAddress: addr2line 输出行数: 2
2026/01/12 16:38:26 [DEBUG] ResolveAddress: 函数名: ??, 位置: ??:0
2026/01/12 16:38:26 [DEBUG] ResolveAddress: 解析成功 -> 函数: ??, 文件: ??, 行号: 0
2026/01/12 16:38:26 [DEBUG] ResolveAddress: 开始解析地址 0x555f7a6b8644
2026/01/12 16:38:26 [DEBUG] ResolveAddress: 执行 addr2line 命令
2026/01/12 16:38:26 [DEBUG] ResolveAddress: addr2line 输出行数: 2
2026/01/12 16:38:26 [DEBUG] ResolveAddress: 函数名: ??, 位置: ??:0
2026/01/12 16:38:26 [DEBUG] ResolveAddress: 解析成功 -> 函数: ??, 文件: ??, 行号: 0
2026/01/12 16:38:26 [DEBUG] ResolveAddress: 开始解析地址 0x555f7a6b8452
2026/01/12 16:38:26 [DEBUG] ResolveAddress: 执行 addr2line 命令
2026/01/12 16:38:26 [DEBUG] ResolveAddress: addr2line 输出行数: 2
2026/01/12 16:38:26 [DEBUG] ResolveAddress: 函数名: ??, 位置: ??:0
2026/01/12 16:38:26 [DEBUG] ResolveAddress: 解析成功 -> 函数: ??, 文件: ??, 行号: 0
2026/01/12 16:38:26 [DEBUG] ResolveAddress: 开始解析地址 0x555f7a6b8630
2026/01/12 16:38:26 [DEBUG] ResolveAddress: 执行 addr2line 命令
2026/01/12 16:38:26 [DEBUG] ResolveAddress: addr2line 输出行数: 2
2026/01/12 16:38:26 [DEBUG] ResolveAddress: 函数名: ??, 位置: ??:0
2026/01/12 16:38:26 [DEBUG] ResolveAddress: 解析成功 -> 函数: ??, 文件: ??, 行号: 0
2026/01/12 16:38:26 [DEBUG] ResolveAddress: 开始解析地址 0x555f7a6b863b
2026/01/12 16:38:26 [DEBUG] ResolveAddress: 执行 addr2line 命令
2026/01/12 16:38:26 [DEBUG] ResolveAddress: addr2line 输出行数: 2
2026/01/12 16:38:26 [DEBUG] ResolveAddress: 函数名: ??, 位置: ??:0
2026/01/12 16:38:26 [DEBUG] ResolveAddress: 解析成功 -> 函数: ??, 文件: ??, 行号: 0
2026/01/12 16:38:26 [DEBUG] ResolveAddress: 开始解析地址 0x555f7a6b8622
2026/01/12 16:38:26 [DEBUG] ResolveAddress: 执行 addr2line 命令
2026/01/12 16:38:26 [DEBUG] ResolveAddress: addr2line 输出行数: 2
2026/01/12 16:38:26 [DEBUG] ResolveAddress: 函数名: ??, 位置: ??:0
2026/01/12 16:38:26 [DEBUG] ResolveAddress: 解析成功 -> 函数: ??, 文件: ??, 行号: 0
2026/01/12 16:38:26 [DEBUG] ResolveAddress: 开始解析地址 0x555f7a6b862d
2026/01/12 16:38:26 [DEBUG] ResolveAddress: 执行 addr2line 命令
2026/01/12 16:38:26 [DEBUG] ResolveAddress: addr2line 输出行数: 2
2026/01/12 16:38:26 [DEBUG] ResolveAddress: 函数名: ??, 位置: ??:0
2026/01/12 16:38:26 [DEBUG] ResolveAddress: 解析成功 -> 函数: ??, 文件: ??, 行号: 0
2026/01/12 16:38:26 [DEBUG] ResolveAddress: 开始解析地址 0x555f7a6b8614
2026/01/12 16:38:26 [DEBUG] ResolveAddress: 执行 addr2line 命令
2026/01/12 16:38:26 [DEBUG] ResolveAddress: addr2line 输出行数: 2
2026/01/12 16:38:26 [DEBUG] ResolveAddress: 函数名: ??, 位置: ??:0
2026/01/12 16:38:26 [DEBUG] ResolveAddress: 解析成功 -> 函数: ??, 文件: ??, 行号: 0
2026/01/12 16:38:26 [DEBUG] ResolveAddress: 开始解析地址 0x555f7a6b861f
2026/01/12 16:38:26 [DEBUG] ResolveAddress: 执行 addr2line 命令
2026/01/12 16:38:26 [DEBUG] ResolveAddress: addr2line 输出行数: 2
2026/01/12 16:38:26 [DEBUG] ResolveAddress: 函数名: ??, 位置: ??:0
2026/01/12 16:38:26 [DEBUG] ResolveAddress: 解析成功 -> 函数: ??, 文件: ??, 行号: 0
2026/01/12 16:38:26 [DEBUG] ResolveAddress: 开始解析地址 0x555f7a6b8606
2026/01/12 16:38:26 [DEBUG] ResolveAddress: 执行 addr2line 命令
2026/01/12 16:38:26 [DEBUG] ResolveAddress: addr2line 输出行数: 2
2026/01/12 16:38:26 [DEBUG] ResolveAddress: 函数名: ??, 位置: ??:0
2026/01/12 16:38:26 [DEBUG] ResolveAddress: 解析成功 -> 函数: ??, 文件: ??, 行号: 0
2026/01/12 16:38:26 [DEBUG] ResolveAddress: 开始解析地址 0x555f7a6b8611
2026/01/12 16:38:26 [DEBUG] ResolveAddress: 执行 addr2line 命令
2026/01/12 16:38:26 [DEBUG] ResolveAddress: addr2line 输出行数: 2
2026/01/12 16:38:26 [DEBUG] ResolveAddress: 函数名: ??, 位置: ??:0
2026/01/12 16:38:26 [DEBUG] ResolveAddress: 解析成功 -> 函数: ??, 文件: ??, 行号: 0
2026/01/12 16:38:26 [DEBUG] ResolveAddress: 开始解析地址 0x555f7a6b85f8
2026/01/12 16:38:26 [DEBUG] ResolveAddress: 执行 addr2line 命令
2026/01/12 16:38:26 [DEBUG] ResolveAddress: addr2line 输出行数: 2
2026/01/12 16:38:26 [DEBUG] ResolveAddress: 函数名: ??, 位置: ??:0
2026/01/12 16:38:26 [DEBUG] ResolveAddress: 解析成功 -> 函数: ??, 文件: ??, 行号: 0
2026/01/12 16:38:26 [DEBUG] ResolveAddress: 开始解析地址 0x555f7a6b8603
2026/01/12 16:38:26 [DEBUG] ResolveAddress: 执行 addr2line 命令
2026/01/12 16:38:26 [DEBUG] ResolveAddress: addr2line 输出行数: 2
2026/01/12 16:38:26 [DEBUG] ResolveAddress: 函数名: ??, 位置: ??:0
2026/01/12 16:38:26 [DEBUG] ResolveAddress: 解析成功 -> 函数: ??, 文件: ??, 行号: 0
2026/01/12 16:38:26 [DEBUG] ResolveAddress: 开始解析地址 0x555f7a6b8482
2026/01/12 16:38:26 [DEBUG] ResolveAddress: 执行 addr2line 命令
2026/01/12 16:38:26 [DEBUG] ResolveAddress: addr2line 输出行数: 2
2026/01/12 16:38:26 [DEBUG] ResolveAddress: 函数名: ??, 位置: ??:0
2026/01/12 16:38:26 [DEBUG] ResolveAddress: 解析成功 -> 函数: ??, 文件: ??, 行号: 0
2026/01/12 16:38:26 [DEBUG] ResolveAddress: 开始解析地址 0x555f7a6b85f5
2026/01/12 16:38:26 [DEBUG] ResolveAddress: 执行 addr2line 命令
2026/01/12 16:38:26 [DEBUG] ResolveAddress: addr2line 输出行数: 2
2026/01/12 16:38:26 [DEBUG] ResolveAddress: 函数名: ??, 位置: ??:0
2026/01/12 16:38:26 [DEBUG] ResolveAddress: 解析成功 -> 函数: ??, 文件: ??, 行号: 0
2026/01/12 16:38:26 [DEBUG] ResolveAddress: 开始解析地址 0x7f3b5ae4394e
2026/01/12 16:38:26 [DEBUG] ResolveAddress: 执行 addr2line 命令
2026/01/12 16:38:26 [DEBUG] ResolveAddress: addr2line 输出行数: 2
2026/01/12 16:38:26 [DEBUG] ResolveAddress: 函数名: ??, 位置: ??:0
2026/01/12 16:38:26 [DEBUG] ResolveAddress: 解析成功 -> 函数: ??, 文件: ??, 行号: 0
2026/01/12 16:38:26 [DEBUG] ResolveAddress: 开始解析地址 0x555f7a6b845d
2026/01/12 16:38:26 [DEBUG] ResolveAddress: 执行 addr2line 命令
2026/01/12 16:38:26 [DEBUG] ResolveAddress: addr2line 输出行数: 2
2026/01/12 16:38:26 [DEBUG] ResolveAddress: 函数名: ??, 位置: ??:0
2026/01/12 16:38:26 [DEBUG] ResolveAddress: 解析成功 -> 函数: ??, 文件: ??, 行号: 0
2026/01/12 16:38:26 [DEBUG] ResolveAddress: 开始解析地址 0x7f3b5ae43bb6
2026/01/12 16:38:26 [DEBUG] ResolveAddress: 执行 addr2line 命令
2026/01/12 16:38:26 [DEBUG] ResolveAddress: addr2line 输出行数: 2
2026/01/12 16:38:26 [DEBUG] ResolveAddress: 函数名: ??, 位置: ??:0
2026/01/12 16:38:26 [DEBUG] ResolveAddress: 解析成功 -> 函数: ??, 文件: ??, 行号: 0
2026/01/12 16:38:26 [DEBUG] ResolveAddress: 开始解析地址 0x7f3b5ae4394d
2026/01/12 16:38:26 [DEBUG] ResolveAddress: 执行 addr2line 命令
2026/01/12 16:38:26 [DEBUG] ResolveAddress: addr2line 输出行数: 2
2026/01/12 16:38:26 [DEBUG] ResolveAddress: 函数名: ??, 位置: ??:0
2026/01/12 16:38:26 [DEBUG] ResolveAddress: 解析成功 -> 函数: ??, 文件: ??, 行号: 0
2026/01/12 16:38:26 [DEBUG] ResolveAddress: 开始解析地址 0x7f3b5ae43bd4
2026/01/12 16:38:26 [DEBUG] ResolveAddress: 执行 addr2line 命令
2026/01/12 16:38:26 [DEBUG] ResolveAddress: addr2line 输出行数: 2
2026/01/12 16:38:26 [DEBUG] ResolveAddress: 函数名: ??, 位置: ??:0
2026/01/12 16:38:26 [DEBUG] ResolveAddress: 解析成功 -> 函数: ??, 文件: ??, 行号: 0
2026/01/12 16:38:26 [DEBUG] ResolveAddress: 开始解析地址 0x7f3b5ae43ba6
2026/01/12 16:38:26 [DEBUG] ResolveAddress: 执行 addr2line 命令
2026/01/12 16:38:26 [DEBUG] ResolveAddress: addr2line 输出行数: 2
2026/01/12 16:38:26 [DEBUG] ResolveAddress: 函数名: ??, 位置: ??:0
2026/01/12 16:38:26 [DEBUG] ResolveAddress: 解析成功 -> 函数: ??, 文件: ??, 行号: 0
2026/01/12 16:38:26 [DEBUG] ResolveAddress: 开始解析地址 0x7f3b5ae43d6c
2026/01/12 16:38:26 [DEBUG] ResolveAddress: 执行 addr2line 命令
2026/01/12 16:38:26 [DEBUG] ResolveAddress: addr2line 输出行数: 2
2026/01/12 16:38:26 [DEBUG] ResolveAddress: 函数名: ??, 位置: ??:0
2026/01/12 16:38:26 [DEBUG] ResolveAddress: 解析成功 -> 函数: ??, 文件: ??, 行号: 0
2026/01/12 16:38:26 [DEBUG] ResolveAddress: 开始解析地址 0x7f3b5ae43bd0
2026/01/12 16:38:26 [DEBUG] ResolveAddress: 执行 addr2line 命令
2026/01/12 16:38:26 [DEBUG] ResolveAddress: addr2line 输出行数: 2
2026/01/12 16:38:26 [DEBUG] ResolveAddress: 函数名: ??, 位置: ??:0
2026/01/12 16:38:26 [DEBUG] ResolveAddress: 解析成功 -> 函数: ??, 文件: ??, 行号: 0
2026/01/12 16:38:26 [DEBUG] ResolveAddress: 开始解析地址 0x7f3b5ae43d17
2026/01/12 16:38:26 [DEBUG] ResolveAddress: 执行 addr2line 命令
2026/01/12 16:38:26 [DEBUG] ResolveAddress: addr2line 输出行数: 2
2026/01/12 16:38:26 [DEBUG] ResolveAddress: 函数名: ??, 位置: ??:0
2026/01/12 16:38:26 [DEBUG] ResolveAddress: 解析成功 -> 函数: ??, 文件: ??, 行号: 0
2026/01/12 16:38:26 [DEBUG] ResolveAddress: 开始解析地址 0x7f3b5ae43d38
2026/01/12 16:38:26 [DEBUG] ResolveAddress: 执行 addr2line 命令
2026/01/12 16:38:26 [DEBUG] ResolveAddress: addr2line 输出行数: 2
2026/01/12 16:38:26 [DEBUG] ResolveAddress: 函数名: ??, 位置: ??:0
2026/01/12 16:38:26 [DEBUG] ResolveAddress: 解析成功 -> 函数: ??, 文件: ??, 行号: 0
2026/01/12 16:38:26 [DEBUG] ResolveAddress: 开始解析地址 0x7f3b5ae43bcb
2026/01/12 16:38:26 [DEBUG] ResolveAddress: 执行 addr2line 命令
2026/01/12 16:38:26 [DEBUG] ResolveAddress: addr2line 输出行数: 2
2026/01/12 16:38:26 [DEBUG] ResolveAddress: 函数名: ??, 位置: ??:0
2026/01/12 16:38:26 [DEBUG] ResolveAddress: 解析成功 -> 函数: ??, 文件: ??, 行号: 0
2026/01/12 16:38:26 [DEBUG] ResolveAddress: 开始解析地址 0x7f3b5ae43d00
2026/01/12 16:38:26 [DEBUG] ResolveAddress: 执行 addr2line 命令
2026/01/12 16:38:26 [DEBUG] ResolveAddress: addr2line 输出行数: 2
2026/01/12 16:38:26 [DEBUG] ResolveAddress: 函数名: ??, 位置: ??:0
2026/01/12 16:38:26 [DEBUG] ResolveAddress: 解析成功 -> 函数: ??, 文件: ??, 行号: 0
2026/01/12 16:38:26 [DEBUG] ResolveAddress: 开始解析地址 0x7f3b5ae43b72
2026/01/12 16:38:26 [DEBUG] ResolveAddress: 执行 addr2line 命令
2026/01/12 16:38:26 [DEBUG] ResolveAddress: addr2line 输出行数: 2
2026/01/12 16:38:26 [DEBUG] ResolveAddress: 函数名: ??, 位置: ??:0
2026/01/12 16:38:26 [DEBUG] ResolveAddress: 解析成功 -> 函数: ??, 文件: ??, 行号: 0
2026/01/12 16:38:26 [DEBUG] ResolveAddress: 开始解析地址 0x7f3b5ae43bc0
2026/01/12 16:38:26 [DEBUG] ResolveAddress: 执行 addr2line 命令
2026/01/12 16:38:26 [DEBUG] ResolveAddress: addr2line 输出行数: 2
2026/01/12 16:38:26 [DEBUG] ResolveAddress: 函数名: ??, 位置: ??:0
2026/01/12 16:38:26 [DEBUG] ResolveAddress: 解析成功 -> 函数: ??, 文件: ??, 行号: 0
2026/01/12 16:38:26 [DEBUG] ResolveAddress: 开始解析地址 0x7f3b5ae43948
2026/01/12 16:38:26 [DEBUG] ResolveAddress: 执行 addr2line 命令
2026/01/12 16:38:26 [DEBUG] ResolveAddress: addr2line 输出行数: 2
2026/01/12 16:38:26 [DEBUG] ResolveAddress: 函数名: ??, 位置: ??:0
2026/01/12 16:38:26 [DEBUG] ResolveAddress: 解析成功 -> 函数: ??, 文件: ??, 行号: 0
2026/01/12 16:38:26 [DEBUG] ResolveAddress: 开始解析地址 0x7f3b5ae43b50
2026/01/12 16:38:26 [DEBUG] ResolveAddress: 执行 addr2line 命令
2026/01/12 16:38:26 [DEBUG] ResolveAddress: addr2line 输出行数: 2
2026/01/12 16:38:26 [DEBUG] ResolveAddress: 函数名: ??, 位置: ??:0
2026/01/12 16:38:26 [DEBUG] ResolveAddress: 解析成功 -> 函数: ??, 文件: ??, 行号: 0
2026/01/12 16:38:26 [DEBUG] ResolveAddress: 开始解析地址 0x555f7a6b80b0
2026/01/12 16:38:26 [DEBUG] ResolveAddress: 执行 addr2line 命令
2026/01/12 16:38:26 [DEBUG] ResolveAddress: addr2line 输出行数: 2
2026/01/12 16:38:26 [DEBUG] ResolveAddress: 函数名: ??, 位置: ??:0
2026/01/12 16:38:26 [DEBUG] ResolveAddress: 解析成功 -> 函数: ??, 文件: ??, 行号: 0
2026/01/12 16:38:26 [DEBUG] ResolveAddress: 开始解析地址 0x7f3b5ae43940
2026/01/12 16:38:26 [DEBUG] ResolveAddress: 执行 addr2line 命令
2026/01/12 16:38:26 [DEBUG] ResolveAddress: addr2line 输出行数: 2
2026/01/12 16:38:26 [DEBUG] ResolveAddress: 函数名: ??, 位置: ??:0
2026/01/12 16:38:26 [DEBUG] ResolveAddress: 解析成功 -> 函数: ??, 文件: ??, 行号: 0
2026/01/12 16:38:26 [DEBUG] ResolveAddress: 开始解析地址 0x555f7a6b8458
2026/01/12 16:38:26 [DEBUG] ResolveAddress: 执行 addr2line 命令
2026/01/12 16:38:26 [DEBUG] ResolveAddress: addr2line 输出行数: 2
2026/01/12 16:38:26 [DEBUG] ResolveAddress: 函数名: ??, 位置: ??:0
2026/01/12 16:38:26 [DEBUG] ResolveAddress: 解析成功 -> 函数: ??, 文件: ??, 行号: 0
2026/01/12 16:38:26 [DEBUG] ResolveAddress: 开始解析地址 0x555f7a6b80b0
2026/01/12 16:38:26 [DEBUG] ResolveAddress: 执行 addr2line 命令
2026/01/12 16:38:26 [DEBUG] ResolveAddress: addr2line 输出行数: 2
2026/01/12 16:38:26 [DEBUG] ResolveAddress: 函数名: ??, 位置: ??:0
2026/01/12 16:38:26 [DEBUG] ResolveAddress: 解析成功 -> 函数: ??, 文件: ??, 行号: 0
2026/01/12 16:38:26 [DEBUG] ResolveAddress: 开始解析地址 0x555f7a6b867d
2026/01/12 16:38:26 [DEBUG] ResolveAddress: 执行 addr2line 命令
2026/01/12 16:38:26 [DEBUG] ResolveAddress: addr2line 输出行数: 2
2026/01/12 16:38:26 [DEBUG] ResolveAddress: 函数名: ??, 位置: ??:0
2026/01/12 16:38:26 [DEBUG] ResolveAddress: 解析成功 -> 函数: ??, 文件: ??, 行号: 0
2026/01/12 16:38:26 [DEBUG] ResolveAddress: 开始解析地址 0x555f7a6b8452
2026/01/12 16:38:26 [DEBUG] ResolveAddress: 执行 addr2line 命令
2026/01/12 16:38:26 [DEBUG] ResolveAddress: addr2line 输出行数: 2
2026/01/12 16:38:26 [DEBUG] ResolveAddress: 函数名: ??, 位置: ??:0
2026/01/12 16:38:26 [DEBUG] ResolveAddress: 解析成功 -> 函数: ??, 文件: ??, 行号: 0
2026/01/12 16:38:26 [DEBUG] ResolveAddress: 开始解析地址 0x555f7a6b863e
2026/01/12 16:38:26 [DEBUG] ResolveAddress: 执行 addr2line 命令
2026/01/12 16:38:26 [DEBUG] ResolveAddress: addr2line 输出行数: 2
2026/01/12 16:38:26 [DEBUG] ResolveAddress: 函数名: ??, 位置: ??:0
2026/01/12 16:38:26 [DEBUG] ResolveAddress: 解析成功 -> 函数: ??, 文件: ??, 行号: 0
2026/01/12 16:38:26 [DEBUG] ResolveAddress: 开始解析地址 0x555f7a6b866b
2026/01/12 16:38:26 [DEBUG] ResolveAddress: 执行 addr2line 命令
2026/01/12 16:38:26 [DEBUG] ResolveAddress: addr2line 输出行数: 2
2026/01/12 16:38:26 [DEBUG] ResolveAddress: 函数名: ??, 位置: ??:0
2026/01/12 16:38:26 [DEBUG] ResolveAddress: 解析成功 -> 函数: ??, 文件: ??, 行号: 0
2026/01/12 16:38:26 [DEBUG] ResolveAddress: 开始解析地址 0x555f7a6b8630
2026/01/12 16:38:26 [DEBUG] ResolveAddress: 执行 addr2line 命令
2026/01/12 16:38:26 [DEBUG] ResolveAddress: addr2line 输出行数: 2
2026/01/12 16:38:26 [DEBUG] ResolveAddress: 函数名: ??, 位置: ??:0
2026/01/12 16:38:26 [DEBUG] ResolveAddress: 解析成功 -> 函数: ??, 文件: ??, 行号: 0
2026/01/12 16:38:26 [DEBUG] ResolveAddress: 开始解析地址 0x555f7a6b863b
2026/01/12 16:38:26 [DEBUG] ResolveAddress: 执行 addr2line 命令
2026/01/12 16:38:26 [DEBUG] ResolveAddress: addr2line 输出行数: 2
2026/01/12 16:38:26 [DEBUG] ResolveAddress: 函数名: ??, 位置: ??:0
2026/01/12 16:38:26 [DEBUG] ResolveAddress: 解析成功 -> 函数: ??, 文件: ??, 行号: 0
2026/01/12 16:38:26 [DEBUG] ResolveAddress: 开始解析地址 0x555f7a6b8622
2026/01/12 16:38:26 [DEBUG] ResolveAddress: 执行 addr2line 命令
2026/01/12 16:38:26 [DEBUG] ResolveAddress: addr2line 输出行数: 2
2026/01/12 16:38:26 [DEBUG] ResolveAddress: 函数名: ??, 位置: ??:0
2026/01/12 16:38:26 [DEBUG] ResolveAddress: 解析成功 -> 函数: ??, 文件: ??, 行号: 0
2026/01/12 16:38:26 [DEBUG] ResolveAddress: 开始解析地址 0x555f7a6b862d
2026/01/12 16:38:26 [DEBUG] ResolveAddress: 执行 addr2line 命令
2026/01/12 16:38:26 [DEBUG] ResolveAddress: addr2line 输出行数: 2
2026/01/12 16:38:26 [DEBUG] ResolveAddress: 函数名: ??, 位置: ??:0
2026/01/12 16:38:26 [DEBUG] ResolveAddress: 解析成功 -> 函数: ??, 文件: ??, 行号: 0
2026/01/12 16:38:26 [DEBUG] ResolveAddress: 开始解析地址 0x555f7a6b8614
2026/01/12 16:38:26 [DEBUG] ResolveAddress: 执行 addr2line 命令
2026/01/12 16:38:26 [DEBUG] ResolveAddress: addr2line 输出行数: 2
2026/01/12 16:38:26 [DEBUG] ResolveAddress: 函数名: ??, 位置: ??:0
2026/01/12 16:38:26 [DEBUG] ResolveAddress: 解析成功 -> 函数: ??, 文件: ??, 行号: 0
2026/01/12 16:38:26 [DEBUG] ResolveAddress: 开始解析地址 0x555f7a6b861f
2026/01/12 16:38:26 [DEBUG] ResolveAddress: 执行 addr2line 命令
2026/01/12 16:38:26 [DEBUG] ResolveAddress: addr2line 输出行数: 2
2026/01/12 16:38:26 [DEBUG] ResolveAddress: 函数名: ??, 位置: ??:0
2026/01/12 16:38:26 [DEBUG] ResolveAddress: 解析成功 -> 函数: ??, 文件: ??, 行号: 0

=== PID: 86319, TID: 86319, COMM: test_lbr, Entries: 32 ===
LBR Stack:
[#00] [33m??[0m -> [33m??[0m
[#01] [33m??[0m -> [33m??[0m
[#02] [33m??[0m -> [33m??[0m
[#03] [33m??[0m -> [33m??[0m
[#04] [33m??[0m -> [33m??[0m
[#05] [33m??[0m -> [33m??[0m
[#06] [33m??[0m -> [33m??[0m
[#07] [33m??[0m -> [33m??[0m
[#08] [33m??[0m -> [33m??[0m
[#09] [33m??[0m -> [33m??[0m
[#10] [33m??[0m -> [33m??[0m
[#11] [33m??[0m -> [33m??[0m
[#12] [33m??[0m -> [33m??[0m
[#13] [33m??[0m -> [33m??[0m
[#14] [33m??[0m -> [33m??[0m
[#15] [33m??[0m -> [33m??[0m
[#16] [33m??[0m -> [33m??[0m
[#17] [33m??[0m -> [33m??[0m
[#18] [33m??[0m -> [33m??[0m
[#19] [33m??[0m -> [33m??[0m
[#20] [33m??[0m -> [33m??[0m
[#21] [33m??[0m -> [33m??[0m
[#22] [33m??[0m -> [33m??[0m
[#23] [33m??[0m -> [33m??[0m
[#24] [33m??[0m -> [33m??[0m
[#25] [33m??[0m -> [33m??[0m
[#26] [33m??[0m -> [33m??[0m
[#27] [33m??[0m -> [33m??[0m
[#28] [33m??[0m -> [33m??[0m
[#29] [33m??[0m -> [33m??[0m
[#30] [33m??[0m -> [33m??[0m
[#31] [33m??[0m -> [33m??[0m
2026/01/12 16:38:26 LBR数据统计: 总条目=1, 有效=1, 空数据=0, 全零数据=0
2026/01/12 16:38:27 No LBR data - map中无任何条目
2026/01/12 16:38:28 No LBR data - map中无任何条目
2026/01/12 16:38:29 No LBR data - map中无任何条目
2026/01/12 16:38:30 No LBR data - map中无任何条目
2026/01/12 16:38:31 No LBR data - map中无任何条目
2026/01/12 16:38:32 No LBR data - map中无任何条目
