2026/01/12 17:21:05 日志文件: log/lbr_output_20260112_172105.log
2026/01/12 17:21:05 Current nofile rlimit: curr=524287 max=524288
2026/01/12 17:21:05 Monitoring PID: 101619
2026/01/12 17:21:06 LBR demo is running. Press Ctrl-C to exit.
2026/01/12 17:21:06 Attached to 8 CPUs, checking for LBR data every second...
2026/01/12 17:21:07 No LBR data - map中无任何条目
2026/01/12 17:21:08 No LBR data - map中无任何条目
2026/01/12 17:21:09 [DEBUG] NewUserSymbolResolver: 为PID 101619 创建解析器
2026/01/12 17:21:09 [DEBUG] NewUserSymbolResolver: 使用可执行文件: /home/ssy/lbr/test/test_lbr
2026/01/12 17:21:09 [DEBUG] GetProcessMaps: 读取进程 101619 的内存映射
2026/01/12 17:21:09 [DEBUG] GetProcessMaps: 读取到 24 个内存映射
2026/01/12 17:21:09 [DEBUG] loadBaseAddress: 找到基地址 0x55b1ebafb000 (StartAddr=0x55b1ebafc000, Offset=0x1000)
2026/01/12 17:21:09 [DEBUG] NewUserSymbolResolver: 基地址: 0x55b1ebafb000
2026/01/12 17:21:09 [DEBUG] checkDebugSymbols: 检查文件 /home/ssy/lbr/test/test_lbr 的调试符号
2026/01/12 17:21:09 [DEBUG] checkDebugSymbols: file 输出: /home/ssy/lbr/test/test_lbr: ELF 64-bit LSB pie executable, x86-64, version 1 (SYSV), dynamically linked, interpreter /lib64/ld-linux-x86-64.so.2, BuildID[sha1]=c991d85de712a97fc7e96e087fbedad9567699a4, for GNU/Linux 4.4.0, with debug_info, not stripped
2026/01/12 17:21:09 [DEBUG] checkDebugSymbols: 结果: true
2026/01/12 17:21:09 [DEBUG] NewUserSymbolResolver: 调试符号检查结果: true
2026/01/12 17:21:09 [DEBUG] NewUserSymbolResolver: 解析器创建成功
2026/01/12 17:21:09 已启用 addr2line 符号解析 for PID 101619
2026/01/12 17:21:09 [DEBUG] ResolveAddress: 开始解析地址 0x55b1ebafc0b0
2026/01/12 17:21:09 [DEBUG] ResolveAddress: 主程序地址，基地址 0x55b1ebafb000, 文件偏移 0x10b0
2026/01/12 17:21:09 [DEBUG] ResolveAddress: 执行 addr2line，文件: /home/ssy/lbr/test/test_lbr, 偏移: 0x10b0
2026/01/12 17:21:09 [DEBUG] ResolveAddress: addr2line 输出行数: 2
2026/01/12 17:21:09 [DEBUG] ResolveAddress: 函数名: ??, 位置: ??:0
2026/01/12 17:21:09 [DEBUG] ResolveAddress: 解析成功 -> 函数: ??, 文件: ??, 行号: 0
2026/01/12 17:21:09 [DEBUG] ResolveAddress: 开始解析地址 0x7f1280643940
2026/01/12 17:21:09 [DEBUG] ResolveAddress: 共享库 libc.so, 映射起始 0x7f1280624000, 映射偏移 0x24000, 文件偏移 0x43940
2026/01/12 17:21:09 [DEBUG] ResolveAddress: 执行 addr2line，文件: /usr/lib/libc.so.6, 偏移: 0x43940
2026/01/12 17:21:09 [DEBUG] ResolveAddress: addr2line 输出行数: 2
2026/01/12 17:21:09 [DEBUG] ResolveAddress: 函数名: rand@libc.so, 位置: ??:?
2026/01/12 17:21:09 [DEBUG] ResolveAddress: 解析成功 -> 函数: rand@libc.so, 文件: ??, 行号: 0
2026/01/12 17:21:09 [DEBUG] ResolveAddress: 开始解析地址 0x55b1ebafc458
2026/01/12 17:21:09 [DEBUG] ResolveAddress: 主程序地址，基地址 0x55b1ebafb000, 文件偏移 0x1458
2026/01/12 17:21:09 [DEBUG] ResolveAddress: 执行 addr2line，文件: /home/ssy/lbr/test/test_lbr, 偏移: 0x1458
2026/01/12 17:21:09 [DEBUG] ResolveAddress: addr2line 输出行数: 2
2026/01/12 17:21:09 [DEBUG] ResolveAddress: 函数名: main, 位置: /home/ssy/lbr/test/test_lbr.c:141
2026/01/12 17:21:09 [DEBUG] ResolveAddress: 解析成功 -> 函数: main, 文件: /home/ssy/lbr/test/test_lbr.c, 行号: 141
2026/01/12 17:21:09 [DEBUG] ResolveAddress: 开始解析地址 0x55b1ebafc0b0
2026/01/12 17:21:09 [DEBUG] ResolveAddress: 主程序地址，基地址 0x55b1ebafb000, 文件偏移 0x10b0
2026/01/12 17:21:09 [DEBUG] ResolveAddress: 执行 addr2line，文件: /home/ssy/lbr/test/test_lbr, 偏移: 0x10b0
2026/01/12 17:21:09 [DEBUG] ResolveAddress: addr2line 输出行数: 2
2026/01/12 17:21:09 [DEBUG] ResolveAddress: 函数名: ??, 位置: ??:0
2026/01/12 17:21:09 [DEBUG] ResolveAddress: 解析成功 -> 函数: ??, 文件: ??, 行号: 0
2026/01/12 17:21:09 [DEBUG] ResolveAddress: 开始解析地址 0x55b1ebafc628
2026/01/12 17:21:09 [DEBUG] ResolveAddress: 主程序地址，基地址 0x55b1ebafb000, 文件偏移 0x1628
2026/01/12 17:21:09 [DEBUG] ResolveAddress: 执行 addr2line，文件: /home/ssy/lbr/test/test_lbr, 偏移: 0x1628
2026/01/12 17:21:09 [DEBUG] ResolveAddress: addr2line 输出行数: 2
2026/01/12 17:21:09 [DEBUG] ResolveAddress: 函数名: main, 位置: /home/ssy/lbr/test/test_lbr.c:153
2026/01/12 17:21:09 [DEBUG] ResolveAddress: 解析成功 -> 函数: main, 文件: /home/ssy/lbr/test/test_lbr.c, 行号: 153
2026/01/12 17:21:09 [DEBUG] ResolveAddress: 开始解析地址 0x55b1ebafc452
2026/01/12 17:21:09 [DEBUG] ResolveAddress: 主程序地址，基地址 0x55b1ebafb000, 文件偏移 0x1452
2026/01/12 17:21:09 [DEBUG] ResolveAddress: 执行 addr2line，文件: /home/ssy/lbr/test/test_lbr, 偏移: 0x1452
2026/01/12 17:21:09 [DEBUG] ResolveAddress: addr2line 输出行数: 2
2026/01/12 17:21:09 [DEBUG] ResolveAddress: 函数名: main, 位置: /home/ssy/lbr/test/test_lbr.c:140 (discriminator 1)
2026/01/12 17:21:09 [DEBUG] ResolveAddress: 解析成功 -> 函数: main, 文件: /home/ssy/lbr/test/test_lbr.c, 行号: 0
2026/01/12 17:21:09 [DEBUG] ResolveAddress: 开始解析地址 0x55b1ebafc614
2026/01/12 17:21:09 [DEBUG] ResolveAddress: 主程序地址，基地址 0x55b1ebafb000, 文件偏移 0x1614
2026/01/12 17:21:09 [DEBUG] ResolveAddress: 执行 addr2line，文件: /home/ssy/lbr/test/test_lbr, 偏移: 0x1614
2026/01/12 17:21:09 [DEBUG] ResolveAddress: addr2line 输出行数: 2
2026/01/12 17:21:09 [DEBUG] ResolveAddress: 函数名: main, 位置: /home/ssy/lbr/test/test_lbr.c:150
2026/01/12 17:21:09 [DEBUG] ResolveAddress: 解析成功 -> 函数: main, 文件: /home/ssy/lbr/test/test_lbr.c, 行号: 150
2026/01/12 17:21:09 [DEBUG] ResolveAddress: 开始解析地址 0x55b1ebafc61f
2026/01/12 17:21:09 [DEBUG] ResolveAddress: 主程序地址，基地址 0x55b1ebafb000, 文件偏移 0x161f
2026/01/12 17:21:09 [DEBUG] ResolveAddress: 执行 addr2line，文件: /home/ssy/lbr/test/test_lbr, 偏移: 0x161f
2026/01/12 17:21:09 [DEBUG] ResolveAddress: addr2line 输出行数: 2
2026/01/12 17:21:09 [DEBUG] ResolveAddress: 函数名: main, 位置: /home/ssy/lbr/test/test_lbr.c:152
2026/01/12 17:21:09 [DEBUG] ResolveAddress: 解析成功 -> 函数: main, 文件: /home/ssy/lbr/test/test_lbr.c, 行号: 152
2026/01/12 17:21:09 [DEBUG] ResolveAddress: 开始解析地址 0x55b1ebafc606
2026/01/12 17:21:09 [DEBUG] ResolveAddress: 主程序地址，基地址 0x55b1ebafb000, 文件偏移 0x1606
2026/01/12 17:21:09 [DEBUG] ResolveAddress: 执行 addr2line，文件: /home/ssy/lbr/test/test_lbr, 偏移: 0x1606
2026/01/12 17:21:09 [DEBUG] ResolveAddress: addr2line 输出行数: 2
2026/01/12 17:21:09 [DEBUG] ResolveAddress: 函数名: main, 位置: /home/ssy/lbr/test/test_lbr.c:148
2026/01/12 17:21:09 [DEBUG] ResolveAddress: 解析成功 -> 函数: main, 文件: /home/ssy/lbr/test/test_lbr.c, 行号: 148
2026/01/12 17:21:09 [DEBUG] ResolveAddress: 开始解析地址 0x55b1ebafc611
2026/01/12 17:21:09 [DEBUG] ResolveAddress: 主程序地址，基地址 0x55b1ebafb000, 文件偏移 0x1611
2026/01/12 17:21:09 [DEBUG] ResolveAddress: 执行 addr2line，文件: /home/ssy/lbr/test/test_lbr, 偏移: 0x1611
2026/01/12 17:21:09 [DEBUG] ResolveAddress: addr2line 输出行数: 2
2026/01/12 17:21:09 [DEBUG] ResolveAddress: 函数名: main, 位置: /home/ssy/lbr/test/test_lbr.c:150
2026/01/12 17:21:09 [DEBUG] ResolveAddress: 解析成功 -> 函数: main, 文件: /home/ssy/lbr/test/test_lbr.c, 行号: 150
2026/01/12 17:21:09 [DEBUG] ResolveAddress: 开始解析地址 0x55b1ebafc5f8
2026/01/12 17:21:09 [DEBUG] ResolveAddress: 主程序地址，基地址 0x55b1ebafb000, 文件偏移 0x15f8
2026/01/12 17:21:09 [DEBUG] ResolveAddress: 执行 addr2line，文件: /home/ssy/lbr/test/test_lbr, 偏移: 0x15f8
2026/01/12 17:21:09 [DEBUG] ResolveAddress: addr2line 输出行数: 2
2026/01/12 17:21:09 [DEBUG] ResolveAddress: 函数名: main, 位置: /home/ssy/lbr/test/test_lbr.c:146
2026/01/12 17:21:09 [DEBUG] ResolveAddress: 解析成功 -> 函数: main, 文件: /home/ssy/lbr/test/test_lbr.c, 行号: 146
2026/01/12 17:21:09 [DEBUG] ResolveAddress: 开始解析地址 0x55b1ebafc603
2026/01/12 17:21:09 [DEBUG] ResolveAddress: 主程序地址，基地址 0x55b1ebafb000, 文件偏移 0x1603
2026/01/12 17:21:09 [DEBUG] ResolveAddress: 执行 addr2line，文件: /home/ssy/lbr/test/test_lbr, 偏移: 0x1603
2026/01/12 17:21:09 [DEBUG] ResolveAddress: addr2line 输出行数: 2
2026/01/12 17:21:09 [DEBUG] ResolveAddress: 函数名: main, 位置: /home/ssy/lbr/test/test_lbr.c:148
2026/01/12 17:21:09 [DEBUG] ResolveAddress: 解析成功 -> 函数: main, 文件: /home/ssy/lbr/test/test_lbr.c, 行号: 148
2026/01/12 17:21:09 [DEBUG] ResolveAddress: 开始解析地址 0x55b1ebafc482
2026/01/12 17:21:09 [DEBUG] ResolveAddress: 主程序地址，基地址 0x55b1ebafb000, 文件偏移 0x1482
2026/01/12 17:21:09 [DEBUG] ResolveAddress: 执行 addr2line，文件: /home/ssy/lbr/test/test_lbr, 偏移: 0x1482
2026/01/12 17:21:09 [DEBUG] ResolveAddress: addr2line 输出行数: 2
2026/01/12 17:21:09 [DEBUG] ResolveAddress: 函数名: main, 位置: /home/ssy/lbr/test/test_lbr.c:144
2026/01/12 17:21:09 [DEBUG] ResolveAddress: 解析成功 -> 函数: main, 文件: /home/ssy/lbr/test/test_lbr.c, 行号: 144
2026/01/12 17:21:09 [DEBUG] ResolveAddress: 开始解析地址 0x55b1ebafc5f5
2026/01/12 17:21:09 [DEBUG] ResolveAddress: 主程序地址，基地址 0x55b1ebafb000, 文件偏移 0x15f5
2026/01/12 17:21:09 [DEBUG] ResolveAddress: 执行 addr2line，文件: /home/ssy/lbr/test/test_lbr, 偏移: 0x15f5
2026/01/12 17:21:09 [DEBUG] ResolveAddress: addr2line 输出行数: 2
2026/01/12 17:21:09 [DEBUG] ResolveAddress: 函数名: main, 位置: /home/ssy/lbr/test/test_lbr.c:146
2026/01/12 17:21:09 [DEBUG] ResolveAddress: 解析成功 -> 函数: main, 文件: /home/ssy/lbr/test/test_lbr.c, 行号: 146
2026/01/12 17:21:09 [DEBUG] ResolveAddress: 开始解析地址 0x7f128064394e
2026/01/12 17:21:09 [DEBUG] ResolveAddress: 共享库 libc.so, 映射起始 0x7f1280624000, 映射偏移 0x24000, 文件偏移 0x4394e
2026/01/12 17:21:09 [DEBUG] ResolveAddress: 执行 addr2line，文件: /usr/lib/libc.so.6, 偏移: 0x4394e
2026/01/12 17:21:09 [DEBUG] ResolveAddress: addr2line 输出行数: 2
2026/01/12 17:21:09 [DEBUG] ResolveAddress: 函数名: rand@libc.so, 位置: ??:?
2026/01/12 17:21:09 [DEBUG] ResolveAddress: 解析成功 -> 函数: rand@libc.so, 文件: ??, 行号: 0
2026/01/12 17:21:09 [DEBUG] ResolveAddress: 开始解析地址 0x55b1ebafc45d
2026/01/12 17:21:09 [DEBUG] ResolveAddress: 主程序地址，基地址 0x55b1ebafb000, 文件偏移 0x145d
2026/01/12 17:21:09 [DEBUG] ResolveAddress: 执行 addr2line，文件: /home/ssy/lbr/test/test_lbr, 偏移: 0x145d
2026/01/12 17:21:09 [DEBUG] ResolveAddress: addr2line 输出行数: 2
2026/01/12 17:21:09 [DEBUG] ResolveAddress: 函数名: main, 位置: /home/ssy/lbr/test/test_lbr.c:141
2026/01/12 17:21:09 [DEBUG] ResolveAddress: 解析成功 -> 函数: main, 文件: /home/ssy/lbr/test/test_lbr.c, 行号: 141
2026/01/12 17:21:09 [DEBUG] ResolveAddress: 开始解析地址 0x7f1280643bb6
2026/01/12 17:21:09 [DEBUG] ResolveAddress: 共享库 libc.so, 映射起始 0x7f1280624000, 映射偏移 0x24000, 文件偏移 0x43bb6
2026/01/12 17:21:09 [DEBUG] ResolveAddress: 执行 addr2line，文件: /usr/lib/libc.so.6, 偏移: 0x43bb6
2026/01/12 17:21:09 [DEBUG] ResolveAddress: addr2line 输出行数: 2
2026/01/12 17:21:09 [DEBUG] ResolveAddress: 函数名: random@libc.so, 位置: ??:?
2026/01/12 17:21:09 [DEBUG] ResolveAddress: 解析成功 -> 函数: random@libc.so, 文件: ??, 行号: 0
2026/01/12 17:21:09 [DEBUG] ResolveAddress: 开始解析地址 0x7f128064394d
2026/01/12 17:21:09 [DEBUG] ResolveAddress: 共享库 libc.so, 映射起始 0x7f1280624000, 映射偏移 0x24000, 文件偏移 0x4394d
2026/01/12 17:21:09 [DEBUG] ResolveAddress: 执行 addr2line，文件: /usr/lib/libc.so.6, 偏移: 0x4394d
2026/01/12 17:21:09 [DEBUG] ResolveAddress: addr2line 输出行数: 2
2026/01/12 17:21:09 [DEBUG] ResolveAddress: 函数名: rand@libc.so, 位置: ??:?
2026/01/12 17:21:09 [DEBUG] ResolveAddress: 解析成功 -> 函数: rand@libc.so, 文件: ??, 行号: 0
2026/01/12 17:21:09 [DEBUG] ResolveAddress: 开始解析地址 0x7f1280643bd4
2026/01/12 17:21:09 [DEBUG] ResolveAddress: 共享库 libc.so, 映射起始 0x7f1280624000, 映射偏移 0x24000, 文件偏移 0x43bd4
2026/01/12 17:21:09 [DEBUG] ResolveAddress: 执行 addr2line，文件: /usr/lib/libc.so.6, 偏移: 0x43bd4
2026/01/12 17:21:09 [DEBUG] ResolveAddress: addr2line 输出行数: 2
2026/01/12 17:21:09 [DEBUG] ResolveAddress: 函数名: random@libc.so, 位置: ??:?
2026/01/12 17:21:09 [DEBUG] ResolveAddress: 解析成功 -> 函数: random@libc.so, 文件: ??, 行号: 0
2026/01/12 17:21:09 [DEBUG] ResolveAddress: 开始解析地址 0x7f1280643ba6
2026/01/12 17:21:09 [DEBUG] ResolveAddress: 共享库 libc.so, 映射起始 0x7f1280624000, 映射偏移 0x24000, 文件偏移 0x43ba6
2026/01/12 17:21:09 [DEBUG] ResolveAddress: 执行 addr2line，文件: /usr/lib/libc.so.6, 偏移: 0x43ba6
2026/01/12 17:21:09 [DEBUG] ResolveAddress: addr2line 输出行数: 2
2026/01/12 17:21:09 [DEBUG] ResolveAddress: 函数名: random@libc.so, 位置: ??:?
2026/01/12 17:21:09 [DEBUG] ResolveAddress: 解析成功 -> 函数: random@libc.so, 文件: ??, 行号: 0
2026/01/12 17:21:09 [DEBUG] ResolveAddress: 开始解析地址 0x7f1280643d6c
2026/01/12 17:21:09 [DEBUG] ResolveAddress: 共享库 libc.so, 映射起始 0x7f1280624000, 映射偏移 0x24000, 文件偏移 0x43d6c
2026/01/12 17:21:09 [DEBUG] ResolveAddress: 执行 addr2line，文件: /usr/lib/libc.so.6, 偏移: 0x43d6c
2026/01/12 17:21:09 [DEBUG] ResolveAddress: addr2line 输出行数: 2
2026/01/12 17:21:09 [DEBUG] ResolveAddress: 函数名: random_r@libc.so, 位置: ??:?
2026/01/12 17:21:09 [DEBUG] ResolveAddress: 解析成功 -> 函数: random_r@libc.so, 文件: ??, 行号: 0
2026/01/12 17:21:09 [DEBUG] ResolveAddress: 开始解析地址 0x7f1280643bd0
2026/01/12 17:21:09 [DEBUG] ResolveAddress: 共享库 libc.so, 映射起始 0x7f1280624000, 映射偏移 0x24000, 文件偏移 0x43bd0
2026/01/12 17:21:09 [DEBUG] ResolveAddress: 执行 addr2line，文件: /usr/lib/libc.so.6, 偏移: 0x43bd0
2026/01/12 17:21:09 [DEBUG] ResolveAddress: addr2line 输出行数: 2
2026/01/12 17:21:09 [DEBUG] ResolveAddress: 函数名: random@libc.so, 位置: ??:?
2026/01/12 17:21:09 [DEBUG] ResolveAddress: 解析成功 -> 函数: random@libc.so, 文件: ??, 行号: 0
2026/01/12 17:21:09 [DEBUG] ResolveAddress: 开始解析地址 0x7f1280643d17
2026/01/12 17:21:09 [DEBUG] ResolveAddress: 共享库 libc.so, 映射起始 0x7f1280624000, 映射偏移 0x24000, 文件偏移 0x43d17
2026/01/12 17:21:09 [DEBUG] ResolveAddress: 执行 addr2line，文件: /usr/lib/libc.so.6, 偏移: 0x43d17
2026/01/12 17:21:09 [DEBUG] ResolveAddress: addr2line 输出行数: 2
2026/01/12 17:21:09 [DEBUG] ResolveAddress: 函数名: random_r@libc.so, 位置: ??:?
2026/01/12 17:21:09 [DEBUG] ResolveAddress: 解析成功 -> 函数: random_r@libc.so, 文件: ??, 行号: 0
2026/01/12 17:21:09 [DEBUG] ResolveAddress: 开始解析地址 0x7f1280643d38
2026/01/12 17:21:09 [DEBUG] ResolveAddress: 共享库 libc.so, 映射起始 0x7f1280624000, 映射偏移 0x24000, 文件偏移 0x43d38
2026/01/12 17:21:09 [DEBUG] ResolveAddress: 执行 addr2line，文件: /usr/lib/libc.so.6, 偏移: 0x43d38
2026/01/12 17:21:09 [DEBUG] ResolveAddress: addr2line 输出行数: 2
2026/01/12 17:21:09 [DEBUG] ResolveAddress: 函数名: random_r@libc.so, 位置: ??:?
2026/01/12 17:21:09 [DEBUG] ResolveAddress: 解析成功 -> 函数: random_r@libc.so, 文件: ??, 行号: 0
2026/01/12 17:21:09 [DEBUG] ResolveAddress: 开始解析地址 0x7f1280643bcb
2026/01/12 17:21:09 [DEBUG] ResolveAddress: 共享库 libc.so, 映射起始 0x7f1280624000, 映射偏移 0x24000, 文件偏移 0x43bcb
2026/01/12 17:21:09 [DEBUG] ResolveAddress: 执行 addr2line，文件: /usr/lib/libc.so.6, 偏移: 0x43bcb
2026/01/12 17:21:09 [DEBUG] ResolveAddress: addr2line 输出行数: 2
2026/01/12 17:21:09 [DEBUG] ResolveAddress: 函数名: random@libc.so, 位置: ??:?
2026/01/12 17:21:09 [DEBUG] ResolveAddress: 解析成功 -> 函数: random@libc.so, 文件: ??, 行号: 0
2026/01/12 17:21:09 [DEBUG] ResolveAddress: 开始解析地址 0x7f1280643d00
2026/01/12 17:21:09 [DEBUG] ResolveAddress: 共享库 libc.so, 映射起始 0x7f1280624000, 映射偏移 0x24000, 文件偏移 0x43d00
2026/01/12 17:21:09 [DEBUG] ResolveAddress: 执行 addr2line，文件: /usr/lib/libc.so.6, 偏移: 0x43d00
2026/01/12 17:21:09 [DEBUG] ResolveAddress: addr2line 输出行数: 2
2026/01/12 17:21:09 [DEBUG] ResolveAddress: 函数名: random_r@libc.so, 位置: ??:?
2026/01/12 17:21:09 [DEBUG] ResolveAddress: 解析成功 -> 函数: random_r@libc.so, 文件: ??, 行号: 0
2026/01/12 17:21:09 [DEBUG] ResolveAddress: 开始解析地址 0x7f1280643b72
2026/01/12 17:21:09 [DEBUG] ResolveAddress: 共享库 libc.so, 映射起始 0x7f1280624000, 映射偏移 0x24000, 文件偏移 0x43b72
2026/01/12 17:21:09 [DEBUG] ResolveAddress: 执行 addr2line，文件: /usr/lib/libc.so.6, 偏移: 0x43b72
2026/01/12 17:21:09 [DEBUG] ResolveAddress: addr2line 输出行数: 2
2026/01/12 17:21:09 [DEBUG] ResolveAddress: 函数名: random@libc.so, 位置: ??:?
2026/01/12 17:21:09 [DEBUG] ResolveAddress: 解析成功 -> 函数: random@libc.so, 文件: ??, 行号: 0
2026/01/12 17:21:09 [DEBUG] ResolveAddress: 开始解析地址 0x7f1280643bc0
2026/01/12 17:21:09 [DEBUG] ResolveAddress: 共享库 libc.so, 映射起始 0x7f1280624000, 映射偏移 0x24000, 文件偏移 0x43bc0
2026/01/12 17:21:09 [DEBUG] ResolveAddress: 执行 addr2line，文件: /usr/lib/libc.so.6, 偏移: 0x43bc0
2026/01/12 17:21:09 [DEBUG] ResolveAddress: addr2line 输出行数: 2
2026/01/12 17:21:09 [DEBUG] ResolveAddress: 函数名: random@libc.so, 位置: ??:?
2026/01/12 17:21:09 [DEBUG] ResolveAddress: 解析成功 -> 函数: random@libc.so, 文件: ??, 行号: 0
2026/01/12 17:21:09 [DEBUG] ResolveAddress: 开始解析地址 0x7f1280643948
2026/01/12 17:21:09 [DEBUG] ResolveAddress: 共享库 libc.so, 映射起始 0x7f1280624000, 映射偏移 0x24000, 文件偏移 0x43948
2026/01/12 17:21:09 [DEBUG] ResolveAddress: 执行 addr2line，文件: /usr/lib/libc.so.6, 偏移: 0x43948
2026/01/12 17:21:09 [DEBUG] ResolveAddress: addr2line 输出行数: 2
2026/01/12 17:21:09 [DEBUG] ResolveAddress: 函数名: rand@libc.so, 位置: ??:?
2026/01/12 17:21:09 [DEBUG] ResolveAddress: 解析成功 -> 函数: rand@libc.so, 文件: ??, 行号: 0
2026/01/12 17:21:09 [DEBUG] ResolveAddress: 开始解析地址 0x7f1280643b50
2026/01/12 17:21:09 [DEBUG] ResolveAddress: 共享库 libc.so, 映射起始 0x7f1280624000, 映射偏移 0x24000, 文件偏移 0x43b50
2026/01/12 17:21:09 [DEBUG] ResolveAddress: 执行 addr2line，文件: /usr/lib/libc.so.6, 偏移: 0x43b50
2026/01/12 17:21:09 [DEBUG] ResolveAddress: addr2line 输出行数: 2
2026/01/12 17:21:09 [DEBUG] ResolveAddress: 函数名: random@libc.so, 位置: ??:?
2026/01/12 17:21:09 [DEBUG] ResolveAddress: 解析成功 -> 函数: random@libc.so, 文件: ??, 行号: 0
2026/01/12 17:21:09 [DEBUG] ResolveAddress: 开始解析地址 0x55b1ebafc0b0
2026/01/12 17:21:09 [DEBUG] ResolveAddress: 主程序地址，基地址 0x55b1ebafb000, 文件偏移 0x10b0
2026/01/12 17:21:09 [DEBUG] ResolveAddress: 执行 addr2line，文件: /home/ssy/lbr/test/test_lbr, 偏移: 0x10b0
2026/01/12 17:21:09 [DEBUG] ResolveAddress: addr2line 输出行数: 2
2026/01/12 17:21:09 [DEBUG] ResolveAddress: 函数名: ??, 位置: ??:0
2026/01/12 17:21:09 [DEBUG] ResolveAddress: 解析成功 -> 函数: ??, 文件: ??, 行号: 0
2026/01/12 17:21:09 [DEBUG] ResolveAddress: 开始解析地址 0x7f1280643940
2026/01/12 17:21:09 [DEBUG] ResolveAddress: 共享库 libc.so, 映射起始 0x7f1280624000, 映射偏移 0x24000, 文件偏移 0x43940
2026/01/12 17:21:09 [DEBUG] ResolveAddress: 执行 addr2line，文件: /usr/lib/libc.so.6, 偏移: 0x43940
2026/01/12 17:21:09 [DEBUG] ResolveAddress: addr2line 输出行数: 2
2026/01/12 17:21:09 [DEBUG] ResolveAddress: 函数名: rand@libc.so, 位置: ??:?
2026/01/12 17:21:09 [DEBUG] ResolveAddress: 解析成功 -> 函数: rand@libc.so, 文件: ??, 行号: 0
2026/01/12 17:21:09 [DEBUG] ResolveAddress: 开始解析地址 0x55b1ebafc458
2026/01/12 17:21:09 [DEBUG] ResolveAddress: 主程序地址，基地址 0x55b1ebafb000, 文件偏移 0x1458
2026/01/12 17:21:09 [DEBUG] ResolveAddress: 执行 addr2line，文件: /home/ssy/lbr/test/test_lbr, 偏移: 0x1458
2026/01/12 17:21:09 [DEBUG] ResolveAddress: addr2line 输出行数: 2
2026/01/12 17:21:09 [DEBUG] ResolveAddress: 函数名: main, 位置: /home/ssy/lbr/test/test_lbr.c:141
2026/01/12 17:21:09 [DEBUG] ResolveAddress: 解析成功 -> 函数: main, 文件: /home/ssy/lbr/test/test_lbr.c, 行号: 141
2026/01/12 17:21:09 [DEBUG] ResolveAddress: 开始解析地址 0x55b1ebafc0b0
2026/01/12 17:21:09 [DEBUG] ResolveAddress: 主程序地址，基地址 0x55b1ebafb000, 文件偏移 0x10b0
2026/01/12 17:21:09 [DEBUG] ResolveAddress: 执行 addr2line，文件: /home/ssy/lbr/test/test_lbr, 偏移: 0x10b0
2026/01/12 17:21:09 [DEBUG] ResolveAddress: addr2line 输出行数: 2
2026/01/12 17:21:09 [DEBUG] ResolveAddress: 函数名: ??, 位置: ??:0
2026/01/12 17:21:09 [DEBUG] ResolveAddress: 解析成功 -> 函数: ??, 文件: ??, 行号: 0
2026/01/12 17:21:09 [DEBUG] ResolveAddress: 开始解析地址 0x55b1ebafc636
2026/01/12 17:21:09 [DEBUG] ResolveAddress: 主程序地址，基地址 0x55b1ebafb000, 文件偏移 0x1636
2026/01/12 17:21:09 [DEBUG] ResolveAddress: 执行 addr2line，文件: /home/ssy/lbr/test/test_lbr, 偏移: 0x1636
2026/01/12 17:21:09 [DEBUG] ResolveAddress: addr2line 输出行数: 2
2026/01/12 17:21:09 [DEBUG] ResolveAddress: 函数名: main, 位置: /home/ssy/lbr/test/test_lbr.c:155
2026/01/12 17:21:09 [DEBUG] ResolveAddress: 解析成功 -> 函数: main, 文件: /home/ssy/lbr/test/test_lbr.c, 行号: 155
2026/01/12 17:21:09 [DEBUG] ResolveAddress: 开始解析地址 0x55b1ebafc452
2026/01/12 17:21:09 [DEBUG] ResolveAddress: 主程序地址，基地址 0x55b1ebafb000, 文件偏移 0x1452
2026/01/12 17:21:09 [DEBUG] ResolveAddress: 执行 addr2line，文件: /home/ssy/lbr/test/test_lbr, 偏移: 0x1452
2026/01/12 17:21:09 [DEBUG] ResolveAddress: addr2line 输出行数: 2
2026/01/12 17:21:09 [DEBUG] ResolveAddress: 函数名: main, 位置: /home/ssy/lbr/test/test_lbr.c:140 (discriminator 1)
2026/01/12 17:21:09 [DEBUG] ResolveAddress: 解析成功 -> 函数: main, 文件: /home/ssy/lbr/test/test_lbr.c, 行号: 0
2026/01/12 17:21:09 [DEBUG] ResolveAddress: 开始解析地址 0x55b1ebafc622
2026/01/12 17:21:09 [DEBUG] ResolveAddress: 主程序地址，基地址 0x55b1ebafb000, 文件偏移 0x1622
2026/01/12 17:21:09 [DEBUG] ResolveAddress: 执行 addr2line，文件: /home/ssy/lbr/test/test_lbr, 偏移: 0x1622
2026/01/12 17:21:09 [DEBUG] ResolveAddress: addr2line 输出行数: 2
2026/01/12 17:21:09 [DEBUG] ResolveAddress: 函数名: main, 位置: /home/ssy/lbr/test/test_lbr.c:152
2026/01/12 17:21:09 [DEBUG] ResolveAddress: 解析成功 -> 函数: main, 文件: /home/ssy/lbr/test/test_lbr.c, 行号: 152
2026/01/12 17:21:09 [DEBUG] ResolveAddress: 开始解析地址 0x55b1ebafc62d
2026/01/12 17:21:09 [DEBUG] ResolveAddress: 主程序地址，基地址 0x55b1ebafb000, 文件偏移 0x162d
2026/01/12 17:21:09 [DEBUG] ResolveAddress: 执行 addr2line，文件: /home/ssy/lbr/test/test_lbr, 偏移: 0x162d
2026/01/12 17:21:09 [DEBUG] ResolveAddress: addr2line 输出行数: 2
2026/01/12 17:21:09 [DEBUG] ResolveAddress: 函数名: main, 位置: /home/ssy/lbr/test/test_lbr.c:154
2026/01/12 17:21:09 [DEBUG] ResolveAddress: 解析成功 -> 函数: main, 文件: /home/ssy/lbr/test/test_lbr.c, 行号: 154
2026/01/12 17:21:09 [DEBUG] ResolveAddress: 开始解析地址 0x55b1ebafc614
2026/01/12 17:21:09 [DEBUG] ResolveAddress: 主程序地址，基地址 0x55b1ebafb000, 文件偏移 0x1614
2026/01/12 17:21:09 [DEBUG] ResolveAddress: 执行 addr2line，文件: /home/ssy/lbr/test/test_lbr, 偏移: 0x1614
2026/01/12 17:21:09 [DEBUG] ResolveAddress: addr2line 输出行数: 2
2026/01/12 17:21:09 [DEBUG] ResolveAddress: 函数名: main, 位置: /home/ssy/lbr/test/test_lbr.c:150
2026/01/12 17:21:09 [DEBUG] ResolveAddress: 解析成功 -> 函数: main, 文件: /home/ssy/lbr/test/test_lbr.c, 行号: 150
2026/01/12 17:21:09 [DEBUG] ResolveAddress: 开始解析地址 0x55b1ebafc61f
2026/01/12 17:21:09 [DEBUG] ResolveAddress: 主程序地址，基地址 0x55b1ebafb000, 文件偏移 0x161f
2026/01/12 17:21:09 [DEBUG] ResolveAddress: 执行 addr2line，文件: /home/ssy/lbr/test/test_lbr, 偏移: 0x161f
2026/01/12 17:21:09 [DEBUG] ResolveAddress: addr2line 输出行数: 2
2026/01/12 17:21:09 [DEBUG] ResolveAddress: 函数名: main, 位置: /home/ssy/lbr/test/test_lbr.c:152
2026/01/12 17:21:09 [DEBUG] ResolveAddress: 解析成功 -> 函数: main, 文件: /home/ssy/lbr/test/test_lbr.c, 行号: 152
2026/01/12 17:21:09 [DEBUG] ResolveAddress: 开始解析地址 0x55b1ebafc606
2026/01/12 17:21:09 [DEBUG] ResolveAddress: 主程序地址，基地址 0x55b1ebafb000, 文件偏移 0x1606
2026/01/12 17:21:09 [DEBUG] ResolveAddress: 执行 addr2line，文件: /home/ssy/lbr/test/test_lbr, 偏移: 0x1606
2026/01/12 17:21:09 [DEBUG] ResolveAddress: addr2line 输出行数: 2
2026/01/12 17:21:09 [DEBUG] ResolveAddress: 函数名: main, 位置: /home/ssy/lbr/test/test_lbr.c:148
2026/01/12 17:21:09 [DEBUG] ResolveAddress: 解析成功 -> 函数: main, 文件: /home/ssy/lbr/test/test_lbr.c, 行号: 148
2026/01/12 17:21:09 [DEBUG] ResolveAddress: 开始解析地址 0x55b1ebafc611
2026/01/12 17:21:09 [DEBUG] ResolveAddress: 主程序地址，基地址 0x55b1ebafb000, 文件偏移 0x1611
2026/01/12 17:21:09 [DEBUG] ResolveAddress: 执行 addr2line，文件: /home/ssy/lbr/test/test_lbr, 偏移: 0x1611
2026/01/12 17:21:09 [DEBUG] ResolveAddress: addr2line 输出行数: 2
2026/01/12 17:21:09 [DEBUG] ResolveAddress: 函数名: main, 位置: /home/ssy/lbr/test/test_lbr.c:150
2026/01/12 17:21:09 [DEBUG] ResolveAddress: 解析成功 -> 函数: main, 文件: /home/ssy/lbr/test/test_lbr.c, 行号: 150
2026/01/12 17:21:09 [DEBUG] ResolveAddress: 开始解析地址 0x55b1ebafc5f8
2026/01/12 17:21:09 [DEBUG] ResolveAddress: 主程序地址，基地址 0x55b1ebafb000, 文件偏移 0x15f8
2026/01/12 17:21:09 [DEBUG] ResolveAddress: 执行 addr2line，文件: /home/ssy/lbr/test/test_lbr, 偏移: 0x15f8
2026/01/12 17:21:09 [DEBUG] ResolveAddress: addr2line 输出行数: 2
2026/01/12 17:21:09 [DEBUG] ResolveAddress: 函数名: main, 位置: /home/ssy/lbr/test/test_lbr.c:146
2026/01/12 17:21:09 [DEBUG] ResolveAddress: 解析成功 -> 函数: main, 文件: /home/ssy/lbr/test/test_lbr.c, 行号: 146
2026/01/12 17:21:09 [DEBUG] ResolveAddress: 开始解析地址 0x55b1ebafc603
2026/01/12 17:21:09 [DEBUG] ResolveAddress: 主程序地址，基地址 0x55b1ebafb000, 文件偏移 0x1603
2026/01/12 17:21:09 [DEBUG] ResolveAddress: 执行 addr2line，文件: /home/ssy/lbr/test/test_lbr, 偏移: 0x1603
2026/01/12 17:21:09 [DEBUG] ResolveAddress: addr2line 输出行数: 2
2026/01/12 17:21:09 [DEBUG] ResolveAddress: 函数名: main, 位置: /home/ssy/lbr/test/test_lbr.c:148
2026/01/12 17:21:09 [DEBUG] ResolveAddress: 解析成功 -> 函数: main, 文件: /home/ssy/lbr/test/test_lbr.c, 行号: 148
2026/01/12 17:21:09 [DEBUG] ResolveAddress: 开始解析地址 0x55b1ebafc482
2026/01/12 17:21:09 [DEBUG] ResolveAddress: 主程序地址，基地址 0x55b1ebafb000, 文件偏移 0x1482
2026/01/12 17:21:09 [DEBUG] ResolveAddress: 执行 addr2line，文件: /home/ssy/lbr/test/test_lbr, 偏移: 0x1482
2026/01/12 17:21:09 [DEBUG] ResolveAddress: addr2line 输出行数: 2
2026/01/12 17:21:09 [DEBUG] ResolveAddress: 函数名: main, 位置: /home/ssy/lbr/test/test_lbr.c:144
2026/01/12 17:21:09 [DEBUG] ResolveAddress: 解析成功 -> 函数: main, 文件: /home/ssy/lbr/test/test_lbr.c, 行号: 144
2026/01/12 17:21:09 [DEBUG] ResolveAddress: 开始解析地址 0x55b1ebafc5f5
2026/01/12 17:21:09 [DEBUG] ResolveAddress: 主程序地址，基地址 0x55b1ebafb000, 文件偏移 0x15f5
2026/01/12 17:21:09 [DEBUG] ResolveAddress: 执行 addr2line，文件: /home/ssy/lbr/test/test_lbr, 偏移: 0x15f5
2026/01/12 17:21:09 [DEBUG] ResolveAddress: addr2line 输出行数: 2
2026/01/12 17:21:09 [DEBUG] ResolveAddress: 函数名: main, 位置: /home/ssy/lbr/test/test_lbr.c:146
2026/01/12 17:21:09 [DEBUG] ResolveAddress: 解析成功 -> 函数: main, 文件: /home/ssy/lbr/test/test_lbr.c, 行号: 146
2026/01/12 17:21:09 [DEBUG] ResolveAddress: 开始解析地址 0x7f128064394e
2026/01/12 17:21:09 [DEBUG] ResolveAddress: 共享库 libc.so, 映射起始 0x7f1280624000, 映射偏移 0x24000, 文件偏移 0x4394e
2026/01/12 17:21:09 [DEBUG] ResolveAddress: 执行 addr2line，文件: /usr/lib/libc.so.6, 偏移: 0x4394e
2026/01/12 17:21:09 [DEBUG] ResolveAddress: addr2line 输出行数: 2
2026/01/12 17:21:09 [DEBUG] ResolveAddress: 函数名: rand@libc.so, 位置: ??:?
2026/01/12 17:21:09 [DEBUG] ResolveAddress: 解析成功 -> 函数: rand@libc.so, 文件: ??, 行号: 0
2026/01/12 17:21:09 [DEBUG] ResolveAddress: 开始解析地址 0x55b1ebafc45d
2026/01/12 17:21:09 [DEBUG] ResolveAddress: 主程序地址，基地址 0x55b1ebafb000, 文件偏移 0x145d
2026/01/12 17:21:09 [DEBUG] ResolveAddress: 执行 addr2line，文件: /home/ssy/lbr/test/test_lbr, 偏移: 0x145d
2026/01/12 17:21:09 [DEBUG] ResolveAddress: addr2line 输出行数: 2
2026/01/12 17:21:09 [DEBUG] ResolveAddress: 函数名: main, 位置: /home/ssy/lbr/test/test_lbr.c:141
2026/01/12 17:21:09 [DEBUG] ResolveAddress: 解析成功 -> 函数: main, 文件: /home/ssy/lbr/test/test_lbr.c, 行号: 141
2026/01/12 17:21:09 [DEBUG] ResolveAddress: 开始解析地址 0x7f1280643bb6
2026/01/12 17:21:09 [DEBUG] ResolveAddress: 共享库 libc.so, 映射起始 0x7f1280624000, 映射偏移 0x24000, 文件偏移 0x43bb6
2026/01/12 17:21:09 [DEBUG] ResolveAddress: 执行 addr2line，文件: /usr/lib/libc.so.6, 偏移: 0x43bb6
2026/01/12 17:21:09 [DEBUG] ResolveAddress: addr2line 输出行数: 2
2026/01/12 17:21:09 [DEBUG] ResolveAddress: 函数名: random@libc.so, 位置: ??:?
2026/01/12 17:21:09 [DEBUG] ResolveAddress: 解析成功 -> 函数: random@libc.so, 文件: ??, 行号: 0
2026/01/12 17:21:09 [DEBUG] ResolveAddress: 开始解析地址 0x7f128064394d
2026/01/12 17:21:09 [DEBUG] ResolveAddress: 共享库 libc.so, 映射起始 0x7f1280624000, 映射偏移 0x24000, 文件偏移 0x4394d
2026/01/12 17:21:09 [DEBUG] ResolveAddress: 执行 addr2line，文件: /usr/lib/libc.so.6, 偏移: 0x4394d
2026/01/12 17:21:09 [DEBUG] ResolveAddress: addr2line 输出行数: 2
2026/01/12 17:21:09 [DEBUG] ResolveAddress: 函数名: rand@libc.so, 位置: ??:?
2026/01/12 17:21:09 [DEBUG] ResolveAddress: 解析成功 -> 函数: rand@libc.so, 文件: ??, 行号: 0
2026/01/12 17:21:09 [DEBUG] ResolveAddress: 开始解析地址 0x7f1280643bd4
2026/01/12 17:21:09 [DEBUG] ResolveAddress: 共享库 libc.so, 映射起始 0x7f1280624000, 映射偏移 0x24000, 文件偏移 0x43bd4
2026/01/12 17:21:09 [DEBUG] ResolveAddress: 执行 addr2line，文件: /usr/lib/libc.so.6, 偏移: 0x43bd4
2026/01/12 17:21:09 [DEBUG] ResolveAddress: addr2line 输出行数: 2
2026/01/12 17:21:09 [DEBUG] ResolveAddress: 函数名: random@libc.so, 位置: ??:?
2026/01/12 17:21:09 [DEBUG] ResolveAddress: 解析成功 -> 函数: random@libc.so, 文件: ??, 行号: 0
2026/01/12 17:21:09 [DEBUG] ResolveAddress: 开始解析地址 0x7f1280643ba6
2026/01/12 17:21:09 [DEBUG] ResolveAddress: 共享库 libc.so, 映射起始 0x7f1280624000, 映射偏移 0x24000, 文件偏移 0x43ba6
2026/01/12 17:21:09 [DEBUG] ResolveAddress: 执行 addr2line，文件: /usr/lib/libc.so.6, 偏移: 0x43ba6
2026/01/12 17:21:09 [DEBUG] ResolveAddress: addr2line 输出行数: 2
2026/01/12 17:21:09 [DEBUG] ResolveAddress: 函数名: random@libc.so, 位置: ??:?
2026/01/12 17:21:09 [DEBUG] ResolveAddress: 解析成功 -> 函数: random@libc.so, 文件: ??, 行号: 0
2026/01/12 17:21:09 [DEBUG] ResolveAddress: 开始解析地址 0x7f1280643d6c
2026/01/12 17:21:09 [DEBUG] ResolveAddress: 共享库 libc.so, 映射起始 0x7f1280624000, 映射偏移 0x24000, 文件偏移 0x43d6c
2026/01/12 17:21:09 [DEBUG] ResolveAddress: 执行 addr2line，文件: /usr/lib/libc.so.6, 偏移: 0x43d6c
2026/01/12 17:21:09 [DEBUG] ResolveAddress: addr2line 输出行数: 2
2026/01/12 17:21:09 [DEBUG] ResolveAddress: 函数名: random_r@libc.so, 位置: ??:?
2026/01/12 17:21:09 [DEBUG] ResolveAddress: 解析成功 -> 函数: random_r@libc.so, 文件: ??, 行号: 0
2026/01/12 17:21:09 [DEBUG] ResolveAddress: 开始解析地址 0x7f1280643bd0
2026/01/12 17:21:09 [DEBUG] ResolveAddress: 共享库 libc.so, 映射起始 0x7f1280624000, 映射偏移 0x24000, 文件偏移 0x43bd0
2026/01/12 17:21:09 [DEBUG] ResolveAddress: 执行 addr2line，文件: /usr/lib/libc.so.6, 偏移: 0x43bd0
2026/01/12 17:21:09 [DEBUG] ResolveAddress: addr2line 输出行数: 2
2026/01/12 17:21:09 [DEBUG] ResolveAddress: 函数名: random@libc.so, 位置: ??:?
2026/01/12 17:21:09 [DEBUG] ResolveAddress: 解析成功 -> 函数: random@libc.so, 文件: ??, 行号: 0
2026/01/12 17:21:09 [DEBUG] ResolveAddress: 开始解析地址 0x7f1280643d17
2026/01/12 17:21:09 [DEBUG] ResolveAddress: 共享库 libc.so, 映射起始 0x7f1280624000, 映射偏移 0x24000, 文件偏移 0x43d17
2026/01/12 17:21:09 [DEBUG] ResolveAddress: 执行 addr2line，文件: /usr/lib/libc.so.6, 偏移: 0x43d17
2026/01/12 17:21:09 [DEBUG] ResolveAddress: addr2line 输出行数: 2
2026/01/12 17:21:09 [DEBUG] ResolveAddress: 函数名: random_r@libc.so, 位置: ??:?
2026/01/12 17:21:09 [DEBUG] ResolveAddress: 解析成功 -> 函数: random_r@libc.so, 文件: ??, 行号: 0
2026/01/12 17:21:09 [DEBUG] ResolveAddress: 开始解析地址 0x7f1280643d38
2026/01/12 17:21:09 [DEBUG] ResolveAddress: 共享库 libc.so, 映射起始 0x7f1280624000, 映射偏移 0x24000, 文件偏移 0x43d38
2026/01/12 17:21:09 [DEBUG] ResolveAddress: 执行 addr2line，文件: /usr/lib/libc.so.6, 偏移: 0x43d38
2026/01/12 17:21:09 [DEBUG] ResolveAddress: addr2line 输出行数: 2
2026/01/12 17:21:09 [DEBUG] ResolveAddress: 函数名: random_r@libc.so, 位置: ??:?
2026/01/12 17:21:09 [DEBUG] ResolveAddress: 解析成功 -> 函数: random_r@libc.so, 文件: ??, 行号: 0
2026/01/12 17:21:09 [DEBUG] ResolveAddress: 开始解析地址 0x7f1280643bcb
2026/01/12 17:21:09 [DEBUG] ResolveAddress: 共享库 libc.so, 映射起始 0x7f1280624000, 映射偏移 0x24000, 文件偏移 0x43bcb
2026/01/12 17:21:09 [DEBUG] ResolveAddress: 执行 addr2line，文件: /usr/lib/libc.so.6, 偏移: 0x43bcb
2026/01/12 17:21:09 [DEBUG] ResolveAddress: addr2line 输出行数: 2
2026/01/12 17:21:09 [DEBUG] ResolveAddress: 函数名: random@libc.so, 位置: ??:?
2026/01/12 17:21:09 [DEBUG] ResolveAddress: 解析成功 -> 函数: random@libc.so, 文件: ??, 行号: 0
2026/01/12 17:21:09 [DEBUG] ResolveAddress: 开始解析地址 0x7f1280643d00
2026/01/12 17:21:09 [DEBUG] ResolveAddress: 共享库 libc.so, 映射起始 0x7f1280624000, 映射偏移 0x24000, 文件偏移 0x43d00
2026/01/12 17:21:09 [DEBUG] ResolveAddress: 执行 addr2line，文件: /usr/lib/libc.so.6, 偏移: 0x43d00
2026/01/12 17:21:09 [DEBUG] ResolveAddress: addr2line 输出行数: 2
2026/01/12 17:21:09 [DEBUG] ResolveAddress: 函数名: random_r@libc.so, 位置: ??:?
2026/01/12 17:21:09 [DEBUG] ResolveAddress: 解析成功 -> 函数: random_r@libc.so, 文件: ??, 行号: 0
2026/01/12 17:21:09 [DEBUG] ResolveAddress: 开始解析地址 0x7f1280643b72
2026/01/12 17:21:09 [DEBUG] ResolveAddress: 共享库 libc.so, 映射起始 0x7f1280624000, 映射偏移 0x24000, 文件偏移 0x43b72
2026/01/12 17:21:09 [DEBUG] ResolveAddress: 执行 addr2line，文件: /usr/lib/libc.so.6, 偏移: 0x43b72
2026/01/12 17:21:09 [DEBUG] ResolveAddress: addr2line 输出行数: 2
2026/01/12 17:21:09 [DEBUG] ResolveAddress: 函数名: random@libc.so, 位置: ??:?
2026/01/12 17:21:09 [DEBUG] ResolveAddress: 解析成功 -> 函数: random@libc.so, 文件: ??, 行号: 0
2026/01/12 17:21:09 [DEBUG] ResolveAddress: 开始解析地址 0x7f1280643bc0
2026/01/12 17:21:09 [DEBUG] ResolveAddress: 共享库 libc.so, 映射起始 0x7f1280624000, 映射偏移 0x24000, 文件偏移 0x43bc0
2026/01/12 17:21:09 [DEBUG] ResolveAddress: 执行 addr2line，文件: /usr/lib/libc.so.6, 偏移: 0x43bc0
2026/01/12 17:21:09 [DEBUG] ResolveAddress: addr2line 输出行数: 2
2026/01/12 17:21:09 [DEBUG] ResolveAddress: 函数名: random@libc.so, 位置: ??:?
2026/01/12 17:21:09 [DEBUG] ResolveAddress: 解析成功 -> 函数: random@libc.so, 文件: ??, 行号: 0
2026/01/12 17:21:09 [DEBUG] ResolveAddress: 开始解析地址 0x7f1280643948
2026/01/12 17:21:09 [DEBUG] ResolveAddress: 共享库 libc.so, 映射起始 0x7f1280624000, 映射偏移 0x24000, 文件偏移 0x43948
2026/01/12 17:21:09 [DEBUG] ResolveAddress: 执行 addr2line，文件: /usr/lib/libc.so.6, 偏移: 0x43948
2026/01/12 17:21:09 [DEBUG] ResolveAddress: addr2line 输出行数: 2
2026/01/12 17:21:09 [DEBUG] ResolveAddress: 函数名: rand@libc.so, 位置: ??:?
2026/01/12 17:21:09 [DEBUG] ResolveAddress: 解析成功 -> 函数: rand@libc.so, 文件: ??, 行号: 0
2026/01/12 17:21:09 [DEBUG] ResolveAddress: 开始解析地址 0x7f1280643b50
2026/01/12 17:21:09 [DEBUG] ResolveAddress: 共享库 libc.so, 映射起始 0x7f1280624000, 映射偏移 0x24000, 文件偏移 0x43b50
2026/01/12 17:21:09 [DEBUG] ResolveAddress: 执行 addr2line，文件: /usr/lib/libc.so.6, 偏移: 0x43b50
2026/01/12 17:21:09 [DEBUG] ResolveAddress: addr2line 输出行数: 2
2026/01/12 17:21:09 [DEBUG] ResolveAddress: 函数名: random@libc.so, 位置: ??:?
2026/01/12 17:21:09 [DEBUG] ResolveAddress: 解析成功 -> 函数: random@libc.so, 文件: ??, 行号: 0
2026/01/12 17:21:09 [DEBUG] ResolveAddress: 开始解析地址 0x55b1ebafc0b0
2026/01/12 17:21:09 [DEBUG] ResolveAddress: 主程序地址，基地址 0x55b1ebafb000, 文件偏移 0x10b0
2026/01/12 17:21:09 [DEBUG] ResolveAddress: 执行 addr2line，文件: /home/ssy/lbr/test/test_lbr, 偏移: 0x10b0
2026/01/12 17:21:09 [DEBUG] ResolveAddress: addr2line 输出行数: 2
2026/01/12 17:21:09 [DEBUG] ResolveAddress: 函数名: ??, 位置: ??:0
2026/01/12 17:21:09 [DEBUG] ResolveAddress: 解析成功 -> 函数: ??, 文件: ??, 行号: 0
2026/01/12 17:21:09 [DEBUG] ResolveAddress: 开始解析地址 0x7f1280643940
2026/01/12 17:21:09 [DEBUG] ResolveAddress: 共享库 libc.so, 映射起始 0x7f1280624000, 映射偏移 0x24000, 文件偏移 0x43940
2026/01/12 17:21:09 [DEBUG] ResolveAddress: 执行 addr2line，文件: /usr/lib/libc.so.6, 偏移: 0x43940
2026/01/12 17:21:09 [DEBUG] ResolveAddress: addr2line 输出行数: 2
2026/01/12 17:21:09 [DEBUG] ResolveAddress: 函数名: rand@libc.so, 位置: ??:?
2026/01/12 17:21:09 [DEBUG] ResolveAddress: 解析成功 -> 函数: rand@libc.so, 文件: ??, 行号: 0

=== PID: 101619, TID: 101619, COMM: test_lbr, Entries: 32 ===
LBR Stack:
[#00] [33m??[0m                    -> [33mrand@libc.so[0m         
[#01] [33mrand@libc.so[0m          -> [33mrandom@libc.so[0m       
[#02] [33mrandom@libc.so[0m        -> [33mrandom@libc.so[0m       
[#03] [33mrandom@libc.so[0m        -> [33mrandom_r@libc.so[0m     
[#04] [33mrandom_r@libc.so[0m      -> [33mrandom_r@libc.so[0m     
[#05] [33mrandom_r@libc.so[0m      -> [33mrandom@libc.so[0m       
[#06] [33mrandom@libc.so[0m        -> [33mrandom@libc.so[0m       
[#07] [33mrandom@libc.so[0m        -> [33mrand@libc.so[0m         
[#08] [33mrand@libc.so[0m          -> [33mmain (test_lbr.c:141)[0m
[#09] [33mmain (test_lbr.c:144)[0m -> [33mmain (test_lbr.c:146)[0m
[#10] [33mmain (test_lbr.c:146)[0m -> [33mmain (test_lbr.c:148)[0m
[#11] [33mmain (test_lbr.c:148)[0m -> [33mmain (test_lbr.c:150)[0m
[#12] [33mmain (test_lbr.c:150)[0m -> [33mmain (test_lbr.c:152)[0m
[#13] [33mmain (test_lbr.c:152)[0m -> [33mmain (test_lbr.c:154)[0m
[#14] [33mmain (test_lbr.c:155)[0m -> [33mmain[0m                 
[#15] [33mmain (test_lbr.c:141)[0m -> [33m??[0m                   
[#16] [33m??[0m                    -> [33mrand@libc.so[0m         
[#17] [33mrand@libc.so[0m          -> [33mrandom@libc.so[0m       
[#18] [33mrandom@libc.so[0m        -> [33mrandom@libc.so[0m       
[#19] [33mrandom@libc.so[0m        -> [33mrandom_r@libc.so[0m     
[#20] [33mrandom_r@libc.so[0m      -> [33mrandom_r@libc.so[0m     
[#21] [33mrandom_r@libc.so[0m      -> [33mrandom@libc.so[0m       
[#22] [33mrandom@libc.so[0m        -> [33mrandom@libc.so[0m       
[#23] [33mrandom@libc.so[0m        -> [33mrand@libc.so[0m         
[#24] [33mrand@libc.so[0m          -> [33mmain (test_lbr.c:141)[0m
[#25] [33mmain (test_lbr.c:144)[0m -> [33mmain (test_lbr.c:146)[0m
[#26] [33mmain (test_lbr.c:146)[0m -> [33mmain (test_lbr.c:148)[0m
[#27] [33mmain (test_lbr.c:148)[0m -> [33mmain (test_lbr.c:150)[0m
[#28] [33mmain (test_lbr.c:150)[0m -> [33mmain (test_lbr.c:152)[0m
[#29] [33mmain (test_lbr.c:153)[0m -> [33mmain[0m                 
[#30] [33mmain (test_lbr.c:141)[0m -> [33m??[0m                   
[#31] [33m??[0m                    -> [33mrand@libc.so[0m         
2026/01/12 17:21:09 LBR数据统计: 总条目=1, 有效=1, 空数据=0, 全零数据=0
2026/01/12 17:21:10 No LBR data - map中无任何条目
2026/01/12 17:21:11 No LBR data - map中无任何条目
2026/01/12 17:21:12 No LBR data - map中无任何条目
2026/01/12 17:21:13 No LBR data - map中无任何条目
2026/01/12 17:21:14 No LBR data - map中无任何条目
2026/01/12 17:21:15 No LBR data - map中无任何条目
