2026/03/06 13:11:02 日志文件: log/lbr_output_20260306_131102.log
2026/03/06 13:11:02 Current nofile rlimit: curr=524287 max=524288
2026/03/06 13:11:02 Monitoring PID: 14657
2026/03/06 13:11:03 SFrame 解析器已创建，用于退出时分析
2026/03/06 13:11:03 LBR demo is running. Press Ctrl-C to exit.
2026/03/06 13:11:03 Attached to 8 CPUs, checking for LBR data every second...
2026/03/06 13:11:04 No LBR data - map中无任何条目
2026/03/06 13:11:05 No LBR data - map中无任何条目
2026/03/06 13:11:06 已启用 SFrame 符号解析 for PID 14657

=== PID: 14657, TID: 14657, COMM: test_lbr_sframe, Entries: 32 ===

[LBR Branch History]
LBR Stack:
[#00] [33mmain+0x48c[0m -> [33mmain+0x469[0m
[#01] [33mmain+0x46b[0m -> [33mmain+0x440[0m
[#02] [33mmain+0x48c[0m -> [33mmain+0x469[0m
[#03] [33mmain+0x46b[0m -> [33mmain+0x440[0m
[#04] [33mmain+0x48c[0m -> [33mmain+0x469[0m
[#05] [33mmain+0x46b[0m -> [33mmain+0x440[0m
[#06] [33mmain+0x48c[0m -> [33mmain+0x469[0m
[#07] [33mmain+0x46b[0m -> [33mmain+0x440[0m
[#08] [33mmain+0x48c[0m -> [33mmain+0x469[0m
[#09] [33mmain+0x46b[0m -> [33mmain+0x440[0m
[#10] [33mmain+0x48c[0m -> [33mmain+0x469[0m
[#11] [33mmain+0x46b[0m -> [33mmain+0x440[0m
[#12] [33mmain+0x48c[0m -> [33mmain+0x469[0m
[#13] [33mmain+0x46b[0m -> [33mmain+0x440[0m
[#14] [33mmain+0x48c[0m -> [33mmain+0x469[0m
[#15] [33mmain+0x46b[0m -> [33mmain+0x440[0m
[#16] [33mmain+0x48c[0m -> [33mmain+0x469[0m
[#17] [33mmain+0x46b[0m -> [33mmain+0x440[0m
[#18] [33mmain+0x48c[0m -> [33mmain+0x469[0m
[#19] [33mmain+0x46b[0m -> [33mmain+0x440[0m
[#20] [33mmain+0x48c[0m -> [33mmain+0x469[0m
[#21] [33mmain+0x46b[0m -> [33mmain+0x440[0m
[#22] [33mmain+0x48c[0m -> [33mmain+0x469[0m
[#23] [33mmain+0x46b[0m -> [33mmain+0x440[0m
[#24] [33mmain+0x48c[0m -> [33mmain+0x469[0m
[#25] [33mmain+0x46b[0m -> [33mmain+0x440[0m
[#26] [33mmain+0x48c[0m -> [33mmain+0x469[0m
[#27] [33mmain+0x46b[0m -> [33mmain+0x440[0m
[#28] [33mmain+0x467[0m -> [33mmain+0x48e[0m
[#29] [33mmain+0x49f[0m -> [33mmain+0x3fc[0m
[#30] [33mmain+0x400[0m -> [33mmain+0x469[0m
[#31] [33mmain+0x46b[0m -> [33mmain+0x440[0m
2026/03/06 13:11:06 LBR数据统计: 总条目=1, 有效=1, 空数据=0, 全零数据=0
2026/03/06 13:11:07 No LBR data - map中无任何条目
2026/03/06 13:11:08 No LBR data - map中无任何条目
2026/03/06 13:11:09 No LBR data - map中无任何条目
2026/03/06 13:11:10 No LBR data - map中无任何条目
2026/03/06 13:11:11 No LBR data - map中无任何条目
2026/03/06 13:11:12 No LBR data - map中无任何条目
2026/03/06 13:11:12 
收到退出信号，正在分析统计数据...
2026/03/06 13:11:12 
========================================
2026/03/06 13:11:12 访问频率最高的 5 个地址:
2026/03/06 13:11:12 ========================================

========================================
访问频率最高的 5 个地址:
========================================
2026/03/06 13:11:12 
#1 地址: 0x00005637bb7e052b (访问次数: 15)

#1 地址: 0x00005637bb7e052b (访问次数: 15)
2026/03/06 13:11:12     函数: main+0x46b
    函数: main+0x46b
2026/03/06 13:11:12     [栈展开 - 使用采样时寄存器状态]:
    [栈展开 - 使用采样时寄存器状态]:
2026/03/06 13:11:12     采样时寄存器: RIP=0x5637bb7e0534, RSP=0x7fff30766350, RBP=0x7fff30766360
    采样时寄存器: RIP=0x5637bb7e0534, RSP=0x7fff30766350, RBP=0x7fff30766360
2026/03/06 13:11:12       #00  0x00005637bb7e0534 in main+0x474
      #00  0x00005637bb7e0534 in main+0x474
2026/03/06 13:11:12     展开了 1 个栈帧
    展开了 1 个栈帧
2026/03/06 13:11:12 
#2 地址: 0x00005637bb7e0500 (访问次数: 15)

#2 地址: 0x00005637bb7e0500 (访问次数: 15)
2026/03/06 13:11:12     函数: main+0x440
    函数: main+0x440
2026/03/06 13:11:12     [栈展开 - 使用采样时寄存器状态]:
    [栈展开 - 使用采样时寄存器状态]:
2026/03/06 13:11:12     采样时寄存器: RIP=0x5637bb7e0534, RSP=0x7fff30766350, RBP=0x7fff30766360
    采样时寄存器: RIP=0x5637bb7e0534, RSP=0x7fff30766350, RBP=0x7fff30766360
2026/03/06 13:11:12       #00  0x00005637bb7e0534 in main+0x474
      #00  0x00005637bb7e0534 in main+0x474
2026/03/06 13:11:12     展开了 1 个栈帧
    展开了 1 个栈帧
2026/03/06 13:11:12 
#3 地址: 0x00005637bb7e0529 (访问次数: 15)

#3 地址: 0x00005637bb7e0529 (访问次数: 15)
2026/03/06 13:11:12     函数: main+0x469
    函数: main+0x469
2026/03/06 13:11:12     [栈展开 - 使用采样时寄存器状态]:
    [栈展开 - 使用采样时寄存器状态]:
2026/03/06 13:11:12     采样时寄存器: RIP=0x5637bb7e0534, RSP=0x7fff30766350, RBP=0x7fff30766360
    采样时寄存器: RIP=0x5637bb7e0534, RSP=0x7fff30766350, RBP=0x7fff30766360
2026/03/06 13:11:12       #00  0x00005637bb7e0534 in main+0x474
      #00  0x00005637bb7e0534 in main+0x474
2026/03/06 13:11:12     展开了 1 个栈帧
    展开了 1 个栈帧
2026/03/06 13:11:12 
#4 地址: 0x00005637bb7e054c (访问次数: 14)

#4 地址: 0x00005637bb7e054c (访问次数: 14)
2026/03/06 13:11:12     函数: main+0x48c
    函数: main+0x48c
2026/03/06 13:11:12     [栈展开 - 使用采样时寄存器状态]:
    [栈展开 - 使用采样时寄存器状态]:
2026/03/06 13:11:12     采样时寄存器: RIP=0x5637bb7e0534, RSP=0x7fff30766350, RBP=0x7fff30766360
    采样时寄存器: RIP=0x5637bb7e0534, RSP=0x7fff30766350, RBP=0x7fff30766360
2026/03/06 13:11:12       #00  0x00005637bb7e0534 in main+0x474
      #00  0x00005637bb7e0534 in main+0x474
2026/03/06 13:11:12     展开了 1 个栈帧
    展开了 1 个栈帧
2026/03/06 13:11:12 
#5 地址: 0x00005637bb7e055f (访问次数: 1)

#5 地址: 0x00005637bb7e055f (访问次数: 1)
2026/03/06 13:11:12     函数: main+0x49f
    函数: main+0x49f
2026/03/06 13:11:12     [栈展开 - 使用采样时寄存器状态]:
    [栈展开 - 使用采样时寄存器状态]:
2026/03/06 13:11:12     采样时寄存器: RIP=0x5637bb7e0534, RSP=0x7fff30766350, RBP=0x7fff30766360
    采样时寄存器: RIP=0x5637bb7e0534, RSP=0x7fff30766350, RBP=0x7fff30766360
2026/03/06 13:11:12       #00  0x00005637bb7e0534 in main+0x474
      #00  0x00005637bb7e0534 in main+0x474
2026/03/06 13:11:12     展开了 1 个栈帧
    展开了 1 个栈帧
2026/03/06 13:11:12 
========================================
总计统计了 9 个不同的地址
========================================

========================================
总计统计了 9 个不同的地址
========================================
