2026/01/12 16:06:06 日志文件: log/lbr_output_20260112_160606.log
2026/01/12 16:06:06 Current nofile rlimit: curr=524287 max=524288
2026/01/12 16:06:06 Monitoring PID: 69757
2026/01/12 16:06:07 LBR demo is running. Press Ctrl-C to exit.
2026/01/12 16:06:07 Attached to 8 CPUs, checking for LBR data every second...
2026/01/12 16:06:08 No LBR data - map中无任何条目
2026/01/12 16:06:09 No LBR data - map中无任何条目
2026/01/12 16:06:10 [DEBUG] NewDwarfResolver: 为PID 69757 创建解析器
2026/01/12 16:06:10 [DEBUG] NewDwarfResolver: 使用可执行文件: /home/ssy/lbr/test/test_lbr
2026/01/12 16:06:10 [DEBUG] NewDwarfResolver: 打开ELF文件...
2026/01/12 16:06:10 [DEBUG] NewDwarfResolver: ELF文件打开成功
2026/01/12 16:06:10 [DEBUG] NewDwarfResolver: 尝试加载DWARF调试信息...
2026/01/12 16:06:10 [DEBUG] NewDwarfResolver: DWARF调试信息加载成功
2026/01/12 16:06:10 [DEBUG] loadSymbols: 开始加载符号表
2026/01/12 16:06:10 [DEBUG] loadSymbols: 加载了 1 个动态符号
2026/01/12 16:06:10 [DEBUG] loadSymbols: 加载了 30 个普通符号
2026/01/12 16:06:10 [DEBUG] loadSymbols: 共加载 31 个符号
2026/01/12 16:06:10 [DEBUG] loadSymbols: 符号地址范围: 0x1000 - 0x4068
2026/01/12 16:06:10 [DEBUG] loadBaseAddress: 读取 /proc/69757/maps
2026/01/12 16:06:10 [DEBUG] loadBaseAddress: 主程序映射 0x555d465ca000 - 0x555d465cb000 (权限: r-xp, 偏移: 0x1000)
2026/01/12 16:06:10 [DEBUG] loadBaseAddress: 发现共享库 /usr/lib/libc.so.6 @ 0x7f941e624000 - 0x7f941e795000 (偏移: 0x24000)
2026/01/12 16:06:10 [DEBUG] loadLibraryMapping: /usr/lib/libc.so.6 加载 3114 个符号
2026/01/12 16:06:10 [DEBUG] loadBaseAddress: 发现共享库 /usr/lib/ld-linux-x86-64.so.2 @ 0x7f941e927000 - 0x7f941e951000 (偏移: 0x1000)
2026/01/12 16:06:10 [DEBUG] loadLibraryMapping: /usr/lib/ld-linux-x86-64.so.2 加载 32 个符号
2026/01/12 16:06:10 [DEBUG] loadBaseAddress: 共加载 2 个内存映射
2026/01/12 16:06:10 [DEBUG] NewDwarfResolver: 解析器创建成功
2026/01/12 16:06:10 已启用 DWARF 符号解析 for PID 69757
2026/01/12 16:06:10 [DEBUG] ResolveAddress: 开始解析地址 0x555d465ca52b (主程序基址: 0x555d465ca000 - 0x555d465cb000)
2026/01/12 16:06:10 [DEBUG] ResolveAddress: 主程序地址，文件偏移 0x152b (虚拟偏移: 0x52b + 文件偏移: 0x1000)
2026/01/12 16:06:10 [DEBUG] resolveInMapping: 从符号表查找文件偏移 0x152b
2026/01/12 16:06:10 [DEBUG] findSymbolInList: 在31个符号中查找地址 0x152b
2026/01/12 16:06:10 [DEBUG] findSymbolInList: 前5个符号:
2026/01/12 16:06:10 [DEBUG]   [0] _init @ 0x1000 (大小: 0)
2026/01/12 16:06:10 [DEBUG]   [1] main @ 0x10c0 (大小: 1479)
2026/01/12 16:06:10 [DEBUG]   [2] _start @ 0x1690 (大小: 38)
2026/01/12 16:06:10 [DEBUG]   [3] deregister_tm_clones @ 0x16c0 (大小: 0)
2026/01/12 16:06:10 [DEBUG]   [4] register_tm_clones @ 0x16f0 (大小: 0)
2026/01/12 16:06:10 [DEBUG] findSymbolInList: 找到候选符号 main (地址: 0x10c0, 大小: 1479)
2026/01/12 16:06:10 [DEBUG] findSymbolInList: 地址匹配成功
2026/01/12 16:06:10 [DEBUG] resolveInMapping: 符号表找到函数名: main
2026/01/12 16:06:10 [DEBUG] resolveInMapping: 从DWARF查找行号信息
2026/01/12 16:06:10 [DEBUG] findLineInfo: 找到最佳匹配 (距离: 2 字节)
2026/01/12 16:06:10 [DEBUG] resolveInMapping: DWARF找到文件和行号: /home/ssy/lbr/test/test_lbr.c:195
2026/01/12 16:06:10 [DEBUG] resolveInMapping: 解析成功 -> 函数: main, 文件: /home/ssy/lbr/test/test_lbr.c, 行号: 195
2026/01/12 16:06:10 [DEBUG] ResolveAddress: 开始解析地址 0x555d465ca500 (主程序基址: 0x555d465ca000 - 0x555d465cb000)
2026/01/12 16:06:10 [DEBUG] ResolveAddress: 主程序地址，文件偏移 0x1500 (虚拟偏移: 0x500 + 文件偏移: 0x1000)
2026/01/12 16:06:10 [DEBUG] resolveInMapping: 从符号表查找文件偏移 0x1500
2026/01/12 16:06:10 [DEBUG] findSymbolInList: 在31个符号中查找地址 0x1500
2026/01/12 16:06:10 [DEBUG] findSymbolInList: 前5个符号:
2026/01/12 16:06:10 [DEBUG]   [0] _init @ 0x1000 (大小: 0)
2026/01/12 16:06:10 [DEBUG]   [1] main @ 0x10c0 (大小: 1479)
2026/01/12 16:06:10 [DEBUG]   [2] _start @ 0x1690 (大小: 38)
2026/01/12 16:06:10 [DEBUG]   [3] deregister_tm_clones @ 0x16c0 (大小: 0)
2026/01/12 16:06:10 [DEBUG]   [4] register_tm_clones @ 0x16f0 (大小: 0)
2026/01/12 16:06:10 [DEBUG] findSymbolInList: 找到候选符号 main (地址: 0x10c0, 大小: 1479)
2026/01/12 16:06:10 [DEBUG] findSymbolInList: 地址匹配成功
2026/01/12 16:06:10 [DEBUG] resolveInMapping: 符号表找到函数名: main
2026/01/12 16:06:10 [DEBUG] resolveInMapping: 从DWARF查找行号信息
2026/01/12 16:06:10 [DEBUG] resolveInMapping: DWARF找到文件和行号: /home/ssy/lbr/test/test_lbr.c:178
2026/01/12 16:06:10 [DEBUG] resolveInMapping: 解析成功 -> 函数: main, 文件: /home/ssy/lbr/test/test_lbr.c, 行号: 178
2026/01/12 16:06:10 [DEBUG] ResolveAddress: 开始解析地址 0x555d465ca54c (主程序基址: 0x555d465ca000 - 0x555d465cb000)
2026/01/12 16:06:10 [DEBUG] ResolveAddress: 主程序地址，文件偏移 0x154c (虚拟偏移: 0x54c + 文件偏移: 0x1000)
2026/01/12 16:06:10 [DEBUG] resolveInMapping: 从符号表查找文件偏移 0x154c
2026/01/12 16:06:10 [DEBUG] findSymbolInList: 在31个符号中查找地址 0x154c
2026/01/12 16:06:10 [DEBUG] findSymbolInList: 前5个符号:
2026/01/12 16:06:10 [DEBUG]   [0] _init @ 0x1000 (大小: 0)
2026/01/12 16:06:10 [DEBUG]   [1] main @ 0x10c0 (大小: 1479)
2026/01/12 16:06:10 [DEBUG]   [2] _start @ 0x1690 (大小: 38)
2026/01/12 16:06:10 [DEBUG]   [3] deregister_tm_clones @ 0x16c0 (大小: 0)
2026/01/12 16:06:10 [DEBUG]   [4] register_tm_clones @ 0x16f0 (大小: 0)
2026/01/12 16:06:10 [DEBUG] findSymbolInList: 找到候选符号 main (地址: 0x10c0, 大小: 1479)
2026/01/12 16:06:10 [DEBUG] findSymbolInList: 地址匹配成功
2026/01/12 16:06:10 [DEBUG] resolveInMapping: 符号表找到函数名: main
2026/01/12 16:06:10 [DEBUG] resolveInMapping: 从DWARF查找行号信息
2026/01/12 16:06:10 [DEBUG] findLineInfo: 找到最佳匹配 (距离: 5 字节)
2026/01/12 16:06:10 [DEBUG] resolveInMapping: DWARF找到文件和行号: /home/ssy/lbr/test/test_lbr.c:195
2026/01/12 16:06:10 [DEBUG] resolveInMapping: 解析成功 -> 函数: main, 文件: /home/ssy/lbr/test/test_lbr.c, 行号: 195
2026/01/12 16:06:10 [DEBUG] ResolveAddress: 开始解析地址 0x555d465ca529 (主程序基址: 0x555d465ca000 - 0x555d465cb000)
2026/01/12 16:06:10 [DEBUG] ResolveAddress: 主程序地址，文件偏移 0x1529 (虚拟偏移: 0x529 + 文件偏移: 0x1000)
2026/01/12 16:06:10 [DEBUG] resolveInMapping: 从符号表查找文件偏移 0x1529
2026/01/12 16:06:10 [DEBUG] findSymbolInList: 在31个符号中查找地址 0x1529
2026/01/12 16:06:10 [DEBUG] findSymbolInList: 前5个符号:
2026/01/12 16:06:10 [DEBUG]   [0] _init @ 0x1000 (大小: 0)
2026/01/12 16:06:10 [DEBUG]   [1] main @ 0x10c0 (大小: 1479)
2026/01/12 16:06:10 [DEBUG]   [2] _start @ 0x1690 (大小: 38)
2026/01/12 16:06:10 [DEBUG]   [3] deregister_tm_clones @ 0x16c0 (大小: 0)
2026/01/12 16:06:10 [DEBUG]   [4] register_tm_clones @ 0x16f0 (大小: 0)
2026/01/12 16:06:10 [DEBUG] findSymbolInList: 找到候选符号 main (地址: 0x10c0, 大小: 1479)
2026/01/12 16:06:10 [DEBUG] findSymbolInList: 地址匹配成功
2026/01/12 16:06:10 [DEBUG] resolveInMapping: 符号表找到函数名: main
2026/01/12 16:06:10 [DEBUG] resolveInMapping: 从DWARF查找行号信息
2026/01/12 16:06:10 [DEBUG] resolveInMapping: DWARF找到文件和行号: /home/ssy/lbr/test/test_lbr.c:171
2026/01/12 16:06:10 [DEBUG] resolveInMapping: 解析成功 -> 函数: main, 文件: /home/ssy/lbr/test/test_lbr.c, 行号: 171
2026/01/12 16:06:10 [DEBUG] ResolveAddress: 开始解析地址 0x555d465ca52b (主程序基址: 0x555d465ca000 - 0x555d465cb000)
2026/01/12 16:06:10 [DEBUG] ResolveAddress: 主程序地址，文件偏移 0x152b (虚拟偏移: 0x52b + 文件偏移: 0x1000)
2026/01/12 16:06:10 [DEBUG] resolveInMapping: 从符号表查找文件偏移 0x152b
2026/01/12 16:06:10 [DEBUG] findSymbolInList: 在31个符号中查找地址 0x152b
2026/01/12 16:06:10 [DEBUG] findSymbolInList: 前5个符号:
2026/01/12 16:06:10 [DEBUG]   [0] _init @ 0x1000 (大小: 0)
2026/01/12 16:06:10 [DEBUG]   [1] main @ 0x10c0 (大小: 1479)
2026/01/12 16:06:10 [DEBUG]   [2] _start @ 0x1690 (大小: 38)
2026/01/12 16:06:10 [DEBUG]   [3] deregister_tm_clones @ 0x16c0 (大小: 0)
2026/01/12 16:06:10 [DEBUG]   [4] register_tm_clones @ 0x16f0 (大小: 0)
2026/01/12 16:06:10 [DEBUG] findSymbolInList: 找到候选符号 main (地址: 0x10c0, 大小: 1479)
2026/01/12 16:06:10 [DEBUG] findSymbolInList: 地址匹配成功
2026/01/12 16:06:10 [DEBUG] resolveInMapping: 符号表找到函数名: main
2026/01/12 16:06:10 [DEBUG] resolveInMapping: 从DWARF查找行号信息
2026/01/12 16:06:10 [DEBUG] findLineInfo: 找到最佳匹配 (距离: 2 字节)
2026/01/12 16:06:10 [DEBUG] resolveInMapping: DWARF找到文件和行号: /home/ssy/lbr/test/test_lbr.c:195
2026/01/12 16:06:10 [DEBUG] resolveInMapping: 解析成功 -> 函数: main, 文件: /home/ssy/lbr/test/test_lbr.c, 行号: 195
2026/01/12 16:06:10 [DEBUG] ResolveAddress: 开始解析地址 0x555d465ca500 (主程序基址: 0x555d465ca000 - 0x555d465cb000)
2026/01/12 16:06:10 [DEBUG] ResolveAddress: 主程序地址，文件偏移 0x1500 (虚拟偏移: 0x500 + 文件偏移: 0x1000)
2026/01/12 16:06:10 [DEBUG] resolveInMapping: 从符号表查找文件偏移 0x1500
2026/01/12 16:06:10 [DEBUG] findSymbolInList: 在31个符号中查找地址 0x1500
2026/01/12 16:06:10 [DEBUG] findSymbolInList: 前5个符号:
2026/01/12 16:06:10 [DEBUG]   [0] _init @ 0x1000 (大小: 0)
2026/01/12 16:06:10 [DEBUG]   [1] main @ 0x10c0 (大小: 1479)
2026/01/12 16:06:10 [DEBUG]   [2] _start @ 0x1690 (大小: 38)
2026/01/12 16:06:10 [DEBUG]   [3] deregister_tm_clones @ 0x16c0 (大小: 0)
2026/01/12 16:06:10 [DEBUG]   [4] register_tm_clones @ 0x16f0 (大小: 0)
2026/01/12 16:06:10 [DEBUG] findSymbolInList: 找到候选符号 main (地址: 0x10c0, 大小: 1479)
2026/01/12 16:06:10 [DEBUG] findSymbolInList: 地址匹配成功
2026/01/12 16:06:10 [DEBUG] resolveInMapping: 符号表找到函数名: main
2026/01/12 16:06:10 [DEBUG] resolveInMapping: 从DWARF查找行号信息
2026/01/12 16:06:10 [DEBUG] resolveInMapping: DWARF找到文件和行号: /home/ssy/lbr/test/test_lbr.c:178
2026/01/12 16:06:10 [DEBUG] resolveInMapping: 解析成功 -> 函数: main, 文件: /home/ssy/lbr/test/test_lbr.c, 行号: 178
2026/01/12 16:06:10 [DEBUG] ResolveAddress: 开始解析地址 0x555d465ca54c (主程序基址: 0x555d465ca000 - 0x555d465cb000)
2026/01/12 16:06:10 [DEBUG] ResolveAddress: 主程序地址，文件偏移 0x154c (虚拟偏移: 0x54c + 文件偏移: 0x1000)
2026/01/12 16:06:10 [DEBUG] resolveInMapping: 从符号表查找文件偏移 0x154c
2026/01/12 16:06:10 [DEBUG] findSymbolInList: 在31个符号中查找地址 0x154c
2026/01/12 16:06:10 [DEBUG] findSymbolInList: 前5个符号:
2026/01/12 16:06:10 [DEBUG]   [0] _init @ 0x1000 (大小: 0)
2026/01/12 16:06:10 [DEBUG]   [1] main @ 0x10c0 (大小: 1479)
2026/01/12 16:06:10 [DEBUG]   [2] _start @ 0x1690 (大小: 38)
2026/01/12 16:06:10 [DEBUG]   [3] deregister_tm_clones @ 0x16c0 (大小: 0)
2026/01/12 16:06:10 [DEBUG]   [4] register_tm_clones @ 0x16f0 (大小: 0)
2026/01/12 16:06:10 [DEBUG] findSymbolInList: 找到候选符号 main (地址: 0x10c0, 大小: 1479)
2026/01/12 16:06:10 [DEBUG] findSymbolInList: 地址匹配成功
2026/01/12 16:06:10 [DEBUG] resolveInMapping: 符号表找到函数名: main
2026/01/12 16:06:10 [DEBUG] resolveInMapping: 从DWARF查找行号信息
2026/01/12 16:06:10 [DEBUG] findLineInfo: 找到最佳匹配 (距离: 5 字节)
2026/01/12 16:06:10 [DEBUG] resolveInMapping: DWARF找到文件和行号: /home/ssy/lbr/test/test_lbr.c:195
2026/01/12 16:06:10 [DEBUG] resolveInMapping: 解析成功 -> 函数: main, 文件: /home/ssy/lbr/test/test_lbr.c, 行号: 195
2026/01/12 16:06:10 [DEBUG] ResolveAddress: 开始解析地址 0x555d465ca529 (主程序基址: 0x555d465ca000 - 0x555d465cb000)
2026/01/12 16:06:10 [DEBUG] ResolveAddress: 主程序地址，文件偏移 0x1529 (虚拟偏移: 0x529 + 文件偏移: 0x1000)
2026/01/12 16:06:10 [DEBUG] resolveInMapping: 从符号表查找文件偏移 0x1529
2026/01/12 16:06:10 [DEBUG] findSymbolInList: 在31个符号中查找地址 0x1529
2026/01/12 16:06:10 [DEBUG] findSymbolInList: 前5个符号:
2026/01/12 16:06:10 [DEBUG]   [0] _init @ 0x1000 (大小: 0)
2026/01/12 16:06:10 [DEBUG]   [1] main @ 0x10c0 (大小: 1479)
2026/01/12 16:06:10 [DEBUG]   [2] _start @ 0x1690 (大小: 38)
2026/01/12 16:06:10 [DEBUG]   [3] deregister_tm_clones @ 0x16c0 (大小: 0)
2026/01/12 16:06:10 [DEBUG]   [4] register_tm_clones @ 0x16f0 (大小: 0)
2026/01/12 16:06:10 [DEBUG] findSymbolInList: 找到候选符号 main (地址: 0x10c0, 大小: 1479)
2026/01/12 16:06:10 [DEBUG] findSymbolInList: 地址匹配成功
2026/01/12 16:06:10 [DEBUG] resolveInMapping: 符号表找到函数名: main
2026/01/12 16:06:10 [DEBUG] resolveInMapping: 从DWARF查找行号信息
2026/01/12 16:06:10 [DEBUG] resolveInMapping: DWARF找到文件和行号: /home/ssy/lbr/test/test_lbr.c:171
2026/01/12 16:06:10 [DEBUG] resolveInMapping: 解析成功 -> 函数: main, 文件: /home/ssy/lbr/test/test_lbr.c, 行号: 171
2026/01/12 16:06:10 [DEBUG] ResolveAddress: 开始解析地址 0x555d465ca52b (主程序基址: 0x555d465ca000 - 0x555d465cb000)
2026/01/12 16:06:10 [DEBUG] ResolveAddress: 主程序地址，文件偏移 0x152b (虚拟偏移: 0x52b + 文件偏移: 0x1000)
2026/01/12 16:06:10 [DEBUG] resolveInMapping: 从符号表查找文件偏移 0x152b
2026/01/12 16:06:10 [DEBUG] findSymbolInList: 在31个符号中查找地址 0x152b
2026/01/12 16:06:10 [DEBUG] findSymbolInList: 前5个符号:
2026/01/12 16:06:10 [DEBUG]   [0] _init @ 0x1000 (大小: 0)
2026/01/12 16:06:10 [DEBUG]   [1] main @ 0x10c0 (大小: 1479)
2026/01/12 16:06:10 [DEBUG]   [2] _start @ 0x1690 (大小: 38)
2026/01/12 16:06:10 [DEBUG]   [3] deregister_tm_clones @ 0x16c0 (大小: 0)
2026/01/12 16:06:10 [DEBUG]   [4] register_tm_clones @ 0x16f0 (大小: 0)
2026/01/12 16:06:10 [DEBUG] findSymbolInList: 找到候选符号 main (地址: 0x10c0, 大小: 1479)
2026/01/12 16:06:10 [DEBUG] findSymbolInList: 地址匹配成功
2026/01/12 16:06:10 [DEBUG] resolveInMapping: 符号表找到函数名: main
2026/01/12 16:06:10 [DEBUG] resolveInMapping: 从DWARF查找行号信息
2026/01/12 16:06:10 [DEBUG] findLineInfo: 找到最佳匹配 (距离: 2 字节)
2026/01/12 16:06:10 [DEBUG] resolveInMapping: DWARF找到文件和行号: /home/ssy/lbr/test/test_lbr.c:195
2026/01/12 16:06:10 [DEBUG] resolveInMapping: 解析成功 -> 函数: main, 文件: /home/ssy/lbr/test/test_lbr.c, 行号: 195
2026/01/12 16:06:10 [DEBUG] ResolveAddress: 开始解析地址 0x555d465ca500 (主程序基址: 0x555d465ca000 - 0x555d465cb000)
2026/01/12 16:06:10 [DEBUG] ResolveAddress: 主程序地址，文件偏移 0x1500 (虚拟偏移: 0x500 + 文件偏移: 0x1000)
2026/01/12 16:06:10 [DEBUG] resolveInMapping: 从符号表查找文件偏移 0x1500
2026/01/12 16:06:10 [DEBUG] findSymbolInList: 在31个符号中查找地址 0x1500
2026/01/12 16:06:10 [DEBUG] findSymbolInList: 前5个符号:
2026/01/12 16:06:10 [DEBUG]   [0] _init @ 0x1000 (大小: 0)
2026/01/12 16:06:10 [DEBUG]   [1] main @ 0x10c0 (大小: 1479)
2026/01/12 16:06:10 [DEBUG]   [2] _start @ 0x1690 (大小: 38)
2026/01/12 16:06:10 [DEBUG]   [3] deregister_tm_clones @ 0x16c0 (大小: 0)
2026/01/12 16:06:10 [DEBUG]   [4] register_tm_clones @ 0x16f0 (大小: 0)
2026/01/12 16:06:10 [DEBUG] findSymbolInList: 找到候选符号 main (地址: 0x10c0, 大小: 1479)
2026/01/12 16:06:10 [DEBUG] findSymbolInList: 地址匹配成功
2026/01/12 16:06:10 [DEBUG] resolveInMapping: 符号表找到函数名: main
2026/01/12 16:06:10 [DEBUG] resolveInMapping: 从DWARF查找行号信息
2026/01/12 16:06:10 [DEBUG] resolveInMapping: DWARF找到文件和行号: /home/ssy/lbr/test/test_lbr.c:178
2026/01/12 16:06:10 [DEBUG] resolveInMapping: 解析成功 -> 函数: main, 文件: /home/ssy/lbr/test/test_lbr.c, 行号: 178
2026/01/12 16:06:10 [DEBUG] ResolveAddress: 开始解析地址 0x555d465ca54c (主程序基址: 0x555d465ca000 - 0x555d465cb000)
2026/01/12 16:06:10 [DEBUG] ResolveAddress: 主程序地址，文件偏移 0x154c (虚拟偏移: 0x54c + 文件偏移: 0x1000)
2026/01/12 16:06:10 [DEBUG] resolveInMapping: 从符号表查找文件偏移 0x154c
2026/01/12 16:06:10 [DEBUG] findSymbolInList: 在31个符号中查找地址 0x154c
2026/01/12 16:06:10 [DEBUG] findSymbolInList: 前5个符号:
2026/01/12 16:06:10 [DEBUG]   [0] _init @ 0x1000 (大小: 0)
2026/01/12 16:06:10 [DEBUG]   [1] main @ 0x10c0 (大小: 1479)
2026/01/12 16:06:10 [DEBUG]   [2] _start @ 0x1690 (大小: 38)
2026/01/12 16:06:10 [DEBUG]   [3] deregister_tm_clones @ 0x16c0 (大小: 0)
2026/01/12 16:06:10 [DEBUG]   [4] register_tm_clones @ 0x16f0 (大小: 0)
2026/01/12 16:06:10 [DEBUG] findSymbolInList: 找到候选符号 main (地址: 0x10c0, 大小: 1479)
2026/01/12 16:06:10 [DEBUG] findSymbolInList: 地址匹配成功
2026/01/12 16:06:10 [DEBUG] resolveInMapping: 符号表找到函数名: main
2026/01/12 16:06:10 [DEBUG] resolveInMapping: 从DWARF查找行号信息
2026/01/12 16:06:10 [DEBUG] findLineInfo: 找到最佳匹配 (距离: 5 字节)
2026/01/12 16:06:10 [DEBUG] resolveInMapping: DWARF找到文件和行号: /home/ssy/lbr/test/test_lbr.c:195
2026/01/12 16:06:10 [DEBUG] resolveInMapping: 解析成功 -> 函数: main, 文件: /home/ssy/lbr/test/test_lbr.c, 行号: 195
2026/01/12 16:06:10 [DEBUG] ResolveAddress: 开始解析地址 0x555d465ca529 (主程序基址: 0x555d465ca000 - 0x555d465cb000)
2026/01/12 16:06:10 [DEBUG] ResolveAddress: 主程序地址，文件偏移 0x1529 (虚拟偏移: 0x529 + 文件偏移: 0x1000)
2026/01/12 16:06:10 [DEBUG] resolveInMapping: 从符号表查找文件偏移 0x1529
2026/01/12 16:06:10 [DEBUG] findSymbolInList: 在31个符号中查找地址 0x1529
2026/01/12 16:06:10 [DEBUG] findSymbolInList: 前5个符号:
2026/01/12 16:06:10 [DEBUG]   [0] _init @ 0x1000 (大小: 0)
2026/01/12 16:06:10 [DEBUG]   [1] main @ 0x10c0 (大小: 1479)
2026/01/12 16:06:10 [DEBUG]   [2] _start @ 0x1690 (大小: 38)
2026/01/12 16:06:10 [DEBUG]   [3] deregister_tm_clones @ 0x16c0 (大小: 0)
2026/01/12 16:06:10 [DEBUG]   [4] register_tm_clones @ 0x16f0 (大小: 0)
2026/01/12 16:06:10 [DEBUG] findSymbolInList: 找到候选符号 main (地址: 0x10c0, 大小: 1479)
2026/01/12 16:06:10 [DEBUG] findSymbolInList: 地址匹配成功
2026/01/12 16:06:10 [DEBUG] resolveInMapping: 符号表找到函数名: main
2026/01/12 16:06:10 [DEBUG] resolveInMapping: 从DWARF查找行号信息
2026/01/12 16:06:10 [DEBUG] resolveInMapping: DWARF找到文件和行号: /home/ssy/lbr/test/test_lbr.c:171
2026/01/12 16:06:10 [DEBUG] resolveInMapping: 解析成功 -> 函数: main, 文件: /home/ssy/lbr/test/test_lbr.c, 行号: 171
2026/01/12 16:06:10 [DEBUG] ResolveAddress: 开始解析地址 0x555d465ca52b (主程序基址: 0x555d465ca000 - 0x555d465cb000)
2026/01/12 16:06:10 [DEBUG] ResolveAddress: 主程序地址，文件偏移 0x152b (虚拟偏移: 0x52b + 文件偏移: 0x1000)
2026/01/12 16:06:10 [DEBUG] resolveInMapping: 从符号表查找文件偏移 0x152b
2026/01/12 16:06:10 [DEBUG] findSymbolInList: 在31个符号中查找地址 0x152b
2026/01/12 16:06:10 [DEBUG] findSymbolInList: 前5个符号:
2026/01/12 16:06:10 [DEBUG]   [0] _init @ 0x1000 (大小: 0)
2026/01/12 16:06:10 [DEBUG]   [1] main @ 0x10c0 (大小: 1479)
2026/01/12 16:06:10 [DEBUG]   [2] _start @ 0x1690 (大小: 38)
2026/01/12 16:06:10 [DEBUG]   [3] deregister_tm_clones @ 0x16c0 (大小: 0)
2026/01/12 16:06:10 [DEBUG]   [4] register_tm_clones @ 0x16f0 (大小: 0)
2026/01/12 16:06:10 [DEBUG] findSymbolInList: 找到候选符号 main (地址: 0x10c0, 大小: 1479)
2026/01/12 16:06:10 [DEBUG] findSymbolInList: 地址匹配成功
2026/01/12 16:06:10 [DEBUG] resolveInMapping: 符号表找到函数名: main
2026/01/12 16:06:10 [DEBUG] resolveInMapping: 从DWARF查找行号信息
2026/01/12 16:06:10 [DEBUG] findLineInfo: 找到最佳匹配 (距离: 2 字节)
2026/01/12 16:06:10 [DEBUG] resolveInMapping: DWARF找到文件和行号: /home/ssy/lbr/test/test_lbr.c:195
2026/01/12 16:06:10 [DEBUG] resolveInMapping: 解析成功 -> 函数: main, 文件: /home/ssy/lbr/test/test_lbr.c, 行号: 195
2026/01/12 16:06:10 [DEBUG] ResolveAddress: 开始解析地址 0x555d465ca500 (主程序基址: 0x555d465ca000 - 0x555d465cb000)
2026/01/12 16:06:10 [DEBUG] ResolveAddress: 主程序地址，文件偏移 0x1500 (虚拟偏移: 0x500 + 文件偏移: 0x1000)
2026/01/12 16:06:10 [DEBUG] resolveInMapping: 从符号表查找文件偏移 0x1500
2026/01/12 16:06:10 [DEBUG] findSymbolInList: 在31个符号中查找地址 0x1500
2026/01/12 16:06:10 [DEBUG] findSymbolInList: 前5个符号:
2026/01/12 16:06:10 [DEBUG]   [0] _init @ 0x1000 (大小: 0)
2026/01/12 16:06:10 [DEBUG]   [1] main @ 0x10c0 (大小: 1479)
2026/01/12 16:06:10 [DEBUG]   [2] _start @ 0x1690 (大小: 38)
2026/01/12 16:06:10 [DEBUG]   [3] deregister_tm_clones @ 0x16c0 (大小: 0)
2026/01/12 16:06:10 [DEBUG]   [4] register_tm_clones @ 0x16f0 (大小: 0)
2026/01/12 16:06:10 [DEBUG] findSymbolInList: 找到候选符号 main (地址: 0x10c0, 大小: 1479)
2026/01/12 16:06:10 [DEBUG] findSymbolInList: 地址匹配成功
2026/01/12 16:06:10 [DEBUG] resolveInMapping: 符号表找到函数名: main
2026/01/12 16:06:10 [DEBUG] resolveInMapping: 从DWARF查找行号信息
2026/01/12 16:06:10 [DEBUG] resolveInMapping: DWARF找到文件和行号: /home/ssy/lbr/test/test_lbr.c:178
2026/01/12 16:06:10 [DEBUG] resolveInMapping: 解析成功 -> 函数: main, 文件: /home/ssy/lbr/test/test_lbr.c, 行号: 178
2026/01/12 16:06:10 [DEBUG] ResolveAddress: 开始解析地址 0x555d465ca54c (主程序基址: 0x555d465ca000 - 0x555d465cb000)
2026/01/12 16:06:10 [DEBUG] ResolveAddress: 主程序地址，文件偏移 0x154c (虚拟偏移: 0x54c + 文件偏移: 0x1000)
2026/01/12 16:06:10 [DEBUG] resolveInMapping: 从符号表查找文件偏移 0x154c
2026/01/12 16:06:10 [DEBUG] findSymbolInList: 在31个符号中查找地址 0x154c
2026/01/12 16:06:10 [DEBUG] findSymbolInList: 前5个符号:
2026/01/12 16:06:10 [DEBUG]   [0] _init @ 0x1000 (大小: 0)
2026/01/12 16:06:10 [DEBUG]   [1] main @ 0x10c0 (大小: 1479)
2026/01/12 16:06:10 [DEBUG]   [2] _start @ 0x1690 (大小: 38)
2026/01/12 16:06:10 [DEBUG]   [3] deregister_tm_clones @ 0x16c0 (大小: 0)
2026/01/12 16:06:10 [DEBUG]   [4] register_tm_clones @ 0x16f0 (大小: 0)
2026/01/12 16:06:10 [DEBUG] findSymbolInList: 找到候选符号 main (地址: 0x10c0, 大小: 1479)
2026/01/12 16:06:10 [DEBUG] findSymbolInList: 地址匹配成功
2026/01/12 16:06:10 [DEBUG] resolveInMapping: 符号表找到函数名: main
2026/01/12 16:06:10 [DEBUG] resolveInMapping: 从DWARF查找行号信息
2026/01/12 16:06:10 [DEBUG] findLineInfo: 找到最佳匹配 (距离: 5 字节)
2026/01/12 16:06:10 [DEBUG] resolveInMapping: DWARF找到文件和行号: /home/ssy/lbr/test/test_lbr.c:195
2026/01/12 16:06:10 [DEBUG] resolveInMapping: 解析成功 -> 函数: main, 文件: /home/ssy/lbr/test/test_lbr.c, 行号: 195
2026/01/12 16:06:10 [DEBUG] ResolveAddress: 开始解析地址 0x555d465ca529 (主程序基址: 0x555d465ca000 - 0x555d465cb000)
2026/01/12 16:06:10 [DEBUG] ResolveAddress: 主程序地址，文件偏移 0x1529 (虚拟偏移: 0x529 + 文件偏移: 0x1000)
2026/01/12 16:06:10 [DEBUG] resolveInMapping: 从符号表查找文件偏移 0x1529
2026/01/12 16:06:10 [DEBUG] findSymbolInList: 在31个符号中查找地址 0x1529
2026/01/12 16:06:10 [DEBUG] findSymbolInList: 前5个符号:
2026/01/12 16:06:10 [DEBUG]   [0] _init @ 0x1000 (大小: 0)
2026/01/12 16:06:10 [DEBUG]   [1] main @ 0x10c0 (大小: 1479)
2026/01/12 16:06:10 [DEBUG]   [2] _start @ 0x1690 (大小: 38)
2026/01/12 16:06:10 [DEBUG]   [3] deregister_tm_clones @ 0x16c0 (大小: 0)
2026/01/12 16:06:10 [DEBUG]   [4] register_tm_clones @ 0x16f0 (大小: 0)
2026/01/12 16:06:10 [DEBUG] findSymbolInList: 找到候选符号 main (地址: 0x10c0, 大小: 1479)
2026/01/12 16:06:10 [DEBUG] findSymbolInList: 地址匹配成功
2026/01/12 16:06:10 [DEBUG] resolveInMapping: 符号表找到函数名: main
2026/01/12 16:06:10 [DEBUG] resolveInMapping: 从DWARF查找行号信息
2026/01/12 16:06:10 [DEBUG] resolveInMapping: DWARF找到文件和行号: /home/ssy/lbr/test/test_lbr.c:171
2026/01/12 16:06:10 [DEBUG] resolveInMapping: 解析成功 -> 函数: main, 文件: /home/ssy/lbr/test/test_lbr.c, 行号: 171
2026/01/12 16:06:10 [DEBUG] ResolveAddress: 开始解析地址 0x555d465ca52b (主程序基址: 0x555d465ca000 - 0x555d465cb000)
2026/01/12 16:06:10 [DEBUG] ResolveAddress: 主程序地址，文件偏移 0x152b (虚拟偏移: 0x52b + 文件偏移: 0x1000)
2026/01/12 16:06:10 [DEBUG] resolveInMapping: 从符号表查找文件偏移 0x152b
2026/01/12 16:06:10 [DEBUG] findSymbolInList: 在31个符号中查找地址 0x152b
2026/01/12 16:06:10 [DEBUG] findSymbolInList: 前5个符号:
2026/01/12 16:06:10 [DEBUG]   [0] _init @ 0x1000 (大小: 0)
2026/01/12 16:06:10 [DEBUG]   [1] main @ 0x10c0 (大小: 1479)
2026/01/12 16:06:10 [DEBUG]   [2] _start @ 0x1690 (大小: 38)
2026/01/12 16:06:10 [DEBUG]   [3] deregister_tm_clones @ 0x16c0 (大小: 0)
2026/01/12 16:06:10 [DEBUG]   [4] register_tm_clones @ 0x16f0 (大小: 0)
2026/01/12 16:06:10 [DEBUG] findSymbolInList: 找到候选符号 main (地址: 0x10c0, 大小: 1479)
2026/01/12 16:06:10 [DEBUG] findSymbolInList: 地址匹配成功
2026/01/12 16:06:10 [DEBUG] resolveInMapping: 符号表找到函数名: main
2026/01/12 16:06:10 [DEBUG] resolveInMapping: 从DWARF查找行号信息
2026/01/12 16:06:10 [DEBUG] findLineInfo: 找到最佳匹配 (距离: 2 字节)
2026/01/12 16:06:10 [DEBUG] resolveInMapping: DWARF找到文件和行号: /home/ssy/lbr/test/test_lbr.c:195
2026/01/12 16:06:10 [DEBUG] resolveInMapping: 解析成功 -> 函数: main, 文件: /home/ssy/lbr/test/test_lbr.c, 行号: 195
2026/01/12 16:06:10 [DEBUG] ResolveAddress: 开始解析地址 0x555d465ca500 (主程序基址: 0x555d465ca000 - 0x555d465cb000)
2026/01/12 16:06:10 [DEBUG] ResolveAddress: 主程序地址，文件偏移 0x1500 (虚拟偏移: 0x500 + 文件偏移: 0x1000)
2026/01/12 16:06:10 [DEBUG] resolveInMapping: 从符号表查找文件偏移 0x1500
2026/01/12 16:06:10 [DEBUG] findSymbolInList: 在31个符号中查找地址 0x1500
2026/01/12 16:06:10 [DEBUG] findSymbolInList: 前5个符号:
2026/01/12 16:06:10 [DEBUG]   [0] _init @ 0x1000 (大小: 0)
2026/01/12 16:06:10 [DEBUG]   [1] main @ 0x10c0 (大小: 1479)
2026/01/12 16:06:10 [DEBUG]   [2] _start @ 0x1690 (大小: 38)
2026/01/12 16:06:10 [DEBUG]   [3] deregister_tm_clones @ 0x16c0 (大小: 0)
2026/01/12 16:06:10 [DEBUG]   [4] register_tm_clones @ 0x16f0 (大小: 0)
2026/01/12 16:06:10 [DEBUG] findSymbolInList: 找到候选符号 main (地址: 0x10c0, 大小: 1479)
2026/01/12 16:06:10 [DEBUG] findSymbolInList: 地址匹配成功
2026/01/12 16:06:10 [DEBUG] resolveInMapping: 符号表找到函数名: main
2026/01/12 16:06:10 [DEBUG] resolveInMapping: 从DWARF查找行号信息
2026/01/12 16:06:10 [DEBUG] resolveInMapping: DWARF找到文件和行号: /home/ssy/lbr/test/test_lbr.c:178
2026/01/12 16:06:10 [DEBUG] resolveInMapping: 解析成功 -> 函数: main, 文件: /home/ssy/lbr/test/test_lbr.c, 行号: 178
2026/01/12 16:06:10 [DEBUG] ResolveAddress: 开始解析地址 0x555d465ca54c (主程序基址: 0x555d465ca000 - 0x555d465cb000)
2026/01/12 16:06:10 [DEBUG] ResolveAddress: 主程序地址，文件偏移 0x154c (虚拟偏移: 0x54c + 文件偏移: 0x1000)
2026/01/12 16:06:10 [DEBUG] resolveInMapping: 从符号表查找文件偏移 0x154c
2026/01/12 16:06:10 [DEBUG] findSymbolInList: 在31个符号中查找地址 0x154c
2026/01/12 16:06:10 [DEBUG] findSymbolInList: 前5个符号:
2026/01/12 16:06:10 [DEBUG]   [0] _init @ 0x1000 (大小: 0)
2026/01/12 16:06:10 [DEBUG]   [1] main @ 0x10c0 (大小: 1479)
2026/01/12 16:06:10 [DEBUG]   [2] _start @ 0x1690 (大小: 38)
2026/01/12 16:06:10 [DEBUG]   [3] deregister_tm_clones @ 0x16c0 (大小: 0)
2026/01/12 16:06:10 [DEBUG]   [4] register_tm_clones @ 0x16f0 (大小: 0)
2026/01/12 16:06:10 [DEBUG] findSymbolInList: 找到候选符号 main (地址: 0x10c0, 大小: 1479)
2026/01/12 16:06:10 [DEBUG] findSymbolInList: 地址匹配成功
2026/01/12 16:06:10 [DEBUG] resolveInMapping: 符号表找到函数名: main
2026/01/12 16:06:10 [DEBUG] resolveInMapping: 从DWARF查找行号信息
2026/01/12 16:06:10 [DEBUG] findLineInfo: 找到最佳匹配 (距离: 5 字节)
2026/01/12 16:06:10 [DEBUG] resolveInMapping: DWARF找到文件和行号: /home/ssy/lbr/test/test_lbr.c:195
2026/01/12 16:06:10 [DEBUG] resolveInMapping: 解析成功 -> 函数: main, 文件: /home/ssy/lbr/test/test_lbr.c, 行号: 195
2026/01/12 16:06:10 [DEBUG] ResolveAddress: 开始解析地址 0x555d465ca529 (主程序基址: 0x555d465ca000 - 0x555d465cb000)
2026/01/12 16:06:10 [DEBUG] ResolveAddress: 主程序地址，文件偏移 0x1529 (虚拟偏移: 0x529 + 文件偏移: 0x1000)
2026/01/12 16:06:10 [DEBUG] resolveInMapping: 从符号表查找文件偏移 0x1529
2026/01/12 16:06:10 [DEBUG] findSymbolInList: 在31个符号中查找地址 0x1529
2026/01/12 16:06:10 [DEBUG] findSymbolInList: 前5个符号:
2026/01/12 16:06:10 [DEBUG]   [0] _init @ 0x1000 (大小: 0)
2026/01/12 16:06:10 [DEBUG]   [1] main @ 0x10c0 (大小: 1479)
2026/01/12 16:06:10 [DEBUG]   [2] _start @ 0x1690 (大小: 38)
2026/01/12 16:06:10 [DEBUG]   [3] deregister_tm_clones @ 0x16c0 (大小: 0)
2026/01/12 16:06:10 [DEBUG]   [4] register_tm_clones @ 0x16f0 (大小: 0)
2026/01/12 16:06:10 [DEBUG] findSymbolInList: 找到候选符号 main (地址: 0x10c0, 大小: 1479)
2026/01/12 16:06:10 [DEBUG] findSymbolInList: 地址匹配成功
2026/01/12 16:06:10 [DEBUG] resolveInMapping: 符号表找到函数名: main
2026/01/12 16:06:10 [DEBUG] resolveInMapping: 从DWARF查找行号信息
2026/01/12 16:06:10 [DEBUG] resolveInMapping: DWARF找到文件和行号: /home/ssy/lbr/test/test_lbr.c:171
2026/01/12 16:06:10 [DEBUG] resolveInMapping: 解析成功 -> 函数: main, 文件: /home/ssy/lbr/test/test_lbr.c, 行号: 171
2026/01/12 16:06:10 [DEBUG] ResolveAddress: 开始解析地址 0x555d465ca52b (主程序基址: 0x555d465ca000 - 0x555d465cb000)
2026/01/12 16:06:10 [DEBUG] ResolveAddress: 主程序地址，文件偏移 0x152b (虚拟偏移: 0x52b + 文件偏移: 0x1000)
2026/01/12 16:06:10 [DEBUG] resolveInMapping: 从符号表查找文件偏移 0x152b
2026/01/12 16:06:10 [DEBUG] findSymbolInList: 在31个符号中查找地址 0x152b
2026/01/12 16:06:10 [DEBUG] findSymbolInList: 前5个符号:
2026/01/12 16:06:10 [DEBUG]   [0] _init @ 0x1000 (大小: 0)
2026/01/12 16:06:10 [DEBUG]   [1] main @ 0x10c0 (大小: 1479)
2026/01/12 16:06:10 [DEBUG]   [2] _start @ 0x1690 (大小: 38)
2026/01/12 16:06:10 [DEBUG]   [3] deregister_tm_clones @ 0x16c0 (大小: 0)
2026/01/12 16:06:10 [DEBUG]   [4] register_tm_clones @ 0x16f0 (大小: 0)
2026/01/12 16:06:10 [DEBUG] findSymbolInList: 找到候选符号 main (地址: 0x10c0, 大小: 1479)
2026/01/12 16:06:10 [DEBUG] findSymbolInList: 地址匹配成功
2026/01/12 16:06:10 [DEBUG] resolveInMapping: 符号表找到函数名: main
2026/01/12 16:06:10 [DEBUG] resolveInMapping: 从DWARF查找行号信息
2026/01/12 16:06:10 [DEBUG] findLineInfo: 找到最佳匹配 (距离: 2 字节)
2026/01/12 16:06:10 [DEBUG] resolveInMapping: DWARF找到文件和行号: /home/ssy/lbr/test/test_lbr.c:195
2026/01/12 16:06:10 [DEBUG] resolveInMapping: 解析成功 -> 函数: main, 文件: /home/ssy/lbr/test/test_lbr.c, 行号: 195
2026/01/12 16:06:10 [DEBUG] ResolveAddress: 开始解析地址 0x555d465ca500 (主程序基址: 0x555d465ca000 - 0x555d465cb000)
2026/01/12 16:06:10 [DEBUG] ResolveAddress: 主程序地址，文件偏移 0x1500 (虚拟偏移: 0x500 + 文件偏移: 0x1000)
2026/01/12 16:06:10 [DEBUG] resolveInMapping: 从符号表查找文件偏移 0x1500
2026/01/12 16:06:10 [DEBUG] findSymbolInList: 在31个符号中查找地址 0x1500
2026/01/12 16:06:10 [DEBUG] findSymbolInList: 前5个符号:
2026/01/12 16:06:10 [DEBUG]   [0] _init @ 0x1000 (大小: 0)
2026/01/12 16:06:10 [DEBUG]   [1] main @ 0x10c0 (大小: 1479)
2026/01/12 16:06:10 [DEBUG]   [2] _start @ 0x1690 (大小: 38)
2026/01/12 16:06:10 [DEBUG]   [3] deregister_tm_clones @ 0x16c0 (大小: 0)
2026/01/12 16:06:10 [DEBUG]   [4] register_tm_clones @ 0x16f0 (大小: 0)
2026/01/12 16:06:10 [DEBUG] findSymbolInList: 找到候选符号 main (地址: 0x10c0, 大小: 1479)
2026/01/12 16:06:10 [DEBUG] findSymbolInList: 地址匹配成功
2026/01/12 16:06:10 [DEBUG] resolveInMapping: 符号表找到函数名: main
2026/01/12 16:06:10 [DEBUG] resolveInMapping: 从DWARF查找行号信息
2026/01/12 16:06:10 [DEBUG] resolveInMapping: DWARF找到文件和行号: /home/ssy/lbr/test/test_lbr.c:178
2026/01/12 16:06:10 [DEBUG] resolveInMapping: 解析成功 -> 函数: main, 文件: /home/ssy/lbr/test/test_lbr.c, 行号: 178
2026/01/12 16:06:10 [DEBUG] ResolveAddress: 开始解析地址 0x555d465ca54c (主程序基址: 0x555d465ca000 - 0x555d465cb000)
2026/01/12 16:06:10 [DEBUG] ResolveAddress: 主程序地址，文件偏移 0x154c (虚拟偏移: 0x54c + 文件偏移: 0x1000)
2026/01/12 16:06:10 [DEBUG] resolveInMapping: 从符号表查找文件偏移 0x154c
2026/01/12 16:06:10 [DEBUG] findSymbolInList: 在31个符号中查找地址 0x154c
2026/01/12 16:06:10 [DEBUG] findSymbolInList: 前5个符号:
2026/01/12 16:06:10 [DEBUG]   [0] _init @ 0x1000 (大小: 0)
2026/01/12 16:06:10 [DEBUG]   [1] main @ 0x10c0 (大小: 1479)
2026/01/12 16:06:10 [DEBUG]   [2] _start @ 0x1690 (大小: 38)
2026/01/12 16:06:10 [DEBUG]   [3] deregister_tm_clones @ 0x16c0 (大小: 0)
2026/01/12 16:06:10 [DEBUG]   [4] register_tm_clones @ 0x16f0 (大小: 0)
2026/01/12 16:06:10 [DEBUG] findSymbolInList: 找到候选符号 main (地址: 0x10c0, 大小: 1479)
2026/01/12 16:06:10 [DEBUG] findSymbolInList: 地址匹配成功
2026/01/12 16:06:10 [DEBUG] resolveInMapping: 符号表找到函数名: main
2026/01/12 16:06:10 [DEBUG] resolveInMapping: 从DWARF查找行号信息
2026/01/12 16:06:10 [DEBUG] findLineInfo: 找到最佳匹配 (距离: 5 字节)
2026/01/12 16:06:10 [DEBUG] resolveInMapping: DWARF找到文件和行号: /home/ssy/lbr/test/test_lbr.c:195
2026/01/12 16:06:10 [DEBUG] resolveInMapping: 解析成功 -> 函数: main, 文件: /home/ssy/lbr/test/test_lbr.c, 行号: 195
2026/01/12 16:06:10 [DEBUG] ResolveAddress: 开始解析地址 0x555d465ca529 (主程序基址: 0x555d465ca000 - 0x555d465cb000)
2026/01/12 16:06:10 [DEBUG] ResolveAddress: 主程序地址，文件偏移 0x1529 (虚拟偏移: 0x529 + 文件偏移: 0x1000)
2026/01/12 16:06:10 [DEBUG] resolveInMapping: 从符号表查找文件偏移 0x1529
2026/01/12 16:06:10 [DEBUG] findSymbolInList: 在31个符号中查找地址 0x1529
2026/01/12 16:06:10 [DEBUG] findSymbolInList: 前5个符号:
2026/01/12 16:06:10 [DEBUG]   [0] _init @ 0x1000 (大小: 0)
2026/01/12 16:06:10 [DEBUG]   [1] main @ 0x10c0 (大小: 1479)
2026/01/12 16:06:10 [DEBUG]   [2] _start @ 0x1690 (大小: 38)
2026/01/12 16:06:10 [DEBUG]   [3] deregister_tm_clones @ 0x16c0 (大小: 0)
2026/01/12 16:06:10 [DEBUG]   [4] register_tm_clones @ 0x16f0 (大小: 0)
2026/01/12 16:06:10 [DEBUG] findSymbolInList: 找到候选符号 main (地址: 0x10c0, 大小: 1479)
2026/01/12 16:06:10 [DEBUG] findSymbolInList: 地址匹配成功
2026/01/12 16:06:10 [DEBUG] resolveInMapping: 符号表找到函数名: main
2026/01/12 16:06:10 [DEBUG] resolveInMapping: 从DWARF查找行号信息
2026/01/12 16:06:10 [DEBUG] resolveInMapping: DWARF找到文件和行号: /home/ssy/lbr/test/test_lbr.c:171
2026/01/12 16:06:10 [DEBUG] resolveInMapping: 解析成功 -> 函数: main, 文件: /home/ssy/lbr/test/test_lbr.c, 行号: 171
2026/01/12 16:06:10 [DEBUG] ResolveAddress: 开始解析地址 0x555d465ca52b (主程序基址: 0x555d465ca000 - 0x555d465cb000)
2026/01/12 16:06:10 [DEBUG] ResolveAddress: 主程序地址，文件偏移 0x152b (虚拟偏移: 0x52b + 文件偏移: 0x1000)
2026/01/12 16:06:10 [DEBUG] resolveInMapping: 从符号表查找文件偏移 0x152b
2026/01/12 16:06:10 [DEBUG] findSymbolInList: 在31个符号中查找地址 0x152b
2026/01/12 16:06:10 [DEBUG] findSymbolInList: 前5个符号:
2026/01/12 16:06:10 [DEBUG]   [0] _init @ 0x1000 (大小: 0)
2026/01/12 16:06:10 [DEBUG]   [1] main @ 0x10c0 (大小: 1479)
2026/01/12 16:06:10 [DEBUG]   [2] _start @ 0x1690 (大小: 38)
2026/01/12 16:06:10 [DEBUG]   [3] deregister_tm_clones @ 0x16c0 (大小: 0)
2026/01/12 16:06:10 [DEBUG]   [4] register_tm_clones @ 0x16f0 (大小: 0)
2026/01/12 16:06:10 [DEBUG] findSymbolInList: 找到候选符号 main (地址: 0x10c0, 大小: 1479)
2026/01/12 16:06:10 [DEBUG] findSymbolInList: 地址匹配成功
2026/01/12 16:06:10 [DEBUG] resolveInMapping: 符号表找到函数名: main
2026/01/12 16:06:10 [DEBUG] resolveInMapping: 从DWARF查找行号信息
2026/01/12 16:06:10 [DEBUG] findLineInfo: 找到最佳匹配 (距离: 2 字节)
2026/01/12 16:06:10 [DEBUG] resolveInMapping: DWARF找到文件和行号: /home/ssy/lbr/test/test_lbr.c:195
2026/01/12 16:06:10 [DEBUG] resolveInMapping: 解析成功 -> 函数: main, 文件: /home/ssy/lbr/test/test_lbr.c, 行号: 195
2026/01/12 16:06:10 [DEBUG] ResolveAddress: 开始解析地址 0x555d465ca500 (主程序基址: 0x555d465ca000 - 0x555d465cb000)
2026/01/12 16:06:10 [DEBUG] ResolveAddress: 主程序地址，文件偏移 0x1500 (虚拟偏移: 0x500 + 文件偏移: 0x1000)
2026/01/12 16:06:10 [DEBUG] resolveInMapping: 从符号表查找文件偏移 0x1500
2026/01/12 16:06:10 [DEBUG] findSymbolInList: 在31个符号中查找地址 0x1500
2026/01/12 16:06:10 [DEBUG] findSymbolInList: 前5个符号:
2026/01/12 16:06:10 [DEBUG]   [0] _init @ 0x1000 (大小: 0)
2026/01/12 16:06:10 [DEBUG]   [1] main @ 0x10c0 (大小: 1479)
2026/01/12 16:06:10 [DEBUG]   [2] _start @ 0x1690 (大小: 38)
2026/01/12 16:06:10 [DEBUG]   [3] deregister_tm_clones @ 0x16c0 (大小: 0)
2026/01/12 16:06:10 [DEBUG]   [4] register_tm_clones @ 0x16f0 (大小: 0)
2026/01/12 16:06:10 [DEBUG] findSymbolInList: 找到候选符号 main (地址: 0x10c0, 大小: 1479)
2026/01/12 16:06:10 [DEBUG] findSymbolInList: 地址匹配成功
2026/01/12 16:06:10 [DEBUG] resolveInMapping: 符号表找到函数名: main
2026/01/12 16:06:10 [DEBUG] resolveInMapping: 从DWARF查找行号信息
2026/01/12 16:06:10 [DEBUG] resolveInMapping: DWARF找到文件和行号: /home/ssy/lbr/test/test_lbr.c:178
2026/01/12 16:06:10 [DEBUG] resolveInMapping: 解析成功 -> 函数: main, 文件: /home/ssy/lbr/test/test_lbr.c, 行号: 178
2026/01/12 16:06:10 [DEBUG] ResolveAddress: 开始解析地址 0x555d465ca54c (主程序基址: 0x555d465ca000 - 0x555d465cb000)
2026/01/12 16:06:10 [DEBUG] ResolveAddress: 主程序地址，文件偏移 0x154c (虚拟偏移: 0x54c + 文件偏移: 0x1000)
2026/01/12 16:06:10 [DEBUG] resolveInMapping: 从符号表查找文件偏移 0x154c
2026/01/12 16:06:10 [DEBUG] findSymbolInList: 在31个符号中查找地址 0x154c
2026/01/12 16:06:10 [DEBUG] findSymbolInList: 前5个符号:
2026/01/12 16:06:10 [DEBUG]   [0] _init @ 0x1000 (大小: 0)
2026/01/12 16:06:10 [DEBUG]   [1] main @ 0x10c0 (大小: 1479)
2026/01/12 16:06:10 [DEBUG]   [2] _start @ 0x1690 (大小: 38)
2026/01/12 16:06:10 [DEBUG]   [3] deregister_tm_clones @ 0x16c0 (大小: 0)
2026/01/12 16:06:10 [DEBUG]   [4] register_tm_clones @ 0x16f0 (大小: 0)
2026/01/12 16:06:10 [DEBUG] findSymbolInList: 找到候选符号 main (地址: 0x10c0, 大小: 1479)
2026/01/12 16:06:10 [DEBUG] findSymbolInList: 地址匹配成功
2026/01/12 16:06:10 [DEBUG] resolveInMapping: 符号表找到函数名: main
2026/01/12 16:06:10 [DEBUG] resolveInMapping: 从DWARF查找行号信息
2026/01/12 16:06:10 [DEBUG] findLineInfo: 找到最佳匹配 (距离: 5 字节)
2026/01/12 16:06:10 [DEBUG] resolveInMapping: DWARF找到文件和行号: /home/ssy/lbr/test/test_lbr.c:195
2026/01/12 16:06:10 [DEBUG] resolveInMapping: 解析成功 -> 函数: main, 文件: /home/ssy/lbr/test/test_lbr.c, 行号: 195
2026/01/12 16:06:10 [DEBUG] ResolveAddress: 开始解析地址 0x555d465ca529 (主程序基址: 0x555d465ca000 - 0x555d465cb000)
2026/01/12 16:06:10 [DEBUG] ResolveAddress: 主程序地址，文件偏移 0x1529 (虚拟偏移: 0x529 + 文件偏移: 0x1000)
2026/01/12 16:06:10 [DEBUG] resolveInMapping: 从符号表查找文件偏移 0x1529
2026/01/12 16:06:10 [DEBUG] findSymbolInList: 在31个符号中查找地址 0x1529
2026/01/12 16:06:10 [DEBUG] findSymbolInList: 前5个符号:
2026/01/12 16:06:10 [DEBUG]   [0] _init @ 0x1000 (大小: 0)
2026/01/12 16:06:10 [DEBUG]   [1] main @ 0x10c0 (大小: 1479)
2026/01/12 16:06:10 [DEBUG]   [2] _start @ 0x1690 (大小: 38)
2026/01/12 16:06:10 [DEBUG]   [3] deregister_tm_clones @ 0x16c0 (大小: 0)
2026/01/12 16:06:10 [DEBUG]   [4] register_tm_clones @ 0x16f0 (大小: 0)
2026/01/12 16:06:10 [DEBUG] findSymbolInList: 找到候选符号 main (地址: 0x10c0, 大小: 1479)
2026/01/12 16:06:10 [DEBUG] findSymbolInList: 地址匹配成功
2026/01/12 16:06:10 [DEBUG] resolveInMapping: 符号表找到函数名: main
2026/01/12 16:06:10 [DEBUG] resolveInMapping: 从DWARF查找行号信息
2026/01/12 16:06:10 [DEBUG] resolveInMapping: DWARF找到文件和行号: /home/ssy/lbr/test/test_lbr.c:171
2026/01/12 16:06:10 [DEBUG] resolveInMapping: 解析成功 -> 函数: main, 文件: /home/ssy/lbr/test/test_lbr.c, 行号: 171
2026/01/12 16:06:10 [DEBUG] ResolveAddress: 开始解析地址 0x555d465ca52b (主程序基址: 0x555d465ca000 - 0x555d465cb000)
2026/01/12 16:06:10 [DEBUG] ResolveAddress: 主程序地址，文件偏移 0x152b (虚拟偏移: 0x52b + 文件偏移: 0x1000)
2026/01/12 16:06:10 [DEBUG] resolveInMapping: 从符号表查找文件偏移 0x152b
2026/01/12 16:06:10 [DEBUG] findSymbolInList: 在31个符号中查找地址 0x152b
2026/01/12 16:06:10 [DEBUG] findSymbolInList: 前5个符号:
2026/01/12 16:06:10 [DEBUG]   [0] _init @ 0x1000 (大小: 0)
2026/01/12 16:06:10 [DEBUG]   [1] main @ 0x10c0 (大小: 1479)
2026/01/12 16:06:10 [DEBUG]   [2] _start @ 0x1690 (大小: 38)
2026/01/12 16:06:10 [DEBUG]   [3] deregister_tm_clones @ 0x16c0 (大小: 0)
2026/01/12 16:06:10 [DEBUG]   [4] register_tm_clones @ 0x16f0 (大小: 0)
2026/01/12 16:06:10 [DEBUG] findSymbolInList: 找到候选符号 main (地址: 0x10c0, 大小: 1479)
2026/01/12 16:06:10 [DEBUG] findSymbolInList: 地址匹配成功
2026/01/12 16:06:10 [DEBUG] resolveInMapping: 符号表找到函数名: main
2026/01/12 16:06:10 [DEBUG] resolveInMapping: 从DWARF查找行号信息
2026/01/12 16:06:10 [DEBUG] findLineInfo: 找到最佳匹配 (距离: 2 字节)
2026/01/12 16:06:10 [DEBUG] resolveInMapping: DWARF找到文件和行号: /home/ssy/lbr/test/test_lbr.c:195
2026/01/12 16:06:10 [DEBUG] resolveInMapping: 解析成功 -> 函数: main, 文件: /home/ssy/lbr/test/test_lbr.c, 行号: 195
2026/01/12 16:06:10 [DEBUG] ResolveAddress: 开始解析地址 0x555d465ca500 (主程序基址: 0x555d465ca000 - 0x555d465cb000)
2026/01/12 16:06:10 [DEBUG] ResolveAddress: 主程序地址，文件偏移 0x1500 (虚拟偏移: 0x500 + 文件偏移: 0x1000)
2026/01/12 16:06:10 [DEBUG] resolveInMapping: 从符号表查找文件偏移 0x1500
2026/01/12 16:06:10 [DEBUG] findSymbolInList: 在31个符号中查找地址 0x1500
2026/01/12 16:06:10 [DEBUG] findSymbolInList: 前5个符号:
2026/01/12 16:06:10 [DEBUG]   [0] _init @ 0x1000 (大小: 0)
2026/01/12 16:06:10 [DEBUG]   [1] main @ 0x10c0 (大小: 1479)
2026/01/12 16:06:10 [DEBUG]   [2] _start @ 0x1690 (大小: 38)
2026/01/12 16:06:10 [DEBUG]   [3] deregister_tm_clones @ 0x16c0 (大小: 0)
2026/01/12 16:06:10 [DEBUG]   [4] register_tm_clones @ 0x16f0 (大小: 0)
2026/01/12 16:06:10 [DEBUG] findSymbolInList: 找到候选符号 main (地址: 0x10c0, 大小: 1479)
2026/01/12 16:06:10 [DEBUG] findSymbolInList: 地址匹配成功
2026/01/12 16:06:10 [DEBUG] resolveInMapping: 符号表找到函数名: main
2026/01/12 16:06:10 [DEBUG] resolveInMapping: 从DWARF查找行号信息
2026/01/12 16:06:10 [DEBUG] resolveInMapping: DWARF找到文件和行号: /home/ssy/lbr/test/test_lbr.c:178
2026/01/12 16:06:10 [DEBUG] resolveInMapping: 解析成功 -> 函数: main, 文件: /home/ssy/lbr/test/test_lbr.c, 行号: 178
2026/01/12 16:06:10 [DEBUG] ResolveAddress: 开始解析地址 0x555d465ca54c (主程序基址: 0x555d465ca000 - 0x555d465cb000)
2026/01/12 16:06:10 [DEBUG] ResolveAddress: 主程序地址，文件偏移 0x154c (虚拟偏移: 0x54c + 文件偏移: 0x1000)
2026/01/12 16:06:10 [DEBUG] resolveInMapping: 从符号表查找文件偏移 0x154c
2026/01/12 16:06:10 [DEBUG] findSymbolInList: 在31个符号中查找地址 0x154c
2026/01/12 16:06:10 [DEBUG] findSymbolInList: 前5个符号:
2026/01/12 16:06:10 [DEBUG]   [0] _init @ 0x1000 (大小: 0)
2026/01/12 16:06:10 [DEBUG]   [1] main @ 0x10c0 (大小: 1479)
2026/01/12 16:06:10 [DEBUG]   [2] _start @ 0x1690 (大小: 38)
2026/01/12 16:06:10 [DEBUG]   [3] deregister_tm_clones @ 0x16c0 (大小: 0)
2026/01/12 16:06:10 [DEBUG]   [4] register_tm_clones @ 0x16f0 (大小: 0)
2026/01/12 16:06:10 [DEBUG] findSymbolInList: 找到候选符号 main (地址: 0x10c0, 大小: 1479)
2026/01/12 16:06:10 [DEBUG] findSymbolInList: 地址匹配成功
2026/01/12 16:06:10 [DEBUG] resolveInMapping: 符号表找到函数名: main
2026/01/12 16:06:10 [DEBUG] resolveInMapping: 从DWARF查找行号信息
2026/01/12 16:06:10 [DEBUG] findLineInfo: 找到最佳匹配 (距离: 5 字节)
2026/01/12 16:06:10 [DEBUG] resolveInMapping: DWARF找到文件和行号: /home/ssy/lbr/test/test_lbr.c:195
2026/01/12 16:06:10 [DEBUG] resolveInMapping: 解析成功 -> 函数: main, 文件: /home/ssy/lbr/test/test_lbr.c, 行号: 195
2026/01/12 16:06:10 [DEBUG] ResolveAddress: 开始解析地址 0x555d465ca529 (主程序基址: 0x555d465ca000 - 0x555d465cb000)
2026/01/12 16:06:10 [DEBUG] ResolveAddress: 主程序地址，文件偏移 0x1529 (虚拟偏移: 0x529 + 文件偏移: 0x1000)
2026/01/12 16:06:10 [DEBUG] resolveInMapping: 从符号表查找文件偏移 0x1529
2026/01/12 16:06:10 [DEBUG] findSymbolInList: 在31个符号中查找地址 0x1529
2026/01/12 16:06:10 [DEBUG] findSymbolInList: 前5个符号:
2026/01/12 16:06:10 [DEBUG]   [0] _init @ 0x1000 (大小: 0)
2026/01/12 16:06:10 [DEBUG]   [1] main @ 0x10c0 (大小: 1479)
2026/01/12 16:06:10 [DEBUG]   [2] _start @ 0x1690 (大小: 38)
2026/01/12 16:06:10 [DEBUG]   [3] deregister_tm_clones @ 0x16c0 (大小: 0)
2026/01/12 16:06:10 [DEBUG]   [4] register_tm_clones @ 0x16f0 (大小: 0)
2026/01/12 16:06:10 [DEBUG] findSymbolInList: 找到候选符号 main (地址: 0x10c0, 大小: 1479)
2026/01/12 16:06:10 [DEBUG] findSymbolInList: 地址匹配成功
2026/01/12 16:06:10 [DEBUG] resolveInMapping: 符号表找到函数名: main
2026/01/12 16:06:10 [DEBUG] resolveInMapping: 从DWARF查找行号信息
2026/01/12 16:06:10 [DEBUG] resolveInMapping: DWARF找到文件和行号: /home/ssy/lbr/test/test_lbr.c:171
2026/01/12 16:06:10 [DEBUG] resolveInMapping: 解析成功 -> 函数: main, 文件: /home/ssy/lbr/test/test_lbr.c, 行号: 171
2026/01/12 16:06:10 [DEBUG] ResolveAddress: 开始解析地址 0x555d465ca52b (主程序基址: 0x555d465ca000 - 0x555d465cb000)
2026/01/12 16:06:10 [DEBUG] ResolveAddress: 主程序地址，文件偏移 0x152b (虚拟偏移: 0x52b + 文件偏移: 0x1000)
2026/01/12 16:06:10 [DEBUG] resolveInMapping: 从符号表查找文件偏移 0x152b
2026/01/12 16:06:10 [DEBUG] findSymbolInList: 在31个符号中查找地址 0x152b
2026/01/12 16:06:10 [DEBUG] findSymbolInList: 前5个符号:
2026/01/12 16:06:10 [DEBUG]   [0] _init @ 0x1000 (大小: 0)
2026/01/12 16:06:10 [DEBUG]   [1] main @ 0x10c0 (大小: 1479)
2026/01/12 16:06:10 [DEBUG]   [2] _start @ 0x1690 (大小: 38)
2026/01/12 16:06:10 [DEBUG]   [3] deregister_tm_clones @ 0x16c0 (大小: 0)
2026/01/12 16:06:10 [DEBUG]   [4] register_tm_clones @ 0x16f0 (大小: 0)
2026/01/12 16:06:10 [DEBUG] findSymbolInList: 找到候选符号 main (地址: 0x10c0, 大小: 1479)
2026/01/12 16:06:10 [DEBUG] findSymbolInList: 地址匹配成功
2026/01/12 16:06:10 [DEBUG] resolveInMapping: 符号表找到函数名: main
2026/01/12 16:06:10 [DEBUG] resolveInMapping: 从DWARF查找行号信息
2026/01/12 16:06:10 [DEBUG] findLineInfo: 找到最佳匹配 (距离: 2 字节)
2026/01/12 16:06:10 [DEBUG] resolveInMapping: DWARF找到文件和行号: /home/ssy/lbr/test/test_lbr.c:195
2026/01/12 16:06:10 [DEBUG] resolveInMapping: 解析成功 -> 函数: main, 文件: /home/ssy/lbr/test/test_lbr.c, 行号: 195
2026/01/12 16:06:10 [DEBUG] ResolveAddress: 开始解析地址 0x555d465ca500 (主程序基址: 0x555d465ca000 - 0x555d465cb000)
2026/01/12 16:06:10 [DEBUG] ResolveAddress: 主程序地址，文件偏移 0x1500 (虚拟偏移: 0x500 + 文件偏移: 0x1000)
2026/01/12 16:06:10 [DEBUG] resolveInMapping: 从符号表查找文件偏移 0x1500
2026/01/12 16:06:10 [DEBUG] findSymbolInList: 在31个符号中查找地址 0x1500
2026/01/12 16:06:10 [DEBUG] findSymbolInList: 前5个符号:
2026/01/12 16:06:10 [DEBUG]   [0] _init @ 0x1000 (大小: 0)
2026/01/12 16:06:10 [DEBUG]   [1] main @ 0x10c0 (大小: 1479)
2026/01/12 16:06:10 [DEBUG]   [2] _start @ 0x1690 (大小: 38)
2026/01/12 16:06:10 [DEBUG]   [3] deregister_tm_clones @ 0x16c0 (大小: 0)
2026/01/12 16:06:10 [DEBUG]   [4] register_tm_clones @ 0x16f0 (大小: 0)
2026/01/12 16:06:10 [DEBUG] findSymbolInList: 找到候选符号 main (地址: 0x10c0, 大小: 1479)
2026/01/12 16:06:10 [DEBUG] findSymbolInList: 地址匹配成功
2026/01/12 16:06:10 [DEBUG] resolveInMapping: 符号表找到函数名: main
2026/01/12 16:06:10 [DEBUG] resolveInMapping: 从DWARF查找行号信息
2026/01/12 16:06:10 [DEBUG] resolveInMapping: DWARF找到文件和行号: /home/ssy/lbr/test/test_lbr.c:178
2026/01/12 16:06:10 [DEBUG] resolveInMapping: 解析成功 -> 函数: main, 文件: /home/ssy/lbr/test/test_lbr.c, 行号: 178
2026/01/12 16:06:10 [DEBUG] ResolveAddress: 开始解析地址 0x555d465ca54c (主程序基址: 0x555d465ca000 - 0x555d465cb000)
2026/01/12 16:06:10 [DEBUG] ResolveAddress: 主程序地址，文件偏移 0x154c (虚拟偏移: 0x54c + 文件偏移: 0x1000)
2026/01/12 16:06:10 [DEBUG] resolveInMapping: 从符号表查找文件偏移 0x154c
2026/01/12 16:06:10 [DEBUG] findSymbolInList: 在31个符号中查找地址 0x154c
2026/01/12 16:06:10 [DEBUG] findSymbolInList: 前5个符号:
2026/01/12 16:06:10 [DEBUG]   [0] _init @ 0x1000 (大小: 0)
2026/01/12 16:06:10 [DEBUG]   [1] main @ 0x10c0 (大小: 1479)
2026/01/12 16:06:10 [DEBUG]   [2] _start @ 0x1690 (大小: 38)
2026/01/12 16:06:10 [DEBUG]   [3] deregister_tm_clones @ 0x16c0 (大小: 0)
2026/01/12 16:06:10 [DEBUG]   [4] register_tm_clones @ 0x16f0 (大小: 0)
2026/01/12 16:06:10 [DEBUG] findSymbolInList: 找到候选符号 main (地址: 0x10c0, 大小: 1479)
2026/01/12 16:06:10 [DEBUG] findSymbolInList: 地址匹配成功
2026/01/12 16:06:10 [DEBUG] resolveInMapping: 符号表找到函数名: main
2026/01/12 16:06:10 [DEBUG] resolveInMapping: 从DWARF查找行号信息
2026/01/12 16:06:10 [DEBUG] findLineInfo: 找到最佳匹配 (距离: 5 字节)
2026/01/12 16:06:10 [DEBUG] resolveInMapping: DWARF找到文件和行号: /home/ssy/lbr/test/test_lbr.c:195
2026/01/12 16:06:10 [DEBUG] resolveInMapping: 解析成功 -> 函数: main, 文件: /home/ssy/lbr/test/test_lbr.c, 行号: 195
2026/01/12 16:06:10 [DEBUG] ResolveAddress: 开始解析地址 0x555d465ca529 (主程序基址: 0x555d465ca000 - 0x555d465cb000)
2026/01/12 16:06:10 [DEBUG] ResolveAddress: 主程序地址，文件偏移 0x1529 (虚拟偏移: 0x529 + 文件偏移: 0x1000)
2026/01/12 16:06:10 [DEBUG] resolveInMapping: 从符号表查找文件偏移 0x1529
2026/01/12 16:06:10 [DEBUG] findSymbolInList: 在31个符号中查找地址 0x1529
2026/01/12 16:06:10 [DEBUG] findSymbolInList: 前5个符号:
2026/01/12 16:06:10 [DEBUG]   [0] _init @ 0x1000 (大小: 0)
2026/01/12 16:06:10 [DEBUG]   [1] main @ 0x10c0 (大小: 1479)
2026/01/12 16:06:10 [DEBUG]   [2] _start @ 0x1690 (大小: 38)
2026/01/12 16:06:10 [DEBUG]   [3] deregister_tm_clones @ 0x16c0 (大小: 0)
2026/01/12 16:06:10 [DEBUG]   [4] register_tm_clones @ 0x16f0 (大小: 0)
2026/01/12 16:06:10 [DEBUG] findSymbolInList: 找到候选符号 main (地址: 0x10c0, 大小: 1479)
2026/01/12 16:06:10 [DEBUG] findSymbolInList: 地址匹配成功
2026/01/12 16:06:10 [DEBUG] resolveInMapping: 符号表找到函数名: main
2026/01/12 16:06:10 [DEBUG] resolveInMapping: 从DWARF查找行号信息
2026/01/12 16:06:10 [DEBUG] resolveInMapping: DWARF找到文件和行号: /home/ssy/lbr/test/test_lbr.c:171
2026/01/12 16:06:10 [DEBUG] resolveInMapping: 解析成功 -> 函数: main, 文件: /home/ssy/lbr/test/test_lbr.c, 行号: 171
2026/01/12 16:06:10 [DEBUG] ResolveAddress: 开始解析地址 0x555d465ca52b (主程序基址: 0x555d465ca000 - 0x555d465cb000)
2026/01/12 16:06:10 [DEBUG] ResolveAddress: 主程序地址，文件偏移 0x152b (虚拟偏移: 0x52b + 文件偏移: 0x1000)
2026/01/12 16:06:10 [DEBUG] resolveInMapping: 从符号表查找文件偏移 0x152b
2026/01/12 16:06:10 [DEBUG] findSymbolInList: 在31个符号中查找地址 0x152b
2026/01/12 16:06:10 [DEBUG] findSymbolInList: 前5个符号:
2026/01/12 16:06:10 [DEBUG]   [0] _init @ 0x1000 (大小: 0)
2026/01/12 16:06:10 [DEBUG]   [1] main @ 0x10c0 (大小: 1479)
2026/01/12 16:06:10 [DEBUG]   [2] _start @ 0x1690 (大小: 38)
2026/01/12 16:06:10 [DEBUG]   [3] deregister_tm_clones @ 0x16c0 (大小: 0)
2026/01/12 16:06:10 [DEBUG]   [4] register_tm_clones @ 0x16f0 (大小: 0)
2026/01/12 16:06:10 [DEBUG] findSymbolInList: 找到候选符号 main (地址: 0x10c0, 大小: 1479)
2026/01/12 16:06:10 [DEBUG] findSymbolInList: 地址匹配成功
2026/01/12 16:06:10 [DEBUG] resolveInMapping: 符号表找到函数名: main
2026/01/12 16:06:10 [DEBUG] resolveInMapping: 从DWARF查找行号信息
2026/01/12 16:06:10 [DEBUG] findLineInfo: 找到最佳匹配 (距离: 2 字节)
2026/01/12 16:06:10 [DEBUG] resolveInMapping: DWARF找到文件和行号: /home/ssy/lbr/test/test_lbr.c:195
2026/01/12 16:06:10 [DEBUG] resolveInMapping: 解析成功 -> 函数: main, 文件: /home/ssy/lbr/test/test_lbr.c, 行号: 195
2026/01/12 16:06:10 [DEBUG] ResolveAddress: 开始解析地址 0x555d465ca500 (主程序基址: 0x555d465ca000 - 0x555d465cb000)
2026/01/12 16:06:10 [DEBUG] ResolveAddress: 主程序地址，文件偏移 0x1500 (虚拟偏移: 0x500 + 文件偏移: 0x1000)
2026/01/12 16:06:10 [DEBUG] resolveInMapping: 从符号表查找文件偏移 0x1500
2026/01/12 16:06:10 [DEBUG] findSymbolInList: 在31个符号中查找地址 0x1500
2026/01/12 16:06:10 [DEBUG] findSymbolInList: 前5个符号:
2026/01/12 16:06:10 [DEBUG]   [0] _init @ 0x1000 (大小: 0)
2026/01/12 16:06:10 [DEBUG]   [1] main @ 0x10c0 (大小: 1479)
2026/01/12 16:06:10 [DEBUG]   [2] _start @ 0x1690 (大小: 38)
2026/01/12 16:06:10 [DEBUG]   [3] deregister_tm_clones @ 0x16c0 (大小: 0)
2026/01/12 16:06:10 [DEBUG]   [4] register_tm_clones @ 0x16f0 (大小: 0)
2026/01/12 16:06:10 [DEBUG] findSymbolInList: 找到候选符号 main (地址: 0x10c0, 大小: 1479)
2026/01/12 16:06:10 [DEBUG] findSymbolInList: 地址匹配成功
2026/01/12 16:06:10 [DEBUG] resolveInMapping: 符号表找到函数名: main
2026/01/12 16:06:10 [DEBUG] resolveInMapping: 从DWARF查找行号信息
2026/01/12 16:06:10 [DEBUG] resolveInMapping: DWARF找到文件和行号: /home/ssy/lbr/test/test_lbr.c:178
2026/01/12 16:06:10 [DEBUG] resolveInMapping: 解析成功 -> 函数: main, 文件: /home/ssy/lbr/test/test_lbr.c, 行号: 178
2026/01/12 16:06:10 [DEBUG] ResolveAddress: 开始解析地址 0x555d465ca54c (主程序基址: 0x555d465ca000 - 0x555d465cb000)
2026/01/12 16:06:10 [DEBUG] ResolveAddress: 主程序地址，文件偏移 0x154c (虚拟偏移: 0x54c + 文件偏移: 0x1000)
2026/01/12 16:06:10 [DEBUG] resolveInMapping: 从符号表查找文件偏移 0x154c
2026/01/12 16:06:10 [DEBUG] findSymbolInList: 在31个符号中查找地址 0x154c
2026/01/12 16:06:10 [DEBUG] findSymbolInList: 前5个符号:
2026/01/12 16:06:10 [DEBUG]   [0] _init @ 0x1000 (大小: 0)
2026/01/12 16:06:10 [DEBUG]   [1] main @ 0x10c0 (大小: 1479)
2026/01/12 16:06:10 [DEBUG]   [2] _start @ 0x1690 (大小: 38)
2026/01/12 16:06:10 [DEBUG]   [3] deregister_tm_clones @ 0x16c0 (大小: 0)
2026/01/12 16:06:10 [DEBUG]   [4] register_tm_clones @ 0x16f0 (大小: 0)
2026/01/12 16:06:10 [DEBUG] findSymbolInList: 找到候选符号 main (地址: 0x10c0, 大小: 1479)
2026/01/12 16:06:10 [DEBUG] findSymbolInList: 地址匹配成功
2026/01/12 16:06:10 [DEBUG] resolveInMapping: 符号表找到函数名: main
2026/01/12 16:06:10 [DEBUG] resolveInMapping: 从DWARF查找行号信息
2026/01/12 16:06:10 [DEBUG] findLineInfo: 找到最佳匹配 (距离: 5 字节)
2026/01/12 16:06:10 [DEBUG] resolveInMapping: DWARF找到文件和行号: /home/ssy/lbr/test/test_lbr.c:195
2026/01/12 16:06:10 [DEBUG] resolveInMapping: 解析成功 -> 函数: main, 文件: /home/ssy/lbr/test/test_lbr.c, 行号: 195
2026/01/12 16:06:10 [DEBUG] ResolveAddress: 开始解析地址 0x555d465ca529 (主程序基址: 0x555d465ca000 - 0x555d465cb000)
2026/01/12 16:06:10 [DEBUG] ResolveAddress: 主程序地址，文件偏移 0x1529 (虚拟偏移: 0x529 + 文件偏移: 0x1000)
2026/01/12 16:06:10 [DEBUG] resolveInMapping: 从符号表查找文件偏移 0x1529
2026/01/12 16:06:10 [DEBUG] findSymbolInList: 在31个符号中查找地址 0x1529
2026/01/12 16:06:10 [DEBUG] findSymbolInList: 前5个符号:
2026/01/12 16:06:10 [DEBUG]   [0] _init @ 0x1000 (大小: 0)
2026/01/12 16:06:10 [DEBUG]   [1] main @ 0x10c0 (大小: 1479)
2026/01/12 16:06:10 [DEBUG]   [2] _start @ 0x1690 (大小: 38)
2026/01/12 16:06:10 [DEBUG]   [3] deregister_tm_clones @ 0x16c0 (大小: 0)
2026/01/12 16:06:10 [DEBUG]   [4] register_tm_clones @ 0x16f0 (大小: 0)
2026/01/12 16:06:10 [DEBUG] findSymbolInList: 找到候选符号 main (地址: 0x10c0, 大小: 1479)
2026/01/12 16:06:10 [DEBUG] findSymbolInList: 地址匹配成功
2026/01/12 16:06:10 [DEBUG] resolveInMapping: 符号表找到函数名: main
2026/01/12 16:06:10 [DEBUG] resolveInMapping: 从DWARF查找行号信息
2026/01/12 16:06:10 [DEBUG] resolveInMapping: DWARF找到文件和行号: /home/ssy/lbr/test/test_lbr.c:171
2026/01/12 16:06:10 [DEBUG] resolveInMapping: 解析成功 -> 函数: main, 文件: /home/ssy/lbr/test/test_lbr.c, 行号: 171
2026/01/12 16:06:10 [DEBUG] ResolveAddress: 开始解析地址 0x555d465ca52b (主程序基址: 0x555d465ca000 - 0x555d465cb000)
2026/01/12 16:06:10 [DEBUG] ResolveAddress: 主程序地址，文件偏移 0x152b (虚拟偏移: 0x52b + 文件偏移: 0x1000)
2026/01/12 16:06:10 [DEBUG] resolveInMapping: 从符号表查找文件偏移 0x152b
2026/01/12 16:06:10 [DEBUG] findSymbolInList: 在31个符号中查找地址 0x152b
2026/01/12 16:06:10 [DEBUG] findSymbolInList: 前5个符号:
2026/01/12 16:06:10 [DEBUG]   [0] _init @ 0x1000 (大小: 0)
2026/01/12 16:06:10 [DEBUG]   [1] main @ 0x10c0 (大小: 1479)
2026/01/12 16:06:10 [DEBUG]   [2] _start @ 0x1690 (大小: 38)
2026/01/12 16:06:10 [DEBUG]   [3] deregister_tm_clones @ 0x16c0 (大小: 0)
2026/01/12 16:06:10 [DEBUG]   [4] register_tm_clones @ 0x16f0 (大小: 0)
2026/01/12 16:06:10 [DEBUG] findSymbolInList: 找到候选符号 main (地址: 0x10c0, 大小: 1479)
2026/01/12 16:06:10 [DEBUG] findSymbolInList: 地址匹配成功
2026/01/12 16:06:10 [DEBUG] resolveInMapping: 符号表找到函数名: main
2026/01/12 16:06:10 [DEBUG] resolveInMapping: 从DWARF查找行号信息
2026/01/12 16:06:10 [DEBUG] findLineInfo: 找到最佳匹配 (距离: 2 字节)
2026/01/12 16:06:10 [DEBUG] resolveInMapping: DWARF找到文件和行号: /home/ssy/lbr/test/test_lbr.c:195
2026/01/12 16:06:10 [DEBUG] resolveInMapping: 解析成功 -> 函数: main, 文件: /home/ssy/lbr/test/test_lbr.c, 行号: 195
2026/01/12 16:06:10 [DEBUG] ResolveAddress: 开始解析地址 0x555d465ca500 (主程序基址: 0x555d465ca000 - 0x555d465cb000)
2026/01/12 16:06:10 [DEBUG] ResolveAddress: 主程序地址，文件偏移 0x1500 (虚拟偏移: 0x500 + 文件偏移: 0x1000)
2026/01/12 16:06:10 [DEBUG] resolveInMapping: 从符号表查找文件偏移 0x1500
2026/01/12 16:06:10 [DEBUG] findSymbolInList: 在31个符号中查找地址 0x1500
2026/01/12 16:06:10 [DEBUG] findSymbolInList: 前5个符号:
2026/01/12 16:06:10 [DEBUG]   [0] _init @ 0x1000 (大小: 0)
2026/01/12 16:06:10 [DEBUG]   [1] main @ 0x10c0 (大小: 1479)
2026/01/12 16:06:10 [DEBUG]   [2] _start @ 0x1690 (大小: 38)
2026/01/12 16:06:10 [DEBUG]   [3] deregister_tm_clones @ 0x16c0 (大小: 0)
2026/01/12 16:06:10 [DEBUG]   [4] register_tm_clones @ 0x16f0 (大小: 0)
2026/01/12 16:06:10 [DEBUG] findSymbolInList: 找到候选符号 main (地址: 0x10c0, 大小: 1479)
2026/01/12 16:06:10 [DEBUG] findSymbolInList: 地址匹配成功
2026/01/12 16:06:10 [DEBUG] resolveInMapping: 符号表找到函数名: main
2026/01/12 16:06:10 [DEBUG] resolveInMapping: 从DWARF查找行号信息
2026/01/12 16:06:10 [DEBUG] resolveInMapping: DWARF找到文件和行号: /home/ssy/lbr/test/test_lbr.c:178
2026/01/12 16:06:10 [DEBUG] resolveInMapping: 解析成功 -> 函数: main, 文件: /home/ssy/lbr/test/test_lbr.c, 行号: 178
2026/01/12 16:06:10 [DEBUG] ResolveAddress: 开始解析地址 0x555d465ca54c (主程序基址: 0x555d465ca000 - 0x555d465cb000)
2026/01/12 16:06:10 [DEBUG] ResolveAddress: 主程序地址，文件偏移 0x154c (虚拟偏移: 0x54c + 文件偏移: 0x1000)
2026/01/12 16:06:10 [DEBUG] resolveInMapping: 从符号表查找文件偏移 0x154c
2026/01/12 16:06:10 [DEBUG] findSymbolInList: 在31个符号中查找地址 0x154c
2026/01/12 16:06:10 [DEBUG] findSymbolInList: 前5个符号:
2026/01/12 16:06:10 [DEBUG]   [0] _init @ 0x1000 (大小: 0)
2026/01/12 16:06:10 [DEBUG]   [1] main @ 0x10c0 (大小: 1479)
2026/01/12 16:06:10 [DEBUG]   [2] _start @ 0x1690 (大小: 38)
2026/01/12 16:06:10 [DEBUG]   [3] deregister_tm_clones @ 0x16c0 (大小: 0)
2026/01/12 16:06:10 [DEBUG]   [4] register_tm_clones @ 0x16f0 (大小: 0)
2026/01/12 16:06:10 [DEBUG] findSymbolInList: 找到候选符号 main (地址: 0x10c0, 大小: 1479)
2026/01/12 16:06:10 [DEBUG] findSymbolInList: 地址匹配成功
2026/01/12 16:06:10 [DEBUG] resolveInMapping: 符号表找到函数名: main
2026/01/12 16:06:10 [DEBUG] resolveInMapping: 从DWARF查找行号信息
2026/01/12 16:06:10 [DEBUG] findLineInfo: 找到最佳匹配 (距离: 5 字节)
2026/01/12 16:06:10 [DEBUG] resolveInMapping: DWARF找到文件和行号: /home/ssy/lbr/test/test_lbr.c:195
2026/01/12 16:06:10 [DEBUG] resolveInMapping: 解析成功 -> 函数: main, 文件: /home/ssy/lbr/test/test_lbr.c, 行号: 195
2026/01/12 16:06:10 [DEBUG] ResolveAddress: 开始解析地址 0x555d465ca529 (主程序基址: 0x555d465ca000 - 0x555d465cb000)
2026/01/12 16:06:10 [DEBUG] ResolveAddress: 主程序地址，文件偏移 0x1529 (虚拟偏移: 0x529 + 文件偏移: 0x1000)
2026/01/12 16:06:10 [DEBUG] resolveInMapping: 从符号表查找文件偏移 0x1529
2026/01/12 16:06:10 [DEBUG] findSymbolInList: 在31个符号中查找地址 0x1529
2026/01/12 16:06:10 [DEBUG] findSymbolInList: 前5个符号:
2026/01/12 16:06:10 [DEBUG]   [0] _init @ 0x1000 (大小: 0)
2026/01/12 16:06:10 [DEBUG]   [1] main @ 0x10c0 (大小: 1479)
2026/01/12 16:06:10 [DEBUG]   [2] _start @ 0x1690 (大小: 38)
2026/01/12 16:06:10 [DEBUG]   [3] deregister_tm_clones @ 0x16c0 (大小: 0)
2026/01/12 16:06:10 [DEBUG]   [4] register_tm_clones @ 0x16f0 (大小: 0)
2026/01/12 16:06:10 [DEBUG] findSymbolInList: 找到候选符号 main (地址: 0x10c0, 大小: 1479)
2026/01/12 16:06:10 [DEBUG] findSymbolInList: 地址匹配成功
2026/01/12 16:06:10 [DEBUG] resolveInMapping: 符号表找到函数名: main
2026/01/12 16:06:10 [DEBUG] resolveInMapping: 从DWARF查找行号信息
2026/01/12 16:06:10 [DEBUG] resolveInMapping: DWARF找到文件和行号: /home/ssy/lbr/test/test_lbr.c:171
2026/01/12 16:06:10 [DEBUG] resolveInMapping: 解析成功 -> 函数: main, 文件: /home/ssy/lbr/test/test_lbr.c, 行号: 171
2026/01/12 16:06:10 [DEBUG] ResolveAddress: 开始解析地址 0x555d465ca52b (主程序基址: 0x555d465ca000 - 0x555d465cb000)
2026/01/12 16:06:10 [DEBUG] ResolveAddress: 主程序地址，文件偏移 0x152b (虚拟偏移: 0x52b + 文件偏移: 0x1000)
2026/01/12 16:06:10 [DEBUG] resolveInMapping: 从符号表查找文件偏移 0x152b
2026/01/12 16:06:10 [DEBUG] findSymbolInList: 在31个符号中查找地址 0x152b
2026/01/12 16:06:10 [DEBUG] findSymbolInList: 前5个符号:
2026/01/12 16:06:10 [DEBUG]   [0] _init @ 0x1000 (大小: 0)
2026/01/12 16:06:10 [DEBUG]   [1] main @ 0x10c0 (大小: 1479)
2026/01/12 16:06:10 [DEBUG]   [2] _start @ 0x1690 (大小: 38)
2026/01/12 16:06:10 [DEBUG]   [3] deregister_tm_clones @ 0x16c0 (大小: 0)
2026/01/12 16:06:10 [DEBUG]   [4] register_tm_clones @ 0x16f0 (大小: 0)
2026/01/12 16:06:10 [DEBUG] findSymbolInList: 找到候选符号 main (地址: 0x10c0, 大小: 1479)
2026/01/12 16:06:10 [DEBUG] findSymbolInList: 地址匹配成功
2026/01/12 16:06:10 [DEBUG] resolveInMapping: 符号表找到函数名: main
2026/01/12 16:06:10 [DEBUG] resolveInMapping: 从DWARF查找行号信息
2026/01/12 16:06:10 [DEBUG] findLineInfo: 找到最佳匹配 (距离: 2 字节)
2026/01/12 16:06:10 [DEBUG] resolveInMapping: DWARF找到文件和行号: /home/ssy/lbr/test/test_lbr.c:195
2026/01/12 16:06:10 [DEBUG] resolveInMapping: 解析成功 -> 函数: main, 文件: /home/ssy/lbr/test/test_lbr.c, 行号: 195
2026/01/12 16:06:10 [DEBUG] ResolveAddress: 开始解析地址 0x555d465ca500 (主程序基址: 0x555d465ca000 - 0x555d465cb000)
2026/01/12 16:06:10 [DEBUG] ResolveAddress: 主程序地址，文件偏移 0x1500 (虚拟偏移: 0x500 + 文件偏移: 0x1000)
2026/01/12 16:06:10 [DEBUG] resolveInMapping: 从符号表查找文件偏移 0x1500
2026/01/12 16:06:10 [DEBUG] findSymbolInList: 在31个符号中查找地址 0x1500
2026/01/12 16:06:10 [DEBUG] findSymbolInList: 前5个符号:
2026/01/12 16:06:10 [DEBUG]   [0] _init @ 0x1000 (大小: 0)
2026/01/12 16:06:10 [DEBUG]   [1] main @ 0x10c0 (大小: 1479)
2026/01/12 16:06:10 [DEBUG]   [2] _start @ 0x1690 (大小: 38)
2026/01/12 16:06:10 [DEBUG]   [3] deregister_tm_clones @ 0x16c0 (大小: 0)
2026/01/12 16:06:10 [DEBUG]   [4] register_tm_clones @ 0x16f0 (大小: 0)
2026/01/12 16:06:10 [DEBUG] findSymbolInList: 找到候选符号 main (地址: 0x10c0, 大小: 1479)
2026/01/12 16:06:10 [DEBUG] findSymbolInList: 地址匹配成功
2026/01/12 16:06:10 [DEBUG] resolveInMapping: 符号表找到函数名: main
2026/01/12 16:06:10 [DEBUG] resolveInMapping: 从DWARF查找行号信息
2026/01/12 16:06:10 [DEBUG] resolveInMapping: DWARF找到文件和行号: /home/ssy/lbr/test/test_lbr.c:178
2026/01/12 16:06:10 [DEBUG] resolveInMapping: 解析成功 -> 函数: main, 文件: /home/ssy/lbr/test/test_lbr.c, 行号: 178
2026/01/12 16:06:10 [DEBUG] ResolveAddress: 开始解析地址 0x555d465ca54c (主程序基址: 0x555d465ca000 - 0x555d465cb000)
2026/01/12 16:06:10 [DEBUG] ResolveAddress: 主程序地址，文件偏移 0x154c (虚拟偏移: 0x54c + 文件偏移: 0x1000)
2026/01/12 16:06:10 [DEBUG] resolveInMapping: 从符号表查找文件偏移 0x154c
2026/01/12 16:06:10 [DEBUG] findSymbolInList: 在31个符号中查找地址 0x154c
2026/01/12 16:06:10 [DEBUG] findSymbolInList: 前5个符号:
2026/01/12 16:06:10 [DEBUG]   [0] _init @ 0x1000 (大小: 0)
2026/01/12 16:06:10 [DEBUG]   [1] main @ 0x10c0 (大小: 1479)
2026/01/12 16:06:10 [DEBUG]   [2] _start @ 0x1690 (大小: 38)
2026/01/12 16:06:10 [DEBUG]   [3] deregister_tm_clones @ 0x16c0 (大小: 0)
2026/01/12 16:06:10 [DEBUG]   [4] register_tm_clones @ 0x16f0 (大小: 0)
2026/01/12 16:06:10 [DEBUG] findSymbolInList: 找到候选符号 main (地址: 0x10c0, 大小: 1479)
2026/01/12 16:06:10 [DEBUG] findSymbolInList: 地址匹配成功
2026/01/12 16:06:10 [DEBUG] resolveInMapping: 符号表找到函数名: main
2026/01/12 16:06:10 [DEBUG] resolveInMapping: 从DWARF查找行号信息
2026/01/12 16:06:10 [DEBUG] findLineInfo: 找到最佳匹配 (距离: 5 字节)
2026/01/12 16:06:10 [DEBUG] resolveInMapping: DWARF找到文件和行号: /home/ssy/lbr/test/test_lbr.c:195
2026/01/12 16:06:10 [DEBUG] resolveInMapping: 解析成功 -> 函数: main, 文件: /home/ssy/lbr/test/test_lbr.c, 行号: 195
2026/01/12 16:06:10 [DEBUG] ResolveAddress: 开始解析地址 0x555d465ca529 (主程序基址: 0x555d465ca000 - 0x555d465cb000)
2026/01/12 16:06:10 [DEBUG] ResolveAddress: 主程序地址，文件偏移 0x1529 (虚拟偏移: 0x529 + 文件偏移: 0x1000)
2026/01/12 16:06:10 [DEBUG] resolveInMapping: 从符号表查找文件偏移 0x1529
2026/01/12 16:06:10 [DEBUG] findSymbolInList: 在31个符号中查找地址 0x1529
2026/01/12 16:06:10 [DEBUG] findSymbolInList: 前5个符号:
2026/01/12 16:06:10 [DEBUG]   [0] _init @ 0x1000 (大小: 0)
2026/01/12 16:06:10 [DEBUG]   [1] main @ 0x10c0 (大小: 1479)
2026/01/12 16:06:10 [DEBUG]   [2] _start @ 0x1690 (大小: 38)
2026/01/12 16:06:10 [DEBUG]   [3] deregister_tm_clones @ 0x16c0 (大小: 0)
2026/01/12 16:06:10 [DEBUG]   [4] register_tm_clones @ 0x16f0 (大小: 0)
2026/01/12 16:06:10 [DEBUG] findSymbolInList: 找到候选符号 main (地址: 0x10c0, 大小: 1479)
2026/01/12 16:06:10 [DEBUG] findSymbolInList: 地址匹配成功
2026/01/12 16:06:10 [DEBUG] resolveInMapping: 符号表找到函数名: main
2026/01/12 16:06:10 [DEBUG] resolveInMapping: 从DWARF查找行号信息
2026/01/12 16:06:10 [DEBUG] resolveInMapping: DWARF找到文件和行号: /home/ssy/lbr/test/test_lbr.c:171
2026/01/12 16:06:10 [DEBUG] resolveInMapping: 解析成功 -> 函数: main, 文件: /home/ssy/lbr/test/test_lbr.c, 行号: 171
2026/01/12 16:06:10 [DEBUG] ResolveAddress: 开始解析地址 0x555d465ca52b (主程序基址: 0x555d465ca000 - 0x555d465cb000)
2026/01/12 16:06:10 [DEBUG] ResolveAddress: 主程序地址，文件偏移 0x152b (虚拟偏移: 0x52b + 文件偏移: 0x1000)
2026/01/12 16:06:10 [DEBUG] resolveInMapping: 从符号表查找文件偏移 0x152b
2026/01/12 16:06:10 [DEBUG] findSymbolInList: 在31个符号中查找地址 0x152b
2026/01/12 16:06:10 [DEBUG] findSymbolInList: 前5个符号:
2026/01/12 16:06:10 [DEBUG]   [0] _init @ 0x1000 (大小: 0)
2026/01/12 16:06:10 [DEBUG]   [1] main @ 0x10c0 (大小: 1479)
2026/01/12 16:06:10 [DEBUG]   [2] _start @ 0x1690 (大小: 38)
2026/01/12 16:06:10 [DEBUG]   [3] deregister_tm_clones @ 0x16c0 (大小: 0)
2026/01/12 16:06:10 [DEBUG]   [4] register_tm_clones @ 0x16f0 (大小: 0)
2026/01/12 16:06:10 [DEBUG] findSymbolInList: 找到候选符号 main (地址: 0x10c0, 大小: 1479)
2026/01/12 16:06:10 [DEBUG] findSymbolInList: 地址匹配成功
2026/01/12 16:06:10 [DEBUG] resolveInMapping: 符号表找到函数名: main
2026/01/12 16:06:10 [DEBUG] resolveInMapping: 从DWARF查找行号信息
2026/01/12 16:06:10 [DEBUG] findLineInfo: 找到最佳匹配 (距离: 2 字节)
2026/01/12 16:06:10 [DEBUG] resolveInMapping: DWARF找到文件和行号: /home/ssy/lbr/test/test_lbr.c:195
2026/01/12 16:06:10 [DEBUG] resolveInMapping: 解析成功 -> 函数: main, 文件: /home/ssy/lbr/test/test_lbr.c, 行号: 195
2026/01/12 16:06:10 [DEBUG] ResolveAddress: 开始解析地址 0x555d465ca500 (主程序基址: 0x555d465ca000 - 0x555d465cb000)
2026/01/12 16:06:10 [DEBUG] ResolveAddress: 主程序地址，文件偏移 0x1500 (虚拟偏移: 0x500 + 文件偏移: 0x1000)
2026/01/12 16:06:10 [DEBUG] resolveInMapping: 从符号表查找文件偏移 0x1500
2026/01/12 16:06:10 [DEBUG] findSymbolInList: 在31个符号中查找地址 0x1500
2026/01/12 16:06:10 [DEBUG] findSymbolInList: 前5个符号:
2026/01/12 16:06:10 [DEBUG]   [0] _init @ 0x1000 (大小: 0)
2026/01/12 16:06:10 [DEBUG]   [1] main @ 0x10c0 (大小: 1479)
2026/01/12 16:06:10 [DEBUG]   [2] _start @ 0x1690 (大小: 38)
2026/01/12 16:06:10 [DEBUG]   [3] deregister_tm_clones @ 0x16c0 (大小: 0)
2026/01/12 16:06:10 [DEBUG]   [4] register_tm_clones @ 0x16f0 (大小: 0)
2026/01/12 16:06:10 [DEBUG] findSymbolInList: 找到候选符号 main (地址: 0x10c0, 大小: 1479)
2026/01/12 16:06:10 [DEBUG] findSymbolInList: 地址匹配成功
2026/01/12 16:06:10 [DEBUG] resolveInMapping: 符号表找到函数名: main
2026/01/12 16:06:10 [DEBUG] resolveInMapping: 从DWARF查找行号信息
2026/01/12 16:06:10 [DEBUG] resolveInMapping: DWARF找到文件和行号: /home/ssy/lbr/test/test_lbr.c:178
2026/01/12 16:06:10 [DEBUG] resolveInMapping: 解析成功 -> 函数: main, 文件: /home/ssy/lbr/test/test_lbr.c, 行号: 178
2026/01/12 16:06:10 [DEBUG] ResolveAddress: 开始解析地址 0x555d465ca54c (主程序基址: 0x555d465ca000 - 0x555d465cb000)
2026/01/12 16:06:10 [DEBUG] ResolveAddress: 主程序地址，文件偏移 0x154c (虚拟偏移: 0x54c + 文件偏移: 0x1000)
2026/01/12 16:06:10 [DEBUG] resolveInMapping: 从符号表查找文件偏移 0x154c
2026/01/12 16:06:10 [DEBUG] findSymbolInList: 在31个符号中查找地址 0x154c
2026/01/12 16:06:10 [DEBUG] findSymbolInList: 前5个符号:
2026/01/12 16:06:10 [DEBUG]   [0] _init @ 0x1000 (大小: 0)
2026/01/12 16:06:10 [DEBUG]   [1] main @ 0x10c0 (大小: 1479)
2026/01/12 16:06:10 [DEBUG]   [2] _start @ 0x1690 (大小: 38)
2026/01/12 16:06:10 [DEBUG]   [3] deregister_tm_clones @ 0x16c0 (大小: 0)
2026/01/12 16:06:10 [DEBUG]   [4] register_tm_clones @ 0x16f0 (大小: 0)
2026/01/12 16:06:10 [DEBUG] findSymbolInList: 找到候选符号 main (地址: 0x10c0, 大小: 1479)
2026/01/12 16:06:10 [DEBUG] findSymbolInList: 地址匹配成功
2026/01/12 16:06:10 [DEBUG] resolveInMapping: 符号表找到函数名: main
2026/01/12 16:06:10 [DEBUG] resolveInMapping: 从DWARF查找行号信息
2026/01/12 16:06:10 [DEBUG] findLineInfo: 找到最佳匹配 (距离: 5 字节)
2026/01/12 16:06:10 [DEBUG] resolveInMapping: DWARF找到文件和行号: /home/ssy/lbr/test/test_lbr.c:195
2026/01/12 16:06:10 [DEBUG] resolveInMapping: 解析成功 -> 函数: main, 文件: /home/ssy/lbr/test/test_lbr.c, 行号: 195
2026/01/12 16:06:10 [DEBUG] ResolveAddress: 开始解析地址 0x555d465ca529 (主程序基址: 0x555d465ca000 - 0x555d465cb000)
2026/01/12 16:06:10 [DEBUG] ResolveAddress: 主程序地址，文件偏移 0x1529 (虚拟偏移: 0x529 + 文件偏移: 0x1000)
2026/01/12 16:06:10 [DEBUG] resolveInMapping: 从符号表查找文件偏移 0x1529
2026/01/12 16:06:10 [DEBUG] findSymbolInList: 在31个符号中查找地址 0x1529
2026/01/12 16:06:10 [DEBUG] findSymbolInList: 前5个符号:
2026/01/12 16:06:10 [DEBUG]   [0] _init @ 0x1000 (大小: 0)
2026/01/12 16:06:10 [DEBUG]   [1] main @ 0x10c0 (大小: 1479)
2026/01/12 16:06:10 [DEBUG]   [2] _start @ 0x1690 (大小: 38)
2026/01/12 16:06:10 [DEBUG]   [3] deregister_tm_clones @ 0x16c0 (大小: 0)
2026/01/12 16:06:10 [DEBUG]   [4] register_tm_clones @ 0x16f0 (大小: 0)
2026/01/12 16:06:10 [DEBUG] findSymbolInList: 找到候选符号 main (地址: 0x10c0, 大小: 1479)
2026/01/12 16:06:10 [DEBUG] findSymbolInList: 地址匹配成功
2026/01/12 16:06:10 [DEBUG] resolveInMapping: 符号表找到函数名: main
2026/01/12 16:06:10 [DEBUG] resolveInMapping: 从DWARF查找行号信息
2026/01/12 16:06:10 [DEBUG] resolveInMapping: DWARF找到文件和行号: /home/ssy/lbr/test/test_lbr.c:171
2026/01/12 16:06:10 [DEBUG] resolveInMapping: 解析成功 -> 函数: main, 文件: /home/ssy/lbr/test/test_lbr.c, 行号: 171
2026/01/12 16:06:10 [DEBUG] ResolveAddress: 开始解析地址 0x555d465ca52b (主程序基址: 0x555d465ca000 - 0x555d465cb000)
2026/01/12 16:06:10 [DEBUG] ResolveAddress: 主程序地址，文件偏移 0x152b (虚拟偏移: 0x52b + 文件偏移: 0x1000)
2026/01/12 16:06:10 [DEBUG] resolveInMapping: 从符号表查找文件偏移 0x152b
2026/01/12 16:06:10 [DEBUG] findSymbolInList: 在31个符号中查找地址 0x152b
2026/01/12 16:06:10 [DEBUG] findSymbolInList: 前5个符号:
2026/01/12 16:06:10 [DEBUG]   [0] _init @ 0x1000 (大小: 0)
2026/01/12 16:06:10 [DEBUG]   [1] main @ 0x10c0 (大小: 1479)
2026/01/12 16:06:10 [DEBUG]   [2] _start @ 0x1690 (大小: 38)
2026/01/12 16:06:10 [DEBUG]   [3] deregister_tm_clones @ 0x16c0 (大小: 0)
2026/01/12 16:06:10 [DEBUG]   [4] register_tm_clones @ 0x16f0 (大小: 0)
2026/01/12 16:06:10 [DEBUG] findSymbolInList: 找到候选符号 main (地址: 0x10c0, 大小: 1479)
2026/01/12 16:06:10 [DEBUG] findSymbolInList: 地址匹配成功
2026/01/12 16:06:10 [DEBUG] resolveInMapping: 符号表找到函数名: main
2026/01/12 16:06:10 [DEBUG] resolveInMapping: 从DWARF查找行号信息
2026/01/12 16:06:10 [DEBUG] findLineInfo: 找到最佳匹配 (距离: 2 字节)
2026/01/12 16:06:10 [DEBUG] resolveInMapping: DWARF找到文件和行号: /home/ssy/lbr/test/test_lbr.c:195
2026/01/12 16:06:10 [DEBUG] resolveInMapping: 解析成功 -> 函数: main, 文件: /home/ssy/lbr/test/test_lbr.c, 行号: 195
2026/01/12 16:06:10 [DEBUG] ResolveAddress: 开始解析地址 0x555d465ca500 (主程序基址: 0x555d465ca000 - 0x555d465cb000)
2026/01/12 16:06:10 [DEBUG] ResolveAddress: 主程序地址，文件偏移 0x1500 (虚拟偏移: 0x500 + 文件偏移: 0x1000)
2026/01/12 16:06:10 [DEBUG] resolveInMapping: 从符号表查找文件偏移 0x1500
2026/01/12 16:06:10 [DEBUG] findSymbolInList: 在31个符号中查找地址 0x1500
2026/01/12 16:06:10 [DEBUG] findSymbolInList: 前5个符号:
2026/01/12 16:06:10 [DEBUG]   [0] _init @ 0x1000 (大小: 0)
2026/01/12 16:06:10 [DEBUG]   [1] main @ 0x10c0 (大小: 1479)
2026/01/12 16:06:10 [DEBUG]   [2] _start @ 0x1690 (大小: 38)
2026/01/12 16:06:10 [DEBUG]   [3] deregister_tm_clones @ 0x16c0 (大小: 0)
2026/01/12 16:06:10 [DEBUG]   [4] register_tm_clones @ 0x16f0 (大小: 0)
2026/01/12 16:06:10 [DEBUG] findSymbolInList: 找到候选符号 main (地址: 0x10c0, 大小: 1479)
2026/01/12 16:06:10 [DEBUG] findSymbolInList: 地址匹配成功
2026/01/12 16:06:10 [DEBUG] resolveInMapping: 符号表找到函数名: main
2026/01/12 16:06:10 [DEBUG] resolveInMapping: 从DWARF查找行号信息
2026/01/12 16:06:10 [DEBUG] resolveInMapping: DWARF找到文件和行号: /home/ssy/lbr/test/test_lbr.c:178
2026/01/12 16:06:10 [DEBUG] resolveInMapping: 解析成功 -> 函数: main, 文件: /home/ssy/lbr/test/test_lbr.c, 行号: 178
2026/01/12 16:06:10 [DEBUG] ResolveAddress: 开始解析地址 0x555d465ca54c (主程序基址: 0x555d465ca000 - 0x555d465cb000)
2026/01/12 16:06:10 [DEBUG] ResolveAddress: 主程序地址，文件偏移 0x154c (虚拟偏移: 0x54c + 文件偏移: 0x1000)
2026/01/12 16:06:10 [DEBUG] resolveInMapping: 从符号表查找文件偏移 0x154c
2026/01/12 16:06:10 [DEBUG] findSymbolInList: 在31个符号中查找地址 0x154c
2026/01/12 16:06:10 [DEBUG] findSymbolInList: 前5个符号:
2026/01/12 16:06:10 [DEBUG]   [0] _init @ 0x1000 (大小: 0)
2026/01/12 16:06:10 [DEBUG]   [1] main @ 0x10c0 (大小: 1479)
2026/01/12 16:06:10 [DEBUG]   [2] _start @ 0x1690 (大小: 38)
2026/01/12 16:06:10 [DEBUG]   [3] deregister_tm_clones @ 0x16c0 (大小: 0)
2026/01/12 16:06:10 [DEBUG]   [4] register_tm_clones @ 0x16f0 (大小: 0)
2026/01/12 16:06:10 [DEBUG] findSymbolInList: 找到候选符号 main (地址: 0x10c0, 大小: 1479)
2026/01/12 16:06:10 [DEBUG] findSymbolInList: 地址匹配成功
2026/01/12 16:06:10 [DEBUG] resolveInMapping: 符号表找到函数名: main
2026/01/12 16:06:10 [DEBUG] resolveInMapping: 从DWARF查找行号信息
2026/01/12 16:06:10 [DEBUG] findLineInfo: 找到最佳匹配 (距离: 5 字节)
2026/01/12 16:06:10 [DEBUG] resolveInMapping: DWARF找到文件和行号: /home/ssy/lbr/test/test_lbr.c:195
2026/01/12 16:06:10 [DEBUG] resolveInMapping: 解析成功 -> 函数: main, 文件: /home/ssy/lbr/test/test_lbr.c, 行号: 195
2026/01/12 16:06:10 [DEBUG] ResolveAddress: 开始解析地址 0x555d465ca529 (主程序基址: 0x555d465ca000 - 0x555d465cb000)
2026/01/12 16:06:10 [DEBUG] ResolveAddress: 主程序地址，文件偏移 0x1529 (虚拟偏移: 0x529 + 文件偏移: 0x1000)
2026/01/12 16:06:10 [DEBUG] resolveInMapping: 从符号表查找文件偏移 0x1529
2026/01/12 16:06:10 [DEBUG] findSymbolInList: 在31个符号中查找地址 0x1529
2026/01/12 16:06:10 [DEBUG] findSymbolInList: 前5个符号:
2026/01/12 16:06:10 [DEBUG]   [0] _init @ 0x1000 (大小: 0)
2026/01/12 16:06:10 [DEBUG]   [1] main @ 0x10c0 (大小: 1479)
2026/01/12 16:06:10 [DEBUG]   [2] _start @ 0x1690 (大小: 38)
2026/01/12 16:06:10 [DEBUG]   [3] deregister_tm_clones @ 0x16c0 (大小: 0)
2026/01/12 16:06:10 [DEBUG]   [4] register_tm_clones @ 0x16f0 (大小: 0)
2026/01/12 16:06:10 [DEBUG] findSymbolInList: 找到候选符号 main (地址: 0x10c0, 大小: 1479)
2026/01/12 16:06:10 [DEBUG] findSymbolInList: 地址匹配成功
2026/01/12 16:06:10 [DEBUG] resolveInMapping: 符号表找到函数名: main
2026/01/12 16:06:10 [DEBUG] resolveInMapping: 从DWARF查找行号信息
2026/01/12 16:06:10 [DEBUG] resolveInMapping: DWARF找到文件和行号: /home/ssy/lbr/test/test_lbr.c:171
2026/01/12 16:06:10 [DEBUG] resolveInMapping: 解析成功 -> 函数: main, 文件: /home/ssy/lbr/test/test_lbr.c, 行号: 171
2026/01/12 16:06:10 [DEBUG] ResolveAddress: 开始解析地址 0x555d465ca52b (主程序基址: 0x555d465ca000 - 0x555d465cb000)
2026/01/12 16:06:10 [DEBUG] ResolveAddress: 主程序地址，文件偏移 0x152b (虚拟偏移: 0x52b + 文件偏移: 0x1000)
2026/01/12 16:06:10 [DEBUG] resolveInMapping: 从符号表查找文件偏移 0x152b
2026/01/12 16:06:10 [DEBUG] findSymbolInList: 在31个符号中查找地址 0x152b
2026/01/12 16:06:10 [DEBUG] findSymbolInList: 前5个符号:
2026/01/12 16:06:10 [DEBUG]   [0] _init @ 0x1000 (大小: 0)
2026/01/12 16:06:10 [DEBUG]   [1] main @ 0x10c0 (大小: 1479)
2026/01/12 16:06:10 [DEBUG]   [2] _start @ 0x1690 (大小: 38)
2026/01/12 16:06:10 [DEBUG]   [3] deregister_tm_clones @ 0x16c0 (大小: 0)
2026/01/12 16:06:10 [DEBUG]   [4] register_tm_clones @ 0x16f0 (大小: 0)
2026/01/12 16:06:10 [DEBUG] findSymbolInList: 找到候选符号 main (地址: 0x10c0, 大小: 1479)
2026/01/12 16:06:10 [DEBUG] findSymbolInList: 地址匹配成功
2026/01/12 16:06:10 [DEBUG] resolveInMapping: 符号表找到函数名: main
2026/01/12 16:06:10 [DEBUG] resolveInMapping: 从DWARF查找行号信息
2026/01/12 16:06:10 [DEBUG] findLineInfo: 找到最佳匹配 (距离: 2 字节)
2026/01/12 16:06:10 [DEBUG] resolveInMapping: DWARF找到文件和行号: /home/ssy/lbr/test/test_lbr.c:195
2026/01/12 16:06:10 [DEBUG] resolveInMapping: 解析成功 -> 函数: main, 文件: /home/ssy/lbr/test/test_lbr.c, 行号: 195
2026/01/12 16:06:10 [DEBUG] ResolveAddress: 开始解析地址 0x555d465ca500 (主程序基址: 0x555d465ca000 - 0x555d465cb000)
2026/01/12 16:06:10 [DEBUG] ResolveAddress: 主程序地址，文件偏移 0x1500 (虚拟偏移: 0x500 + 文件偏移: 0x1000)
2026/01/12 16:06:10 [DEBUG] resolveInMapping: 从符号表查找文件偏移 0x1500
2026/01/12 16:06:10 [DEBUG] findSymbolInList: 在31个符号中查找地址 0x1500
2026/01/12 16:06:10 [DEBUG] findSymbolInList: 前5个符号:
2026/01/12 16:06:10 [DEBUG]   [0] _init @ 0x1000 (大小: 0)
2026/01/12 16:06:10 [DEBUG]   [1] main @ 0x10c0 (大小: 1479)
2026/01/12 16:06:10 [DEBUG]   [2] _start @ 0x1690 (大小: 38)
2026/01/12 16:06:10 [DEBUG]   [3] deregister_tm_clones @ 0x16c0 (大小: 0)
2026/01/12 16:06:10 [DEBUG]   [4] register_tm_clones @ 0x16f0 (大小: 0)
2026/01/12 16:06:10 [DEBUG] findSymbolInList: 找到候选符号 main (地址: 0x10c0, 大小: 1479)
2026/01/12 16:06:10 [DEBUG] findSymbolInList: 地址匹配成功
2026/01/12 16:06:10 [DEBUG] resolveInMapping: 符号表找到函数名: main
2026/01/12 16:06:10 [DEBUG] resolveInMapping: 从DWARF查找行号信息
2026/01/12 16:06:10 [DEBUG] resolveInMapping: DWARF找到文件和行号: /home/ssy/lbr/test/test_lbr.c:178
2026/01/12 16:06:10 [DEBUG] resolveInMapping: 解析成功 -> 函数: main, 文件: /home/ssy/lbr/test/test_lbr.c, 行号: 178
2026/01/12 16:06:10 [DEBUG] ResolveAddress: 开始解析地址 0x555d465ca54c (主程序基址: 0x555d465ca000 - 0x555d465cb000)
2026/01/12 16:06:10 [DEBUG] ResolveAddress: 主程序地址，文件偏移 0x154c (虚拟偏移: 0x54c + 文件偏移: 0x1000)
2026/01/12 16:06:10 [DEBUG] resolveInMapping: 从符号表查找文件偏移 0x154c
2026/01/12 16:06:10 [DEBUG] findSymbolInList: 在31个符号中查找地址 0x154c
2026/01/12 16:06:10 [DEBUG] findSymbolInList: 前5个符号:
2026/01/12 16:06:10 [DEBUG]   [0] _init @ 0x1000 (大小: 0)
2026/01/12 16:06:10 [DEBUG]   [1] main @ 0x10c0 (大小: 1479)
2026/01/12 16:06:10 [DEBUG]   [2] _start @ 0x1690 (大小: 38)
2026/01/12 16:06:10 [DEBUG]   [3] deregister_tm_clones @ 0x16c0 (大小: 0)
2026/01/12 16:06:10 [DEBUG]   [4] register_tm_clones @ 0x16f0 (大小: 0)
2026/01/12 16:06:10 [DEBUG] findSymbolInList: 找到候选符号 main (地址: 0x10c0, 大小: 1479)
2026/01/12 16:06:10 [DEBUG] findSymbolInList: 地址匹配成功
2026/01/12 16:06:10 [DEBUG] resolveInMapping: 符号表找到函数名: main
2026/01/12 16:06:10 [DEBUG] resolveInMapping: 从DWARF查找行号信息
2026/01/12 16:06:10 [DEBUG] findLineInfo: 找到最佳匹配 (距离: 5 字节)
2026/01/12 16:06:10 [DEBUG] resolveInMapping: DWARF找到文件和行号: /home/ssy/lbr/test/test_lbr.c:195
2026/01/12 16:06:10 [DEBUG] resolveInMapping: 解析成功 -> 函数: main, 文件: /home/ssy/lbr/test/test_lbr.c, 行号: 195
2026/01/12 16:06:10 [DEBUG] ResolveAddress: 开始解析地址 0x555d465ca529 (主程序基址: 0x555d465ca000 - 0x555d465cb000)
2026/01/12 16:06:10 [DEBUG] ResolveAddress: 主程序地址，文件偏移 0x1529 (虚拟偏移: 0x529 + 文件偏移: 0x1000)
2026/01/12 16:06:10 [DEBUG] resolveInMapping: 从符号表查找文件偏移 0x1529
2026/01/12 16:06:10 [DEBUG] findSymbolInList: 在31个符号中查找地址 0x1529
2026/01/12 16:06:10 [DEBUG] findSymbolInList: 前5个符号:
2026/01/12 16:06:10 [DEBUG]   [0] _init @ 0x1000 (大小: 0)
2026/01/12 16:06:10 [DEBUG]   [1] main @ 0x10c0 (大小: 1479)
2026/01/12 16:06:10 [DEBUG]   [2] _start @ 0x1690 (大小: 38)
2026/01/12 16:06:10 [DEBUG]   [3] deregister_tm_clones @ 0x16c0 (大小: 0)
2026/01/12 16:06:10 [DEBUG]   [4] register_tm_clones @ 0x16f0 (大小: 0)
2026/01/12 16:06:10 [DEBUG] findSymbolInList: 找到候选符号 main (地址: 0x10c0, 大小: 1479)
2026/01/12 16:06:10 [DEBUG] findSymbolInList: 地址匹配成功
2026/01/12 16:06:10 [DEBUG] resolveInMapping: 符号表找到函数名: main
2026/01/12 16:06:10 [DEBUG] resolveInMapping: 从DWARF查找行号信息
2026/01/12 16:06:10 [DEBUG] resolveInMapping: DWARF找到文件和行号: /home/ssy/lbr/test/test_lbr.c:171
2026/01/12 16:06:10 [DEBUG] resolveInMapping: 解析成功 -> 函数: main, 文件: /home/ssy/lbr/test/test_lbr.c, 行号: 171
2026/01/12 16:06:10 [DEBUG] ResolveAddress: 开始解析地址 0x555d465ca52b (主程序基址: 0x555d465ca000 - 0x555d465cb000)
2026/01/12 16:06:10 [DEBUG] ResolveAddress: 主程序地址，文件偏移 0x152b (虚拟偏移: 0x52b + 文件偏移: 0x1000)
2026/01/12 16:06:10 [DEBUG] resolveInMapping: 从符号表查找文件偏移 0x152b
2026/01/12 16:06:10 [DEBUG] findSymbolInList: 在31个符号中查找地址 0x152b
2026/01/12 16:06:10 [DEBUG] findSymbolInList: 前5个符号:
2026/01/12 16:06:10 [DEBUG]   [0] _init @ 0x1000 (大小: 0)
2026/01/12 16:06:10 [DEBUG]   [1] main @ 0x10c0 (大小: 1479)
2026/01/12 16:06:10 [DEBUG]   [2] _start @ 0x1690 (大小: 38)
2026/01/12 16:06:10 [DEBUG]   [3] deregister_tm_clones @ 0x16c0 (大小: 0)
2026/01/12 16:06:10 [DEBUG]   [4] register_tm_clones @ 0x16f0 (大小: 0)
2026/01/12 16:06:10 [DEBUG] findSymbolInList: 找到候选符号 main (地址: 0x10c0, 大小: 1479)
2026/01/12 16:06:10 [DEBUG] findSymbolInList: 地址匹配成功
2026/01/12 16:06:10 [DEBUG] resolveInMapping: 符号表找到函数名: main
2026/01/12 16:06:10 [DEBUG] resolveInMapping: 从DWARF查找行号信息
2026/01/12 16:06:10 [DEBUG] findLineInfo: 找到最佳匹配 (距离: 2 字节)
2026/01/12 16:06:10 [DEBUG] resolveInMapping: DWARF找到文件和行号: /home/ssy/lbr/test/test_lbr.c:195
2026/01/12 16:06:10 [DEBUG] resolveInMapping: 解析成功 -> 函数: main, 文件: /home/ssy/lbr/test/test_lbr.c, 行号: 195
2026/01/12 16:06:10 [DEBUG] ResolveAddress: 开始解析地址 0x555d465ca500 (主程序基址: 0x555d465ca000 - 0x555d465cb000)
2026/01/12 16:06:10 [DEBUG] ResolveAddress: 主程序地址，文件偏移 0x1500 (虚拟偏移: 0x500 + 文件偏移: 0x1000)
2026/01/12 16:06:10 [DEBUG] resolveInMapping: 从符号表查找文件偏移 0x1500
2026/01/12 16:06:10 [DEBUG] findSymbolInList: 在31个符号中查找地址 0x1500
2026/01/12 16:06:10 [DEBUG] findSymbolInList: 前5个符号:
2026/01/12 16:06:10 [DEBUG]   [0] _init @ 0x1000 (大小: 0)
2026/01/12 16:06:10 [DEBUG]   [1] main @ 0x10c0 (大小: 1479)
2026/01/12 16:06:10 [DEBUG]   [2] _start @ 0x1690 (大小: 38)
2026/01/12 16:06:10 [DEBUG]   [3] deregister_tm_clones @ 0x16c0 (大小: 0)
2026/01/12 16:06:10 [DEBUG]   [4] register_tm_clones @ 0x16f0 (大小: 0)
2026/01/12 16:06:10 [DEBUG] findSymbolInList: 找到候选符号 main (地址: 0x10c0, 大小: 1479)
2026/01/12 16:06:10 [DEBUG] findSymbolInList: 地址匹配成功
2026/01/12 16:06:10 [DEBUG] resolveInMapping: 符号表找到函数名: main
2026/01/12 16:06:10 [DEBUG] resolveInMapping: 从DWARF查找行号信息
2026/01/12 16:06:10 [DEBUG] resolveInMapping: DWARF找到文件和行号: /home/ssy/lbr/test/test_lbr.c:178
2026/01/12 16:06:10 [DEBUG] resolveInMapping: 解析成功 -> 函数: main, 文件: /home/ssy/lbr/test/test_lbr.c, 行号: 178
2026/01/12 16:06:10 [DEBUG] ResolveAddress: 开始解析地址 0x555d465ca4c0 (主程序基址: 0x555d465ca000 - 0x555d465cb000)
2026/01/12 16:06:10 [DEBUG] ResolveAddress: 主程序地址，文件偏移 0x14c0 (虚拟偏移: 0x4c0 + 文件偏移: 0x1000)
2026/01/12 16:06:10 [DEBUG] resolveInMapping: 从符号表查找文件偏移 0x14c0
2026/01/12 16:06:10 [DEBUG] findSymbolInList: 在31个符号中查找地址 0x14c0
2026/01/12 16:06:10 [DEBUG] findSymbolInList: 前5个符号:
2026/01/12 16:06:10 [DEBUG]   [0] _init @ 0x1000 (大小: 0)
2026/01/12 16:06:10 [DEBUG]   [1] main @ 0x10c0 (大小: 1479)
2026/01/12 16:06:10 [DEBUG]   [2] _start @ 0x1690 (大小: 38)
2026/01/12 16:06:10 [DEBUG]   [3] deregister_tm_clones @ 0x16c0 (大小: 0)
2026/01/12 16:06:10 [DEBUG]   [4] register_tm_clones @ 0x16f0 (大小: 0)
2026/01/12 16:06:10 [DEBUG] findSymbolInList: 找到候选符号 main (地址: 0x10c0, 大小: 1479)
2026/01/12 16:06:10 [DEBUG] findSymbolInList: 地址匹配成功
2026/01/12 16:06:10 [DEBUG] resolveInMapping: 符号表找到函数名: main
2026/01/12 16:06:10 [DEBUG] resolveInMapping: 从DWARF查找行号信息
2026/01/12 16:06:10 [DEBUG] findLineInfo: 找到最佳匹配 (距离: 4 字节)
2026/01/12 16:06:10 [DEBUG] resolveInMapping: DWARF找到文件和行号: /home/ssy/lbr/test/test_lbr.c:195
2026/01/12 16:06:10 [DEBUG] resolveInMapping: 解析成功 -> 函数: main, 文件: /home/ssy/lbr/test/test_lbr.c, 行号: 195
2026/01/12 16:06:10 [DEBUG] ResolveAddress: 开始解析地址 0x555d465ca529 (主程序基址: 0x555d465ca000 - 0x555d465cb000)
2026/01/12 16:06:10 [DEBUG] ResolveAddress: 主程序地址，文件偏移 0x1529 (虚拟偏移: 0x529 + 文件偏移: 0x1000)
2026/01/12 16:06:10 [DEBUG] resolveInMapping: 从符号表查找文件偏移 0x1529
2026/01/12 16:06:10 [DEBUG] findSymbolInList: 在31个符号中查找地址 0x1529
2026/01/12 16:06:10 [DEBUG] findSymbolInList: 前5个符号:
2026/01/12 16:06:10 [DEBUG]   [0] _init @ 0x1000 (大小: 0)
2026/01/12 16:06:10 [DEBUG]   [1] main @ 0x10c0 (大小: 1479)
2026/01/12 16:06:10 [DEBUG]   [2] _start @ 0x1690 (大小: 38)
2026/01/12 16:06:10 [DEBUG]   [3] deregister_tm_clones @ 0x16c0 (大小: 0)
2026/01/12 16:06:10 [DEBUG]   [4] register_tm_clones @ 0x16f0 (大小: 0)
2026/01/12 16:06:10 [DEBUG] findSymbolInList: 找到候选符号 main (地址: 0x10c0, 大小: 1479)
2026/01/12 16:06:10 [DEBUG] findSymbolInList: 地址匹配成功
2026/01/12 16:06:10 [DEBUG] resolveInMapping: 符号表找到函数名: main
2026/01/12 16:06:10 [DEBUG] resolveInMapping: 从DWARF查找行号信息
2026/01/12 16:06:10 [DEBUG] resolveInMapping: DWARF找到文件和行号: /home/ssy/lbr/test/test_lbr.c:171
2026/01/12 16:06:10 [DEBUG] resolveInMapping: 解析成功 -> 函数: main, 文件: /home/ssy/lbr/test/test_lbr.c, 行号: 171

=== PID: 69757, TID: 69757, COMM: test_lbr, Entries: 32 ===
LBR Stack:
[#00] [33mmain (test_lbr.c:195)[0m -> [33mmain (test_lbr.c:171)[0m
[#01] [33mmain (test_lbr.c:195)[0m -> [33mmain (test_lbr.c:178)[0m
[#02] [33mmain (test_lbr.c:195)[0m -> [33mmain (test_lbr.c:171)[0m
[#03] [33mmain (test_lbr.c:195)[0m -> [33mmain (test_lbr.c:178)[0m
[#04] [33mmain (test_lbr.c:195)[0m -> [33mmain (test_lbr.c:171)[0m
[#05] [33mmain (test_lbr.c:195)[0m -> [33mmain (test_lbr.c:178)[0m
[#06] [33mmain (test_lbr.c:195)[0m -> [33mmain (test_lbr.c:171)[0m
[#07] [33mmain (test_lbr.c:195)[0m -> [33mmain (test_lbr.c:178)[0m
[#08] [33mmain (test_lbr.c:195)[0m -> [33mmain (test_lbr.c:171)[0m
[#09] [33mmain (test_lbr.c:195)[0m -> [33mmain (test_lbr.c:178)[0m
[#10] [33mmain (test_lbr.c:195)[0m -> [33mmain (test_lbr.c:171)[0m
[#11] [33mmain (test_lbr.c:195)[0m -> [33mmain (test_lbr.c:178)[0m
[#12] [33mmain (test_lbr.c:195)[0m -> [33mmain (test_lbr.c:171)[0m
[#13] [33mmain (test_lbr.c:195)[0m -> [33mmain (test_lbr.c:178)[0m
[#14] [33mmain (test_lbr.c:195)[0m -> [33mmain (test_lbr.c:171)[0m
[#15] [33mmain (test_lbr.c:195)[0m -> [33mmain (test_lbr.c:178)[0m
[#16] [33mmain (test_lbr.c:195)[0m -> [33mmain (test_lbr.c:171)[0m
[#17] [33mmain (test_lbr.c:195)[0m -> [33mmain (test_lbr.c:178)[0m
[#18] [33mmain (test_lbr.c:195)[0m -> [33mmain (test_lbr.c:171)[0m
[#19] [33mmain (test_lbr.c:195)[0m -> [33mmain (test_lbr.c:178)[0m
[#20] [33mmain (test_lbr.c:195)[0m -> [33mmain (test_lbr.c:171)[0m
[#21] [33mmain (test_lbr.c:195)[0m -> [33mmain (test_lbr.c:178)[0m
[#22] [33mmain (test_lbr.c:195)[0m -> [33mmain (test_lbr.c:171)[0m
[#23] [33mmain (test_lbr.c:195)[0m -> [33mmain (test_lbr.c:178)[0m
[#24] [33mmain (test_lbr.c:195)[0m -> [33mmain (test_lbr.c:171)[0m
[#25] [33mmain (test_lbr.c:195)[0m -> [33mmain (test_lbr.c:178)[0m
[#26] [33mmain (test_lbr.c:195)[0m -> [33mmain (test_lbr.c:171)[0m
[#27] [33mmain (test_lbr.c:195)[0m -> [33mmain (test_lbr.c:178)[0m
[#28] [33mmain (test_lbr.c:195)[0m -> [33mmain (test_lbr.c:171)[0m
[#29] [33mmain (test_lbr.c:195)[0m -> [33mmain (test_lbr.c:178)[0m
[#30] [33mmain (test_lbr.c:195)[0m -> [33mmain (test_lbr.c:171)[0m
[#31] [33mmain (test_lbr.c:195)[0m -> [33mmain (test_lbr.c:178)[0m
2026/01/12 16:06:10 LBR数据统计: 总条目=1, 有效=1, 空数据=0, 全零数据=0
2026/01/12 16:06:11 No LBR data - map中无任何条目
2026/01/12 16:06:12 No LBR data - map中无任何条目
2026/01/12 16:06:13 No LBR data - map中无任何条目
2026/01/12 16:06:14 No LBR data - map中无任何条目
2026/01/12 16:06:15 No LBR data - map中无任何条目
2026/01/12 16:06:16 No LBR data - map中无任何条目
