2026/01/12 14:54:47 Current nofile rlimit: curr=524287 max=524288
2026/01/12 14:54:47 Monitoring PID: 26900
2026/01/12 14:54:48 LBR demo is running. Press Ctrl-C to exit.
2026/01/12 14:54:48 Attached to 8 CPUs, checking for LBR data every second...
2026/01/12 14:54:49 No LBR data - map中无任何条目
2026/01/12 14:54:50 No LBR data - map中无任何条目
2026/01/12 14:54:51 已启用 addr2line 符号解析 for PID 26900

=== PID: 26900, TID: 26900, COMM: test_lbr, Entries: 32 ===
LBR Stack:
[#00] ?? -> ??
[#01] ?? -> ??
[#02] ?? -> ??
[#03] ?? -> ??
[#04] ?? -> ??
[#05] ?? -> ??
[#06] ?? -> ??
[#07] ?? -> ??
[#08] ?? -> ??
[#09] ?? -> ??
[#10] ?? -> ??
[#11] ?? -> ??
[#12] ?? -> ??
[#13] ?? -> ??
[#14] ?? -> ??
[#15] ?? -> ??
[#16] ?? -> ??
[#17] ?? -> ??
[#18] ?? -> ??
[#19] ?? -> ??
[#20] ?? -> ??
[#21] ?? -> ??
[#22] ?? -> ??
[#23] ?? -> ??
[#24] ?? -> ??
[#25] ?? -> ??
[#26] ?? -> ??
[#27] ?? -> ??
[#28] ?? -> ??
[#29] ?? -> ??
[#30] ?? -> ??
[#31] ?? -> ??
2026/01/12 14:54:51 LBR数据统计: 总条目=1, 有效=1, 空数据=0, 全零数据=0
2026/01/12 14:54:52 No LBR data - map中无任何条目
2026/01/12 14:54:53 No LBR data - map中无任何条目
2026/01/12 14:54:54 No LBR data - map中无任何条目
2026/01/12 14:54:55 No LBR data - map中无任何条目
2026/01/12 14:54:56 No LBR data - map中无任何条目
2026/01/12 14:54:57 No LBR data - map中无任何条目
2026/01/12 14:54:58 No LBR data - map中无任何条目
2026/01/12 14:54:59 No LBR data - map中无任何条目
