2026/03/04 21:20:42 日志文件: log/lbr_output_20260304_212042.log
2026/03/04 21:20:42 Current nofile rlimit: curr=524287 max=524288
2026/03/04 21:20:42 Monitoring PID: 249663
2026/03/04 21:20:42 LBR demo is running. Press Ctrl-C to exit.
2026/03/04 21:20:42 Attached to 8 CPUs, checking for LBR data every second...
2026/03/04 21:20:43 No LBR data - map中无任何条目
2026/03/04 21:20:44 No LBR data - map中无任何条目
2026/03/04 21:20:45 已启用 SFrame 符号解析 for PID 249663

=== PID: 249663, TID: 249663, COMM: test_lbr_sframe, Entries: 32 ===

[LBR Branch History]
LBR Stack:
[#00] [33mmain+0x48c[0m -> [33mmain+0x469[0m
[#01] [33mmain+0x46b[0m -> [33mmain+0x440[0m
[#02] [33mmain+0x48c[0m -> [33mmain+0x469[0m
[#03] [33mmain+0x46b[0m -> [33mmain+0x440[0m
[#04] [33mmain+0x48c[0m -> [33mmain+0x469[0m
[#05] [33mmain+0x46b[0m -> [33mmain+0x440[0m
[#06] [33mmain+0x48c[0m -> [33mmain+0x469[0m
[#07] [33mmain+0x46b[0m -> [33mmain+0x440[0m
[#08] [33mmain+0x48c[0m -> [33mmain+0x469[0m
[#09] [33mmain+0x46b[0m -> [33mmain+0x440[0m
[#10] [33mmain+0x48c[0m -> [33mmain+0x469[0m
[#11] [33mmain+0x46b[0m -> [33mmain+0x440[0m
[#12] [33mmain+0x48c[0m -> [33mmain+0x469[0m
[#13] [33mmain+0x46b[0m -> [33mmain+0x440[0m
[#14] [33mmain+0x48c[0m -> [33mmain+0x469[0m
[#15] [33mmain+0x46b[0m -> [33mmain+0x440[0m
[#16] [33mmain+0x48c[0m -> [33mmain+0x469[0m
[#17] [33mmain+0x46b[0m -> [33mmain+0x440[0m
[#18] [33mmain+0x48c[0m -> [33mmain+0x469[0m
[#19] [33mmain+0x46b[0m -> [33mmain+0x440[0m
[#20] [33mmain+0x48c[0m -> [33mmain+0x469[0m
[#21] [33mmain+0x46b[0m -> [33mmain+0x440[0m
[#22] [33mmain+0x48c[0m -> [33mmain+0x469[0m
[#23] [33mmain+0x46b[0m -> [33mmain+0x440[0m
[#24] [33mmain+0x48c[0m -> [33mmain+0x469[0m
[#25] [33mmain+0x46b[0m -> [33mmain+0x440[0m
[#26] [33mmain+0x48c[0m -> [33mmain+0x469[0m
[#27] [33mmain+0x46b[0m -> [33mmain+0x440[0m
[#28] [33mmain+0x48c[0m -> [33mmain+0x469[0m
[#29] [33mmain+0x46b[0m -> [33mmain+0x440[0m
[#30] [33mmain+0x48c[0m -> [33mmain+0x469[0m
[#31] [33mmain+0x46b[0m -> [33mmain+0x440[0m
2026/03/04 21:20:45 LBR数据统计: 总条目=1, 有效=1, 空数据=0, 全零数据=0
2026/03/04 21:20:46 No LBR data - map中无任何条目
2026/03/04 21:20:47 No LBR data - map中无任何条目
2026/03/04 21:20:48 No LBR data - map中无任何条目
2026/03/04 21:20:49 No LBR data - map中无任何条目
2026/03/04 21:20:50 No LBR data - map中无任何条目
2026/03/04 21:20:51 No LBR data - map中无任何条目
2026/03/04 21:20:52 
收到退出信号，正在分析统计数据...
2026/03/04 21:20:52 
========================================
2026/03/04 21:20:52 访问频率最高的 4 个地址:
2026/03/04 21:20:52 ========================================

========================================
访问频率最高的 4 个地址:
========================================
2026/03/04 21:20:52 无法创建SFrame解析器: failed to read exe link: readlink /proc/249663/exe: no such file or directory
2026/03/04 21:20:52 
#1 地址: 0x000055b6a1e8b54c (访问次数: 16)

#1 地址: 0x000055b6a1e8b54c (访问次数: 16)
2026/03/04 21:20:52 
#2 地址: 0x000055b6a1e8b529 (访问次数: 16)

#2 地址: 0x000055b6a1e8b529 (访问次数: 16)
2026/03/04 21:20:52 
#3 地址: 0x000055b6a1e8b52b (访问次数: 16)

#3 地址: 0x000055b6a1e8b52b (访问次数: 16)
2026/03/04 21:20:52 
#4 地址: 0x000055b6a1e8b500 (访问次数: 16)

#4 地址: 0x000055b6a1e8b500 (访问次数: 16)
2026/03/04 21:20:52 
========================================
总计统计了 4 个不同的地址
========================================

========================================
总计统计了 4 个不同的地址
========================================
