2026/01/12 16:00:55 日志文件: log/lbr_output_20260112_160055.log
2026/01/12 16:00:55 Current nofile rlimit: curr=524287 max=524288
2026/01/12 16:00:55 Monitoring PID: 66422
2026/01/12 16:00:55 LBR demo is running. Press Ctrl-C to exit.
2026/01/12 16:00:55 Attached to 8 CPUs, checking for LBR data every second...
2026/01/12 16:00:56 No LBR data - map中无任何条目
2026/01/12 16:00:57 No LBR data - map中无任何条目
2026/01/12 16:00:58 [DEBUG] NewDwarfResolver: 为PID 66422 创建解析器
2026/01/12 16:00:58 [DEBUG] NewDwarfResolver: 使用可执行文件: /home/ssy/lbr/test/test_lbr
2026/01/12 16:00:58 [DEBUG] NewDwarfResolver: 打开ELF文件...
2026/01/12 16:00:58 [DEBUG] NewDwarfResolver: ELF文件打开成功
2026/01/12 16:00:58 [DEBUG] NewDwarfResolver: 尝试加载DWARF调试信息...
2026/01/12 16:00:58 [DEBUG] NewDwarfResolver: DWARF调试信息加载成功
2026/01/12 16:00:58 [DEBUG] loadSymbols: 开始加载符号表
2026/01/12 16:00:58 [DEBUG] loadSymbols: 加载了 1 个动态符号
2026/01/12 16:00:58 [DEBUG] loadSymbols: 加载了 30 个普通符号
2026/01/12 16:00:58 [DEBUG] loadSymbols: 共加载 31 个符号
2026/01/12 16:00:58 [DEBUG] loadSymbols: 符号地址范围: 0x1000 - 0x4068
2026/01/12 16:00:58 [DEBUG] loadBaseAddress: 读取 /proc/66422/maps
2026/01/12 16:00:58 [DEBUG] loadBaseAddress: 主程序映射 0x563d30931000 - 0x563d30932000 (权限: r-xp, 偏移: 0x1000)
2026/01/12 16:00:58 [DEBUG] loadBaseAddress: 发现共享库 /usr/lib/libc.so.6 @ 0x7f2389424000 - 0x7f2389595000 (偏移: 0x24000)
2026/01/12 16:00:58 [DEBUG] loadLibraryMapping: /usr/lib/libc.so.6 加载 3114 个符号
2026/01/12 16:00:58 [DEBUG] loadBaseAddress: 发现共享库 /usr/lib/ld-linux-x86-64.so.2 @ 0x7f2389766000 - 0x7f2389790000 (偏移: 0x1000)
2026/01/12 16:00:58 [DEBUG] loadLibraryMapping: /usr/lib/ld-linux-x86-64.so.2 加载 32 个符号
2026/01/12 16:00:58 [DEBUG] loadBaseAddress: 共加载 2 个内存映射
2026/01/12 16:00:58 [DEBUG] NewDwarfResolver: 解析器创建成功
2026/01/12 16:00:58 已启用 DWARF 符号解析 for PID 66422
2026/01/12 16:00:58 [DEBUG] ResolveAddress: 开始解析地址 0x563d3093152b (主程序基址: 0x563d30931000 - 0x563d30932000)
2026/01/12 16:00:58 [DEBUG] ResolveAddress: 主程序地址，文件偏移 0x52b
2026/01/12 16:00:58 [DEBUG] resolveInMapping: 从符号表查找文件偏移 0x52b
2026/01/12 16:00:58 [DEBUG] findSymbolInList: 在31个符号中查找地址 0x52b
2026/01/12 16:00:58 [DEBUG] findSymbolInList: 前5个符号:
2026/01/12 16:00:58 [DEBUG]   [0] _init @ 0x1000 (大小: 0)
2026/01/12 16:00:58 [DEBUG]   [1] main @ 0x10c0 (大小: 1479)
2026/01/12 16:00:58 [DEBUG]   [2] _start @ 0x1690 (大小: 38)
2026/01/12 16:00:58 [DEBUG]   [3] deregister_tm_clones @ 0x16c0 (大小: 0)
2026/01/12 16:00:58 [DEBUG]   [4] register_tm_clones @ 0x16f0 (大小: 0)
2026/01/12 16:00:58 [DEBUG] resolveInMapping: 符号表未找到函数名
2026/01/12 16:00:58 [DEBUG] resolveInMapping: 从DWARF查找行号信息
2026/01/12 16:00:58 [DEBUG] resolveInMapping: DWARF未找到行号信息: line info not found
2026/01/12 16:00:58 [DEBUG] resolveInMapping: 从DWARF查找函数名
2026/01/12 16:00:58 [DEBUG] findDwarfFunction: 共检查了 20 个函数，未找到匹配
2026/01/12 16:00:58 [DEBUG] resolveInMapping: DWARF未找到函数名
2026/01/12 16:00:58 [DEBUG] resolveInMapping: 解析失败，未找到符号信息
2026/01/12 16:00:58 [DEBUG] ResolveAddress: 开始解析地址 0x563d30931500 (主程序基址: 0x563d30931000 - 0x563d30932000)
2026/01/12 16:00:58 [DEBUG] ResolveAddress: 主程序地址，文件偏移 0x500
2026/01/12 16:00:58 [DEBUG] resolveInMapping: 从符号表查找文件偏移 0x500
2026/01/12 16:00:58 [DEBUG] findSymbolInList: 在31个符号中查找地址 0x500
2026/01/12 16:00:58 [DEBUG] findSymbolInList: 前5个符号:
2026/01/12 16:00:58 [DEBUG]   [0] _init @ 0x1000 (大小: 0)
2026/01/12 16:00:58 [DEBUG]   [1] main @ 0x10c0 (大小: 1479)
2026/01/12 16:00:58 [DEBUG]   [2] _start @ 0x1690 (大小: 38)
2026/01/12 16:00:58 [DEBUG]   [3] deregister_tm_clones @ 0x16c0 (大小: 0)
2026/01/12 16:00:58 [DEBUG]   [4] register_tm_clones @ 0x16f0 (大小: 0)
2026/01/12 16:00:58 [DEBUG] resolveInMapping: 符号表未找到函数名
2026/01/12 16:00:58 [DEBUG] resolveInMapping: 从DWARF查找行号信息
2026/01/12 16:00:58 [DEBUG] resolveInMapping: DWARF未找到行号信息: line info not found
2026/01/12 16:00:58 [DEBUG] resolveInMapping: 从DWARF查找函数名
2026/01/12 16:00:58 [DEBUG] findDwarfFunction: 共检查了 20 个函数，未找到匹配
2026/01/12 16:00:58 [DEBUG] resolveInMapping: DWARF未找到函数名
2026/01/12 16:00:58 [DEBUG] resolveInMapping: 解析失败，未找到符号信息
2026/01/12 16:00:58 [DEBUG] ResolveAddress: 开始解析地址 0x563d3093154c (主程序基址: 0x563d30931000 - 0x563d30932000)
2026/01/12 16:00:58 [DEBUG] ResolveAddress: 主程序地址，文件偏移 0x54c
2026/01/12 16:00:58 [DEBUG] resolveInMapping: 从符号表查找文件偏移 0x54c
2026/01/12 16:00:58 [DEBUG] findSymbolInList: 在31个符号中查找地址 0x54c
2026/01/12 16:00:58 [DEBUG] findSymbolInList: 前5个符号:
2026/01/12 16:00:58 [DEBUG]   [0] _init @ 0x1000 (大小: 0)
2026/01/12 16:00:58 [DEBUG]   [1] main @ 0x10c0 (大小: 1479)
2026/01/12 16:00:58 [DEBUG]   [2] _start @ 0x1690 (大小: 38)
2026/01/12 16:00:58 [DEBUG]   [3] deregister_tm_clones @ 0x16c0 (大小: 0)
2026/01/12 16:00:58 [DEBUG]   [4] register_tm_clones @ 0x16f0 (大小: 0)
2026/01/12 16:00:58 [DEBUG] resolveInMapping: 符号表未找到函数名
2026/01/12 16:00:58 [DEBUG] resolveInMapping: 从DWARF查找行号信息
2026/01/12 16:00:58 [DEBUG] resolveInMapping: DWARF未找到行号信息: line info not found
2026/01/12 16:00:58 [DEBUG] resolveInMapping: 从DWARF查找函数名
2026/01/12 16:00:58 [DEBUG] findDwarfFunction: 共检查了 20 个函数，未找到匹配
2026/01/12 16:00:58 [DEBUG] resolveInMapping: DWARF未找到函数名
2026/01/12 16:00:58 [DEBUG] resolveInMapping: 解析失败，未找到符号信息
2026/01/12 16:00:58 [DEBUG] ResolveAddress: 开始解析地址 0x563d30931529 (主程序基址: 0x563d30931000 - 0x563d30932000)
2026/01/12 16:00:58 [DEBUG] ResolveAddress: 主程序地址，文件偏移 0x529
2026/01/12 16:00:58 [DEBUG] resolveInMapping: 从符号表查找文件偏移 0x529
2026/01/12 16:00:58 [DEBUG] findSymbolInList: 在31个符号中查找地址 0x529
2026/01/12 16:00:58 [DEBUG] findSymbolInList: 前5个符号:
2026/01/12 16:00:58 [DEBUG]   [0] _init @ 0x1000 (大小: 0)
2026/01/12 16:00:58 [DEBUG]   [1] main @ 0x10c0 (大小: 1479)
2026/01/12 16:00:58 [DEBUG]   [2] _start @ 0x1690 (大小: 38)
2026/01/12 16:00:58 [DEBUG]   [3] deregister_tm_clones @ 0x16c0 (大小: 0)
2026/01/12 16:00:58 [DEBUG]   [4] register_tm_clones @ 0x16f0 (大小: 0)
2026/01/12 16:00:58 [DEBUG] resolveInMapping: 符号表未找到函数名
2026/01/12 16:00:58 [DEBUG] resolveInMapping: 从DWARF查找行号信息
2026/01/12 16:00:58 [DEBUG] resolveInMapping: DWARF未找到行号信息: line info not found
2026/01/12 16:00:58 [DEBUG] resolveInMapping: 从DWARF查找函数名
2026/01/12 16:00:58 [DEBUG] findDwarfFunction: 共检查了 20 个函数，未找到匹配
2026/01/12 16:00:58 [DEBUG] resolveInMapping: DWARF未找到函数名
2026/01/12 16:00:58 [DEBUG] resolveInMapping: 解析失败，未找到符号信息
2026/01/12 16:00:58 [DEBUG] ResolveAddress: 开始解析地址 0x563d3093152b (主程序基址: 0x563d30931000 - 0x563d30932000)
2026/01/12 16:00:58 [DEBUG] ResolveAddress: 主程序地址，文件偏移 0x52b
2026/01/12 16:00:58 [DEBUG] resolveInMapping: 从符号表查找文件偏移 0x52b
2026/01/12 16:00:58 [DEBUG] findSymbolInList: 在31个符号中查找地址 0x52b
2026/01/12 16:00:58 [DEBUG] findSymbolInList: 前5个符号:
2026/01/12 16:00:58 [DEBUG]   [0] _init @ 0x1000 (大小: 0)
2026/01/12 16:00:58 [DEBUG]   [1] main @ 0x10c0 (大小: 1479)
2026/01/12 16:00:58 [DEBUG]   [2] _start @ 0x1690 (大小: 38)
2026/01/12 16:00:58 [DEBUG]   [3] deregister_tm_clones @ 0x16c0 (大小: 0)
2026/01/12 16:00:58 [DEBUG]   [4] register_tm_clones @ 0x16f0 (大小: 0)
2026/01/12 16:00:58 [DEBUG] resolveInMapping: 符号表未找到函数名
2026/01/12 16:00:58 [DEBUG] resolveInMapping: 从DWARF查找行号信息
2026/01/12 16:00:58 [DEBUG] resolveInMapping: DWARF未找到行号信息: line info not found
2026/01/12 16:00:58 [DEBUG] resolveInMapping: 从DWARF查找函数名
2026/01/12 16:00:58 [DEBUG] findDwarfFunction: 共检查了 20 个函数，未找到匹配
2026/01/12 16:00:58 [DEBUG] resolveInMapping: DWARF未找到函数名
2026/01/12 16:00:58 [DEBUG] resolveInMapping: 解析失败，未找到符号信息
2026/01/12 16:00:58 [DEBUG] ResolveAddress: 开始解析地址 0x563d30931500 (主程序基址: 0x563d30931000 - 0x563d30932000)
2026/01/12 16:00:58 [DEBUG] ResolveAddress: 主程序地址，文件偏移 0x500
2026/01/12 16:00:58 [DEBUG] resolveInMapping: 从符号表查找文件偏移 0x500
2026/01/12 16:00:58 [DEBUG] findSymbolInList: 在31个符号中查找地址 0x500
2026/01/12 16:00:58 [DEBUG] findSymbolInList: 前5个符号:
2026/01/12 16:00:58 [DEBUG]   [0] _init @ 0x1000 (大小: 0)
2026/01/12 16:00:58 [DEBUG]   [1] main @ 0x10c0 (大小: 1479)
2026/01/12 16:00:58 [DEBUG]   [2] _start @ 0x1690 (大小: 38)
2026/01/12 16:00:58 [DEBUG]   [3] deregister_tm_clones @ 0x16c0 (大小: 0)
2026/01/12 16:00:58 [DEBUG]   [4] register_tm_clones @ 0x16f0 (大小: 0)
2026/01/12 16:00:58 [DEBUG] resolveInMapping: 符号表未找到函数名
2026/01/12 16:00:58 [DEBUG] resolveInMapping: 从DWARF查找行号信息
2026/01/12 16:00:58 [DEBUG] resolveInMapping: DWARF未找到行号信息: line info not found
2026/01/12 16:00:58 [DEBUG] resolveInMapping: 从DWARF查找函数名
2026/01/12 16:00:58 [DEBUG] findDwarfFunction: 共检查了 20 个函数，未找到匹配
2026/01/12 16:00:58 [DEBUG] resolveInMapping: DWARF未找到函数名
2026/01/12 16:00:58 [DEBUG] resolveInMapping: 解析失败，未找到符号信息
2026/01/12 16:00:58 [DEBUG] ResolveAddress: 开始解析地址 0x563d3093154c (主程序基址: 0x563d30931000 - 0x563d30932000)
2026/01/12 16:00:58 [DEBUG] ResolveAddress: 主程序地址，文件偏移 0x54c
2026/01/12 16:00:58 [DEBUG] resolveInMapping: 从符号表查找文件偏移 0x54c
2026/01/12 16:00:58 [DEBUG] findSymbolInList: 在31个符号中查找地址 0x54c
2026/01/12 16:00:58 [DEBUG] findSymbolInList: 前5个符号:
2026/01/12 16:00:58 [DEBUG]   [0] _init @ 0x1000 (大小: 0)
2026/01/12 16:00:58 [DEBUG]   [1] main @ 0x10c0 (大小: 1479)
2026/01/12 16:00:58 [DEBUG]   [2] _start @ 0x1690 (大小: 38)
2026/01/12 16:00:58 [DEBUG]   [3] deregister_tm_clones @ 0x16c0 (大小: 0)
2026/01/12 16:00:58 [DEBUG]   [4] register_tm_clones @ 0x16f0 (大小: 0)
2026/01/12 16:00:58 [DEBUG] resolveInMapping: 符号表未找到函数名
2026/01/12 16:00:58 [DEBUG] resolveInMapping: 从DWARF查找行号信息
2026/01/12 16:00:58 [DEBUG] resolveInMapping: DWARF未找到行号信息: line info not found
2026/01/12 16:00:58 [DEBUG] resolveInMapping: 从DWARF查找函数名
2026/01/12 16:00:58 [DEBUG] findDwarfFunction: 共检查了 20 个函数，未找到匹配
2026/01/12 16:00:58 [DEBUG] resolveInMapping: DWARF未找到函数名
2026/01/12 16:00:58 [DEBUG] resolveInMapping: 解析失败，未找到符号信息
2026/01/12 16:00:58 [DEBUG] ResolveAddress: 开始解析地址 0x563d30931529 (主程序基址: 0x563d30931000 - 0x563d30932000)
2026/01/12 16:00:58 [DEBUG] ResolveAddress: 主程序地址，文件偏移 0x529
2026/01/12 16:00:58 [DEBUG] resolveInMapping: 从符号表查找文件偏移 0x529
2026/01/12 16:00:58 [DEBUG] findSymbolInList: 在31个符号中查找地址 0x529
2026/01/12 16:00:58 [DEBUG] findSymbolInList: 前5个符号:
2026/01/12 16:00:58 [DEBUG]   [0] _init @ 0x1000 (大小: 0)
2026/01/12 16:00:58 [DEBUG]   [1] main @ 0x10c0 (大小: 1479)
2026/01/12 16:00:58 [DEBUG]   [2] _start @ 0x1690 (大小: 38)
2026/01/12 16:00:58 [DEBUG]   [3] deregister_tm_clones @ 0x16c0 (大小: 0)
2026/01/12 16:00:58 [DEBUG]   [4] register_tm_clones @ 0x16f0 (大小: 0)
2026/01/12 16:00:58 [DEBUG] resolveInMapping: 符号表未找到函数名
2026/01/12 16:00:58 [DEBUG] resolveInMapping: 从DWARF查找行号信息
2026/01/12 16:00:58 [DEBUG] resolveInMapping: DWARF未找到行号信息: line info not found
2026/01/12 16:00:58 [DEBUG] resolveInMapping: 从DWARF查找函数名
2026/01/12 16:00:58 [DEBUG] findDwarfFunction: 共检查了 20 个函数，未找到匹配
2026/01/12 16:00:58 [DEBUG] resolveInMapping: DWARF未找到函数名
2026/01/12 16:00:58 [DEBUG] resolveInMapping: 解析失败，未找到符号信息
2026/01/12 16:00:58 [DEBUG] ResolveAddress: 开始解析地址 0x563d3093152b (主程序基址: 0x563d30931000 - 0x563d30932000)
2026/01/12 16:00:58 [DEBUG] ResolveAddress: 主程序地址，文件偏移 0x52b
2026/01/12 16:00:58 [DEBUG] resolveInMapping: 从符号表查找文件偏移 0x52b
2026/01/12 16:00:58 [DEBUG] findSymbolInList: 在31个符号中查找地址 0x52b
2026/01/12 16:00:58 [DEBUG] findSymbolInList: 前5个符号:
2026/01/12 16:00:58 [DEBUG]   [0] _init @ 0x1000 (大小: 0)
2026/01/12 16:00:58 [DEBUG]   [1] main @ 0x10c0 (大小: 1479)
2026/01/12 16:00:58 [DEBUG]   [2] _start @ 0x1690 (大小: 38)
2026/01/12 16:00:58 [DEBUG]   [3] deregister_tm_clones @ 0x16c0 (大小: 0)
2026/01/12 16:00:58 [DEBUG]   [4] register_tm_clones @ 0x16f0 (大小: 0)
2026/01/12 16:00:58 [DEBUG] resolveInMapping: 符号表未找到函数名
2026/01/12 16:00:58 [DEBUG] resolveInMapping: 从DWARF查找行号信息
2026/01/12 16:00:58 [DEBUG] resolveInMapping: DWARF未找到行号信息: line info not found
2026/01/12 16:00:58 [DEBUG] resolveInMapping: 从DWARF查找函数名
2026/01/12 16:00:58 [DEBUG] findDwarfFunction: 共检查了 20 个函数，未找到匹配
2026/01/12 16:00:58 [DEBUG] resolveInMapping: DWARF未找到函数名
2026/01/12 16:00:58 [DEBUG] resolveInMapping: 解析失败，未找到符号信息
2026/01/12 16:00:58 [DEBUG] ResolveAddress: 开始解析地址 0x563d30931500 (主程序基址: 0x563d30931000 - 0x563d30932000)
2026/01/12 16:00:58 [DEBUG] ResolveAddress: 主程序地址，文件偏移 0x500
2026/01/12 16:00:58 [DEBUG] resolveInMapping: 从符号表查找文件偏移 0x500
2026/01/12 16:00:58 [DEBUG] findSymbolInList: 在31个符号中查找地址 0x500
2026/01/12 16:00:58 [DEBUG] findSymbolInList: 前5个符号:
2026/01/12 16:00:58 [DEBUG]   [0] _init @ 0x1000 (大小: 0)
2026/01/12 16:00:58 [DEBUG]   [1] main @ 0x10c0 (大小: 1479)
2026/01/12 16:00:58 [DEBUG]   [2] _start @ 0x1690 (大小: 38)
2026/01/12 16:00:58 [DEBUG]   [3] deregister_tm_clones @ 0x16c0 (大小: 0)
2026/01/12 16:00:58 [DEBUG]   [4] register_tm_clones @ 0x16f0 (大小: 0)
2026/01/12 16:00:58 [DEBUG] resolveInMapping: 符号表未找到函数名
2026/01/12 16:00:58 [DEBUG] resolveInMapping: 从DWARF查找行号信息
2026/01/12 16:00:58 [DEBUG] resolveInMapping: DWARF未找到行号信息: line info not found
2026/01/12 16:00:58 [DEBUG] resolveInMapping: 从DWARF查找函数名
2026/01/12 16:00:58 [DEBUG] findDwarfFunction: 共检查了 20 个函数，未找到匹配
2026/01/12 16:00:58 [DEBUG] resolveInMapping: DWARF未找到函数名
2026/01/12 16:00:58 [DEBUG] resolveInMapping: 解析失败，未找到符号信息
2026/01/12 16:00:58 [DEBUG] ResolveAddress: 开始解析地址 0x563d3093154c (主程序基址: 0x563d30931000 - 0x563d30932000)
2026/01/12 16:00:58 [DEBUG] ResolveAddress: 主程序地址，文件偏移 0x54c
2026/01/12 16:00:58 [DEBUG] resolveInMapping: 从符号表查找文件偏移 0x54c
2026/01/12 16:00:58 [DEBUG] findSymbolInList: 在31个符号中查找地址 0x54c
2026/01/12 16:00:58 [DEBUG] findSymbolInList: 前5个符号:
2026/01/12 16:00:58 [DEBUG]   [0] _init @ 0x1000 (大小: 0)
2026/01/12 16:00:58 [DEBUG]   [1] main @ 0x10c0 (大小: 1479)
2026/01/12 16:00:58 [DEBUG]   [2] _start @ 0x1690 (大小: 38)
2026/01/12 16:00:58 [DEBUG]   [3] deregister_tm_clones @ 0x16c0 (大小: 0)
2026/01/12 16:00:58 [DEBUG]   [4] register_tm_clones @ 0x16f0 (大小: 0)
2026/01/12 16:00:58 [DEBUG] resolveInMapping: 符号表未找到函数名
2026/01/12 16:00:58 [DEBUG] resolveInMapping: 从DWARF查找行号信息
2026/01/12 16:00:58 [DEBUG] resolveInMapping: DWARF未找到行号信息: line info not found
2026/01/12 16:00:58 [DEBUG] resolveInMapping: 从DWARF查找函数名
2026/01/12 16:00:58 [DEBUG] findDwarfFunction: 共检查了 20 个函数，未找到匹配
2026/01/12 16:00:58 [DEBUG] resolveInMapping: DWARF未找到函数名
2026/01/12 16:00:58 [DEBUG] resolveInMapping: 解析失败，未找到符号信息
2026/01/12 16:00:58 [DEBUG] ResolveAddress: 开始解析地址 0x563d30931529 (主程序基址: 0x563d30931000 - 0x563d30932000)
2026/01/12 16:00:58 [DEBUG] ResolveAddress: 主程序地址，文件偏移 0x529
2026/01/12 16:00:58 [DEBUG] resolveInMapping: 从符号表查找文件偏移 0x529
2026/01/12 16:00:58 [DEBUG] findSymbolInList: 在31个符号中查找地址 0x529
2026/01/12 16:00:58 [DEBUG] findSymbolInList: 前5个符号:
2026/01/12 16:00:58 [DEBUG]   [0] _init @ 0x1000 (大小: 0)
2026/01/12 16:00:58 [DEBUG]   [1] main @ 0x10c0 (大小: 1479)
2026/01/12 16:00:58 [DEBUG]   [2] _start @ 0x1690 (大小: 38)
2026/01/12 16:00:58 [DEBUG]   [3] deregister_tm_clones @ 0x16c0 (大小: 0)
2026/01/12 16:00:58 [DEBUG]   [4] register_tm_clones @ 0x16f0 (大小: 0)
2026/01/12 16:00:58 [DEBUG] resolveInMapping: 符号表未找到函数名
2026/01/12 16:00:58 [DEBUG] resolveInMapping: 从DWARF查找行号信息
2026/01/12 16:00:58 [DEBUG] resolveInMapping: DWARF未找到行号信息: line info not found
2026/01/12 16:00:58 [DEBUG] resolveInMapping: 从DWARF查找函数名
2026/01/12 16:00:58 [DEBUG] findDwarfFunction: 共检查了 20 个函数，未找到匹配
2026/01/12 16:00:58 [DEBUG] resolveInMapping: DWARF未找到函数名
2026/01/12 16:00:58 [DEBUG] resolveInMapping: 解析失败，未找到符号信息
2026/01/12 16:00:58 [DEBUG] ResolveAddress: 开始解析地址 0x563d3093152b (主程序基址: 0x563d30931000 - 0x563d30932000)
2026/01/12 16:00:58 [DEBUG] ResolveAddress: 主程序地址，文件偏移 0x52b
2026/01/12 16:00:58 [DEBUG] resolveInMapping: 从符号表查找文件偏移 0x52b
2026/01/12 16:00:58 [DEBUG] findSymbolInList: 在31个符号中查找地址 0x52b
2026/01/12 16:00:58 [DEBUG] findSymbolInList: 前5个符号:
2026/01/12 16:00:58 [DEBUG]   [0] _init @ 0x1000 (大小: 0)
2026/01/12 16:00:58 [DEBUG]   [1] main @ 0x10c0 (大小: 1479)
2026/01/12 16:00:58 [DEBUG]   [2] _start @ 0x1690 (大小: 38)
2026/01/12 16:00:58 [DEBUG]   [3] deregister_tm_clones @ 0x16c0 (大小: 0)
2026/01/12 16:00:58 [DEBUG]   [4] register_tm_clones @ 0x16f0 (大小: 0)
2026/01/12 16:00:58 [DEBUG] resolveInMapping: 符号表未找到函数名
2026/01/12 16:00:58 [DEBUG] resolveInMapping: 从DWARF查找行号信息
2026/01/12 16:00:58 [DEBUG] resolveInMapping: DWARF未找到行号信息: line info not found
2026/01/12 16:00:58 [DEBUG] resolveInMapping: 从DWARF查找函数名
2026/01/12 16:00:58 [DEBUG] findDwarfFunction: 共检查了 20 个函数，未找到匹配
2026/01/12 16:00:58 [DEBUG] resolveInMapping: DWARF未找到函数名
2026/01/12 16:00:58 [DEBUG] resolveInMapping: 解析失败，未找到符号信息
2026/01/12 16:00:58 [DEBUG] ResolveAddress: 开始解析地址 0x563d30931500 (主程序基址: 0x563d30931000 - 0x563d30932000)
2026/01/12 16:00:58 [DEBUG] ResolveAddress: 主程序地址，文件偏移 0x500
2026/01/12 16:00:58 [DEBUG] resolveInMapping: 从符号表查找文件偏移 0x500
2026/01/12 16:00:58 [DEBUG] findSymbolInList: 在31个符号中查找地址 0x500
2026/01/12 16:00:58 [DEBUG] findSymbolInList: 前5个符号:
2026/01/12 16:00:58 [DEBUG]   [0] _init @ 0x1000 (大小: 0)
2026/01/12 16:00:58 [DEBUG]   [1] main @ 0x10c0 (大小: 1479)
2026/01/12 16:00:58 [DEBUG]   [2] _start @ 0x1690 (大小: 38)
2026/01/12 16:00:58 [DEBUG]   [3] deregister_tm_clones @ 0x16c0 (大小: 0)
2026/01/12 16:00:58 [DEBUG]   [4] register_tm_clones @ 0x16f0 (大小: 0)
2026/01/12 16:00:58 [DEBUG] resolveInMapping: 符号表未找到函数名
2026/01/12 16:00:58 [DEBUG] resolveInMapping: 从DWARF查找行号信息
2026/01/12 16:00:58 [DEBUG] resolveInMapping: DWARF未找到行号信息: line info not found
2026/01/12 16:00:58 [DEBUG] resolveInMapping: 从DWARF查找函数名
2026/01/12 16:00:58 [DEBUG] findDwarfFunction: 共检查了 20 个函数，未找到匹配
2026/01/12 16:00:58 [DEBUG] resolveInMapping: DWARF未找到函数名
2026/01/12 16:00:58 [DEBUG] resolveInMapping: 解析失败，未找到符号信息
2026/01/12 16:00:58 [DEBUG] ResolveAddress: 开始解析地址 0x563d3093154c (主程序基址: 0x563d30931000 - 0x563d30932000)
2026/01/12 16:00:58 [DEBUG] ResolveAddress: 主程序地址，文件偏移 0x54c
2026/01/12 16:00:58 [DEBUG] resolveInMapping: 从符号表查找文件偏移 0x54c
2026/01/12 16:00:58 [DEBUG] findSymbolInList: 在31个符号中查找地址 0x54c
2026/01/12 16:00:58 [DEBUG] findSymbolInList: 前5个符号:
2026/01/12 16:00:58 [DEBUG]   [0] _init @ 0x1000 (大小: 0)
2026/01/12 16:00:58 [DEBUG]   [1] main @ 0x10c0 (大小: 1479)
2026/01/12 16:00:58 [DEBUG]   [2] _start @ 0x1690 (大小: 38)
2026/01/12 16:00:58 [DEBUG]   [3] deregister_tm_clones @ 0x16c0 (大小: 0)
2026/01/12 16:00:58 [DEBUG]   [4] register_tm_clones @ 0x16f0 (大小: 0)
2026/01/12 16:00:58 [DEBUG] resolveInMapping: 符号表未找到函数名
2026/01/12 16:00:58 [DEBUG] resolveInMapping: 从DWARF查找行号信息
2026/01/12 16:00:58 [DEBUG] resolveInMapping: DWARF未找到行号信息: line info not found
2026/01/12 16:00:58 [DEBUG] resolveInMapping: 从DWARF查找函数名
2026/01/12 16:00:58 [DEBUG] findDwarfFunction: 共检查了 20 个函数，未找到匹配
2026/01/12 16:00:58 [DEBUG] resolveInMapping: DWARF未找到函数名
2026/01/12 16:00:58 [DEBUG] resolveInMapping: 解析失败，未找到符号信息
2026/01/12 16:00:58 [DEBUG] ResolveAddress: 开始解析地址 0x563d30931529 (主程序基址: 0x563d30931000 - 0x563d30932000)
2026/01/12 16:00:58 [DEBUG] ResolveAddress: 主程序地址，文件偏移 0x529
2026/01/12 16:00:58 [DEBUG] resolveInMapping: 从符号表查找文件偏移 0x529
2026/01/12 16:00:58 [DEBUG] findSymbolInList: 在31个符号中查找地址 0x529
2026/01/12 16:00:58 [DEBUG] findSymbolInList: 前5个符号:
2026/01/12 16:00:58 [DEBUG]   [0] _init @ 0x1000 (大小: 0)
2026/01/12 16:00:58 [DEBUG]   [1] main @ 0x10c0 (大小: 1479)
2026/01/12 16:00:58 [DEBUG]   [2] _start @ 0x1690 (大小: 38)
2026/01/12 16:00:58 [DEBUG]   [3] deregister_tm_clones @ 0x16c0 (大小: 0)
2026/01/12 16:00:58 [DEBUG]   [4] register_tm_clones @ 0x16f0 (大小: 0)
2026/01/12 16:00:58 [DEBUG] resolveInMapping: 符号表未找到函数名
2026/01/12 16:00:58 [DEBUG] resolveInMapping: 从DWARF查找行号信息
2026/01/12 16:00:58 [DEBUG] resolveInMapping: DWARF未找到行号信息: line info not found
2026/01/12 16:00:58 [DEBUG] resolveInMapping: 从DWARF查找函数名
2026/01/12 16:00:58 [DEBUG] findDwarfFunction: 共检查了 20 个函数，未找到匹配
2026/01/12 16:00:58 [DEBUG] resolveInMapping: DWARF未找到函数名
2026/01/12 16:00:58 [DEBUG] resolveInMapping: 解析失败，未找到符号信息
2026/01/12 16:00:58 [DEBUG] ResolveAddress: 开始解析地址 0x563d3093152b (主程序基址: 0x563d30931000 - 0x563d30932000)
2026/01/12 16:00:58 [DEBUG] ResolveAddress: 主程序地址，文件偏移 0x52b
2026/01/12 16:00:58 [DEBUG] resolveInMapping: 从符号表查找文件偏移 0x52b
2026/01/12 16:00:58 [DEBUG] findSymbolInList: 在31个符号中查找地址 0x52b
2026/01/12 16:00:58 [DEBUG] findSymbolInList: 前5个符号:
2026/01/12 16:00:58 [DEBUG]   [0] _init @ 0x1000 (大小: 0)
2026/01/12 16:00:58 [DEBUG]   [1] main @ 0x10c0 (大小: 1479)
2026/01/12 16:00:58 [DEBUG]   [2] _start @ 0x1690 (大小: 38)
2026/01/12 16:00:58 [DEBUG]   [3] deregister_tm_clones @ 0x16c0 (大小: 0)
2026/01/12 16:00:58 [DEBUG]   [4] register_tm_clones @ 0x16f0 (大小: 0)
2026/01/12 16:00:58 [DEBUG] resolveInMapping: 符号表未找到函数名
2026/01/12 16:00:58 [DEBUG] resolveInMapping: 从DWARF查找行号信息
2026/01/12 16:00:58 [DEBUG] resolveInMapping: DWARF未找到行号信息: line info not found
2026/01/12 16:00:58 [DEBUG] resolveInMapping: 从DWARF查找函数名
2026/01/12 16:00:58 [DEBUG] findDwarfFunction: 共检查了 20 个函数，未找到匹配
2026/01/12 16:00:58 [DEBUG] resolveInMapping: DWARF未找到函数名
2026/01/12 16:00:58 [DEBUG] resolveInMapping: 解析失败，未找到符号信息
2026/01/12 16:00:58 [DEBUG] ResolveAddress: 开始解析地址 0x563d30931500 (主程序基址: 0x563d30931000 - 0x563d30932000)
2026/01/12 16:00:58 [DEBUG] ResolveAddress: 主程序地址，文件偏移 0x500
2026/01/12 16:00:58 [DEBUG] resolveInMapping: 从符号表查找文件偏移 0x500
2026/01/12 16:00:58 [DEBUG] findSymbolInList: 在31个符号中查找地址 0x500
2026/01/12 16:00:58 [DEBUG] findSymbolInList: 前5个符号:
2026/01/12 16:00:58 [DEBUG]   [0] _init @ 0x1000 (大小: 0)
2026/01/12 16:00:58 [DEBUG]   [1] main @ 0x10c0 (大小: 1479)
2026/01/12 16:00:58 [DEBUG]   [2] _start @ 0x1690 (大小: 38)
2026/01/12 16:00:58 [DEBUG]   [3] deregister_tm_clones @ 0x16c0 (大小: 0)
2026/01/12 16:00:58 [DEBUG]   [4] register_tm_clones @ 0x16f0 (大小: 0)
2026/01/12 16:00:58 [DEBUG] resolveInMapping: 符号表未找到函数名
2026/01/12 16:00:58 [DEBUG] resolveInMapping: 从DWARF查找行号信息
2026/01/12 16:00:58 [DEBUG] resolveInMapping: DWARF未找到行号信息: line info not found
2026/01/12 16:00:58 [DEBUG] resolveInMapping: 从DWARF查找函数名
2026/01/12 16:00:58 [DEBUG] findDwarfFunction: 共检查了 20 个函数，未找到匹配
2026/01/12 16:00:58 [DEBUG] resolveInMapping: DWARF未找到函数名
2026/01/12 16:00:58 [DEBUG] resolveInMapping: 解析失败，未找到符号信息
2026/01/12 16:00:58 [DEBUG] ResolveAddress: 开始解析地址 0x563d3093154c (主程序基址: 0x563d30931000 - 0x563d30932000)
2026/01/12 16:00:58 [DEBUG] ResolveAddress: 主程序地址，文件偏移 0x54c
2026/01/12 16:00:58 [DEBUG] resolveInMapping: 从符号表查找文件偏移 0x54c
2026/01/12 16:00:58 [DEBUG] findSymbolInList: 在31个符号中查找地址 0x54c
2026/01/12 16:00:58 [DEBUG] findSymbolInList: 前5个符号:
2026/01/12 16:00:58 [DEBUG]   [0] _init @ 0x1000 (大小: 0)
2026/01/12 16:00:58 [DEBUG]   [1] main @ 0x10c0 (大小: 1479)
2026/01/12 16:00:58 [DEBUG]   [2] _start @ 0x1690 (大小: 38)
2026/01/12 16:00:58 [DEBUG]   [3] deregister_tm_clones @ 0x16c0 (大小: 0)
2026/01/12 16:00:58 [DEBUG]   [4] register_tm_clones @ 0x16f0 (大小: 0)
2026/01/12 16:00:58 [DEBUG] resolveInMapping: 符号表未找到函数名
2026/01/12 16:00:58 [DEBUG] resolveInMapping: 从DWARF查找行号信息
2026/01/12 16:00:58 [DEBUG] resolveInMapping: DWARF未找到行号信息: line info not found
2026/01/12 16:00:58 [DEBUG] resolveInMapping: 从DWARF查找函数名
2026/01/12 16:00:58 [DEBUG] findDwarfFunction: 共检查了 20 个函数，未找到匹配
2026/01/12 16:00:58 [DEBUG] resolveInMapping: DWARF未找到函数名
2026/01/12 16:00:58 [DEBUG] resolveInMapping: 解析失败，未找到符号信息
2026/01/12 16:00:58 [DEBUG] ResolveAddress: 开始解析地址 0x563d30931529 (主程序基址: 0x563d30931000 - 0x563d30932000)
2026/01/12 16:00:58 [DEBUG] ResolveAddress: 主程序地址，文件偏移 0x529
2026/01/12 16:00:58 [DEBUG] resolveInMapping: 从符号表查找文件偏移 0x529
2026/01/12 16:00:58 [DEBUG] findSymbolInList: 在31个符号中查找地址 0x529
2026/01/12 16:00:58 [DEBUG] findSymbolInList: 前5个符号:
2026/01/12 16:00:58 [DEBUG]   [0] _init @ 0x1000 (大小: 0)
2026/01/12 16:00:58 [DEBUG]   [1] main @ 0x10c0 (大小: 1479)
2026/01/12 16:00:58 [DEBUG]   [2] _start @ 0x1690 (大小: 38)
2026/01/12 16:00:58 [DEBUG]   [3] deregister_tm_clones @ 0x16c0 (大小: 0)
2026/01/12 16:00:58 [DEBUG]   [4] register_tm_clones @ 0x16f0 (大小: 0)
2026/01/12 16:00:58 [DEBUG] resolveInMapping: 符号表未找到函数名
2026/01/12 16:00:58 [DEBUG] resolveInMapping: 从DWARF查找行号信息
2026/01/12 16:00:58 [DEBUG] resolveInMapping: DWARF未找到行号信息: line info not found
2026/01/12 16:00:58 [DEBUG] resolveInMapping: 从DWARF查找函数名
2026/01/12 16:00:58 [DEBUG] findDwarfFunction: 共检查了 20 个函数，未找到匹配
2026/01/12 16:00:58 [DEBUG] resolveInMapping: DWARF未找到函数名
2026/01/12 16:00:58 [DEBUG] resolveInMapping: 解析失败，未找到符号信息
2026/01/12 16:00:58 [DEBUG] ResolveAddress: 开始解析地址 0x563d3093152b (主程序基址: 0x563d30931000 - 0x563d30932000)
2026/01/12 16:00:58 [DEBUG] ResolveAddress: 主程序地址，文件偏移 0x52b
2026/01/12 16:00:58 [DEBUG] resolveInMapping: 从符号表查找文件偏移 0x52b
2026/01/12 16:00:58 [DEBUG] findSymbolInList: 在31个符号中查找地址 0x52b
2026/01/12 16:00:58 [DEBUG] findSymbolInList: 前5个符号:
2026/01/12 16:00:58 [DEBUG]   [0] _init @ 0x1000 (大小: 0)
2026/01/12 16:00:58 [DEBUG]   [1] main @ 0x10c0 (大小: 1479)
2026/01/12 16:00:58 [DEBUG]   [2] _start @ 0x1690 (大小: 38)
2026/01/12 16:00:58 [DEBUG]   [3] deregister_tm_clones @ 0x16c0 (大小: 0)
2026/01/12 16:00:58 [DEBUG]   [4] register_tm_clones @ 0x16f0 (大小: 0)
2026/01/12 16:00:58 [DEBUG] resolveInMapping: 符号表未找到函数名
2026/01/12 16:00:58 [DEBUG] resolveInMapping: 从DWARF查找行号信息
2026/01/12 16:00:58 [DEBUG] resolveInMapping: DWARF未找到行号信息: line info not found
2026/01/12 16:00:58 [DEBUG] resolveInMapping: 从DWARF查找函数名
2026/01/12 16:00:58 [DEBUG] findDwarfFunction: 共检查了 20 个函数，未找到匹配
2026/01/12 16:00:58 [DEBUG] resolveInMapping: DWARF未找到函数名
2026/01/12 16:00:58 [DEBUG] resolveInMapping: 解析失败，未找到符号信息
2026/01/12 16:00:58 [DEBUG] ResolveAddress: 开始解析地址 0x563d30931500 (主程序基址: 0x563d30931000 - 0x563d30932000)
2026/01/12 16:00:58 [DEBUG] ResolveAddress: 主程序地址，文件偏移 0x500
2026/01/12 16:00:58 [DEBUG] resolveInMapping: 从符号表查找文件偏移 0x500
2026/01/12 16:00:58 [DEBUG] findSymbolInList: 在31个符号中查找地址 0x500
2026/01/12 16:00:58 [DEBUG] findSymbolInList: 前5个符号:
2026/01/12 16:00:58 [DEBUG]   [0] _init @ 0x1000 (大小: 0)
2026/01/12 16:00:58 [DEBUG]   [1] main @ 0x10c0 (大小: 1479)
2026/01/12 16:00:58 [DEBUG]   [2] _start @ 0x1690 (大小: 38)
2026/01/12 16:00:58 [DEBUG]   [3] deregister_tm_clones @ 0x16c0 (大小: 0)
2026/01/12 16:00:58 [DEBUG]   [4] register_tm_clones @ 0x16f0 (大小: 0)
2026/01/12 16:00:58 [DEBUG] resolveInMapping: 符号表未找到函数名
2026/01/12 16:00:58 [DEBUG] resolveInMapping: 从DWARF查找行号信息
2026/01/12 16:00:58 [DEBUG] resolveInMapping: DWARF未找到行号信息: line info not found
2026/01/12 16:00:58 [DEBUG] resolveInMapping: 从DWARF查找函数名
2026/01/12 16:00:58 [DEBUG] findDwarfFunction: 共检查了 20 个函数，未找到匹配
2026/01/12 16:00:58 [DEBUG] resolveInMapping: DWARF未找到函数名
2026/01/12 16:00:58 [DEBUG] resolveInMapping: 解析失败，未找到符号信息
2026/01/12 16:00:58 [DEBUG] ResolveAddress: 开始解析地址 0x563d3093154c (主程序基址: 0x563d30931000 - 0x563d30932000)
2026/01/12 16:00:58 [DEBUG] ResolveAddress: 主程序地址，文件偏移 0x54c
2026/01/12 16:00:58 [DEBUG] resolveInMapping: 从符号表查找文件偏移 0x54c
2026/01/12 16:00:58 [DEBUG] findSymbolInList: 在31个符号中查找地址 0x54c
2026/01/12 16:00:58 [DEBUG] findSymbolInList: 前5个符号:
2026/01/12 16:00:58 [DEBUG]   [0] _init @ 0x1000 (大小: 0)
2026/01/12 16:00:58 [DEBUG]   [1] main @ 0x10c0 (大小: 1479)
2026/01/12 16:00:58 [DEBUG]   [2] _start @ 0x1690 (大小: 38)
2026/01/12 16:00:58 [DEBUG]   [3] deregister_tm_clones @ 0x16c0 (大小: 0)
2026/01/12 16:00:58 [DEBUG]   [4] register_tm_clones @ 0x16f0 (大小: 0)
2026/01/12 16:00:58 [DEBUG] resolveInMapping: 符号表未找到函数名
2026/01/12 16:00:58 [DEBUG] resolveInMapping: 从DWARF查找行号信息
2026/01/12 16:00:58 [DEBUG] resolveInMapping: DWARF未找到行号信息: line info not found
2026/01/12 16:00:58 [DEBUG] resolveInMapping: 从DWARF查找函数名
2026/01/12 16:00:58 [DEBUG] findDwarfFunction: 共检查了 20 个函数，未找到匹配
2026/01/12 16:00:58 [DEBUG] resolveInMapping: DWARF未找到函数名
2026/01/12 16:00:58 [DEBUG] resolveInMapping: 解析失败，未找到符号信息
2026/01/12 16:00:58 [DEBUG] ResolveAddress: 开始解析地址 0x563d30931529 (主程序基址: 0x563d30931000 - 0x563d30932000)
2026/01/12 16:00:58 [DEBUG] ResolveAddress: 主程序地址，文件偏移 0x529
2026/01/12 16:00:58 [DEBUG] resolveInMapping: 从符号表查找文件偏移 0x529
2026/01/12 16:00:58 [DEBUG] findSymbolInList: 在31个符号中查找地址 0x529
2026/01/12 16:00:58 [DEBUG] findSymbolInList: 前5个符号:
2026/01/12 16:00:58 [DEBUG]   [0] _init @ 0x1000 (大小: 0)
2026/01/12 16:00:58 [DEBUG]   [1] main @ 0x10c0 (大小: 1479)
2026/01/12 16:00:58 [DEBUG]   [2] _start @ 0x1690 (大小: 38)
2026/01/12 16:00:58 [DEBUG]   [3] deregister_tm_clones @ 0x16c0 (大小: 0)
2026/01/12 16:00:58 [DEBUG]   [4] register_tm_clones @ 0x16f0 (大小: 0)
2026/01/12 16:00:58 [DEBUG] resolveInMapping: 符号表未找到函数名
2026/01/12 16:00:58 [DEBUG] resolveInMapping: 从DWARF查找行号信息
2026/01/12 16:00:58 [DEBUG] resolveInMapping: DWARF未找到行号信息: line info not found
2026/01/12 16:00:58 [DEBUG] resolveInMapping: 从DWARF查找函数名
2026/01/12 16:00:58 [DEBUG] findDwarfFunction: 共检查了 20 个函数，未找到匹配
2026/01/12 16:00:58 [DEBUG] resolveInMapping: DWARF未找到函数名
2026/01/12 16:00:58 [DEBUG] resolveInMapping: 解析失败，未找到符号信息
2026/01/12 16:00:58 [DEBUG] ResolveAddress: 开始解析地址 0x563d309314c0 (主程序基址: 0x563d30931000 - 0x563d30932000)
2026/01/12 16:00:58 [DEBUG] ResolveAddress: 主程序地址，文件偏移 0x4c0
2026/01/12 16:00:58 [DEBUG] resolveInMapping: 从符号表查找文件偏移 0x4c0
2026/01/12 16:00:58 [DEBUG] findSymbolInList: 在31个符号中查找地址 0x4c0
2026/01/12 16:00:58 [DEBUG] findSymbolInList: 前5个符号:
2026/01/12 16:00:58 [DEBUG]   [0] _init @ 0x1000 (大小: 0)
2026/01/12 16:00:58 [DEBUG]   [1] main @ 0x10c0 (大小: 1479)
2026/01/12 16:00:58 [DEBUG]   [2] _start @ 0x1690 (大小: 38)
2026/01/12 16:00:58 [DEBUG]   [3] deregister_tm_clones @ 0x16c0 (大小: 0)
2026/01/12 16:00:58 [DEBUG]   [4] register_tm_clones @ 0x16f0 (大小: 0)
2026/01/12 16:00:58 [DEBUG] resolveInMapping: 符号表未找到函数名
2026/01/12 16:00:58 [DEBUG] resolveInMapping: 从DWARF查找行号信息
2026/01/12 16:00:58 [DEBUG] resolveInMapping: DWARF未找到行号信息: line info not found
2026/01/12 16:00:58 [DEBUG] resolveInMapping: 从DWARF查找函数名
2026/01/12 16:00:58 [DEBUG] findDwarfFunction: 共检查了 20 个函数，未找到匹配
2026/01/12 16:00:58 [DEBUG] resolveInMapping: DWARF未找到函数名
2026/01/12 16:00:58 [DEBUG] resolveInMapping: 解析失败，未找到符号信息
2026/01/12 16:00:58 [DEBUG] ResolveAddress: 开始解析地址 0x563d30931529 (主程序基址: 0x563d30931000 - 0x563d30932000)
2026/01/12 16:00:58 [DEBUG] ResolveAddress: 主程序地址，文件偏移 0x529
2026/01/12 16:00:58 [DEBUG] resolveInMapping: 从符号表查找文件偏移 0x529
2026/01/12 16:00:58 [DEBUG] findSymbolInList: 在31个符号中查找地址 0x529
2026/01/12 16:00:58 [DEBUG] findSymbolInList: 前5个符号:
2026/01/12 16:00:58 [DEBUG]   [0] _init @ 0x1000 (大小: 0)
2026/01/12 16:00:58 [DEBUG]   [1] main @ 0x10c0 (大小: 1479)
2026/01/12 16:00:58 [DEBUG]   [2] _start @ 0x1690 (大小: 38)
2026/01/12 16:00:58 [DEBUG]   [3] deregister_tm_clones @ 0x16c0 (大小: 0)
2026/01/12 16:00:58 [DEBUG]   [4] register_tm_clones @ 0x16f0 (大小: 0)
2026/01/12 16:00:58 [DEBUG] resolveInMapping: 符号表未找到函数名
2026/01/12 16:00:58 [DEBUG] resolveInMapping: 从DWARF查找行号信息
2026/01/12 16:00:58 [DEBUG] resolveInMapping: DWARF未找到行号信息: line info not found
2026/01/12 16:00:58 [DEBUG] resolveInMapping: 从DWARF查找函数名
2026/01/12 16:00:58 [DEBUG] findDwarfFunction: 共检查了 20 个函数，未找到匹配
2026/01/12 16:00:58 [DEBUG] resolveInMapping: DWARF未找到函数名
2026/01/12 16:00:58 [DEBUG] resolveInMapping: 解析失败，未找到符号信息
2026/01/12 16:00:58 [DEBUG] ResolveAddress: 开始解析地址 0x563d3093155f (主程序基址: 0x563d30931000 - 0x563d30932000)
2026/01/12 16:00:58 [DEBUG] ResolveAddress: 主程序地址，文件偏移 0x55f
2026/01/12 16:00:58 [DEBUG] resolveInMapping: 从符号表查找文件偏移 0x55f
2026/01/12 16:00:58 [DEBUG] findSymbolInList: 在31个符号中查找地址 0x55f
2026/01/12 16:00:58 [DEBUG] findSymbolInList: 前5个符号:
2026/01/12 16:00:58 [DEBUG]   [0] _init @ 0x1000 (大小: 0)
2026/01/12 16:00:58 [DEBUG]   [1] main @ 0x10c0 (大小: 1479)
2026/01/12 16:00:58 [DEBUG]   [2] _start @ 0x1690 (大小: 38)
2026/01/12 16:00:58 [DEBUG]   [3] deregister_tm_clones @ 0x16c0 (大小: 0)
2026/01/12 16:00:58 [DEBUG]   [4] register_tm_clones @ 0x16f0 (大小: 0)
2026/01/12 16:00:58 [DEBUG] resolveInMapping: 符号表未找到函数名
2026/01/12 16:00:58 [DEBUG] resolveInMapping: 从DWARF查找行号信息
2026/01/12 16:00:58 [DEBUG] resolveInMapping: DWARF未找到行号信息: line info not found
2026/01/12 16:00:58 [DEBUG] resolveInMapping: 从DWARF查找函数名
2026/01/12 16:00:58 [DEBUG] findDwarfFunction: 共检查了 20 个函数，未找到匹配
2026/01/12 16:00:58 [DEBUG] resolveInMapping: DWARF未找到函数名
2026/01/12 16:00:58 [DEBUG] resolveInMapping: 解析失败，未找到符号信息
2026/01/12 16:00:58 [DEBUG] ResolveAddress: 开始解析地址 0x563d309314bc (主程序基址: 0x563d30931000 - 0x563d30932000)
2026/01/12 16:00:58 [DEBUG] ResolveAddress: 主程序地址，文件偏移 0x4bc
2026/01/12 16:00:58 [DEBUG] resolveInMapping: 从符号表查找文件偏移 0x4bc
2026/01/12 16:00:58 [DEBUG] findSymbolInList: 在31个符号中查找地址 0x4bc
2026/01/12 16:00:58 [DEBUG] findSymbolInList: 前5个符号:
2026/01/12 16:00:58 [DEBUG]   [0] _init @ 0x1000 (大小: 0)
2026/01/12 16:00:58 [DEBUG]   [1] main @ 0x10c0 (大小: 1479)
2026/01/12 16:00:58 [DEBUG]   [2] _start @ 0x1690 (大小: 38)
2026/01/12 16:00:58 [DEBUG]   [3] deregister_tm_clones @ 0x16c0 (大小: 0)
2026/01/12 16:00:58 [DEBUG]   [4] register_tm_clones @ 0x16f0 (大小: 0)
2026/01/12 16:00:58 [DEBUG] resolveInMapping: 符号表未找到函数名
2026/01/12 16:00:58 [DEBUG] resolveInMapping: 从DWARF查找行号信息
2026/01/12 16:00:58 [DEBUG] resolveInMapping: DWARF未找到行号信息: line info not found
2026/01/12 16:00:58 [DEBUG] resolveInMapping: 从DWARF查找函数名
2026/01/12 16:00:58 [DEBUG] findDwarfFunction: 共检查了 20 个函数，未找到匹配
2026/01/12 16:00:58 [DEBUG] resolveInMapping: DWARF未找到函数名
2026/01/12 16:00:58 [DEBUG] resolveInMapping: 解析失败，未找到符号信息
2026/01/12 16:00:58 [DEBUG] ResolveAddress: 开始解析地址 0x563d3093152b (主程序基址: 0x563d30931000 - 0x563d30932000)
2026/01/12 16:00:58 [DEBUG] ResolveAddress: 主程序地址，文件偏移 0x52b
2026/01/12 16:00:58 [DEBUG] resolveInMapping: 从符号表查找文件偏移 0x52b
2026/01/12 16:00:58 [DEBUG] findSymbolInList: 在31个符号中查找地址 0x52b
2026/01/12 16:00:58 [DEBUG] findSymbolInList: 前5个符号:
2026/01/12 16:00:58 [DEBUG]   [0] _init @ 0x1000 (大小: 0)
2026/01/12 16:00:58 [DEBUG]   [1] main @ 0x10c0 (大小: 1479)
2026/01/12 16:00:58 [DEBUG]   [2] _start @ 0x1690 (大小: 38)
2026/01/12 16:00:58 [DEBUG]   [3] deregister_tm_clones @ 0x16c0 (大小: 0)
2026/01/12 16:00:58 [DEBUG]   [4] register_tm_clones @ 0x16f0 (大小: 0)
2026/01/12 16:00:58 [DEBUG] resolveInMapping: 符号表未找到函数名
2026/01/12 16:00:58 [DEBUG] resolveInMapping: 从DWARF查找行号信息
2026/01/12 16:00:58 [DEBUG] resolveInMapping: DWARF未找到行号信息: line info not found
2026/01/12 16:00:58 [DEBUG] resolveInMapping: 从DWARF查找函数名
2026/01/12 16:00:58 [DEBUG] findDwarfFunction: 共检查了 20 个函数，未找到匹配
2026/01/12 16:00:58 [DEBUG] resolveInMapping: DWARF未找到函数名
2026/01/12 16:00:58 [DEBUG] resolveInMapping: 解析失败，未找到符号信息
2026/01/12 16:00:58 [DEBUG] ResolveAddress: 开始解析地址 0x563d30931500 (主程序基址: 0x563d30931000 - 0x563d30932000)
2026/01/12 16:00:58 [DEBUG] ResolveAddress: 主程序地址，文件偏移 0x500
2026/01/12 16:00:58 [DEBUG] resolveInMapping: 从符号表查找文件偏移 0x500
2026/01/12 16:00:58 [DEBUG] findSymbolInList: 在31个符号中查找地址 0x500
2026/01/12 16:00:58 [DEBUG] findSymbolInList: 前5个符号:
2026/01/12 16:00:58 [DEBUG]   [0] _init @ 0x1000 (大小: 0)
2026/01/12 16:00:58 [DEBUG]   [1] main @ 0x10c0 (大小: 1479)
2026/01/12 16:00:58 [DEBUG]   [2] _start @ 0x1690 (大小: 38)
2026/01/12 16:00:58 [DEBUG]   [3] deregister_tm_clones @ 0x16c0 (大小: 0)
2026/01/12 16:00:58 [DEBUG]   [4] register_tm_clones @ 0x16f0 (大小: 0)
2026/01/12 16:00:58 [DEBUG] resolveInMapping: 符号表未找到函数名
2026/01/12 16:00:58 [DEBUG] resolveInMapping: 从DWARF查找行号信息
2026/01/12 16:00:58 [DEBUG] resolveInMapping: DWARF未找到行号信息: line info not found
2026/01/12 16:00:58 [DEBUG] resolveInMapping: 从DWARF查找函数名
2026/01/12 16:00:58 [DEBUG] findDwarfFunction: 共检查了 20 个函数，未找到匹配
2026/01/12 16:00:58 [DEBUG] resolveInMapping: DWARF未找到函数名
2026/01/12 16:00:58 [DEBUG] resolveInMapping: 解析失败，未找到符号信息
2026/01/12 16:00:58 [DEBUG] ResolveAddress: 开始解析地址 0x563d3093154c (主程序基址: 0x563d30931000 - 0x563d30932000)
2026/01/12 16:00:58 [DEBUG] ResolveAddress: 主程序地址，文件偏移 0x54c
2026/01/12 16:00:58 [DEBUG] resolveInMapping: 从符号表查找文件偏移 0x54c
2026/01/12 16:00:58 [DEBUG] findSymbolInList: 在31个符号中查找地址 0x54c
2026/01/12 16:00:58 [DEBUG] findSymbolInList: 前5个符号:
2026/01/12 16:00:58 [DEBUG]   [0] _init @ 0x1000 (大小: 0)
2026/01/12 16:00:58 [DEBUG]   [1] main @ 0x10c0 (大小: 1479)
2026/01/12 16:00:58 [DEBUG]   [2] _start @ 0x1690 (大小: 38)
2026/01/12 16:00:58 [DEBUG]   [3] deregister_tm_clones @ 0x16c0 (大小: 0)
2026/01/12 16:00:58 [DEBUG]   [4] register_tm_clones @ 0x16f0 (大小: 0)
2026/01/12 16:00:58 [DEBUG] resolveInMapping: 符号表未找到函数名
2026/01/12 16:00:58 [DEBUG] resolveInMapping: 从DWARF查找行号信息
2026/01/12 16:00:58 [DEBUG] resolveInMapping: DWARF未找到行号信息: line info not found
2026/01/12 16:00:58 [DEBUG] resolveInMapping: 从DWARF查找函数名
2026/01/12 16:00:58 [DEBUG] findDwarfFunction: 共检查了 20 个函数，未找到匹配
2026/01/12 16:00:58 [DEBUG] resolveInMapping: DWARF未找到函数名
2026/01/12 16:00:58 [DEBUG] resolveInMapping: 解析失败，未找到符号信息
2026/01/12 16:00:58 [DEBUG] ResolveAddress: 开始解析地址 0x563d30931529 (主程序基址: 0x563d30931000 - 0x563d30932000)
2026/01/12 16:00:58 [DEBUG] ResolveAddress: 主程序地址，文件偏移 0x529
2026/01/12 16:00:58 [DEBUG] resolveInMapping: 从符号表查找文件偏移 0x529
2026/01/12 16:00:58 [DEBUG] findSymbolInList: 在31个符号中查找地址 0x529
2026/01/12 16:00:58 [DEBUG] findSymbolInList: 前5个符号:
2026/01/12 16:00:58 [DEBUG]   [0] _init @ 0x1000 (大小: 0)
2026/01/12 16:00:58 [DEBUG]   [1] main @ 0x10c0 (大小: 1479)
2026/01/12 16:00:58 [DEBUG]   [2] _start @ 0x1690 (大小: 38)
2026/01/12 16:00:58 [DEBUG]   [3] deregister_tm_clones @ 0x16c0 (大小: 0)
2026/01/12 16:00:58 [DEBUG]   [4] register_tm_clones @ 0x16f0 (大小: 0)
2026/01/12 16:00:58 [DEBUG] resolveInMapping: 符号表未找到函数名
2026/01/12 16:00:58 [DEBUG] resolveInMapping: 从DWARF查找行号信息
2026/01/12 16:00:58 [DEBUG] resolveInMapping: DWARF未找到行号信息: line info not found
2026/01/12 16:00:58 [DEBUG] resolveInMapping: 从DWARF查找函数名
2026/01/12 16:00:58 [DEBUG] findDwarfFunction: 共检查了 20 个函数，未找到匹配
2026/01/12 16:00:58 [DEBUG] resolveInMapping: DWARF未找到函数名
2026/01/12 16:00:58 [DEBUG] resolveInMapping: 解析失败，未找到符号信息
2026/01/12 16:00:58 [DEBUG] ResolveAddress: 开始解析地址 0x563d3093152b (主程序基址: 0x563d30931000 - 0x563d30932000)
2026/01/12 16:00:58 [DEBUG] ResolveAddress: 主程序地址，文件偏移 0x52b
2026/01/12 16:00:58 [DEBUG] resolveInMapping: 从符号表查找文件偏移 0x52b
2026/01/12 16:00:58 [DEBUG] findSymbolInList: 在31个符号中查找地址 0x52b
2026/01/12 16:00:58 [DEBUG] findSymbolInList: 前5个符号:
2026/01/12 16:00:58 [DEBUG]   [0] _init @ 0x1000 (大小: 0)
2026/01/12 16:00:58 [DEBUG]   [1] main @ 0x10c0 (大小: 1479)
2026/01/12 16:00:58 [DEBUG]   [2] _start @ 0x1690 (大小: 38)
2026/01/12 16:00:58 [DEBUG]   [3] deregister_tm_clones @ 0x16c0 (大小: 0)
2026/01/12 16:00:58 [DEBUG]   [4] register_tm_clones @ 0x16f0 (大小: 0)
2026/01/12 16:00:58 [DEBUG] resolveInMapping: 符号表未找到函数名
2026/01/12 16:00:58 [DEBUG] resolveInMapping: 从DWARF查找行号信息
2026/01/12 16:00:58 [DEBUG] resolveInMapping: DWARF未找到行号信息: line info not found
2026/01/12 16:00:58 [DEBUG] resolveInMapping: 从DWARF查找函数名
2026/01/12 16:00:58 [DEBUG] findDwarfFunction: 共检查了 20 个函数，未找到匹配
2026/01/12 16:00:58 [DEBUG] resolveInMapping: DWARF未找到函数名
2026/01/12 16:00:58 [DEBUG] resolveInMapping: 解析失败，未找到符号信息
2026/01/12 16:00:58 [DEBUG] ResolveAddress: 开始解析地址 0x563d30931500 (主程序基址: 0x563d30931000 - 0x563d30932000)
2026/01/12 16:00:58 [DEBUG] ResolveAddress: 主程序地址，文件偏移 0x500
2026/01/12 16:00:58 [DEBUG] resolveInMapping: 从符号表查找文件偏移 0x500
2026/01/12 16:00:58 [DEBUG] findSymbolInList: 在31个符号中查找地址 0x500
2026/01/12 16:00:58 [DEBUG] findSymbolInList: 前5个符号:
2026/01/12 16:00:58 [DEBUG]   [0] _init @ 0x1000 (大小: 0)
2026/01/12 16:00:58 [DEBUG]   [1] main @ 0x10c0 (大小: 1479)
2026/01/12 16:00:58 [DEBUG]   [2] _start @ 0x1690 (大小: 38)
2026/01/12 16:00:58 [DEBUG]   [3] deregister_tm_clones @ 0x16c0 (大小: 0)
2026/01/12 16:00:58 [DEBUG]   [4] register_tm_clones @ 0x16f0 (大小: 0)
2026/01/12 16:00:58 [DEBUG] resolveInMapping: 符号表未找到函数名
2026/01/12 16:00:58 [DEBUG] resolveInMapping: 从DWARF查找行号信息
2026/01/12 16:00:58 [DEBUG] resolveInMapping: DWARF未找到行号信息: line info not found
2026/01/12 16:00:58 [DEBUG] resolveInMapping: 从DWARF查找函数名
2026/01/12 16:00:58 [DEBUG] findDwarfFunction: 共检查了 20 个函数，未找到匹配
2026/01/12 16:00:58 [DEBUG] resolveInMapping: DWARF未找到函数名
2026/01/12 16:00:58 [DEBUG] resolveInMapping: 解析失败，未找到符号信息
2026/01/12 16:00:58 [DEBUG] ResolveAddress: 开始解析地址 0x563d3093154c (主程序基址: 0x563d30931000 - 0x563d30932000)
2026/01/12 16:00:58 [DEBUG] ResolveAddress: 主程序地址，文件偏移 0x54c
2026/01/12 16:00:58 [DEBUG] resolveInMapping: 从符号表查找文件偏移 0x54c
2026/01/12 16:00:58 [DEBUG] findSymbolInList: 在31个符号中查找地址 0x54c
2026/01/12 16:00:58 [DEBUG] findSymbolInList: 前5个符号:
2026/01/12 16:00:58 [DEBUG]   [0] _init @ 0x1000 (大小: 0)
2026/01/12 16:00:58 [DEBUG]   [1] main @ 0x10c0 (大小: 1479)
2026/01/12 16:00:58 [DEBUG]   [2] _start @ 0x1690 (大小: 38)
2026/01/12 16:00:58 [DEBUG]   [3] deregister_tm_clones @ 0x16c0 (大小: 0)
2026/01/12 16:00:58 [DEBUG]   [4] register_tm_clones @ 0x16f0 (大小: 0)
2026/01/12 16:00:58 [DEBUG] resolveInMapping: 符号表未找到函数名
2026/01/12 16:00:58 [DEBUG] resolveInMapping: 从DWARF查找行号信息
2026/01/12 16:00:58 [DEBUG] resolveInMapping: DWARF未找到行号信息: line info not found
2026/01/12 16:00:58 [DEBUG] resolveInMapping: 从DWARF查找函数名
2026/01/12 16:00:58 [DEBUG] findDwarfFunction: 共检查了 20 个函数，未找到匹配
2026/01/12 16:00:58 [DEBUG] resolveInMapping: DWARF未找到函数名
2026/01/12 16:00:58 [DEBUG] resolveInMapping: 解析失败，未找到符号信息
2026/01/12 16:00:58 [DEBUG] ResolveAddress: 开始解析地址 0x563d30931529 (主程序基址: 0x563d30931000 - 0x563d30932000)
2026/01/12 16:00:58 [DEBUG] ResolveAddress: 主程序地址，文件偏移 0x529
2026/01/12 16:00:58 [DEBUG] resolveInMapping: 从符号表查找文件偏移 0x529
2026/01/12 16:00:58 [DEBUG] findSymbolInList: 在31个符号中查找地址 0x529
2026/01/12 16:00:58 [DEBUG] findSymbolInList: 前5个符号:
2026/01/12 16:00:58 [DEBUG]   [0] _init @ 0x1000 (大小: 0)
2026/01/12 16:00:58 [DEBUG]   [1] main @ 0x10c0 (大小: 1479)
2026/01/12 16:00:58 [DEBUG]   [2] _start @ 0x1690 (大小: 38)
2026/01/12 16:00:58 [DEBUG]   [3] deregister_tm_clones @ 0x16c0 (大小: 0)
2026/01/12 16:00:58 [DEBUG]   [4] register_tm_clones @ 0x16f0 (大小: 0)
2026/01/12 16:00:58 [DEBUG] resolveInMapping: 符号表未找到函数名
2026/01/12 16:00:58 [DEBUG] resolveInMapping: 从DWARF查找行号信息
2026/01/12 16:00:58 [DEBUG] resolveInMapping: DWARF未找到行号信息: line info not found
2026/01/12 16:00:58 [DEBUG] resolveInMapping: 从DWARF查找函数名
2026/01/12 16:00:58 [DEBUG] findDwarfFunction: 共检查了 20 个函数，未找到匹配
2026/01/12 16:00:58 [DEBUG] resolveInMapping: DWARF未找到函数名
2026/01/12 16:00:58 [DEBUG] resolveInMapping: 解析失败，未找到符号信息
2026/01/12 16:00:58 [DEBUG] ResolveAddress: 开始解析地址 0x563d3093152b (主程序基址: 0x563d30931000 - 0x563d30932000)
2026/01/12 16:00:58 [DEBUG] ResolveAddress: 主程序地址，文件偏移 0x52b
2026/01/12 16:00:58 [DEBUG] resolveInMapping: 从符号表查找文件偏移 0x52b
2026/01/12 16:00:58 [DEBUG] findSymbolInList: 在31个符号中查找地址 0x52b
2026/01/12 16:00:58 [DEBUG] findSymbolInList: 前5个符号:
2026/01/12 16:00:58 [DEBUG]   [0] _init @ 0x1000 (大小: 0)
2026/01/12 16:00:58 [DEBUG]   [1] main @ 0x10c0 (大小: 1479)
2026/01/12 16:00:58 [DEBUG]   [2] _start @ 0x1690 (大小: 38)
2026/01/12 16:00:58 [DEBUG]   [3] deregister_tm_clones @ 0x16c0 (大小: 0)
2026/01/12 16:00:58 [DEBUG]   [4] register_tm_clones @ 0x16f0 (大小: 0)
2026/01/12 16:00:58 [DEBUG] resolveInMapping: 符号表未找到函数名
2026/01/12 16:00:58 [DEBUG] resolveInMapping: 从DWARF查找行号信息
2026/01/12 16:00:58 [DEBUG] resolveInMapping: DWARF未找到行号信息: line info not found
2026/01/12 16:00:58 [DEBUG] resolveInMapping: 从DWARF查找函数名
2026/01/12 16:00:58 [DEBUG] findDwarfFunction: 共检查了 20 个函数，未找到匹配
2026/01/12 16:00:58 [DEBUG] resolveInMapping: DWARF未找到函数名
2026/01/12 16:00:58 [DEBUG] resolveInMapping: 解析失败，未找到符号信息
2026/01/12 16:00:58 [DEBUG] ResolveAddress: 开始解析地址 0x563d30931500 (主程序基址: 0x563d30931000 - 0x563d30932000)
2026/01/12 16:00:58 [DEBUG] ResolveAddress: 主程序地址，文件偏移 0x500
2026/01/12 16:00:58 [DEBUG] resolveInMapping: 从符号表查找文件偏移 0x500
2026/01/12 16:00:58 [DEBUG] findSymbolInList: 在31个符号中查找地址 0x500
2026/01/12 16:00:58 [DEBUG] findSymbolInList: 前5个符号:
2026/01/12 16:00:58 [DEBUG]   [0] _init @ 0x1000 (大小: 0)
2026/01/12 16:00:58 [DEBUG]   [1] main @ 0x10c0 (大小: 1479)
2026/01/12 16:00:58 [DEBUG]   [2] _start @ 0x1690 (大小: 38)
2026/01/12 16:00:58 [DEBUG]   [3] deregister_tm_clones @ 0x16c0 (大小: 0)
2026/01/12 16:00:58 [DEBUG]   [4] register_tm_clones @ 0x16f0 (大小: 0)
2026/01/12 16:00:58 [DEBUG] resolveInMapping: 符号表未找到函数名
2026/01/12 16:00:58 [DEBUG] resolveInMapping: 从DWARF查找行号信息
2026/01/12 16:00:58 [DEBUG] resolveInMapping: DWARF未找到行号信息: line info not found
2026/01/12 16:00:58 [DEBUG] resolveInMapping: 从DWARF查找函数名
2026/01/12 16:00:58 [DEBUG] findDwarfFunction: 共检查了 20 个函数，未找到匹配
2026/01/12 16:00:58 [DEBUG] resolveInMapping: DWARF未找到函数名
2026/01/12 16:00:58 [DEBUG] resolveInMapping: 解析失败，未找到符号信息
2026/01/12 16:00:58 [DEBUG] ResolveAddress: 开始解析地址 0x563d3093154c (主程序基址: 0x563d30931000 - 0x563d30932000)
2026/01/12 16:00:58 [DEBUG] ResolveAddress: 主程序地址，文件偏移 0x54c
2026/01/12 16:00:58 [DEBUG] resolveInMapping: 从符号表查找文件偏移 0x54c
2026/01/12 16:00:58 [DEBUG] findSymbolInList: 在31个符号中查找地址 0x54c
2026/01/12 16:00:58 [DEBUG] findSymbolInList: 前5个符号:
2026/01/12 16:00:58 [DEBUG]   [0] _init @ 0x1000 (大小: 0)
2026/01/12 16:00:58 [DEBUG]   [1] main @ 0x10c0 (大小: 1479)
2026/01/12 16:00:58 [DEBUG]   [2] _start @ 0x1690 (大小: 38)
2026/01/12 16:00:58 [DEBUG]   [3] deregister_tm_clones @ 0x16c0 (大小: 0)
2026/01/12 16:00:58 [DEBUG]   [4] register_tm_clones @ 0x16f0 (大小: 0)
2026/01/12 16:00:58 [DEBUG] resolveInMapping: 符号表未找到函数名
2026/01/12 16:00:58 [DEBUG] resolveInMapping: 从DWARF查找行号信息
2026/01/12 16:00:58 [DEBUG] resolveInMapping: DWARF未找到行号信息: line info not found
2026/01/12 16:00:58 [DEBUG] resolveInMapping: 从DWARF查找函数名
2026/01/12 16:00:58 [DEBUG] findDwarfFunction: 共检查了 20 个函数，未找到匹配
2026/01/12 16:00:58 [DEBUG] resolveInMapping: DWARF未找到函数名
2026/01/12 16:00:58 [DEBUG] resolveInMapping: 解析失败，未找到符号信息
2026/01/12 16:00:58 [DEBUG] ResolveAddress: 开始解析地址 0x563d30931529 (主程序基址: 0x563d30931000 - 0x563d30932000)
2026/01/12 16:00:58 [DEBUG] ResolveAddress: 主程序地址，文件偏移 0x529
2026/01/12 16:00:58 [DEBUG] resolveInMapping: 从符号表查找文件偏移 0x529
2026/01/12 16:00:58 [DEBUG] findSymbolInList: 在31个符号中查找地址 0x529
2026/01/12 16:00:58 [DEBUG] findSymbolInList: 前5个符号:
2026/01/12 16:00:58 [DEBUG]   [0] _init @ 0x1000 (大小: 0)
2026/01/12 16:00:58 [DEBUG]   [1] main @ 0x10c0 (大小: 1479)
2026/01/12 16:00:58 [DEBUG]   [2] _start @ 0x1690 (大小: 38)
2026/01/12 16:00:58 [DEBUG]   [3] deregister_tm_clones @ 0x16c0 (大小: 0)
2026/01/12 16:00:58 [DEBUG]   [4] register_tm_clones @ 0x16f0 (大小: 0)
2026/01/12 16:00:58 [DEBUG] resolveInMapping: 符号表未找到函数名
2026/01/12 16:00:58 [DEBUG] resolveInMapping: 从DWARF查找行号信息
2026/01/12 16:00:58 [DEBUG] resolveInMapping: DWARF未找到行号信息: line info not found
2026/01/12 16:00:58 [DEBUG] resolveInMapping: 从DWARF查找函数名
2026/01/12 16:00:58 [DEBUG] findDwarfFunction: 共检查了 20 个函数，未找到匹配
2026/01/12 16:00:58 [DEBUG] resolveInMapping: DWARF未找到函数名
2026/01/12 16:00:58 [DEBUG] resolveInMapping: 解析失败，未找到符号信息
2026/01/12 16:00:58 [DEBUG] ResolveAddress: 开始解析地址 0x563d3093152b (主程序基址: 0x563d30931000 - 0x563d30932000)
2026/01/12 16:00:58 [DEBUG] ResolveAddress: 主程序地址，文件偏移 0x52b
2026/01/12 16:00:58 [DEBUG] resolveInMapping: 从符号表查找文件偏移 0x52b
2026/01/12 16:00:58 [DEBUG] findSymbolInList: 在31个符号中查找地址 0x52b
2026/01/12 16:00:58 [DEBUG] findSymbolInList: 前5个符号:
2026/01/12 16:00:58 [DEBUG]   [0] _init @ 0x1000 (大小: 0)
2026/01/12 16:00:58 [DEBUG]   [1] main @ 0x10c0 (大小: 1479)
2026/01/12 16:00:58 [DEBUG]   [2] _start @ 0x1690 (大小: 38)
2026/01/12 16:00:58 [DEBUG]   [3] deregister_tm_clones @ 0x16c0 (大小: 0)
2026/01/12 16:00:58 [DEBUG]   [4] register_tm_clones @ 0x16f0 (大小: 0)
2026/01/12 16:00:58 [DEBUG] resolveInMapping: 符号表未找到函数名
2026/01/12 16:00:58 [DEBUG] resolveInMapping: 从DWARF查找行号信息
2026/01/12 16:00:58 [DEBUG] resolveInMapping: DWARF未找到行号信息: line info not found
2026/01/12 16:00:58 [DEBUG] resolveInMapping: 从DWARF查找函数名
2026/01/12 16:00:58 [DEBUG] findDwarfFunction: 共检查了 20 个函数，未找到匹配
2026/01/12 16:00:58 [DEBUG] resolveInMapping: DWARF未找到函数名
2026/01/12 16:00:58 [DEBUG] resolveInMapping: 解析失败，未找到符号信息
2026/01/12 16:00:58 [DEBUG] ResolveAddress: 开始解析地址 0x563d30931500 (主程序基址: 0x563d30931000 - 0x563d30932000)
2026/01/12 16:00:58 [DEBUG] ResolveAddress: 主程序地址，文件偏移 0x500
2026/01/12 16:00:58 [DEBUG] resolveInMapping: 从符号表查找文件偏移 0x500
2026/01/12 16:00:58 [DEBUG] findSymbolInList: 在31个符号中查找地址 0x500
2026/01/12 16:00:58 [DEBUG] findSymbolInList: 前5个符号:
2026/01/12 16:00:58 [DEBUG]   [0] _init @ 0x1000 (大小: 0)
2026/01/12 16:00:58 [DEBUG]   [1] main @ 0x10c0 (大小: 1479)
2026/01/12 16:00:58 [DEBUG]   [2] _start @ 0x1690 (大小: 38)
2026/01/12 16:00:58 [DEBUG]   [3] deregister_tm_clones @ 0x16c0 (大小: 0)
2026/01/12 16:00:58 [DEBUG]   [4] register_tm_clones @ 0x16f0 (大小: 0)
2026/01/12 16:00:58 [DEBUG] resolveInMapping: 符号表未找到函数名
2026/01/12 16:00:58 [DEBUG] resolveInMapping: 从DWARF查找行号信息
2026/01/12 16:00:58 [DEBUG] resolveInMapping: DWARF未找到行号信息: line info not found
2026/01/12 16:00:58 [DEBUG] resolveInMapping: 从DWARF查找函数名
2026/01/12 16:00:58 [DEBUG] findDwarfFunction: 共检查了 20 个函数，未找到匹配
2026/01/12 16:00:58 [DEBUG] resolveInMapping: DWARF未找到函数名
2026/01/12 16:00:58 [DEBUG] resolveInMapping: 解析失败，未找到符号信息
2026/01/12 16:00:58 [DEBUG] ResolveAddress: 开始解析地址 0x563d3093154c (主程序基址: 0x563d30931000 - 0x563d30932000)
2026/01/12 16:00:58 [DEBUG] ResolveAddress: 主程序地址，文件偏移 0x54c
2026/01/12 16:00:58 [DEBUG] resolveInMapping: 从符号表查找文件偏移 0x54c
2026/01/12 16:00:58 [DEBUG] findSymbolInList: 在31个符号中查找地址 0x54c
2026/01/12 16:00:58 [DEBUG] findSymbolInList: 前5个符号:
2026/01/12 16:00:58 [DEBUG]   [0] _init @ 0x1000 (大小: 0)
2026/01/12 16:00:58 [DEBUG]   [1] main @ 0x10c0 (大小: 1479)
2026/01/12 16:00:58 [DEBUG]   [2] _start @ 0x1690 (大小: 38)
2026/01/12 16:00:58 [DEBUG]   [3] deregister_tm_clones @ 0x16c0 (大小: 0)
2026/01/12 16:00:58 [DEBUG]   [4] register_tm_clones @ 0x16f0 (大小: 0)
2026/01/12 16:00:58 [DEBUG] resolveInMapping: 符号表未找到函数名
2026/01/12 16:00:58 [DEBUG] resolveInMapping: 从DWARF查找行号信息
2026/01/12 16:00:58 [DEBUG] resolveInMapping: DWARF未找到行号信息: line info not found
2026/01/12 16:00:58 [DEBUG] resolveInMapping: 从DWARF查找函数名
2026/01/12 16:00:58 [DEBUG] findDwarfFunction: 共检查了 20 个函数，未找到匹配
2026/01/12 16:00:58 [DEBUG] resolveInMapping: DWARF未找到函数名
2026/01/12 16:00:58 [DEBUG] resolveInMapping: 解析失败，未找到符号信息
2026/01/12 16:00:58 [DEBUG] ResolveAddress: 开始解析地址 0x563d30931529 (主程序基址: 0x563d30931000 - 0x563d30932000)
2026/01/12 16:00:58 [DEBUG] ResolveAddress: 主程序地址，文件偏移 0x529
2026/01/12 16:00:58 [DEBUG] resolveInMapping: 从符号表查找文件偏移 0x529
2026/01/12 16:00:58 [DEBUG] findSymbolInList: 在31个符号中查找地址 0x529
2026/01/12 16:00:58 [DEBUG] findSymbolInList: 前5个符号:
2026/01/12 16:00:58 [DEBUG]   [0] _init @ 0x1000 (大小: 0)
2026/01/12 16:00:58 [DEBUG]   [1] main @ 0x10c0 (大小: 1479)
2026/01/12 16:00:58 [DEBUG]   [2] _start @ 0x1690 (大小: 38)
2026/01/12 16:00:58 [DEBUG]   [3] deregister_tm_clones @ 0x16c0 (大小: 0)
2026/01/12 16:00:58 [DEBUG]   [4] register_tm_clones @ 0x16f0 (大小: 0)
2026/01/12 16:00:58 [DEBUG] resolveInMapping: 符号表未找到函数名
2026/01/12 16:00:58 [DEBUG] resolveInMapping: 从DWARF查找行号信息
2026/01/12 16:00:58 [DEBUG] resolveInMapping: DWARF未找到行号信息: line info not found
2026/01/12 16:00:58 [DEBUG] resolveInMapping: 从DWARF查找函数名
2026/01/12 16:00:58 [DEBUG] findDwarfFunction: 共检查了 20 个函数，未找到匹配
2026/01/12 16:00:58 [DEBUG] resolveInMapping: DWARF未找到函数名
2026/01/12 16:00:58 [DEBUG] resolveInMapping: 解析失败，未找到符号信息
2026/01/12 16:00:58 [DEBUG] ResolveAddress: 开始解析地址 0x563d3093152b (主程序基址: 0x563d30931000 - 0x563d30932000)
2026/01/12 16:00:58 [DEBUG] ResolveAddress: 主程序地址，文件偏移 0x52b
2026/01/12 16:00:58 [DEBUG] resolveInMapping: 从符号表查找文件偏移 0x52b
2026/01/12 16:00:58 [DEBUG] findSymbolInList: 在31个符号中查找地址 0x52b
2026/01/12 16:00:58 [DEBUG] findSymbolInList: 前5个符号:
2026/01/12 16:00:58 [DEBUG]   [0] _init @ 0x1000 (大小: 0)
2026/01/12 16:00:58 [DEBUG]   [1] main @ 0x10c0 (大小: 1479)
2026/01/12 16:00:58 [DEBUG]   [2] _start @ 0x1690 (大小: 38)
2026/01/12 16:00:58 [DEBUG]   [3] deregister_tm_clones @ 0x16c0 (大小: 0)
2026/01/12 16:00:58 [DEBUG]   [4] register_tm_clones @ 0x16f0 (大小: 0)
2026/01/12 16:00:58 [DEBUG] resolveInMapping: 符号表未找到函数名
2026/01/12 16:00:58 [DEBUG] resolveInMapping: 从DWARF查找行号信息
2026/01/12 16:00:58 [DEBUG] resolveInMapping: DWARF未找到行号信息: line info not found
2026/01/12 16:00:58 [DEBUG] resolveInMapping: 从DWARF查找函数名
2026/01/12 16:00:58 [DEBUG] findDwarfFunction: 共检查了 20 个函数，未找到匹配
2026/01/12 16:00:58 [DEBUG] resolveInMapping: DWARF未找到函数名
2026/01/12 16:00:58 [DEBUG] resolveInMapping: 解析失败，未找到符号信息
2026/01/12 16:00:58 [DEBUG] ResolveAddress: 开始解析地址 0x563d30931500 (主程序基址: 0x563d30931000 - 0x563d30932000)
2026/01/12 16:00:58 [DEBUG] ResolveAddress: 主程序地址，文件偏移 0x500
2026/01/12 16:00:58 [DEBUG] resolveInMapping: 从符号表查找文件偏移 0x500
2026/01/12 16:00:58 [DEBUG] findSymbolInList: 在31个符号中查找地址 0x500
2026/01/12 16:00:58 [DEBUG] findSymbolInList: 前5个符号:
2026/01/12 16:00:58 [DEBUG]   [0] _init @ 0x1000 (大小: 0)
2026/01/12 16:00:58 [DEBUG]   [1] main @ 0x10c0 (大小: 1479)
2026/01/12 16:00:58 [DEBUG]   [2] _start @ 0x1690 (大小: 38)
2026/01/12 16:00:58 [DEBUG]   [3] deregister_tm_clones @ 0x16c0 (大小: 0)
2026/01/12 16:00:58 [DEBUG]   [4] register_tm_clones @ 0x16f0 (大小: 0)
2026/01/12 16:00:58 [DEBUG] resolveInMapping: 符号表未找到函数名
2026/01/12 16:00:58 [DEBUG] resolveInMapping: 从DWARF查找行号信息
2026/01/12 16:00:58 [DEBUG] resolveInMapping: DWARF未找到行号信息: line info not found
2026/01/12 16:00:58 [DEBUG] resolveInMapping: 从DWARF查找函数名
2026/01/12 16:00:58 [DEBUG] findDwarfFunction: 共检查了 20 个函数，未找到匹配
2026/01/12 16:00:58 [DEBUG] resolveInMapping: DWARF未找到函数名
2026/01/12 16:00:58 [DEBUG] resolveInMapping: 解析失败，未找到符号信息
2026/01/12 16:00:58 [DEBUG] ResolveAddress: 开始解析地址 0x563d3093154c (主程序基址: 0x563d30931000 - 0x563d30932000)
2026/01/12 16:00:58 [DEBUG] ResolveAddress: 主程序地址，文件偏移 0x54c
2026/01/12 16:00:58 [DEBUG] resolveInMapping: 从符号表查找文件偏移 0x54c
2026/01/12 16:00:58 [DEBUG] findSymbolInList: 在31个符号中查找地址 0x54c
2026/01/12 16:00:58 [DEBUG] findSymbolInList: 前5个符号:
2026/01/12 16:00:58 [DEBUG]   [0] _init @ 0x1000 (大小: 0)
2026/01/12 16:00:58 [DEBUG]   [1] main @ 0x10c0 (大小: 1479)
2026/01/12 16:00:58 [DEBUG]   [2] _start @ 0x1690 (大小: 38)
2026/01/12 16:00:58 [DEBUG]   [3] deregister_tm_clones @ 0x16c0 (大小: 0)
2026/01/12 16:00:58 [DEBUG]   [4] register_tm_clones @ 0x16f0 (大小: 0)
2026/01/12 16:00:58 [DEBUG] resolveInMapping: 符号表未找到函数名
2026/01/12 16:00:58 [DEBUG] resolveInMapping: 从DWARF查找行号信息
2026/01/12 16:00:58 [DEBUG] resolveInMapping: DWARF未找到行号信息: line info not found
2026/01/12 16:00:58 [DEBUG] resolveInMapping: 从DWARF查找函数名
2026/01/12 16:00:58 [DEBUG] findDwarfFunction: 共检查了 20 个函数，未找到匹配
2026/01/12 16:00:58 [DEBUG] resolveInMapping: DWARF未找到函数名
2026/01/12 16:00:58 [DEBUG] resolveInMapping: 解析失败，未找到符号信息
2026/01/12 16:00:58 [DEBUG] ResolveAddress: 开始解析地址 0x563d30931529 (主程序基址: 0x563d30931000 - 0x563d30932000)
2026/01/12 16:00:58 [DEBUG] ResolveAddress: 主程序地址，文件偏移 0x529
2026/01/12 16:00:58 [DEBUG] resolveInMapping: 从符号表查找文件偏移 0x529
2026/01/12 16:00:58 [DEBUG] findSymbolInList: 在31个符号中查找地址 0x529
2026/01/12 16:00:58 [DEBUG] findSymbolInList: 前5个符号:
2026/01/12 16:00:58 [DEBUG]   [0] _init @ 0x1000 (大小: 0)
2026/01/12 16:00:58 [DEBUG]   [1] main @ 0x10c0 (大小: 1479)
2026/01/12 16:00:58 [DEBUG]   [2] _start @ 0x1690 (大小: 38)
2026/01/12 16:00:58 [DEBUG]   [3] deregister_tm_clones @ 0x16c0 (大小: 0)
2026/01/12 16:00:58 [DEBUG]   [4] register_tm_clones @ 0x16f0 (大小: 0)
2026/01/12 16:00:58 [DEBUG] resolveInMapping: 符号表未找到函数名
2026/01/12 16:00:58 [DEBUG] resolveInMapping: 从DWARF查找行号信息
2026/01/12 16:00:58 [DEBUG] resolveInMapping: DWARF未找到行号信息: line info not found
2026/01/12 16:00:58 [DEBUG] resolveInMapping: 从DWARF查找函数名
2026/01/12 16:00:58 [DEBUG] findDwarfFunction: 共检查了 20 个函数，未找到匹配
2026/01/12 16:00:58 [DEBUG] resolveInMapping: DWARF未找到函数名
2026/01/12 16:00:58 [DEBUG] resolveInMapping: 解析失败，未找到符号信息
2026/01/12 16:00:58 [DEBUG] ResolveAddress: 开始解析地址 0x563d3093152b (主程序基址: 0x563d30931000 - 0x563d30932000)
2026/01/12 16:00:58 [DEBUG] ResolveAddress: 主程序地址，文件偏移 0x52b
2026/01/12 16:00:58 [DEBUG] resolveInMapping: 从符号表查找文件偏移 0x52b
2026/01/12 16:00:58 [DEBUG] findSymbolInList: 在31个符号中查找地址 0x52b
2026/01/12 16:00:58 [DEBUG] findSymbolInList: 前5个符号:
2026/01/12 16:00:58 [DEBUG]   [0] _init @ 0x1000 (大小: 0)
2026/01/12 16:00:58 [DEBUG]   [1] main @ 0x10c0 (大小: 1479)
2026/01/12 16:00:58 [DEBUG]   [2] _start @ 0x1690 (大小: 38)
2026/01/12 16:00:58 [DEBUG]   [3] deregister_tm_clones @ 0x16c0 (大小: 0)
2026/01/12 16:00:58 [DEBUG]   [4] register_tm_clones @ 0x16f0 (大小: 0)
2026/01/12 16:00:58 [DEBUG] resolveInMapping: 符号表未找到函数名
2026/01/12 16:00:58 [DEBUG] resolveInMapping: 从DWARF查找行号信息
2026/01/12 16:00:58 [DEBUG] resolveInMapping: DWARF未找到行号信息: line info not found
2026/01/12 16:00:58 [DEBUG] resolveInMapping: 从DWARF查找函数名
2026/01/12 16:00:58 [DEBUG] findDwarfFunction: 共检查了 20 个函数，未找到匹配
2026/01/12 16:00:58 [DEBUG] resolveInMapping: DWARF未找到函数名
2026/01/12 16:00:58 [DEBUG] resolveInMapping: 解析失败，未找到符号信息
2026/01/12 16:00:58 [DEBUG] ResolveAddress: 开始解析地址 0x563d30931500 (主程序基址: 0x563d30931000 - 0x563d30932000)
2026/01/12 16:00:58 [DEBUG] ResolveAddress: 主程序地址，文件偏移 0x500
2026/01/12 16:00:58 [DEBUG] resolveInMapping: 从符号表查找文件偏移 0x500
2026/01/12 16:00:58 [DEBUG] findSymbolInList: 在31个符号中查找地址 0x500
2026/01/12 16:00:58 [DEBUG] findSymbolInList: 前5个符号:
2026/01/12 16:00:58 [DEBUG]   [0] _init @ 0x1000 (大小: 0)
2026/01/12 16:00:58 [DEBUG]   [1] main @ 0x10c0 (大小: 1479)
2026/01/12 16:00:58 [DEBUG]   [2] _start @ 0x1690 (大小: 38)
2026/01/12 16:00:58 [DEBUG]   [3] deregister_tm_clones @ 0x16c0 (大小: 0)
2026/01/12 16:00:58 [DEBUG]   [4] register_tm_clones @ 0x16f0 (大小: 0)
2026/01/12 16:00:58 [DEBUG] resolveInMapping: 符号表未找到函数名
2026/01/12 16:00:58 [DEBUG] resolveInMapping: 从DWARF查找行号信息
2026/01/12 16:00:58 [DEBUG] resolveInMapping: DWARF未找到行号信息: line info not found
2026/01/12 16:00:58 [DEBUG] resolveInMapping: 从DWARF查找函数名
2026/01/12 16:00:58 [DEBUG] findDwarfFunction: 共检查了 20 个函数，未找到匹配
2026/01/12 16:00:58 [DEBUG] resolveInMapping: DWARF未找到函数名
2026/01/12 16:00:58 [DEBUG] resolveInMapping: 解析失败，未找到符号信息
2026/01/12 16:00:58 [DEBUG] ResolveAddress: 开始解析地址 0x563d3093154c (主程序基址: 0x563d30931000 - 0x563d30932000)
2026/01/12 16:00:58 [DEBUG] ResolveAddress: 主程序地址，文件偏移 0x54c
2026/01/12 16:00:58 [DEBUG] resolveInMapping: 从符号表查找文件偏移 0x54c
2026/01/12 16:00:58 [DEBUG] findSymbolInList: 在31个符号中查找地址 0x54c
2026/01/12 16:00:58 [DEBUG] findSymbolInList: 前5个符号:
2026/01/12 16:00:58 [DEBUG]   [0] _init @ 0x1000 (大小: 0)
2026/01/12 16:00:58 [DEBUG]   [1] main @ 0x10c0 (大小: 1479)
2026/01/12 16:00:58 [DEBUG]   [2] _start @ 0x1690 (大小: 38)
2026/01/12 16:00:58 [DEBUG]   [3] deregister_tm_clones @ 0x16c0 (大小: 0)
2026/01/12 16:00:58 [DEBUG]   [4] register_tm_clones @ 0x16f0 (大小: 0)
2026/01/12 16:00:58 [DEBUG] resolveInMapping: 符号表未找到函数名
2026/01/12 16:00:58 [DEBUG] resolveInMapping: 从DWARF查找行号信息
2026/01/12 16:00:58 [DEBUG] resolveInMapping: DWARF未找到行号信息: line info not found
2026/01/12 16:00:58 [DEBUG] resolveInMapping: 从DWARF查找函数名
2026/01/12 16:00:58 [DEBUG] findDwarfFunction: 共检查了 20 个函数，未找到匹配
2026/01/12 16:00:58 [DEBUG] resolveInMapping: DWARF未找到函数名
2026/01/12 16:00:58 [DEBUG] resolveInMapping: 解析失败，未找到符号信息
2026/01/12 16:00:58 [DEBUG] ResolveAddress: 开始解析地址 0x563d30931529 (主程序基址: 0x563d30931000 - 0x563d30932000)
2026/01/12 16:00:58 [DEBUG] ResolveAddress: 主程序地址，文件偏移 0x529
2026/01/12 16:00:58 [DEBUG] resolveInMapping: 从符号表查找文件偏移 0x529
2026/01/12 16:00:58 [DEBUG] findSymbolInList: 在31个符号中查找地址 0x529
2026/01/12 16:00:58 [DEBUG] findSymbolInList: 前5个符号:
2026/01/12 16:00:58 [DEBUG]   [0] _init @ 0x1000 (大小: 0)
2026/01/12 16:00:58 [DEBUG]   [1] main @ 0x10c0 (大小: 1479)
2026/01/12 16:00:58 [DEBUG]   [2] _start @ 0x1690 (大小: 38)
2026/01/12 16:00:58 [DEBUG]   [3] deregister_tm_clones @ 0x16c0 (大小: 0)
2026/01/12 16:00:58 [DEBUG]   [4] register_tm_clones @ 0x16f0 (大小: 0)
2026/01/12 16:00:58 [DEBUG] resolveInMapping: 符号表未找到函数名
2026/01/12 16:00:58 [DEBUG] resolveInMapping: 从DWARF查找行号信息
2026/01/12 16:00:58 [DEBUG] resolveInMapping: DWARF未找到行号信息: line info not found
2026/01/12 16:00:58 [DEBUG] resolveInMapping: 从DWARF查找函数名
2026/01/12 16:00:58 [DEBUG] findDwarfFunction: 共检查了 20 个函数，未找到匹配
2026/01/12 16:00:58 [DEBUG] resolveInMapping: DWARF未找到函数名
2026/01/12 16:00:58 [DEBUG] resolveInMapping: 解析失败，未找到符号信息
2026/01/12 16:00:58 [DEBUG] ResolveAddress: 开始解析地址 0x563d3093152b (主程序基址: 0x563d30931000 - 0x563d30932000)
2026/01/12 16:00:58 [DEBUG] ResolveAddress: 主程序地址，文件偏移 0x52b
2026/01/12 16:00:58 [DEBUG] resolveInMapping: 从符号表查找文件偏移 0x52b
2026/01/12 16:00:58 [DEBUG] findSymbolInList: 在31个符号中查找地址 0x52b
2026/01/12 16:00:58 [DEBUG] findSymbolInList: 前5个符号:
2026/01/12 16:00:58 [DEBUG]   [0] _init @ 0x1000 (大小: 0)
2026/01/12 16:00:58 [DEBUG]   [1] main @ 0x10c0 (大小: 1479)
2026/01/12 16:00:58 [DEBUG]   [2] _start @ 0x1690 (大小: 38)
2026/01/12 16:00:58 [DEBUG]   [3] deregister_tm_clones @ 0x16c0 (大小: 0)
2026/01/12 16:00:58 [DEBUG]   [4] register_tm_clones @ 0x16f0 (大小: 0)
2026/01/12 16:00:58 [DEBUG] resolveInMapping: 符号表未找到函数名
2026/01/12 16:00:58 [DEBUG] resolveInMapping: 从DWARF查找行号信息
2026/01/12 16:00:58 [DEBUG] resolveInMapping: DWARF未找到行号信息: line info not found
2026/01/12 16:00:58 [DEBUG] resolveInMapping: 从DWARF查找函数名
2026/01/12 16:00:58 [DEBUG] findDwarfFunction: 共检查了 20 个函数，未找到匹配
2026/01/12 16:00:58 [DEBUG] resolveInMapping: DWARF未找到函数名
2026/01/12 16:00:58 [DEBUG] resolveInMapping: 解析失败，未找到符号信息
2026/01/12 16:00:58 [DEBUG] ResolveAddress: 开始解析地址 0x563d30931500 (主程序基址: 0x563d30931000 - 0x563d30932000)
2026/01/12 16:00:58 [DEBUG] ResolveAddress: 主程序地址，文件偏移 0x500
2026/01/12 16:00:58 [DEBUG] resolveInMapping: 从符号表查找文件偏移 0x500
2026/01/12 16:00:58 [DEBUG] findSymbolInList: 在31个符号中查找地址 0x500
2026/01/12 16:00:58 [DEBUG] findSymbolInList: 前5个符号:
2026/01/12 16:00:58 [DEBUG]   [0] _init @ 0x1000 (大小: 0)
2026/01/12 16:00:58 [DEBUG]   [1] main @ 0x10c0 (大小: 1479)
2026/01/12 16:00:58 [DEBUG]   [2] _start @ 0x1690 (大小: 38)
2026/01/12 16:00:58 [DEBUG]   [3] deregister_tm_clones @ 0x16c0 (大小: 0)
2026/01/12 16:00:58 [DEBUG]   [4] register_tm_clones @ 0x16f0 (大小: 0)
2026/01/12 16:00:58 [DEBUG] resolveInMapping: 符号表未找到函数名
2026/01/12 16:00:58 [DEBUG] resolveInMapping: 从DWARF查找行号信息
2026/01/12 16:00:58 [DEBUG] resolveInMapping: DWARF未找到行号信息: line info not found
2026/01/12 16:00:58 [DEBUG] resolveInMapping: 从DWARF查找函数名
2026/01/12 16:00:58 [DEBUG] findDwarfFunction: 共检查了 20 个函数，未找到匹配
2026/01/12 16:00:58 [DEBUG] resolveInMapping: DWARF未找到函数名
2026/01/12 16:00:58 [DEBUG] resolveInMapping: 解析失败，未找到符号信息
2026/01/12 16:00:58 [DEBUG] ResolveAddress: 开始解析地址 0x563d3093154c (主程序基址: 0x563d30931000 - 0x563d30932000)
2026/01/12 16:00:58 [DEBUG] ResolveAddress: 主程序地址，文件偏移 0x54c
2026/01/12 16:00:58 [DEBUG] resolveInMapping: 从符号表查找文件偏移 0x54c
2026/01/12 16:00:58 [DEBUG] findSymbolInList: 在31个符号中查找地址 0x54c
2026/01/12 16:00:58 [DEBUG] findSymbolInList: 前5个符号:
2026/01/12 16:00:58 [DEBUG]   [0] _init @ 0x1000 (大小: 0)
2026/01/12 16:00:58 [DEBUG]   [1] main @ 0x10c0 (大小: 1479)
2026/01/12 16:00:58 [DEBUG]   [2] _start @ 0x1690 (大小: 38)
2026/01/12 16:00:58 [DEBUG]   [3] deregister_tm_clones @ 0x16c0 (大小: 0)
2026/01/12 16:00:58 [DEBUG]   [4] register_tm_clones @ 0x16f0 (大小: 0)
2026/01/12 16:00:58 [DEBUG] resolveInMapping: 符号表未找到函数名
2026/01/12 16:00:58 [DEBUG] resolveInMapping: 从DWARF查找行号信息
2026/01/12 16:00:58 [DEBUG] resolveInMapping: DWARF未找到行号信息: line info not found
2026/01/12 16:00:58 [DEBUG] resolveInMapping: 从DWARF查找函数名
2026/01/12 16:00:58 [DEBUG] findDwarfFunction: 共检查了 20 个函数，未找到匹配
2026/01/12 16:00:58 [DEBUG] resolveInMapping: DWARF未找到函数名
2026/01/12 16:00:58 [DEBUG] resolveInMapping: 解析失败，未找到符号信息
2026/01/12 16:00:58 [DEBUG] ResolveAddress: 开始解析地址 0x563d30931529 (主程序基址: 0x563d30931000 - 0x563d30932000)
2026/01/12 16:00:58 [DEBUG] ResolveAddress: 主程序地址，文件偏移 0x529
2026/01/12 16:00:58 [DEBUG] resolveInMapping: 从符号表查找文件偏移 0x529
2026/01/12 16:00:58 [DEBUG] findSymbolInList: 在31个符号中查找地址 0x529
2026/01/12 16:00:58 [DEBUG] findSymbolInList: 前5个符号:
2026/01/12 16:00:58 [DEBUG]   [0] _init @ 0x1000 (大小: 0)
2026/01/12 16:00:58 [DEBUG]   [1] main @ 0x10c0 (大小: 1479)
2026/01/12 16:00:58 [DEBUG]   [2] _start @ 0x1690 (大小: 38)
2026/01/12 16:00:58 [DEBUG]   [3] deregister_tm_clones @ 0x16c0 (大小: 0)
2026/01/12 16:00:58 [DEBUG]   [4] register_tm_clones @ 0x16f0 (大小: 0)
2026/01/12 16:00:58 [DEBUG] resolveInMapping: 符号表未找到函数名
2026/01/12 16:00:58 [DEBUG] resolveInMapping: 从DWARF查找行号信息
2026/01/12 16:00:58 [DEBUG] resolveInMapping: DWARF未找到行号信息: line info not found
2026/01/12 16:00:58 [DEBUG] resolveInMapping: 从DWARF查找函数名
2026/01/12 16:00:58 [DEBUG] findDwarfFunction: 共检查了 20 个函数，未找到匹配
2026/01/12 16:00:58 [DEBUG] resolveInMapping: DWARF未找到函数名
2026/01/12 16:00:58 [DEBUG] resolveInMapping: 解析失败，未找到符号信息
2026/01/12 16:00:58 [DEBUG] ResolveAddress: 开始解析地址 0x563d3093152b (主程序基址: 0x563d30931000 - 0x563d30932000)
2026/01/12 16:00:58 [DEBUG] ResolveAddress: 主程序地址，文件偏移 0x52b
2026/01/12 16:00:58 [DEBUG] resolveInMapping: 从符号表查找文件偏移 0x52b
2026/01/12 16:00:58 [DEBUG] findSymbolInList: 在31个符号中查找地址 0x52b
2026/01/12 16:00:58 [DEBUG] findSymbolInList: 前5个符号:
2026/01/12 16:00:58 [DEBUG]   [0] _init @ 0x1000 (大小: 0)
2026/01/12 16:00:58 [DEBUG]   [1] main @ 0x10c0 (大小: 1479)
2026/01/12 16:00:58 [DEBUG]   [2] _start @ 0x1690 (大小: 38)
2026/01/12 16:00:58 [DEBUG]   [3] deregister_tm_clones @ 0x16c0 (大小: 0)
2026/01/12 16:00:58 [DEBUG]   [4] register_tm_clones @ 0x16f0 (大小: 0)
2026/01/12 16:00:58 [DEBUG] resolveInMapping: 符号表未找到函数名
2026/01/12 16:00:58 [DEBUG] resolveInMapping: 从DWARF查找行号信息
2026/01/12 16:00:58 [DEBUG] resolveInMapping: DWARF未找到行号信息: line info not found
2026/01/12 16:00:58 [DEBUG] resolveInMapping: 从DWARF查找函数名
2026/01/12 16:00:58 [DEBUG] findDwarfFunction: 共检查了 20 个函数，未找到匹配
2026/01/12 16:00:58 [DEBUG] resolveInMapping: DWARF未找到函数名
2026/01/12 16:00:58 [DEBUG] resolveInMapping: 解析失败，未找到符号信息
2026/01/12 16:00:58 [DEBUG] ResolveAddress: 开始解析地址 0x563d30931500 (主程序基址: 0x563d30931000 - 0x563d30932000)
2026/01/12 16:00:58 [DEBUG] ResolveAddress: 主程序地址，文件偏移 0x500
2026/01/12 16:00:58 [DEBUG] resolveInMapping: 从符号表查找文件偏移 0x500
2026/01/12 16:00:58 [DEBUG] findSymbolInList: 在31个符号中查找地址 0x500
2026/01/12 16:00:58 [DEBUG] findSymbolInList: 前5个符号:
2026/01/12 16:00:58 [DEBUG]   [0] _init @ 0x1000 (大小: 0)
2026/01/12 16:00:58 [DEBUG]   [1] main @ 0x10c0 (大小: 1479)
2026/01/12 16:00:58 [DEBUG]   [2] _start @ 0x1690 (大小: 38)
2026/01/12 16:00:58 [DEBUG]   [3] deregister_tm_clones @ 0x16c0 (大小: 0)
2026/01/12 16:00:58 [DEBUG]   [4] register_tm_clones @ 0x16f0 (大小: 0)
2026/01/12 16:00:58 [DEBUG] resolveInMapping: 符号表未找到函数名
2026/01/12 16:00:58 [DEBUG] resolveInMapping: 从DWARF查找行号信息
2026/01/12 16:00:58 [DEBUG] resolveInMapping: DWARF未找到行号信息: line info not found
2026/01/12 16:00:58 [DEBUG] resolveInMapping: 从DWARF查找函数名
2026/01/12 16:00:58 [DEBUG] findDwarfFunction: 共检查了 20 个函数，未找到匹配
2026/01/12 16:00:58 [DEBUG] resolveInMapping: DWARF未找到函数名
2026/01/12 16:00:58 [DEBUG] resolveInMapping: 解析失败，未找到符号信息
2026/01/12 16:00:58 [DEBUG] ResolveAddress: 开始解析地址 0x563d3093154c (主程序基址: 0x563d30931000 - 0x563d30932000)
2026/01/12 16:00:58 [DEBUG] ResolveAddress: 主程序地址，文件偏移 0x54c
2026/01/12 16:00:58 [DEBUG] resolveInMapping: 从符号表查找文件偏移 0x54c
2026/01/12 16:00:58 [DEBUG] findSymbolInList: 在31个符号中查找地址 0x54c
2026/01/12 16:00:58 [DEBUG] findSymbolInList: 前5个符号:
2026/01/12 16:00:58 [DEBUG]   [0] _init @ 0x1000 (大小: 0)
2026/01/12 16:00:58 [DEBUG]   [1] main @ 0x10c0 (大小: 1479)
2026/01/12 16:00:58 [DEBUG]   [2] _start @ 0x1690 (大小: 38)
2026/01/12 16:00:58 [DEBUG]   [3] deregister_tm_clones @ 0x16c0 (大小: 0)
2026/01/12 16:00:58 [DEBUG]   [4] register_tm_clones @ 0x16f0 (大小: 0)
2026/01/12 16:00:58 [DEBUG] resolveInMapping: 符号表未找到函数名
2026/01/12 16:00:58 [DEBUG] resolveInMapping: 从DWARF查找行号信息
2026/01/12 16:00:58 [DEBUG] resolveInMapping: DWARF未找到行号信息: line info not found
2026/01/12 16:00:58 [DEBUG] resolveInMapping: 从DWARF查找函数名
2026/01/12 16:00:58 [DEBUG] findDwarfFunction: 共检查了 20 个函数，未找到匹配
2026/01/12 16:00:58 [DEBUG] resolveInMapping: DWARF未找到函数名
2026/01/12 16:00:58 [DEBUG] resolveInMapping: 解析失败，未找到符号信息
2026/01/12 16:00:58 [DEBUG] ResolveAddress: 开始解析地址 0x563d30931529 (主程序基址: 0x563d30931000 - 0x563d30932000)
2026/01/12 16:00:58 [DEBUG] ResolveAddress: 主程序地址，文件偏移 0x529
2026/01/12 16:00:58 [DEBUG] resolveInMapping: 从符号表查找文件偏移 0x529
2026/01/12 16:00:58 [DEBUG] findSymbolInList: 在31个符号中查找地址 0x529
2026/01/12 16:00:58 [DEBUG] findSymbolInList: 前5个符号:
2026/01/12 16:00:58 [DEBUG]   [0] _init @ 0x1000 (大小: 0)
2026/01/12 16:00:58 [DEBUG]   [1] main @ 0x10c0 (大小: 1479)
2026/01/12 16:00:58 [DEBUG]   [2] _start @ 0x1690 (大小: 38)
2026/01/12 16:00:58 [DEBUG]   [3] deregister_tm_clones @ 0x16c0 (大小: 0)
2026/01/12 16:00:58 [DEBUG]   [4] register_tm_clones @ 0x16f0 (大小: 0)
2026/01/12 16:00:58 [DEBUG] resolveInMapping: 符号表未找到函数名
2026/01/12 16:00:58 [DEBUG] resolveInMapping: 从DWARF查找行号信息
2026/01/12 16:00:58 [DEBUG] resolveInMapping: DWARF未找到行号信息: line info not found
2026/01/12 16:00:58 [DEBUG] resolveInMapping: 从DWARF查找函数名
2026/01/12 16:00:58 [DEBUG] findDwarfFunction: 共检查了 20 个函数，未找到匹配
2026/01/12 16:00:58 [DEBUG] resolveInMapping: DWARF未找到函数名
2026/01/12 16:00:58 [DEBUG] resolveInMapping: 解析失败，未找到符号信息
2026/01/12 16:00:58 [DEBUG] ResolveAddress: 开始解析地址 0x563d3093152b (主程序基址: 0x563d30931000 - 0x563d30932000)
2026/01/12 16:00:58 [DEBUG] ResolveAddress: 主程序地址，文件偏移 0x52b
2026/01/12 16:00:58 [DEBUG] resolveInMapping: 从符号表查找文件偏移 0x52b
2026/01/12 16:00:58 [DEBUG] findSymbolInList: 在31个符号中查找地址 0x52b
2026/01/12 16:00:58 [DEBUG] findSymbolInList: 前5个符号:
2026/01/12 16:00:58 [DEBUG]   [0] _init @ 0x1000 (大小: 0)
2026/01/12 16:00:58 [DEBUG]   [1] main @ 0x10c0 (大小: 1479)
2026/01/12 16:00:58 [DEBUG]   [2] _start @ 0x1690 (大小: 38)
2026/01/12 16:00:58 [DEBUG]   [3] deregister_tm_clones @ 0x16c0 (大小: 0)
2026/01/12 16:00:58 [DEBUG]   [4] register_tm_clones @ 0x16f0 (大小: 0)
2026/01/12 16:00:58 [DEBUG] resolveInMapping: 符号表未找到函数名
2026/01/12 16:00:58 [DEBUG] resolveInMapping: 从DWARF查找行号信息
2026/01/12 16:00:58 [DEBUG] resolveInMapping: DWARF未找到行号信息: line info not found
2026/01/12 16:00:58 [DEBUG] resolveInMapping: 从DWARF查找函数名
2026/01/12 16:00:58 [DEBUG] findDwarfFunction: 共检查了 20 个函数，未找到匹配
2026/01/12 16:00:58 [DEBUG] resolveInMapping: DWARF未找到函数名
2026/01/12 16:00:58 [DEBUG] resolveInMapping: 解析失败，未找到符号信息
2026/01/12 16:00:58 [DEBUG] ResolveAddress: 开始解析地址 0x563d30931500 (主程序基址: 0x563d30931000 - 0x563d30932000)
2026/01/12 16:00:58 [DEBUG] ResolveAddress: 主程序地址，文件偏移 0x500
2026/01/12 16:00:58 [DEBUG] resolveInMapping: 从符号表查找文件偏移 0x500
2026/01/12 16:00:58 [DEBUG] findSymbolInList: 在31个符号中查找地址 0x500
2026/01/12 16:00:58 [DEBUG] findSymbolInList: 前5个符号:
2026/01/12 16:00:58 [DEBUG]   [0] _init @ 0x1000 (大小: 0)
2026/01/12 16:00:58 [DEBUG]   [1] main @ 0x10c0 (大小: 1479)
2026/01/12 16:00:58 [DEBUG]   [2] _start @ 0x1690 (大小: 38)
2026/01/12 16:00:58 [DEBUG]   [3] deregister_tm_clones @ 0x16c0 (大小: 0)
2026/01/12 16:00:58 [DEBUG]   [4] register_tm_clones @ 0x16f0 (大小: 0)
2026/01/12 16:00:58 [DEBUG] resolveInMapping: 符号表未找到函数名
2026/01/12 16:00:58 [DEBUG] resolveInMapping: 从DWARF查找行号信息
2026/01/12 16:00:58 [DEBUG] resolveInMapping: DWARF未找到行号信息: line info not found
2026/01/12 16:00:58 [DEBUG] resolveInMapping: 从DWARF查找函数名
2026/01/12 16:00:58 [DEBUG] findDwarfFunction: 共检查了 20 个函数，未找到匹配
2026/01/12 16:00:58 [DEBUG] resolveInMapping: DWARF未找到函数名
2026/01/12 16:00:58 [DEBUG] resolveInMapping: 解析失败，未找到符号信息
2026/01/12 16:00:58 [DEBUG] ResolveAddress: 开始解析地址 0x563d3093154c (主程序基址: 0x563d30931000 - 0x563d30932000)
2026/01/12 16:00:58 [DEBUG] ResolveAddress: 主程序地址，文件偏移 0x54c
2026/01/12 16:00:58 [DEBUG] resolveInMapping: 从符号表查找文件偏移 0x54c
2026/01/12 16:00:58 [DEBUG] findSymbolInList: 在31个符号中查找地址 0x54c
2026/01/12 16:00:58 [DEBUG] findSymbolInList: 前5个符号:
2026/01/12 16:00:58 [DEBUG]   [0] _init @ 0x1000 (大小: 0)
2026/01/12 16:00:58 [DEBUG]   [1] main @ 0x10c0 (大小: 1479)
2026/01/12 16:00:58 [DEBUG]   [2] _start @ 0x1690 (大小: 38)
2026/01/12 16:00:58 [DEBUG]   [3] deregister_tm_clones @ 0x16c0 (大小: 0)
2026/01/12 16:00:58 [DEBUG]   [4] register_tm_clones @ 0x16f0 (大小: 0)
2026/01/12 16:00:58 [DEBUG] resolveInMapping: 符号表未找到函数名
2026/01/12 16:00:58 [DEBUG] resolveInMapping: 从DWARF查找行号信息
2026/01/12 16:00:58 [DEBUG] resolveInMapping: DWARF未找到行号信息: line info not found
2026/01/12 16:00:58 [DEBUG] resolveInMapping: 从DWARF查找函数名
2026/01/12 16:00:58 [DEBUG] findDwarfFunction: 共检查了 20 个函数，未找到匹配
2026/01/12 16:00:58 [DEBUG] resolveInMapping: DWARF未找到函数名
2026/01/12 16:00:58 [DEBUG] resolveInMapping: 解析失败，未找到符号信息
2026/01/12 16:00:58 [DEBUG] ResolveAddress: 开始解析地址 0x563d30931529 (主程序基址: 0x563d30931000 - 0x563d30932000)
2026/01/12 16:00:58 [DEBUG] ResolveAddress: 主程序地址，文件偏移 0x529
2026/01/12 16:00:58 [DEBUG] resolveInMapping: 从符号表查找文件偏移 0x529
2026/01/12 16:00:58 [DEBUG] findSymbolInList: 在31个符号中查找地址 0x529
2026/01/12 16:00:58 [DEBUG] findSymbolInList: 前5个符号:
2026/01/12 16:00:58 [DEBUG]   [0] _init @ 0x1000 (大小: 0)
2026/01/12 16:00:58 [DEBUG]   [1] main @ 0x10c0 (大小: 1479)
2026/01/12 16:00:58 [DEBUG]   [2] _start @ 0x1690 (大小: 38)
2026/01/12 16:00:58 [DEBUG]   [3] deregister_tm_clones @ 0x16c0 (大小: 0)
2026/01/12 16:00:58 [DEBUG]   [4] register_tm_clones @ 0x16f0 (大小: 0)
2026/01/12 16:00:58 [DEBUG] resolveInMapping: 符号表未找到函数名
2026/01/12 16:00:58 [DEBUG] resolveInMapping: 从DWARF查找行号信息
2026/01/12 16:00:58 [DEBUG] resolveInMapping: DWARF未找到行号信息: line info not found
2026/01/12 16:00:58 [DEBUG] resolveInMapping: 从DWARF查找函数名
2026/01/12 16:00:58 [DEBUG] findDwarfFunction: 共检查了 20 个函数，未找到匹配
2026/01/12 16:00:58 [DEBUG] resolveInMapping: DWARF未找到函数名
2026/01/12 16:00:58 [DEBUG] resolveInMapping: 解析失败，未找到符号信息

=== PID: 66422, TID: 66422, COMM: test_lbr, Entries: 32 ===
LBR Stack:
[#00] [33m[user]+0x563d3093154c[0m -> [33m[user]+0x563d30931529[0m
[#01] [33m[user]+0x563d3093152b[0m -> [33m[user]+0x563d30931500[0m
[#02] [33m[user]+0x563d3093154c[0m -> [33m[user]+0x563d30931529[0m
[#03] [33m[user]+0x563d3093152b[0m -> [33m[user]+0x563d30931500[0m
[#04] [33m[user]+0x563d3093154c[0m -> [33m[user]+0x563d30931529[0m
[#05] [33m[user]+0x563d3093152b[0m -> [33m[user]+0x563d30931500[0m
[#06] [33m[user]+0x563d3093154c[0m -> [33m[user]+0x563d30931529[0m
[#07] [33m[user]+0x563d3093152b[0m -> [33m[user]+0x563d30931500[0m
[#08] [33m[user]+0x563d3093154c[0m -> [33m[user]+0x563d30931529[0m
[#09] [33m[user]+0x563d3093152b[0m -> [33m[user]+0x563d30931500[0m
[#10] [33m[user]+0x563d3093154c[0m -> [33m[user]+0x563d30931529[0m
[#11] [33m[user]+0x563d3093152b[0m -> [33m[user]+0x563d30931500[0m
[#12] [33m[user]+0x563d3093154c[0m -> [33m[user]+0x563d30931529[0m
[#13] [33m[user]+0x563d3093152b[0m -> [33m[user]+0x563d30931500[0m
[#14] [33m[user]+0x563d3093154c[0m -> [33m[user]+0x563d30931529[0m
[#15] [33m[user]+0x563d3093152b[0m -> [33m[user]+0x563d30931500[0m
[#16] [33m[user]+0x563d3093154c[0m -> [33m[user]+0x563d30931529[0m
[#17] [33m[user]+0x563d3093152b[0m -> [33m[user]+0x563d30931500[0m
[#18] [33m[user]+0x563d3093155f[0m -> [33m[user]+0x563d309314bc[0m
[#19] [33m[user]+0x563d309314c0[0m -> [33m[user]+0x563d30931529[0m
[#20] [33m[user]+0x563d3093154c[0m -> [33m[user]+0x563d30931529[0m
[#21] [33m[user]+0x563d3093152b[0m -> [33m[user]+0x563d30931500[0m
[#22] [33m[user]+0x563d3093154c[0m -> [33m[user]+0x563d30931529[0m
[#23] [33m[user]+0x563d3093152b[0m -> [33m[user]+0x563d30931500[0m
[#24] [33m[user]+0x563d3093154c[0m -> [33m[user]+0x563d30931529[0m
[#25] [33m[user]+0x563d3093152b[0m -> [33m[user]+0x563d30931500[0m
[#26] [33m[user]+0x563d3093154c[0m -> [33m[user]+0x563d30931529[0m
[#27] [33m[user]+0x563d3093152b[0m -> [33m[user]+0x563d30931500[0m
[#28] [33m[user]+0x563d3093154c[0m -> [33m[user]+0x563d30931529[0m
[#29] [33m[user]+0x563d3093152b[0m -> [33m[user]+0x563d30931500[0m
[#30] [33m[user]+0x563d3093154c[0m -> [33m[user]+0x563d30931529[0m
[#31] [33m[user]+0x563d3093152b[0m -> [33m[user]+0x563d30931500[0m
2026/01/12 16:00:58 LBR数据统计: 总条目=1, 有效=1, 空数据=0, 全零数据=0
2026/01/12 16:00:59 No LBR data - map中无任何条目
2026/01/12 16:01:00 No LBR data - map中无任何条目
2026/01/12 16:01:01 No LBR data - map中无任何条目
2026/01/12 16:01:02 No LBR data - map中无任何条目
2026/01/12 16:01:03 No LBR data - map中无任何条目
2026/01/12 16:01:04 No LBR data - map中无任何条目
