2026/01/11 17:02:30 Current nofile rlimit: curr=524287 max=524288
2026/01/11 17:02:30 Monitoring PID: 50100
2026/01/11 17:02:30 LBR demo is running. Press Ctrl-C to exit.
2026/01/11 17:02:30 DEBUG: No entries found in lbr_map
2026/01/11 17:02:30 DEBUG: No entries found in lbr_map
2026/01/11 17:02:30 DEBUG: No entries found in lbr_map
2026/01/11 17:02:31 DEBUG: No entries found in lbr_map
2026/01/11 17:02:31 DEBUG: No entries found in lbr_map
2026/01/11 17:02:31 DEBUG: No entries found in lbr_map
2026/01/11 17:02:31 DEBUG: No entries found in lbr_map
2026/01/11 17:02:31 DEBUG: No entries found in lbr_map
2026/01/11 17:02:31 DEBUG: No entries found in lbr_map
2026/01/11 17:02:31 DEBUG: No entries found in lbr_map
2026/01/11 17:02:31 DEBUG: No entries found in lbr_map
2026/01/11 17:02:31 DEBUG: No entries found in lbr_map
2026/01/11 17:02:31 DEBUG: No entries found in lbr_map
2026/01/11 17:02:32 DEBUG: No entries found in lbr_map
2026/01/11 17:02:32 DEBUG: No entries found in lbr_map
2026/01/11 17:02:32 DEBUG: No entries found in lbr_map
2026/01/11 17:02:32 DEBUG: No entries found in lbr_map
2026/01/11 17:02:32 DEBUG: No entries found in lbr_map
2026/01/11 17:02:32 DEBUG: No entries found in lbr_map
2026/01/11 17:02:32 DEBUG: No entries found in lbr_map
2026/01/11 17:02:32 DEBUG: No entries found in lbr_map
2026/01/11 17:02:32 DEBUG: No entries found in lbr_map
2026/01/11 17:02:32 DEBUG: No entries found in lbr_map
2026/01/11 17:02:33 DEBUG: No entries found in lbr_map
2026/01/11 17:02:33 DEBUG: No entries found in lbr_map
2026/01/11 17:02:33 DEBUG: No entries found in lbr_map
2026/01/11 17:02:33 DEBUG: No entries found in lbr_map

=== PID: 50100, TID: 50100, Entries: 32 ===
LBR Stack:
[#00] [user]+0x44ebc3 -> [user]+0x44ebd0
[#01] [user]+0x44ebf1 -> [user]+0x44eec0
[#02] [user]+0x44eef0 -> [user]+0x44ef45
[#03] [user]+0x44ef4c -> [user]+0x44ebf6
[#04] [user]+0x44ec1a -> [user]+0x44ec20
[#05] [user]+0x44ec23 -> [user]+0x44eb70
[#06] [user]+0x44eb87 -> [user]+0x44ec47
[#07] [user]+0x44ec50 -> [user]+0x416220
[#08] [user]+0x416247 -> [user]+0x4162a2
[#09] [user]+0x4162a4 -> [user]+0x4162b5
[#10] [user]+0x4162cc -> [user]+0x4162d3
[#11] [user]+0x4162e9 -> [user]+0x416304
[#12] [user]+0x41631c -> [user]+0x41632f
[#13] [user]+0x416334 -> [user]+0x44ec55
[#14] [user]+0x44ec60 -> [user]+0x44ea28
[#15] [user]+0x44ea38 -> [user]+0x420f20
[#16] [user]+0x420f46 -> [user]+0x420f4d
[#17] [user]+0x420f58 -> [user]+0x420f62
[#18] [user]+0x420f92 -> [user]+0x420f96
[#19] [user]+0x420f9d -> [user]+0x44ea3d
[#20] [user]+0x44ea5b -> [user]+0x44eace
[#21] [user]+0x44ead6 -> [user]+0x44eb11
[#22] [user]+0x44eb16 -> [user]+0x44e6e7
[#23] [user]+0x44e6f5 -> [user]+0x416220
[#24] [user]+0x416247 -> [user]+0x4162a2
[#25] [user]+0x4162a4 -> [user]+0x4162b5
[#26] [user]+0x4162cc -> [user]+0x4162d3
[#27] [user]+0x4162f2 -> [user]+0x416304
[#28] [user]+0x416325 -> [user]+0x41632f
[#29] [user]+0x416334 -> [user]+0x44e6fa
[#30] [user]+0x44e72a -> [user]+0x44e736
[#31] [user]+0x44e74b -> [user]+0x47c600

=== PID: 50100, TID: 50100, Entries: 32 ===
LBR Stack:
[#00] [user]+0x44ebc3 -> [user]+0x44ebd0
[#01] [user]+0x44ebf1 -> [user]+0x44eec0
[#02] [user]+0x44eef0 -> [user]+0x44ef45
[#03] [user]+0x44ef4c -> [user]+0x44ebf6
[#04] [user]+0x44ec1a -> [user]+0x44ec20
[#05] [user]+0x44ec23 -> [user]+0x44eb70
[#06] [user]+0x44eb87 -> [user]+0x44ec47
[#07] [user]+0x44ec50 -> [user]+0x416220
[#08] [user]+0x416247 -> [user]+0x4162a2
[#09] [user]+0x4162a4 -> [user]+0x4162b5
[#10] [user]+0x4162cc -> [user]+0x4162d3
[#11] [user]+0x4162e9 -> [user]+0x416304
[#12] [user]+0x41631c -> [user]+0x41632f
[#13] [user]+0x416334 -> [user]+0x44ec55
[#14] [user]+0x44ec60 -> [user]+0x44ea28
[#15] [user]+0x44ea38 -> [user]+0x420f20
[#16] [user]+0x420f46 -> [user]+0x420f4d
[#17] [user]+0x420f58 -> [user]+0x420f62
[#18] [user]+0x420f92 -> [user]+0x420f96
[#19] [user]+0x420f9d -> [user]+0x44ea3d
[#20] [user]+0x44ea5b -> [user]+0x44eace
[#21] [user]+0x44ead6 -> [user]+0x44eb11
[#22] [user]+0x44eb16 -> [user]+0x44e6e7
[#23] [user]+0x44e6f5 -> [user]+0x416220
[#24] [user]+0x416247 -> [user]+0x4162a2
[#25] [user]+0x4162a4 -> [user]+0x4162b5
[#26] [user]+0x4162cc -> [user]+0x4162d3
[#27] [user]+0x4162f2 -> [user]+0x416304
[#28] [user]+0x416325 -> [user]+0x41632f
[#29] [user]+0x416334 -> [user]+0x44e6fa
[#30] [user]+0x44e72a -> [user]+0x44e736
[#31] [user]+0x44e74b -> [user]+0x47c600
2026/01/11 17:02:33 DEBUG: No entries found in lbr_map
2026/01/11 17:02:33 DEBUG: No entries found in lbr_map
2026/01/11 17:02:33 DEBUG: No entries found in lbr_map
2026/01/11 17:02:33 DEBUG: No entries found in lbr_map
2026/01/11 17:02:34 DEBUG: No entries found in lbr_map
2026/01/11 17:02:34 DEBUG: No entries found in lbr_map
2026/01/11 17:02:34 DEBUG: No entries found in lbr_map
2026/01/11 17:02:34 DEBUG: No entries found in lbr_map
2026/01/11 17:02:34 DEBUG: No entries found in lbr_map
2026/01/11 17:02:34 DEBUG: No entries found in lbr_map
2026/01/11 17:02:34 DEBUG: No entries found in lbr_map
2026/01/11 17:02:34 DEBUG: No entries found in lbr_map
2026/01/11 17:02:34 DEBUG: No entries found in lbr_map
2026/01/11 17:02:34 DEBUG: No entries found in lbr_map
2026/01/11 17:02:35 DEBUG: No entries found in lbr_map
2026/01/11 17:02:35 DEBUG: No entries found in lbr_map
2026/01/11 17:02:35 DEBUG: No entries found in lbr_map
2026/01/11 17:02:35 DEBUG: No entries found in lbr_map
2026/01/11 17:02:35 DEBUG: No entries found in lbr_map
2026/01/11 17:02:35 DEBUG: No entries found in lbr_map
2026/01/11 17:02:35 DEBUG: No entries found in lbr_map
2026/01/11 17:02:35 DEBUG: No entries found in lbr_map
2026/01/11 17:02:35 DEBUG: No entries found in lbr_map
2026/01/11 17:02:35 DEBUG: No entries found in lbr_map
2026/01/11 17:02:36 DEBUG: No entries found in lbr_map
2026/01/11 17:02:36 DEBUG: No entries found in lbr_map
2026/01/11 17:02:36 DEBUG: No entries found in lbr_map
2026/01/11 17:02:36 DEBUG: No entries found in lbr_map
2026/01/11 17:02:36 DEBUG: No entries found in lbr_map
2026/01/11 17:02:36 DEBUG: No entries found in lbr_map
2026/01/11 17:02:36 DEBUG: No entries found in lbr_map
2026/01/11 17:02:36 DEBUG: No entries found in lbr_map
2026/01/11 17:02:36 DEBUG: No entries found in lbr_map
2026/01/11 17:02:36 DEBUG: No entries found in lbr_map
2026/01/11 17:02:37 DEBUG: No entries found in lbr_map
2026/01/11 17:02:37 DEBUG: No entries found in lbr_map
2026/01/11 17:02:37 DEBUG: No entries found in lbr_map
2026/01/11 17:02:37 DEBUG: No entries found in lbr_map
2026/01/11 17:02:37 DEBUG: No entries found in lbr_map
2026/01/11 17:02:37 DEBUG: No entries found in lbr_map
2026/01/11 17:02:37 DEBUG: No entries found in lbr_map
2026/01/11 17:02:37 DEBUG: No entries found in lbr_map
2026/01/11 17:02:37 DEBUG: No entries found in lbr_map
2026/01/11 17:02:37 DEBUG: No entries found in lbr_map
2026/01/11 17:02:38 DEBUG: No entries found in lbr_map
2026/01/11 17:02:38 DEBUG: No entries found in lbr_map
2026/01/11 17:02:38 DEBUG: No entries found in lbr_map
2026/01/11 17:02:38 DEBUG: No entries found in lbr_map
2026/01/11 17:02:38 DEBUG: No entries found in lbr_map
2026/01/11 17:02:38 DEBUG: No entries found in lbr_map
2026/01/11 17:02:38 DEBUG: No entries found in lbr_map
2026/01/11 17:02:38 DEBUG: No entries found in lbr_map
2026/01/11 17:02:38 DEBUG: No entries found in lbr_map
2026/01/11 17:02:38 DEBUG: No entries found in lbr_map
2026/01/11 17:02:39 DEBUG: No entries found in lbr_map
2026/01/11 17:02:39 DEBUG: No entries found in lbr_map
2026/01/11 17:02:39 DEBUG: No entries found in lbr_map
2026/01/11 17:02:39 DEBUG: No entries found in lbr_map
2026/01/11 17:02:39 DEBUG: No entries found in lbr_map
2026/01/11 17:02:39 DEBUG: No entries found in lbr_map
2026/01/11 17:02:39 DEBUG: No entries found in lbr_map
2026/01/11 17:02:39 DEBUG: No entries found in lbr_map
2026/01/11 17:02:39 DEBUG: No entries found in lbr_map
2026/01/11 17:02:39 DEBUG: No entries found in lbr_map
2026/01/11 17:02:40 DEBUG: No entries found in lbr_map
2026/01/11 17:02:40 DEBUG: No entries found in lbr_map
2026/01/11 17:02:40 DEBUG: No entries found in lbr_map
2026/01/11 17:02:40 DEBUG: No entries found in lbr_map
2026/01/11 17:02:40 DEBUG: No entries found in lbr_map
2026/01/11 17:02:40 DEBUG: No entries found in lbr_map
2026/01/11 17:02:40 DEBUG: No entries found in lbr_map
2026/01/11 17:02:40 DEBUG: No entries found in lbr_map
2026/01/11 17:02:40 DEBUG: No entries found in lbr_map
2026/01/11 17:02:40 DEBUG: No entries found in lbr_map
2026/01/11 17:02:41 DEBUG: No entries found in lbr_map
2026/01/11 17:02:41 DEBUG: No entries found in lbr_map
2026/01/11 17:02:41 DEBUG: No entries found in lbr_map
2026/01/11 17:02:41 DEBUG: No entries found in lbr_map
2026/01/11 17:02:41 DEBUG: No entries found in lbr_map
2026/01/11 17:02:41 DEBUG: No entries found in lbr_map
2026/01/11 17:02:41 DEBUG: No entries found in lbr_map
2026/01/11 17:02:41 DEBUG: No entries found in lbr_map
2026/01/11 17:02:41 DEBUG: No entries found in lbr_map
2026/01/11 17:02:41 DEBUG: No entries found in lbr_map
2026/01/11 17:02:42 DEBUG: No entries found in lbr_map
2026/01/11 17:02:42 DEBUG: No entries found in lbr_map
2026/01/11 17:02:42 DEBUG: No entries found in lbr_map
2026/01/11 17:02:42 DEBUG: No entries found in lbr_map
