2026/03/04 21:24:00 日志文件: log/lbr_output_20260304_212400.log
2026/03/04 21:24:00 Current nofile rlimit: curr=524287 max=524288
2026/03/04 21:24:00 Monitoring PID: 251274
2026/03/04 21:24:00 SFrame 解析器已创建，用于退出时分析
2026/03/04 21:24:00 LBR demo is running. Press Ctrl-C to exit.
2026/03/04 21:24:00 Attached to 8 CPUs, checking for LBR data every second...
2026/03/04 21:24:01 No LBR data - map中无任何条目
2026/03/04 21:24:02 No LBR data - map中无任何条目
2026/03/04 21:24:03 已启用 SFrame 符号解析 for PID 251274

=== PID: 251274, TID: 251274, COMM: test_lbr_sframe, Entries: 32 ===

[LBR Branch History]
LBR Stack:
[#00] [33mmain+0x48c[0m -> [33mmain+0x469[0m
[#01] [33mmain+0x46b[0m -> [33mmain+0x440[0m
[#02] [33mmain+0x48c[0m -> [33mmain+0x469[0m
[#03] [33mmain+0x46b[0m -> [33mmain+0x440[0m
[#04] [33mmain+0x48c[0m -> [33mmain+0x469[0m
[#05] [33mmain+0x46b[0m -> [33mmain+0x440[0m
[#06] [33mmain+0x48c[0m -> [33mmain+0x469[0m
[#07] [33mmain+0x46b[0m -> [33mmain+0x440[0m
[#08] [33mmain+0x48c[0m -> [33mmain+0x469[0m
[#09] [33mmain+0x46b[0m -> [33mmain+0x440[0m
[#10] [33mmain+0x48c[0m -> [33mmain+0x469[0m
[#11] [33mmain+0x46b[0m -> [33mmain+0x440[0m
[#12] [33mmain+0x48c[0m -> [33mmain+0x469[0m
[#13] [33mmain+0x46b[0m -> [33mmain+0x440[0m
[#14] [33mmain+0x48c[0m -> [33mmain+0x469[0m
[#15] [33mmain+0x46b[0m -> [33mmain+0x440[0m
[#16] [33mmain+0x48c[0m -> [33mmain+0x469[0m
[#17] [33mmain+0x46b[0m -> [33mmain+0x440[0m
[#18] [33mmain+0x48c[0m -> [33mmain+0x469[0m
[#19] [33mmain+0x46b[0m -> [33mmain+0x440[0m
[#20] [33mmain+0x48c[0m -> [33mmain+0x469[0m
[#21] [33mmain+0x46b[0m -> [33mmain+0x440[0m
[#22] [33mmain+0x48c[0m -> [33mmain+0x469[0m
[#23] [33mmain+0x46b[0m -> [33mmain+0x440[0m
[#24] [33mmain+0x48c[0m -> [33mmain+0x469[0m
[#25] [33mmain+0x46b[0m -> [33mmain+0x440[0m
[#26] [33mmain+0x48c[0m -> [33mmain+0x469[0m
[#27] [33mmain+0x46b[0m -> [33mmain+0x440[0m
[#28] [33mmain+0x48c[0m -> [33mmain+0x469[0m
[#29] [33mmain+0x46b[0m -> [33mmain+0x440[0m
[#30] [33mmain+0x48c[0m -> [33mmain+0x469[0m
[#31] [33mmain+0x46b[0m -> [33mmain+0x440[0m
2026/03/04 21:24:03 LBR数据统计: 总条目=1, 有效=1, 空数据=0, 全零数据=0
2026/03/04 21:24:04 No LBR data - map中无任何条目
2026/03/04 21:24:05 No LBR data - map中无任何条目
2026/03/04 21:24:06 No LBR data - map中无任何条目
2026/03/04 21:24:07 No LBR data - map中无任何条目
2026/03/04 21:24:08 No LBR data - map中无任何条目
2026/03/04 21:24:09 No LBR data - map中无任何条目
2026/03/04 21:24:10 
收到退出信号，正在分析统计数据...
2026/03/04 21:24:10 
========================================
2026/03/04 21:24:10 访问频率最高的 4 个地址:
2026/03/04 21:24:10 ========================================

========================================
访问频率最高的 4 个地址:
========================================
2026/03/04 21:24:10 
#1 地址: 0x0000557fe1ce854c (访问次数: 16)

#1 地址: 0x0000557fe1ce854c (访问次数: 16)
2026/03/04 21:24:10     函数: main+0x48c
    函数: main+0x48c
2026/03/04 21:24:10     [栈展开 - 使用采样时寄存器状态]:
    [栈展开 - 使用采样时寄存器状态]:
2026/03/04 21:24:10     采样时寄存器: RIP=0x557fe1ce8500, RSP=0x7fffe566f1d0, RBP=0x7fffe566f1e0
    采样时寄存器: RIP=0x557fe1ce8500, RSP=0x7fffe566f1d0, RBP=0x7fffe566f1e0
2026/03/04 21:24:10       #00  0x0000557fe1ce8500 in main+0x440
      #00  0x0000557fe1ce8500 in main+0x440
2026/03/04 21:24:10     展开了 1 个栈帧
    展开了 1 个栈帧
2026/03/04 21:24:10 
#2 地址: 0x0000557fe1ce8529 (访问次数: 16)

#2 地址: 0x0000557fe1ce8529 (访问次数: 16)
2026/03/04 21:24:10     函数: main+0x469
    函数: main+0x469
2026/03/04 21:24:10     [栈展开 - 使用采样时寄存器状态]:
    [栈展开 - 使用采样时寄存器状态]:
2026/03/04 21:24:10     采样时寄存器: RIP=0x557fe1ce8500, RSP=0x7fffe566f1d0, RBP=0x7fffe566f1e0
    采样时寄存器: RIP=0x557fe1ce8500, RSP=0x7fffe566f1d0, RBP=0x7fffe566f1e0
2026/03/04 21:24:10       #00  0x0000557fe1ce8500 in main+0x440
      #00  0x0000557fe1ce8500 in main+0x440
2026/03/04 21:24:10     展开了 1 个栈帧
    展开了 1 个栈帧
2026/03/04 21:24:10 
#3 地址: 0x0000557fe1ce852b (访问次数: 16)

#3 地址: 0x0000557fe1ce852b (访问次数: 16)
2026/03/04 21:24:10     函数: main+0x46b
    函数: main+0x46b
2026/03/04 21:24:10     [栈展开 - 使用采样时寄存器状态]:
    [栈展开 - 使用采样时寄存器状态]:
2026/03/04 21:24:10     采样时寄存器: RIP=0x557fe1ce8500, RSP=0x7fffe566f1d0, RBP=0x7fffe566f1e0
    采样时寄存器: RIP=0x557fe1ce8500, RSP=0x7fffe566f1d0, RBP=0x7fffe566f1e0
2026/03/04 21:24:10       #00  0x0000557fe1ce8500 in main+0x440
      #00  0x0000557fe1ce8500 in main+0x440
2026/03/04 21:24:10     展开了 1 个栈帧
    展开了 1 个栈帧
2026/03/04 21:24:10 
#4 地址: 0x0000557fe1ce8500 (访问次数: 16)

#4 地址: 0x0000557fe1ce8500 (访问次数: 16)
2026/03/04 21:24:10     函数: main+0x440
    函数: main+0x440
2026/03/04 21:24:10     [栈展开 - 使用采样时寄存器状态]:
    [栈展开 - 使用采样时寄存器状态]:
2026/03/04 21:24:10     采样时寄存器: RIP=0x557fe1ce8500, RSP=0x7fffe566f1d0, RBP=0x7fffe566f1e0
    采样时寄存器: RIP=0x557fe1ce8500, RSP=0x7fffe566f1d0, RBP=0x7fffe566f1e0
2026/03/04 21:24:10       #00  0x0000557fe1ce8500 in main+0x440
      #00  0x0000557fe1ce8500 in main+0x440
2026/03/04 21:24:10     展开了 1 个栈帧
    展开了 1 个栈帧
2026/03/04 21:24:10 
========================================
总计统计了 4 个不同的地址
========================================

========================================
总计统计了 4 个不同的地址
========================================
