2026/01/13 16:42:31 日志文件: log/lbr_output_20260113_164231.log
2026/01/13 16:42:31 Current nofile rlimit: curr=524287 max=524288
2026/01/13 16:42:31 Monitoring PID: 104942
2026/01/13 16:42:31 LBR demo is running. Press Ctrl-C to exit.
2026/01/13 16:42:31 Attached to 8 CPUs, checking for LBR data every second...
2026/01/13 16:42:32 No LBR data - map中无任何条目
2026/01/13 16:42:33 No LBR data - map中无任何条目
2026/01/13 16:42:34 [DEBUG] NewSFrameResolver: 为PID 104942 创建SFrame解析器
2026/01/13 16:42:34 [DEBUG] NewSFrameResolver: 可执行文件: /home/ssy/lbr/test/test_lbr_sframe
2026/01/13 16:42:34 [DEBUG] loadSFrameData: SFrame Magic=0x502dee2, Version=3
2026/01/13 16:42:34 [DEBUG] NewSFrameResolver: 成功加载SFrame数据
2026/01/13 16:42:34 [DEBUG] loadSymbols: 加载了 31 个符号
2026/01/13 16:42:34 [DEBUG] GetProcessMaps: 读取进程 104942 的内存映射
2026/01/13 16:42:34 [DEBUG] GetProcessMaps: 读取到 24 个内存映射
2026/01/13 16:42:34 [DEBUG] loadBaseAddress: 基址=0x55fbc7e60000, 结束=0x55fbc7e61000, 偏移=0x1000
2026/01/13 16:42:34 [DEBUG] GetProcessMaps: 读取进程 104942 的内存映射
2026/01/13 16:42:34 [DEBUG] GetProcessMaps: 读取到 24 个内存映射
2026/01/13 16:42:34 [DEBUG] loadLibraryMapping: 加载共享库 /usr/lib/libc.so.6, 符号数: 3114
2026/01/13 16:42:34 [DEBUG] loadLibraryMapping: 加载共享库 /usr/lib/ld-linux-x86-64.so.2, 符号数: 32
2026/01/13 16:42:34 [DEBUG] loadLibraryMappings: 加载了 2 个共享库映射
2026/01/13 16:42:34 [DEBUG] NewSFrameResolver: SFrame解析器创建成功
2026/01/13 16:42:34 已启用 SFrame 符号解析 for PID 104942
2026/01/13 16:42:34 [DEBUG] SFrameResolver.ResolveAddress: 解析地址 0x7f7f45c4394e
2026/01/13 16:42:34 [DEBUG] SFrameResolver: 共享库地址, 路径: /usr/lib/libc.so.6, 偏移: 0x4394e
2026/01/13 16:42:34 [DEBUG] SFrameResolver: 找到共享库函数 rand+0xe@libc.so.6
2026/01/13 16:42:34 [DEBUG] SFrameResolver.ResolveAddress: 解析地址 0x55fbc7e6045d
2026/01/13 16:42:34 [DEBUG] SFrameResolver: 主程序地址，文件偏移 0x145d
2026/01/13 16:42:34 [DEBUG] SFrameResolver: 找到函数 main+0x39d
2026/01/13 16:42:34 [DEBUG] SFrameResolver.ResolveAddress: 解析地址 0x7f7f45c43bb6
2026/01/13 16:42:34 [DEBUG] SFrameResolver: 共享库地址, 路径: /usr/lib/libc.so.6, 偏移: 0x43bb6
2026/01/13 16:42:34 [DEBUG] SFrameResolver: 找到共享库函数 random+0x66@libc.so.6
2026/01/13 16:42:34 [DEBUG] SFrameResolver.ResolveAddress: 解析地址 0x7f7f45c4394d
2026/01/13 16:42:34 [DEBUG] SFrameResolver: 共享库地址, 路径: /usr/lib/libc.so.6, 偏移: 0x4394d
2026/01/13 16:42:34 [DEBUG] SFrameResolver: 找到共享库函数 rand+0xd@libc.so.6
2026/01/13 16:42:34 [DEBUG] SFrameResolver.ResolveAddress: 解析地址 0x7f7f45c43bd4
2026/01/13 16:42:34 [DEBUG] SFrameResolver: 共享库地址, 路径: /usr/lib/libc.so.6, 偏移: 0x43bd4
2026/01/13 16:42:34 [DEBUG] SFrameResolver: 找到共享库函数 random+0x84@libc.so.6
2026/01/13 16:42:34 [DEBUG] SFrameResolver.ResolveAddress: 解析地址 0x7f7f45c43ba6
2026/01/13 16:42:34 [DEBUG] SFrameResolver: 共享库地址, 路径: /usr/lib/libc.so.6, 偏移: 0x43ba6
2026/01/13 16:42:34 [DEBUG] SFrameResolver: 找到共享库函数 random+0x56@libc.so.6
2026/01/13 16:42:34 [DEBUG] SFrameResolver.ResolveAddress: 解析地址 0x7f7f45c43d6c
2026/01/13 16:42:34 [DEBUG] SFrameResolver: 共享库地址, 路径: /usr/lib/libc.so.6, 偏移: 0x43d6c
2026/01/13 16:42:34 [DEBUG] SFrameResolver: 找到共享库函数 random_r+0x6c@libc.so.6
2026/01/13 16:42:34 [DEBUG] SFrameResolver.ResolveAddress: 解析地址 0x7f7f45c43bd0
2026/01/13 16:42:34 [DEBUG] SFrameResolver: 共享库地址, 路径: /usr/lib/libc.so.6, 偏移: 0x43bd0
2026/01/13 16:42:34 [DEBUG] SFrameResolver: 找到共享库函数 random+0x80@libc.so.6
2026/01/13 16:42:34 [DEBUG] SFrameResolver.ResolveAddress: 解析地址 0x7f7f45c43d17
2026/01/13 16:42:34 [DEBUG] SFrameResolver: 共享库地址, 路径: /usr/lib/libc.so.6, 偏移: 0x43d17
2026/01/13 16:42:34 [DEBUG] SFrameResolver: 找到共享库函数 random_r+0x17@libc.so.6
2026/01/13 16:42:34 [DEBUG] SFrameResolver.ResolveAddress: 解析地址 0x7f7f45c43d38
2026/01/13 16:42:34 [DEBUG] SFrameResolver: 共享库地址, 路径: /usr/lib/libc.so.6, 偏移: 0x43d38
2026/01/13 16:42:34 [DEBUG] SFrameResolver: 找到共享库函数 random_r+0x38@libc.so.6
2026/01/13 16:42:34 [DEBUG] SFrameResolver.ResolveAddress: 解析地址 0x7f7f45c43bcb
2026/01/13 16:42:34 [DEBUG] SFrameResolver: 共享库地址, 路径: /usr/lib/libc.so.6, 偏移: 0x43bcb
2026/01/13 16:42:34 [DEBUG] SFrameResolver: 找到共享库函数 random+0x7b@libc.so.6
2026/01/13 16:42:34 [DEBUG] SFrameResolver.ResolveAddress: 解析地址 0x7f7f45c43d00
2026/01/13 16:42:34 [DEBUG] SFrameResolver: 共享库地址, 路径: /usr/lib/libc.so.6, 偏移: 0x43d00
2026/01/13 16:42:34 [DEBUG] SFrameResolver: 找到共享库函数 random_r@libc.so.6
2026/01/13 16:42:34 [DEBUG] SFrameResolver.ResolveAddress: 解析地址 0x7f7f45c43b72
2026/01/13 16:42:34 [DEBUG] SFrameResolver: 共享库地址, 路径: /usr/lib/libc.so.6, 偏移: 0x43b72
2026/01/13 16:42:34 [DEBUG] SFrameResolver: 找到共享库函数 random+0x22@libc.so.6
2026/01/13 16:42:34 [DEBUG] SFrameResolver.ResolveAddress: 解析地址 0x7f7f45c43bc0
2026/01/13 16:42:34 [DEBUG] SFrameResolver: 共享库地址, 路径: /usr/lib/libc.so.6, 偏移: 0x43bc0
2026/01/13 16:42:34 [DEBUG] SFrameResolver: 找到共享库函数 random+0x70@libc.so.6
2026/01/13 16:42:34 [DEBUG] SFrameResolver.ResolveAddress: 解析地址 0x7f7f45c43948
2026/01/13 16:42:34 [DEBUG] SFrameResolver: 共享库地址, 路径: /usr/lib/libc.so.6, 偏移: 0x43948
2026/01/13 16:42:34 [DEBUG] SFrameResolver: 找到共享库函数 rand+0x8@libc.so.6
2026/01/13 16:42:34 [DEBUG] SFrameResolver.ResolveAddress: 解析地址 0x7f7f45c43b50
2026/01/13 16:42:34 [DEBUG] SFrameResolver: 共享库地址, 路径: /usr/lib/libc.so.6, 偏移: 0x43b50
2026/01/13 16:42:34 [DEBUG] SFrameResolver: 找到共享库函数 random@libc.so.6
2026/01/13 16:42:34 [DEBUG] SFrameResolver.ResolveAddress: 解析地址 0x55fbc7e600b0
2026/01/13 16:42:34 [DEBUG] SFrameResolver: 主程序地址，文件偏移 0x10b0
2026/01/13 16:42:34 [DEBUG] SFrameResolver: 找到函数 _init+0xb0
2026/01/13 16:42:34 [DEBUG] SFrameResolver.ResolveAddress: 解析地址 0x7f7f45c43940
2026/01/13 16:42:34 [DEBUG] SFrameResolver: 共享库地址, 路径: /usr/lib/libc.so.6, 偏移: 0x43940
2026/01/13 16:42:34 [DEBUG] SFrameResolver: 找到共享库函数 rand@libc.so.6
2026/01/13 16:42:34 [DEBUG] SFrameResolver.ResolveAddress: 解析地址 0x55fbc7e60458
2026/01/13 16:42:34 [DEBUG] SFrameResolver: 主程序地址，文件偏移 0x1458
2026/01/13 16:42:34 [DEBUG] SFrameResolver: 找到函数 main+0x398
2026/01/13 16:42:34 [DEBUG] SFrameResolver.ResolveAddress: 解析地址 0x55fbc7e600b0
2026/01/13 16:42:34 [DEBUG] SFrameResolver: 主程序地址，文件偏移 0x10b0
2026/01/13 16:42:34 [DEBUG] SFrameResolver: 找到函数 _init+0xb0
2026/01/13 16:42:34 [DEBUG] SFrameResolver.ResolveAddress: 解析地址 0x55fbc7e605fe
2026/01/13 16:42:34 [DEBUG] SFrameResolver: 主程序地址，文件偏移 0x15fe
2026/01/13 16:42:34 [DEBUG] SFrameResolver: 找到函数 main+0x53e
2026/01/13 16:42:34 [DEBUG] SFrameResolver.ResolveAddress: 解析地址 0x55fbc7e60452
2026/01/13 16:42:34 [DEBUG] SFrameResolver: 主程序地址，文件偏移 0x1452
2026/01/13 16:42:34 [DEBUG] SFrameResolver: 找到函数 main+0x392
2026/01/13 16:42:34 [DEBUG] SFrameResolver.ResolveAddress: 解析地址 0x55fbc7e60482
2026/01/13 16:42:34 [DEBUG] SFrameResolver: 主程序地址，文件偏移 0x1482
2026/01/13 16:42:34 [DEBUG] SFrameResolver: 找到函数 main+0x3c2
2026/01/13 16:42:34 [DEBUG] SFrameResolver.ResolveAddress: 解析地址 0x55fbc7e605f5
2026/01/13 16:42:34 [DEBUG] SFrameResolver: 主程序地址，文件偏移 0x15f5
2026/01/13 16:42:34 [DEBUG] SFrameResolver: 找到函数 main+0x535
2026/01/13 16:42:34 [DEBUG] SFrameResolver.ResolveAddress: 解析地址 0x7f7f45c4394e
2026/01/13 16:42:34 [DEBUG] SFrameResolver: 共享库地址, 路径: /usr/lib/libc.so.6, 偏移: 0x4394e
2026/01/13 16:42:34 [DEBUG] SFrameResolver: 找到共享库函数 rand+0xe@libc.so.6
2026/01/13 16:42:34 [DEBUG] SFrameResolver.ResolveAddress: 解析地址 0x55fbc7e6045d
2026/01/13 16:42:34 [DEBUG] SFrameResolver: 主程序地址，文件偏移 0x145d
2026/01/13 16:42:34 [DEBUG] SFrameResolver: 找到函数 main+0x39d
2026/01/13 16:42:34 [DEBUG] SFrameResolver.ResolveAddress: 解析地址 0x7f7f45c43bb6
2026/01/13 16:42:34 [DEBUG] SFrameResolver: 共享库地址, 路径: /usr/lib/libc.so.6, 偏移: 0x43bb6
2026/01/13 16:42:34 [DEBUG] SFrameResolver: 找到共享库函数 random+0x66@libc.so.6
2026/01/13 16:42:34 [DEBUG] SFrameResolver.ResolveAddress: 解析地址 0x7f7f45c4394d
2026/01/13 16:42:34 [DEBUG] SFrameResolver: 共享库地址, 路径: /usr/lib/libc.so.6, 偏移: 0x4394d
2026/01/13 16:42:34 [DEBUG] SFrameResolver: 找到共享库函数 rand+0xd@libc.so.6
2026/01/13 16:42:34 [DEBUG] SFrameResolver.ResolveAddress: 解析地址 0x7f7f45c43bd4
2026/01/13 16:42:34 [DEBUG] SFrameResolver: 共享库地址, 路径: /usr/lib/libc.so.6, 偏移: 0x43bd4
2026/01/13 16:42:34 [DEBUG] SFrameResolver: 找到共享库函数 random+0x84@libc.so.6
2026/01/13 16:42:34 [DEBUG] SFrameResolver.ResolveAddress: 解析地址 0x7f7f45c43ba6
2026/01/13 16:42:34 [DEBUG] SFrameResolver: 共享库地址, 路径: /usr/lib/libc.so.6, 偏移: 0x43ba6
2026/01/13 16:42:34 [DEBUG] SFrameResolver: 找到共享库函数 random+0x56@libc.so.6
2026/01/13 16:42:34 [DEBUG] SFrameResolver.ResolveAddress: 解析地址 0x7f7f45c43d6c
2026/01/13 16:42:34 [DEBUG] SFrameResolver: 共享库地址, 路径: /usr/lib/libc.so.6, 偏移: 0x43d6c
2026/01/13 16:42:34 [DEBUG] SFrameResolver: 找到共享库函数 random_r+0x6c@libc.so.6
2026/01/13 16:42:34 [DEBUG] SFrameResolver.ResolveAddress: 解析地址 0x7f7f45c43bd0
2026/01/13 16:42:34 [DEBUG] SFrameResolver: 共享库地址, 路径: /usr/lib/libc.so.6, 偏移: 0x43bd0
2026/01/13 16:42:34 [DEBUG] SFrameResolver: 找到共享库函数 random+0x80@libc.so.6
2026/01/13 16:42:34 [DEBUG] SFrameResolver.ResolveAddress: 解析地址 0x7f7f45c43d17
2026/01/13 16:42:34 [DEBUG] SFrameResolver: 共享库地址, 路径: /usr/lib/libc.so.6, 偏移: 0x43d17
2026/01/13 16:42:34 [DEBUG] SFrameResolver: 找到共享库函数 random_r+0x17@libc.so.6
2026/01/13 16:42:34 [DEBUG] SFrameResolver.ResolveAddress: 解析地址 0x7f7f45c43d38
2026/01/13 16:42:34 [DEBUG] SFrameResolver: 共享库地址, 路径: /usr/lib/libc.so.6, 偏移: 0x43d38
2026/01/13 16:42:34 [DEBUG] SFrameResolver: 找到共享库函数 random_r+0x38@libc.so.6
2026/01/13 16:42:34 [DEBUG] SFrameResolver.ResolveAddress: 解析地址 0x7f7f45c43bcb
2026/01/13 16:42:34 [DEBUG] SFrameResolver: 共享库地址, 路径: /usr/lib/libc.so.6, 偏移: 0x43bcb
2026/01/13 16:42:34 [DEBUG] SFrameResolver: 找到共享库函数 random+0x7b@libc.so.6
2026/01/13 16:42:34 [DEBUG] SFrameResolver.ResolveAddress: 解析地址 0x7f7f45c43d00
2026/01/13 16:42:34 [DEBUG] SFrameResolver: 共享库地址, 路径: /usr/lib/libc.so.6, 偏移: 0x43d00
2026/01/13 16:42:34 [DEBUG] SFrameResolver: 找到共享库函数 random_r@libc.so.6
2026/01/13 16:42:34 [DEBUG] SFrameResolver.ResolveAddress: 解析地址 0x7f7f45c43b72
2026/01/13 16:42:34 [DEBUG] SFrameResolver: 共享库地址, 路径: /usr/lib/libc.so.6, 偏移: 0x43b72
2026/01/13 16:42:34 [DEBUG] SFrameResolver: 找到共享库函数 random+0x22@libc.so.6
2026/01/13 16:42:34 [DEBUG] SFrameResolver.ResolveAddress: 解析地址 0x7f7f45c43bc0
2026/01/13 16:42:34 [DEBUG] SFrameResolver: 共享库地址, 路径: /usr/lib/libc.so.6, 偏移: 0x43bc0
2026/01/13 16:42:34 [DEBUG] SFrameResolver: 找到共享库函数 random+0x70@libc.so.6
2026/01/13 16:42:34 [DEBUG] SFrameResolver.ResolveAddress: 解析地址 0x7f7f45c43948
2026/01/13 16:42:34 [DEBUG] SFrameResolver: 共享库地址, 路径: /usr/lib/libc.so.6, 偏移: 0x43948
2026/01/13 16:42:34 [DEBUG] SFrameResolver: 找到共享库函数 rand+0x8@libc.so.6
2026/01/13 16:42:34 [DEBUG] SFrameResolver.ResolveAddress: 解析地址 0x7f7f45c43b50
2026/01/13 16:42:34 [DEBUG] SFrameResolver: 共享库地址, 路径: /usr/lib/libc.so.6, 偏移: 0x43b50
2026/01/13 16:42:34 [DEBUG] SFrameResolver: 找到共享库函数 random@libc.so.6
2026/01/13 16:42:34 [DEBUG] SFrameResolver.ResolveAddress: 解析地址 0x55fbc7e600b0
2026/01/13 16:42:34 [DEBUG] SFrameResolver: 主程序地址，文件偏移 0x10b0
2026/01/13 16:42:34 [DEBUG] SFrameResolver: 找到函数 _init+0xb0
2026/01/13 16:42:34 [DEBUG] SFrameResolver.ResolveAddress: 解析地址 0x7f7f45c43940
2026/01/13 16:42:34 [DEBUG] SFrameResolver: 共享库地址, 路径: /usr/lib/libc.so.6, 偏移: 0x43940
2026/01/13 16:42:34 [DEBUG] SFrameResolver: 找到共享库函数 rand@libc.so.6
2026/01/13 16:42:34 [DEBUG] SFrameResolver.ResolveAddress: 解析地址 0x55fbc7e60458
2026/01/13 16:42:34 [DEBUG] SFrameResolver: 主程序地址，文件偏移 0x1458
2026/01/13 16:42:34 [DEBUG] SFrameResolver: 找到函数 main+0x398
2026/01/13 16:42:34 [DEBUG] SFrameResolver.ResolveAddress: 解析地址 0x55fbc7e600b0
2026/01/13 16:42:34 [DEBUG] SFrameResolver: 主程序地址，文件偏移 0x10b0
2026/01/13 16:42:34 [DEBUG] SFrameResolver: 找到函数 _init+0xb0
2026/01/13 16:42:34 [DEBUG] SFrameResolver.ResolveAddress: 解析地址 0x55fbc7e6067d
2026/01/13 16:42:34 [DEBUG] SFrameResolver: 主程序地址，文件偏移 0x167d
2026/01/13 16:42:34 [DEBUG] SFrameResolver: 找到函数 main+0x5bd
2026/01/13 16:42:34 [DEBUG] SFrameResolver.ResolveAddress: 解析地址 0x55fbc7e60452
2026/01/13 16:42:34 [DEBUG] SFrameResolver: 主程序地址，文件偏移 0x1452
2026/01/13 16:42:34 [DEBUG] SFrameResolver: 找到函数 main+0x392
2026/01/13 16:42:34 [DEBUG] SFrameResolver.ResolveAddress: 解析地址 0x55fbc7e6063e
2026/01/13 16:42:34 [DEBUG] SFrameResolver: 主程序地址，文件偏移 0x163e
2026/01/13 16:42:34 [DEBUG] SFrameResolver: 找到函数 main+0x57e
2026/01/13 16:42:34 [DEBUG] SFrameResolver.ResolveAddress: 解析地址 0x55fbc7e6066b
2026/01/13 16:42:34 [DEBUG] SFrameResolver: 主程序地址，文件偏移 0x166b
2026/01/13 16:42:34 [DEBUG] SFrameResolver: 找到函数 main+0x5ab
2026/01/13 16:42:34 [DEBUG] SFrameResolver.ResolveAddress: 解析地址 0x55fbc7e60630
2026/01/13 16:42:34 [DEBUG] SFrameResolver: 主程序地址，文件偏移 0x1630
2026/01/13 16:42:34 [DEBUG] SFrameResolver: 找到函数 main+0x570
2026/01/13 16:42:34 [DEBUG] SFrameResolver.ResolveAddress: 解析地址 0x55fbc7e6063b
2026/01/13 16:42:34 [DEBUG] SFrameResolver: 主程序地址，文件偏移 0x163b
2026/01/13 16:42:34 [DEBUG] SFrameResolver: 找到函数 main+0x57b
2026/01/13 16:42:34 [DEBUG] SFrameResolver.ResolveAddress: 解析地址 0x55fbc7e60622
2026/01/13 16:42:34 [DEBUG] SFrameResolver: 主程序地址，文件偏移 0x1622
2026/01/13 16:42:34 [DEBUG] SFrameResolver: 找到函数 main+0x562
2026/01/13 16:42:34 [DEBUG] SFrameResolver.ResolveAddress: 解析地址 0x55fbc7e6062d
2026/01/13 16:42:34 [DEBUG] SFrameResolver: 主程序地址，文件偏移 0x162d
2026/01/13 16:42:34 [DEBUG] SFrameResolver: 找到函数 main+0x56d
2026/01/13 16:42:34 [DEBUG] SFrameResolver.ResolveAddress: 解析地址 0x55fbc7e60614
2026/01/13 16:42:34 [DEBUG] SFrameResolver: 主程序地址，文件偏移 0x1614
2026/01/13 16:42:34 [DEBUG] SFrameResolver: 找到函数 main+0x554
2026/01/13 16:42:34 [DEBUG] SFrameResolver.ResolveAddress: 解析地址 0x55fbc7e6061f
2026/01/13 16:42:34 [DEBUG] SFrameResolver: 主程序地址，文件偏移 0x161f
2026/01/13 16:42:34 [DEBUG] SFrameResolver: 找到函数 main+0x55f
2026/01/13 16:42:34 [DEBUG] SFrameResolver.ResolveAddress: 解析地址 0x55fbc7e60606
2026/01/13 16:42:34 [DEBUG] SFrameResolver: 主程序地址，文件偏移 0x1606
2026/01/13 16:42:34 [DEBUG] SFrameResolver: 找到函数 main+0x546
2026/01/13 16:42:34 [DEBUG] SFrameResolver.ResolveAddress: 解析地址 0x55fbc7e60611
2026/01/13 16:42:34 [DEBUG] SFrameResolver: 主程序地址，文件偏移 0x1611
2026/01/13 16:42:34 [DEBUG] SFrameResolver: 找到函数 main+0x551
2026/01/13 16:42:34 [DEBUG] SFrameResolver.ResolveAddress: 解析地址 0x55fbc7e605f8
2026/01/13 16:42:34 [DEBUG] SFrameResolver: 主程序地址，文件偏移 0x15f8
2026/01/13 16:42:34 [DEBUG] SFrameResolver: 找到函数 main+0x538
2026/01/13 16:42:34 [DEBUG] SFrameResolver.ResolveAddress: 解析地址 0x55fbc7e60603
2026/01/13 16:42:34 [DEBUG] SFrameResolver: 主程序地址，文件偏移 0x1603
2026/01/13 16:42:34 [DEBUG] SFrameResolver: 找到函数 main+0x543
2026/01/13 16:42:34 [DEBUG] SFrameResolver.ResolveAddress: 解析地址 0x55fbc7e60482
2026/01/13 16:42:34 [DEBUG] SFrameResolver: 主程序地址，文件偏移 0x1482
2026/01/13 16:42:34 [DEBUG] SFrameResolver: 找到函数 main+0x3c2
2026/01/13 16:42:34 [DEBUG] SFrameResolver.ResolveAddress: 解析地址 0x55fbc7e605f5
2026/01/13 16:42:34 [DEBUG] SFrameResolver: 主程序地址，文件偏移 0x15f5
2026/01/13 16:42:34 [DEBUG] SFrameResolver: 找到函数 main+0x535
2026/01/13 16:42:34 [DEBUG] SFrameResolver.ResolveAddress: 解析地址 0x7f7f45c4394e
2026/01/13 16:42:34 [DEBUG] SFrameResolver: 共享库地址, 路径: /usr/lib/libc.so.6, 偏移: 0x4394e
2026/01/13 16:42:34 [DEBUG] SFrameResolver: 找到共享库函数 rand+0xe@libc.so.6
2026/01/13 16:42:34 [DEBUG] SFrameResolver.ResolveAddress: 解析地址 0x55fbc7e6045d
2026/01/13 16:42:34 [DEBUG] SFrameResolver: 主程序地址，文件偏移 0x145d
2026/01/13 16:42:34 [DEBUG] SFrameResolver: 找到函数 main+0x39d
2026/01/13 16:42:34 [DEBUG] SFrameResolver.ResolveAddress: 解析地址 0x7f7f45c43bb6
2026/01/13 16:42:34 [DEBUG] SFrameResolver: 共享库地址, 路径: /usr/lib/libc.so.6, 偏移: 0x43bb6
2026/01/13 16:42:34 [DEBUG] SFrameResolver: 找到共享库函数 random+0x66@libc.so.6
2026/01/13 16:42:34 [DEBUG] SFrameResolver.ResolveAddress: 解析地址 0x7f7f45c4394d
2026/01/13 16:42:34 [DEBUG] SFrameResolver: 共享库地址, 路径: /usr/lib/libc.so.6, 偏移: 0x4394d
2026/01/13 16:42:34 [DEBUG] SFrameResolver: 找到共享库函数 rand+0xd@libc.so.6

=== PID: 104942, TID: 104942, COMM: test_lbr_sframe, Entries: 32 ===
LBR Stack:
[#00] [33mrandom+0x66 (libc.so.6)[0m   -> [33mrand+0xd (libc.so.6)[0m     
[#01] [33mrand+0xe (libc.so.6)[0m      -> [33mmain+0x39d[0m               
[#02] [33mmain+0x3c2[0m                -> [33mmain+0x535[0m               
[#03] [33mmain+0x538[0m                -> [33mmain+0x543[0m               
[#04] [33mmain+0x546[0m                -> [33mmain+0x551[0m               
[#05] [33mmain+0x554[0m                -> [33mmain+0x55f[0m               
[#06] [33mmain+0x562[0m                -> [33mmain+0x56d[0m               
[#07] [33mmain+0x570[0m                -> [33mmain+0x57b[0m               
[#08] [33mmain+0x57e[0m                -> [33mmain+0x5ab[0m               
[#09] [33mmain+0x5bd[0m                -> [33mmain+0x392[0m               
[#10] [33mmain+0x398[0m                -> [33m_init+0xb0[0m               
[#11] [33m_init+0xb0[0m                -> [33mrand (libc.so.6)[0m         
[#12] [33mrand+0x8 (libc.so.6)[0m      -> [33mrandom (libc.so.6)[0m       
[#13] [33mrandom+0x22 (libc.so.6)[0m   -> [33mrandom+0x70 (libc.so.6)[0m  
[#14] [33mrandom+0x7b (libc.so.6)[0m   -> [33mrandom_r (libc.so.6)[0m     
[#15] [33mrandom_r+0x17 (libc.so.6)[0m -> [33mrandom_r+0x38 (libc.so.6)[0m
[#16] [33mrandom_r+0x6c (libc.so.6)[0m -> [33mrandom+0x80 (libc.so.6)[0m  
[#17] [33mrandom+0x84 (libc.so.6)[0m   -> [33mrandom+0x56 (libc.so.6)[0m  
[#18] [33mrandom+0x66 (libc.so.6)[0m   -> [33mrand+0xd (libc.so.6)[0m     
[#19] [33mrand+0xe (libc.so.6)[0m      -> [33mmain+0x39d[0m               
[#20] [33mmain+0x3c2[0m                -> [33mmain+0x535[0m               
[#21] [33mmain+0x53e[0m                -> [33mmain+0x392[0m               
[#22] [33mmain+0x398[0m                -> [33m_init+0xb0[0m               
[#23] [33m_init+0xb0[0m                -> [33mrand (libc.so.6)[0m         
[#24] [33mrand+0x8 (libc.so.6)[0m      -> [33mrandom (libc.so.6)[0m       
[#25] [33mrandom+0x22 (libc.so.6)[0m   -> [33mrandom+0x70 (libc.so.6)[0m  
[#26] [33mrandom+0x7b (libc.so.6)[0m   -> [33mrandom_r (libc.so.6)[0m     
[#27] [33mrandom_r+0x17 (libc.so.6)[0m -> [33mrandom_r+0x38 (libc.so.6)[0m
[#28] [33mrandom_r+0x6c (libc.so.6)[0m -> [33mrandom+0x80 (libc.so.6)[0m  
[#29] [33mrandom+0x84 (libc.so.6)[0m   -> [33mrandom+0x56 (libc.so.6)[0m  
[#30] [33mrandom+0x66 (libc.so.6)[0m   -> [33mrand+0xd (libc.so.6)[0m     
[#31] [33mrand+0xe (libc.so.6)[0m      -> [33mmain+0x39d[0m               
2026/01/13 16:42:34 LBR数据统计: 总条目=1, 有效=1, 空数据=0, 全零数据=0
2026/01/13 16:42:35 No LBR data - map中无任何条目
2026/01/13 16:42:36 No LBR data - map中无任何条目
2026/01/13 16:42:37 No LBR data - map中无任何条目
2026/01/13 16:42:38 No LBR data - map中无任何条目
2026/01/13 16:42:39 No LBR data - map中无任何条目
2026/01/13 16:42:40 No LBR data - map中无任何条目
