2026/03/04 20:52:46 日志文件: log/lbr_output_20260304_205246.log
2026/03/04 20:52:46 Current nofile rlimit: curr=524287 max=524288
2026/03/04 20:52:46 Monitoring PID: 237467
2026/03/04 20:52:46 LBR demo is running. Press Ctrl-C to exit.
2026/03/04 20:52:46 Attached to 8 CPUs, checking for LBR data every second...
2026/03/04 20:52:47 No LBR data - map中无任何条目
2026/03/04 20:52:48 No LBR data - map中无任何条目
2026/03/04 20:52:49 已启用 SFrame 符号解析和栈展开 for PID 237467

=== PID: 237467, TID: 237467, COMM: test_lbr_sframe, Entries: 32 ===

[LBR Branch History]
LBR Stack:
[#00] [33mrandom+0x66 (libc.so.6)[0m   -> [33mrand+0xd (libc.so.6)[0m     
[#01] [33mrand+0xe (libc.so.6)[0m      -> [33mmain+0x39d[0m               
[#02] [33mmain+0x3c2[0m                -> [33mmain+0x535[0m               
[#03] [33mmain+0x538[0m                -> [33mmain+0x543[0m               
[#04] [33mmain+0x546[0m                -> [33mmain+0x551[0m               
[#05] [33mmain+0x55a[0m                -> [33mmain+0x392[0m               
[#06] [33mmain+0x398[0m                -> [33m_init+0xb0[0m               
[#07] [33m_init+0xb0[0m                -> [33mrand (libc.so.6)[0m         
[#08] [33mrand+0x8 (libc.so.6)[0m      -> [33mrandom (libc.so.6)[0m       
[#09] [33mrandom+0x22 (libc.so.6)[0m   -> [33mrandom+0x70 (libc.so.6)[0m  
[#10] [33mrandom+0x7b (libc.so.6)[0m   -> [33mrandom_r (libc.so.6)[0m     
[#11] [33mrandom_r+0x17 (libc.so.6)[0m -> [33mrandom_r+0x38 (libc.so.6)[0m
[#12] [33mrandom_r+0x6c (libc.so.6)[0m -> [33mrandom+0x80 (libc.so.6)[0m  
[#13] [33mrandom+0x84 (libc.so.6)[0m   -> [33mrandom+0x56 (libc.so.6)[0m  
[#14] [33mrandom+0x66 (libc.so.6)[0m   -> [33mrand+0xd (libc.so.6)[0m     
[#15] [33mrand+0xe (libc.so.6)[0m      -> [33mmain+0x39d[0m               
[#16] [33mmain+0x3bd[0m                -> [33mmain+0x38e[0m               
[#17] [33mmain+0x398[0m                -> [33m_init+0xb0[0m               
[#18] [33m_init+0xb0[0m                -> [33mrand (libc.so.6)[0m         
[#19] [33mrand+0x8 (libc.so.6)[0m      -> [33mrandom (libc.so.6)[0m       
[#20] [33mrandom+0x22 (libc.so.6)[0m   -> [33mrandom+0x70 (libc.so.6)[0m  
[#21] [33mrandom+0x7b (libc.so.6)[0m   -> [33mrandom_r (libc.so.6)[0m     
[#22] [33mrandom_r+0x17 (libc.so.6)[0m -> [33mrandom_r+0x38 (libc.so.6)[0m
[#23] [33mrandom_r+0x6c (libc.so.6)[0m -> [33mrandom+0x80 (libc.so.6)[0m  
[#24] [33mrandom+0x84 (libc.so.6)[0m   -> [33mrandom+0x56 (libc.so.6)[0m  
[#25] [33mrandom+0x66 (libc.so.6)[0m   -> [33mrand+0xd (libc.so.6)[0m     
[#26] [33mrand+0xe (libc.so.6)[0m      -> [33mmain+0x39d[0m               
[#27] [33mmain+0x3c2[0m                -> [33mmain+0x535[0m               
[#28] [33mmain+0x538[0m                -> [33mmain+0x543[0m               
[#29] [33mmain+0x54c[0m                -> [33mmain+0x392[0m               
[#30] [33mmain+0x398[0m                -> [33m_init+0xb0[0m               
[#31] [33mmain+0x398[0m                -> [33m_init+0xb0[0m               

[Stack Unwinding - Full Call Stack]
使用采样时寄存器状态: RIP=0x7f38e61ec745, RSP=0x7ffc2463cb20, RBP=0x7ffc2463cb40
#00  0x00007f38e61ec745 in [36mrand+0x5[0m (libc.so.6)

展开了 1 个栈帧
2026/03/04 20:52:49 LBR数据统计: 总条目=1, 有效=1, 空数据=0, 全零数据=0
2026/03/04 20:52:50 No LBR data - map中无任何条目
2026/03/04 20:52:51 No LBR data - map中无任何条目
2026/03/04 20:52:52 No LBR data - map中无任何条目
2026/03/04 20:52:53 No LBR data - map中无任何条目
2026/03/04 20:52:54 No LBR data - map中无任何条目
2026/03/04 20:52:55 No LBR data - map中无任何条目
