2026/01/12 17:23:51 日志文件: log/lbr_output_20260112_172351.log
2026/01/12 17:23:51 Current nofile rlimit: curr=524287 max=524288
2026/01/12 17:23:51 Monitoring PID: 103110
2026/01/12 17:23:51 LBR demo is running. Press Ctrl-C to exit.
2026/01/12 17:23:51 Attached to 8 CPUs, checking for LBR data every second...
2026/01/12 17:23:52 No LBR data - map中无任何条目
2026/01/12 17:23:53 No LBR data - map中无任何条目
2026/01/12 17:23:54 [DEBUG] NewUserSymbolResolver: 为PID 103110 创建解析器
2026/01/12 17:23:54 [DEBUG] NewUserSymbolResolver: 使用可执行文件: /home/ssy/lbr/test/test_lbr
2026/01/12 17:23:54 [DEBUG] GetProcessMaps: 读取进程 103110 的内存映射
2026/01/12 17:23:54 [DEBUG] GetProcessMaps: 读取到 24 个内存映射
2026/01/12 17:23:54 [DEBUG] loadBaseAddress: 找到基地址 0x557e94e95000 (StartAddr=0x557e94e96000, Offset=0x1000)
2026/01/12 17:23:54 [DEBUG] NewUserSymbolResolver: 基地址: 0x557e94e95000
2026/01/12 17:23:54 [DEBUG] checkDebugSymbols: 检查文件 /home/ssy/lbr/test/test_lbr 的调试符号
2026/01/12 17:23:54 [DEBUG] checkDebugSymbols: file 输出: /home/ssy/lbr/test/test_lbr: ELF 64-bit LSB pie executable, x86-64, version 1 (SYSV), dynamically linked, interpreter /lib64/ld-linux-x86-64.so.2, BuildID[sha1]=c991d85de712a97fc7e96e087fbedad9567699a4, for GNU/Linux 4.4.0, with debug_info, not stripped
2026/01/12 17:23:54 [DEBUG] checkDebugSymbols: 结果: true
2026/01/12 17:23:54 [DEBUG] NewUserSymbolResolver: 调试符号检查结果: true
2026/01/12 17:23:54 [DEBUG] NewUserSymbolResolver: 解析器创建成功
2026/01/12 17:23:54 已启用 addr2line 符号解析 for PID 103110
2026/01/12 17:23:54 [DEBUG] ResolveAddress: 开始解析地址 0x7fab78843d17
2026/01/12 17:23:54 [DEBUG] ResolveAddress: 共享库 libc.so, 映射起始 0x7fab78824000, 映射偏移 0x24000, 文件偏移 0x43d17
2026/01/12 17:23:54 [DEBUG] ResolveAddress: 执行 addr2line，文件: /usr/lib/libc.so.6, 偏移: 0x43d17
2026/01/12 17:23:54 [DEBUG] ResolveAddress: addr2line 输出行数: 2
2026/01/12 17:23:54 [DEBUG] ResolveAddress: 函数名: random_r@libc.so, 位置: ??:?
2026/01/12 17:23:54 [DEBUG] ResolveAddress: 解析成功 -> 函数: random_r@libc.so, 文件: ??, 行号: 0
2026/01/12 17:23:54 [DEBUG] ResolveAddress: 开始解析地址 0x7fab78843d38
2026/01/12 17:23:54 [DEBUG] ResolveAddress: 共享库 libc.so, 映射起始 0x7fab78824000, 映射偏移 0x24000, 文件偏移 0x43d38
2026/01/12 17:23:54 [DEBUG] ResolveAddress: 执行 addr2line，文件: /usr/lib/libc.so.6, 偏移: 0x43d38
2026/01/12 17:23:54 [DEBUG] ResolveAddress: addr2line 输出行数: 2
2026/01/12 17:23:54 [DEBUG] ResolveAddress: 函数名: random_r@libc.so, 位置: ??:?
2026/01/12 17:23:54 [DEBUG] ResolveAddress: 解析成功 -> 函数: random_r@libc.so, 文件: ??, 行号: 0
2026/01/12 17:23:54 [DEBUG] ResolveAddress: 开始解析地址 0x7fab78843bcb
2026/01/12 17:23:54 [DEBUG] ResolveAddress: 共享库 libc.so, 映射起始 0x7fab78824000, 映射偏移 0x24000, 文件偏移 0x43bcb
2026/01/12 17:23:54 [DEBUG] ResolveAddress: 执行 addr2line，文件: /usr/lib/libc.so.6, 偏移: 0x43bcb
2026/01/12 17:23:54 [DEBUG] ResolveAddress: addr2line 输出行数: 2
2026/01/12 17:23:54 [DEBUG] ResolveAddress: 函数名: random@libc.so, 位置: ??:?
2026/01/12 17:23:54 [DEBUG] ResolveAddress: 解析成功 -> 函数: random@libc.so, 文件: ??, 行号: 0
2026/01/12 17:23:54 [DEBUG] ResolveAddress: 开始解析地址 0x7fab78843d00
2026/01/12 17:23:54 [DEBUG] ResolveAddress: 共享库 libc.so, 映射起始 0x7fab78824000, 映射偏移 0x24000, 文件偏移 0x43d00
2026/01/12 17:23:54 [DEBUG] ResolveAddress: 执行 addr2line，文件: /usr/lib/libc.so.6, 偏移: 0x43d00
2026/01/12 17:23:54 [DEBUG] ResolveAddress: addr2line 输出行数: 2
2026/01/12 17:23:54 [DEBUG] ResolveAddress: 函数名: random_r@libc.so, 位置: ??:?
2026/01/12 17:23:54 [DEBUG] ResolveAddress: 解析成功 -> 函数: random_r@libc.so, 文件: ??, 行号: 0
2026/01/12 17:23:54 [DEBUG] ResolveAddress: 开始解析地址 0x7fab78843b72
2026/01/12 17:23:54 [DEBUG] ResolveAddress: 共享库 libc.so, 映射起始 0x7fab78824000, 映射偏移 0x24000, 文件偏移 0x43b72
2026/01/12 17:23:54 [DEBUG] ResolveAddress: 执行 addr2line，文件: /usr/lib/libc.so.6, 偏移: 0x43b72
2026/01/12 17:23:54 [DEBUG] ResolveAddress: addr2line 输出行数: 2
2026/01/12 17:23:54 [DEBUG] ResolveAddress: 函数名: random@libc.so, 位置: ??:?
2026/01/12 17:23:54 [DEBUG] ResolveAddress: 解析成功 -> 函数: random@libc.so, 文件: ??, 行号: 0
2026/01/12 17:23:54 [DEBUG] ResolveAddress: 开始解析地址 0x7fab78843bc0
2026/01/12 17:23:54 [DEBUG] ResolveAddress: 共享库 libc.so, 映射起始 0x7fab78824000, 映射偏移 0x24000, 文件偏移 0x43bc0
2026/01/12 17:23:54 [DEBUG] ResolveAddress: 执行 addr2line，文件: /usr/lib/libc.so.6, 偏移: 0x43bc0
2026/01/12 17:23:54 [DEBUG] ResolveAddress: addr2line 输出行数: 2
2026/01/12 17:23:54 [DEBUG] ResolveAddress: 函数名: random@libc.so, 位置: ??:?
2026/01/12 17:23:54 [DEBUG] ResolveAddress: 解析成功 -> 函数: random@libc.so, 文件: ??, 行号: 0
2026/01/12 17:23:54 [DEBUG] ResolveAddress: 开始解析地址 0x7fab78843948
2026/01/12 17:23:54 [DEBUG] ResolveAddress: 共享库 libc.so, 映射起始 0x7fab78824000, 映射偏移 0x24000, 文件偏移 0x43948
2026/01/12 17:23:54 [DEBUG] ResolveAddress: 执行 addr2line，文件: /usr/lib/libc.so.6, 偏移: 0x43948
2026/01/12 17:23:54 [DEBUG] ResolveAddress: addr2line 输出行数: 2
2026/01/12 17:23:54 [DEBUG] ResolveAddress: 函数名: rand@libc.so, 位置: ??:?
2026/01/12 17:23:54 [DEBUG] ResolveAddress: 解析成功 -> 函数: rand@libc.so, 文件: ??, 行号: 0
2026/01/12 17:23:54 [DEBUG] ResolveAddress: 开始解析地址 0x7fab78843b50
2026/01/12 17:23:54 [DEBUG] ResolveAddress: 共享库 libc.so, 映射起始 0x7fab78824000, 映射偏移 0x24000, 文件偏移 0x43b50
2026/01/12 17:23:54 [DEBUG] ResolveAddress: 执行 addr2line，文件: /usr/lib/libc.so.6, 偏移: 0x43b50
2026/01/12 17:23:54 [DEBUG] ResolveAddress: addr2line 输出行数: 2
2026/01/12 17:23:54 [DEBUG] ResolveAddress: 函数名: random@libc.so, 位置: ??:?
2026/01/12 17:23:54 [DEBUG] ResolveAddress: 解析成功 -> 函数: random@libc.so, 文件: ??, 行号: 0
2026/01/12 17:23:54 [DEBUG] ResolveAddress: 开始解析地址 0x557e94e960b0
2026/01/12 17:23:54 [DEBUG] ResolveAddress: 主程序地址，基地址 0x557e94e95000, 文件偏移 0x10b0
2026/01/12 17:23:54 [DEBUG] ResolveAddress: 执行 addr2line，文件: /home/ssy/lbr/test/test_lbr, 偏移: 0x10b0
2026/01/12 17:23:54 [DEBUG] ResolveAddress: addr2line 输出行数: 2
2026/01/12 17:23:54 [DEBUG] ResolveAddress: addr2line 未解析，尝试符号表
2026/01/12 17:23:54 [DEBUG] ResolveAddress: 从符号表解析到: _init+0xb0
2026/01/12 17:23:54 [DEBUG] ResolveAddress: 函数名: _init+0xb0, 位置: ??:0
2026/01/12 17:23:54 [DEBUG] ResolveAddress: 解析成功 -> 函数: _init+0xb0, 文件: ??, 行号: 0
2026/01/12 17:23:54 [DEBUG] ResolveAddress: 开始解析地址 0x7fab78843940
2026/01/12 17:23:54 [DEBUG] ResolveAddress: 共享库 libc.so, 映射起始 0x7fab78824000, 映射偏移 0x24000, 文件偏移 0x43940
2026/01/12 17:23:54 [DEBUG] ResolveAddress: 执行 addr2line，文件: /usr/lib/libc.so.6, 偏移: 0x43940
2026/01/12 17:23:54 [DEBUG] ResolveAddress: addr2line 输出行数: 2
2026/01/12 17:23:54 [DEBUG] ResolveAddress: 函数名: rand@libc.so, 位置: ??:?
2026/01/12 17:23:54 [DEBUG] ResolveAddress: 解析成功 -> 函数: rand@libc.so, 文件: ??, 行号: 0
2026/01/12 17:23:54 [DEBUG] ResolveAddress: 开始解析地址 0x557e94e96458
2026/01/12 17:23:54 [DEBUG] ResolveAddress: 主程序地址，基地址 0x557e94e95000, 文件偏移 0x1458
2026/01/12 17:23:54 [DEBUG] ResolveAddress: 执行 addr2line，文件: /home/ssy/lbr/test/test_lbr, 偏移: 0x1458
2026/01/12 17:23:54 [DEBUG] ResolveAddress: addr2line 输出行数: 2
2026/01/12 17:23:54 [DEBUG] ResolveAddress: 函数名: main, 位置: /home/ssy/lbr/test/test_lbr.c:141
2026/01/12 17:23:54 [DEBUG] ResolveAddress: 解析成功 -> 函数: main, 文件: /home/ssy/lbr/test/test_lbr.c, 行号: 141
2026/01/12 17:23:54 [DEBUG] ResolveAddress: 开始解析地址 0x557e94e960b0
2026/01/12 17:23:54 [DEBUG] ResolveAddress: 主程序地址，基地址 0x557e94e95000, 文件偏移 0x10b0
2026/01/12 17:23:54 [DEBUG] ResolveAddress: 执行 addr2line，文件: /home/ssy/lbr/test/test_lbr, 偏移: 0x10b0
2026/01/12 17:23:54 [DEBUG] ResolveAddress: addr2line 输出行数: 2
2026/01/12 17:23:54 [DEBUG] ResolveAddress: addr2line 未解析，尝试符号表
2026/01/12 17:23:54 [DEBUG] ResolveAddress: 从符号表解析到: _init+0xb0
2026/01/12 17:23:54 [DEBUG] ResolveAddress: 函数名: _init+0xb0, 位置: ??:0
2026/01/12 17:23:54 [DEBUG] ResolveAddress: 解析成功 -> 函数: _init+0xb0, 文件: ??, 行号: 0
2026/01/12 17:23:54 [DEBUG] ResolveAddress: 开始解析地址 0x557e94e9647d
2026/01/12 17:23:54 [DEBUG] ResolveAddress: 主程序地址，基地址 0x557e94e95000, 文件偏移 0x147d
2026/01/12 17:23:54 [DEBUG] ResolveAddress: 执行 addr2line，文件: /home/ssy/lbr/test/test_lbr, 偏移: 0x147d
2026/01/12 17:23:54 [DEBUG] ResolveAddress: addr2line 输出行数: 2
2026/01/12 17:23:54 [DEBUG] ResolveAddress: 函数名: main, 位置: /home/ssy/lbr/test/test_lbr.c:142
2026/01/12 17:23:54 [DEBUG] ResolveAddress: 解析成功 -> 函数: main, 文件: /home/ssy/lbr/test/test_lbr.c, 行号: 142
2026/01/12 17:23:54 [DEBUG] ResolveAddress: 开始解析地址 0x557e94e9644e
2026/01/12 17:23:54 [DEBUG] ResolveAddress: 主程序地址，基地址 0x557e94e95000, 文件偏移 0x144e
2026/01/12 17:23:54 [DEBUG] ResolveAddress: 执行 addr2line，文件: /home/ssy/lbr/test/test_lbr, 偏移: 0x144e
2026/01/12 17:23:54 [DEBUG] ResolveAddress: addr2line 输出行数: 2
2026/01/12 17:23:54 [DEBUG] ResolveAddress: 函数名: main, 位置: /home/ssy/lbr/test/test_lbr.c:143
2026/01/12 17:23:54 [DEBUG] ResolveAddress: 解析成功 -> 函数: main, 文件: /home/ssy/lbr/test/test_lbr.c, 行号: 143
2026/01/12 17:23:54 [DEBUG] ResolveAddress: 开始解析地址 0x7fab7884394e
2026/01/12 17:23:54 [DEBUG] ResolveAddress: 共享库 libc.so, 映射起始 0x7fab78824000, 映射偏移 0x24000, 文件偏移 0x4394e
2026/01/12 17:23:54 [DEBUG] ResolveAddress: 执行 addr2line，文件: /usr/lib/libc.so.6, 偏移: 0x4394e
2026/01/12 17:23:54 [DEBUG] ResolveAddress: addr2line 输出行数: 2
2026/01/12 17:23:54 [DEBUG] ResolveAddress: 函数名: rand@libc.so, 位置: ??:?
2026/01/12 17:23:54 [DEBUG] ResolveAddress: 解析成功 -> 函数: rand@libc.so, 文件: ??, 行号: 0
2026/01/12 17:23:54 [DEBUG] ResolveAddress: 开始解析地址 0x557e94e9645d
2026/01/12 17:23:54 [DEBUG] ResolveAddress: 主程序地址，基地址 0x557e94e95000, 文件偏移 0x145d
2026/01/12 17:23:54 [DEBUG] ResolveAddress: 执行 addr2line，文件: /home/ssy/lbr/test/test_lbr, 偏移: 0x145d
2026/01/12 17:23:54 [DEBUG] ResolveAddress: addr2line 输出行数: 2
2026/01/12 17:23:54 [DEBUG] ResolveAddress: 函数名: main, 位置: /home/ssy/lbr/test/test_lbr.c:141
2026/01/12 17:23:54 [DEBUG] ResolveAddress: 解析成功 -> 函数: main, 文件: /home/ssy/lbr/test/test_lbr.c, 行号: 141
2026/01/12 17:23:54 [DEBUG] ResolveAddress: 开始解析地址 0x7fab78843bb6
2026/01/12 17:23:54 [DEBUG] ResolveAddress: 共享库 libc.so, 映射起始 0x7fab78824000, 映射偏移 0x24000, 文件偏移 0x43bb6
2026/01/12 17:23:54 [DEBUG] ResolveAddress: 执行 addr2line，文件: /usr/lib/libc.so.6, 偏移: 0x43bb6
2026/01/12 17:23:54 [DEBUG] ResolveAddress: addr2line 输出行数: 2
2026/01/12 17:23:54 [DEBUG] ResolveAddress: 函数名: random@libc.so, 位置: ??:?
2026/01/12 17:23:54 [DEBUG] ResolveAddress: 解析成功 -> 函数: random@libc.so, 文件: ??, 行号: 0
2026/01/12 17:23:54 [DEBUG] ResolveAddress: 开始解析地址 0x7fab7884394d
2026/01/12 17:23:54 [DEBUG] ResolveAddress: 共享库 libc.so, 映射起始 0x7fab78824000, 映射偏移 0x24000, 文件偏移 0x4394d
2026/01/12 17:23:54 [DEBUG] ResolveAddress: 执行 addr2line，文件: /usr/lib/libc.so.6, 偏移: 0x4394d
2026/01/12 17:23:54 [DEBUG] ResolveAddress: addr2line 输出行数: 2
2026/01/12 17:23:54 [DEBUG] ResolveAddress: 函数名: rand@libc.so, 位置: ??:?
2026/01/12 17:23:54 [DEBUG] ResolveAddress: 解析成功 -> 函数: rand@libc.so, 文件: ??, 行号: 0
2026/01/12 17:23:54 [DEBUG] ResolveAddress: 开始解析地址 0x7fab78843bd4
2026/01/12 17:23:54 [DEBUG] ResolveAddress: 共享库 libc.so, 映射起始 0x7fab78824000, 映射偏移 0x24000, 文件偏移 0x43bd4
2026/01/12 17:23:54 [DEBUG] ResolveAddress: 执行 addr2line，文件: /usr/lib/libc.so.6, 偏移: 0x43bd4
2026/01/12 17:23:54 [DEBUG] ResolveAddress: addr2line 输出行数: 2
2026/01/12 17:23:54 [DEBUG] ResolveAddress: 函数名: random@libc.so, 位置: ??:?
2026/01/12 17:23:54 [DEBUG] ResolveAddress: 解析成功 -> 函数: random@libc.so, 文件: ??, 行号: 0
2026/01/12 17:23:54 [DEBUG] ResolveAddress: 开始解析地址 0x7fab78843ba6
2026/01/12 17:23:54 [DEBUG] ResolveAddress: 共享库 libc.so, 映射起始 0x7fab78824000, 映射偏移 0x24000, 文件偏移 0x43ba6
2026/01/12 17:23:54 [DEBUG] ResolveAddress: 执行 addr2line，文件: /usr/lib/libc.so.6, 偏移: 0x43ba6
2026/01/12 17:23:54 [DEBUG] ResolveAddress: addr2line 输出行数: 2
2026/01/12 17:23:54 [DEBUG] ResolveAddress: 函数名: random@libc.so, 位置: ??:?
2026/01/12 17:23:54 [DEBUG] ResolveAddress: 解析成功 -> 函数: random@libc.so, 文件: ??, 行号: 0
2026/01/12 17:23:54 [DEBUG] ResolveAddress: 开始解析地址 0x7fab78843d6c
2026/01/12 17:23:54 [DEBUG] ResolveAddress: 共享库 libc.so, 映射起始 0x7fab78824000, 映射偏移 0x24000, 文件偏移 0x43d6c
2026/01/12 17:23:54 [DEBUG] ResolveAddress: 执行 addr2line，文件: /usr/lib/libc.so.6, 偏移: 0x43d6c
2026/01/12 17:23:54 [DEBUG] ResolveAddress: addr2line 输出行数: 2
2026/01/12 17:23:54 [DEBUG] ResolveAddress: 函数名: random_r@libc.so, 位置: ??:?
2026/01/12 17:23:54 [DEBUG] ResolveAddress: 解析成功 -> 函数: random_r@libc.so, 文件: ??, 行号: 0
2026/01/12 17:23:54 [DEBUG] ResolveAddress: 开始解析地址 0x7fab78843bd0
2026/01/12 17:23:54 [DEBUG] ResolveAddress: 共享库 libc.so, 映射起始 0x7fab78824000, 映射偏移 0x24000, 文件偏移 0x43bd0
2026/01/12 17:23:54 [DEBUG] ResolveAddress: 执行 addr2line，文件: /usr/lib/libc.so.6, 偏移: 0x43bd0
2026/01/12 17:23:54 [DEBUG] ResolveAddress: addr2line 输出行数: 2
2026/01/12 17:23:54 [DEBUG] ResolveAddress: 函数名: random@libc.so, 位置: ??:?
2026/01/12 17:23:54 [DEBUG] ResolveAddress: 解析成功 -> 函数: random@libc.so, 文件: ??, 行号: 0
2026/01/12 17:23:54 [DEBUG] ResolveAddress: 开始解析地址 0x7fab78843d17
2026/01/12 17:23:54 [DEBUG] ResolveAddress: 共享库 libc.so, 映射起始 0x7fab78824000, 映射偏移 0x24000, 文件偏移 0x43d17
2026/01/12 17:23:54 [DEBUG] ResolveAddress: 执行 addr2line，文件: /usr/lib/libc.so.6, 偏移: 0x43d17
2026/01/12 17:23:54 [DEBUG] ResolveAddress: addr2line 输出行数: 2
2026/01/12 17:23:54 [DEBUG] ResolveAddress: 函数名: random_r@libc.so, 位置: ??:?
2026/01/12 17:23:54 [DEBUG] ResolveAddress: 解析成功 -> 函数: random_r@libc.so, 文件: ??, 行号: 0
2026/01/12 17:23:54 [DEBUG] ResolveAddress: 开始解析地址 0x7fab78843d38
2026/01/12 17:23:54 [DEBUG] ResolveAddress: 共享库 libc.so, 映射起始 0x7fab78824000, 映射偏移 0x24000, 文件偏移 0x43d38
2026/01/12 17:23:54 [DEBUG] ResolveAddress: 执行 addr2line，文件: /usr/lib/libc.so.6, 偏移: 0x43d38
2026/01/12 17:23:54 [DEBUG] ResolveAddress: addr2line 输出行数: 2
2026/01/12 17:23:54 [DEBUG] ResolveAddress: 函数名: random_r@libc.so, 位置: ??:?
2026/01/12 17:23:54 [DEBUG] ResolveAddress: 解析成功 -> 函数: random_r@libc.so, 文件: ??, 行号: 0
2026/01/12 17:23:54 [DEBUG] ResolveAddress: 开始解析地址 0x7fab78843bcb
2026/01/12 17:23:54 [DEBUG] ResolveAddress: 共享库 libc.so, 映射起始 0x7fab78824000, 映射偏移 0x24000, 文件偏移 0x43bcb
2026/01/12 17:23:54 [DEBUG] ResolveAddress: 执行 addr2line，文件: /usr/lib/libc.so.6, 偏移: 0x43bcb
2026/01/12 17:23:54 [DEBUG] ResolveAddress: addr2line 输出行数: 2
2026/01/12 17:23:54 [DEBUG] ResolveAddress: 函数名: random@libc.so, 位置: ??:?
2026/01/12 17:23:54 [DEBUG] ResolveAddress: 解析成功 -> 函数: random@libc.so, 文件: ??, 行号: 0
2026/01/12 17:23:54 [DEBUG] ResolveAddress: 开始解析地址 0x7fab78843d00
2026/01/12 17:23:54 [DEBUG] ResolveAddress: 共享库 libc.so, 映射起始 0x7fab78824000, 映射偏移 0x24000, 文件偏移 0x43d00
2026/01/12 17:23:54 [DEBUG] ResolveAddress: 执行 addr2line，文件: /usr/lib/libc.so.6, 偏移: 0x43d00
2026/01/12 17:23:54 [DEBUG] ResolveAddress: addr2line 输出行数: 2
2026/01/12 17:23:54 [DEBUG] ResolveAddress: 函数名: random_r@libc.so, 位置: ??:?
2026/01/12 17:23:54 [DEBUG] ResolveAddress: 解析成功 -> 函数: random_r@libc.so, 文件: ??, 行号: 0
2026/01/12 17:23:54 [DEBUG] ResolveAddress: 开始解析地址 0x7fab78843b72
2026/01/12 17:23:54 [DEBUG] ResolveAddress: 共享库 libc.so, 映射起始 0x7fab78824000, 映射偏移 0x24000, 文件偏移 0x43b72
2026/01/12 17:23:54 [DEBUG] ResolveAddress: 执行 addr2line，文件: /usr/lib/libc.so.6, 偏移: 0x43b72
2026/01/12 17:23:54 [DEBUG] ResolveAddress: addr2line 输出行数: 2
2026/01/12 17:23:54 [DEBUG] ResolveAddress: 函数名: random@libc.so, 位置: ??:?
2026/01/12 17:23:54 [DEBUG] ResolveAddress: 解析成功 -> 函数: random@libc.so, 文件: ??, 行号: 0
2026/01/12 17:23:54 [DEBUG] ResolveAddress: 开始解析地址 0x7fab78843bc0
2026/01/12 17:23:54 [DEBUG] ResolveAddress: 共享库 libc.so, 映射起始 0x7fab78824000, 映射偏移 0x24000, 文件偏移 0x43bc0
2026/01/12 17:23:54 [DEBUG] ResolveAddress: 执行 addr2line，文件: /usr/lib/libc.so.6, 偏移: 0x43bc0
2026/01/12 17:23:54 [DEBUG] ResolveAddress: addr2line 输出行数: 2
2026/01/12 17:23:54 [DEBUG] ResolveAddress: 函数名: random@libc.so, 位置: ??:?
2026/01/12 17:23:54 [DEBUG] ResolveAddress: 解析成功 -> 函数: random@libc.so, 文件: ??, 行号: 0
2026/01/12 17:23:54 [DEBUG] ResolveAddress: 开始解析地址 0x7fab78843948
2026/01/12 17:23:54 [DEBUG] ResolveAddress: 共享库 libc.so, 映射起始 0x7fab78824000, 映射偏移 0x24000, 文件偏移 0x43948
2026/01/12 17:23:54 [DEBUG] ResolveAddress: 执行 addr2line，文件: /usr/lib/libc.so.6, 偏移: 0x43948
2026/01/12 17:23:54 [DEBUG] ResolveAddress: addr2line 输出行数: 2
2026/01/12 17:23:54 [DEBUG] ResolveAddress: 函数名: rand@libc.so, 位置: ??:?
2026/01/12 17:23:54 [DEBUG] ResolveAddress: 解析成功 -> 函数: rand@libc.so, 文件: ??, 行号: 0
2026/01/12 17:23:54 [DEBUG] ResolveAddress: 开始解析地址 0x7fab78843b50
2026/01/12 17:23:54 [DEBUG] ResolveAddress: 共享库 libc.so, 映射起始 0x7fab78824000, 映射偏移 0x24000, 文件偏移 0x43b50
2026/01/12 17:23:54 [DEBUG] ResolveAddress: 执行 addr2line，文件: /usr/lib/libc.so.6, 偏移: 0x43b50
2026/01/12 17:23:54 [DEBUG] ResolveAddress: addr2line 输出行数: 2
2026/01/12 17:23:54 [DEBUG] ResolveAddress: 函数名: random@libc.so, 位置: ??:?
2026/01/12 17:23:54 [DEBUG] ResolveAddress: 解析成功 -> 函数: random@libc.so, 文件: ??, 行号: 0
2026/01/12 17:23:54 [DEBUG] ResolveAddress: 开始解析地址 0x557e94e960b0
2026/01/12 17:23:54 [DEBUG] ResolveAddress: 主程序地址，基地址 0x557e94e95000, 文件偏移 0x10b0
2026/01/12 17:23:54 [DEBUG] ResolveAddress: 执行 addr2line，文件: /home/ssy/lbr/test/test_lbr, 偏移: 0x10b0
2026/01/12 17:23:54 [DEBUG] ResolveAddress: addr2line 输出行数: 2
2026/01/12 17:23:54 [DEBUG] ResolveAddress: addr2line 未解析，尝试符号表
2026/01/12 17:23:54 [DEBUG] ResolveAddress: 从符号表解析到: _init+0xb0
2026/01/12 17:23:54 [DEBUG] ResolveAddress: 函数名: _init+0xb0, 位置: ??:0
2026/01/12 17:23:54 [DEBUG] ResolveAddress: 解析成功 -> 函数: _init+0xb0, 文件: ??, 行号: 0
2026/01/12 17:23:54 [DEBUG] ResolveAddress: 开始解析地址 0x7fab78843940
2026/01/12 17:23:54 [DEBUG] ResolveAddress: 共享库 libc.so, 映射起始 0x7fab78824000, 映射偏移 0x24000, 文件偏移 0x43940
2026/01/12 17:23:54 [DEBUG] ResolveAddress: 执行 addr2line，文件: /usr/lib/libc.so.6, 偏移: 0x43940
2026/01/12 17:23:54 [DEBUG] ResolveAddress: addr2line 输出行数: 2
2026/01/12 17:23:54 [DEBUG] ResolveAddress: 函数名: rand@libc.so, 位置: ??:?
2026/01/12 17:23:54 [DEBUG] ResolveAddress: 解析成功 -> 函数: rand@libc.so, 文件: ??, 行号: 0
2026/01/12 17:23:54 [DEBUG] ResolveAddress: 开始解析地址 0x557e94e96458
2026/01/12 17:23:54 [DEBUG] ResolveAddress: 主程序地址，基地址 0x557e94e95000, 文件偏移 0x1458
2026/01/12 17:23:54 [DEBUG] ResolveAddress: 执行 addr2line，文件: /home/ssy/lbr/test/test_lbr, 偏移: 0x1458
2026/01/12 17:23:54 [DEBUG] ResolveAddress: addr2line 输出行数: 2
2026/01/12 17:23:54 [DEBUG] ResolveAddress: 函数名: main, 位置: /home/ssy/lbr/test/test_lbr.c:141
2026/01/12 17:23:54 [DEBUG] ResolveAddress: 解析成功 -> 函数: main, 文件: /home/ssy/lbr/test/test_lbr.c, 行号: 141
2026/01/12 17:23:54 [DEBUG] ResolveAddress: 开始解析地址 0x557e94e960b0
2026/01/12 17:23:54 [DEBUG] ResolveAddress: 主程序地址，基地址 0x557e94e95000, 文件偏移 0x10b0
2026/01/12 17:23:54 [DEBUG] ResolveAddress: 执行 addr2line，文件: /home/ssy/lbr/test/test_lbr, 偏移: 0x10b0
2026/01/12 17:23:54 [DEBUG] ResolveAddress: addr2line 输出行数: 2
2026/01/12 17:23:54 [DEBUG] ResolveAddress: addr2line 未解析，尝试符号表
2026/01/12 17:23:54 [DEBUG] ResolveAddress: 从符号表解析到: _init+0xb0
2026/01/12 17:23:54 [DEBUG] ResolveAddress: 函数名: _init+0xb0, 位置: ??:0
2026/01/12 17:23:54 [DEBUG] ResolveAddress: 解析成功 -> 函数: _init+0xb0, 文件: ??, 行号: 0
2026/01/12 17:23:54 [DEBUG] ResolveAddress: 开始解析地址 0x557e94e9667d
2026/01/12 17:23:54 [DEBUG] ResolveAddress: 主程序地址，基地址 0x557e94e95000, 文件偏移 0x167d
2026/01/12 17:23:54 [DEBUG] ResolveAddress: 执行 addr2line，文件: /home/ssy/lbr/test/test_lbr, 偏移: 0x167d
2026/01/12 17:23:54 [DEBUG] ResolveAddress: addr2line 输出行数: 2
2026/01/12 17:23:54 [DEBUG] ResolveAddress: 函数名: main, 位置: /home/ssy/lbr/test/test_lbr.c:159
2026/01/12 17:23:54 [DEBUG] ResolveAddress: 解析成功 -> 函数: main, 文件: /home/ssy/lbr/test/test_lbr.c, 行号: 159
2026/01/12 17:23:54 [DEBUG] ResolveAddress: 开始解析地址 0x557e94e96452
2026/01/12 17:23:54 [DEBUG] ResolveAddress: 主程序地址，基地址 0x557e94e95000, 文件偏移 0x1452
2026/01/12 17:23:54 [DEBUG] ResolveAddress: 执行 addr2line，文件: /home/ssy/lbr/test/test_lbr, 偏移: 0x1452
2026/01/12 17:23:54 [DEBUG] ResolveAddress: addr2line 输出行数: 2
2026/01/12 17:23:54 [DEBUG] ResolveAddress: 函数名: main, 位置: /home/ssy/lbr/test/test_lbr.c:140 (discriminator 1)
2026/01/12 17:23:54 [DEBUG] ResolveAddress: 解析成功 -> 函数: main, 文件: /home/ssy/lbr/test/test_lbr.c, 行号: 0
2026/01/12 17:23:54 [DEBUG] ResolveAddress: 开始解析地址 0x557e94e9663e
2026/01/12 17:23:54 [DEBUG] ResolveAddress: 主程序地址，基地址 0x557e94e95000, 文件偏移 0x163e
2026/01/12 17:23:54 [DEBUG] ResolveAddress: 执行 addr2line，文件: /home/ssy/lbr/test/test_lbr, 偏移: 0x163e
2026/01/12 17:23:54 [DEBUG] ResolveAddress: addr2line 输出行数: 2
2026/01/12 17:23:54 [DEBUG] ResolveAddress: 函数名: main, 位置: /home/ssy/lbr/test/test_lbr.c:156
2026/01/12 17:23:54 [DEBUG] ResolveAddress: 解析成功 -> 函数: main, 文件: /home/ssy/lbr/test/test_lbr.c, 行号: 156
2026/01/12 17:23:54 [DEBUG] ResolveAddress: 开始解析地址 0x557e94e9666b
2026/01/12 17:23:54 [DEBUG] ResolveAddress: 主程序地址，基地址 0x557e94e95000, 文件偏移 0x166b
2026/01/12 17:23:54 [DEBUG] ResolveAddress: 执行 addr2line，文件: /home/ssy/lbr/test/test_lbr, 偏移: 0x166b
2026/01/12 17:23:54 [DEBUG] ResolveAddress: addr2line 输出行数: 2
2026/01/12 17:23:54 [DEBUG] ResolveAddress: 函数名: main, 位置: /home/ssy/lbr/test/test_lbr.c:159
2026/01/12 17:23:54 [DEBUG] ResolveAddress: 解析成功 -> 函数: main, 文件: /home/ssy/lbr/test/test_lbr.c, 行号: 159
2026/01/12 17:23:54 [DEBUG] ResolveAddress: 开始解析地址 0x557e94e96630
2026/01/12 17:23:54 [DEBUG] ResolveAddress: 主程序地址，基地址 0x557e94e95000, 文件偏移 0x1630
2026/01/12 17:23:54 [DEBUG] ResolveAddress: 执行 addr2line，文件: /home/ssy/lbr/test/test_lbr, 偏移: 0x1630
2026/01/12 17:23:54 [DEBUG] ResolveAddress: addr2line 输出行数: 2
2026/01/12 17:23:54 [DEBUG] ResolveAddress: 函数名: main, 位置: /home/ssy/lbr/test/test_lbr.c:154
2026/01/12 17:23:54 [DEBUG] ResolveAddress: 解析成功 -> 函数: main, 文件: /home/ssy/lbr/test/test_lbr.c, 行号: 154
2026/01/12 17:23:54 [DEBUG] ResolveAddress: 开始解析地址 0x557e94e9663b
2026/01/12 17:23:54 [DEBUG] ResolveAddress: 主程序地址，基地址 0x557e94e95000, 文件偏移 0x163b
2026/01/12 17:23:54 [DEBUG] ResolveAddress: 执行 addr2line，文件: /home/ssy/lbr/test/test_lbr, 偏移: 0x163b
2026/01/12 17:23:54 [DEBUG] ResolveAddress: addr2line 输出行数: 2
2026/01/12 17:23:54 [DEBUG] ResolveAddress: 函数名: main, 位置: /home/ssy/lbr/test/test_lbr.c:156
2026/01/12 17:23:54 [DEBUG] ResolveAddress: 解析成功 -> 函数: main, 文件: /home/ssy/lbr/test/test_lbr.c, 行号: 156
2026/01/12 17:23:54 [DEBUG] ResolveAddress: 开始解析地址 0x557e94e96622
2026/01/12 17:23:54 [DEBUG] ResolveAddress: 主程序地址，基地址 0x557e94e95000, 文件偏移 0x1622
2026/01/12 17:23:54 [DEBUG] ResolveAddress: 执行 addr2line，文件: /home/ssy/lbr/test/test_lbr, 偏移: 0x1622
2026/01/12 17:23:54 [DEBUG] ResolveAddress: addr2line 输出行数: 2
2026/01/12 17:23:54 [DEBUG] ResolveAddress: 函数名: main, 位置: /home/ssy/lbr/test/test_lbr.c:152
2026/01/12 17:23:54 [DEBUG] ResolveAddress: 解析成功 -> 函数: main, 文件: /home/ssy/lbr/test/test_lbr.c, 行号: 152
2026/01/12 17:23:54 [DEBUG] ResolveAddress: 开始解析地址 0x557e94e9662d
2026/01/12 17:23:54 [DEBUG] ResolveAddress: 主程序地址，基地址 0x557e94e95000, 文件偏移 0x162d
2026/01/12 17:23:54 [DEBUG] ResolveAddress: 执行 addr2line，文件: /home/ssy/lbr/test/test_lbr, 偏移: 0x162d
2026/01/12 17:23:54 [DEBUG] ResolveAddress: addr2line 输出行数: 2
2026/01/12 17:23:54 [DEBUG] ResolveAddress: 函数名: main, 位置: /home/ssy/lbr/test/test_lbr.c:154
2026/01/12 17:23:54 [DEBUG] ResolveAddress: 解析成功 -> 函数: main, 文件: /home/ssy/lbr/test/test_lbr.c, 行号: 154
2026/01/12 17:23:54 [DEBUG] ResolveAddress: 开始解析地址 0x557e94e96614
2026/01/12 17:23:54 [DEBUG] ResolveAddress: 主程序地址，基地址 0x557e94e95000, 文件偏移 0x1614
2026/01/12 17:23:54 [DEBUG] ResolveAddress: 执行 addr2line，文件: /home/ssy/lbr/test/test_lbr, 偏移: 0x1614
2026/01/12 17:23:54 [DEBUG] ResolveAddress: addr2line 输出行数: 2
2026/01/12 17:23:54 [DEBUG] ResolveAddress: 函数名: main, 位置: /home/ssy/lbr/test/test_lbr.c:150
2026/01/12 17:23:54 [DEBUG] ResolveAddress: 解析成功 -> 函数: main, 文件: /home/ssy/lbr/test/test_lbr.c, 行号: 150
2026/01/12 17:23:54 [DEBUG] ResolveAddress: 开始解析地址 0x557e94e9661f
2026/01/12 17:23:54 [DEBUG] ResolveAddress: 主程序地址，基地址 0x557e94e95000, 文件偏移 0x161f
2026/01/12 17:23:54 [DEBUG] ResolveAddress: 执行 addr2line，文件: /home/ssy/lbr/test/test_lbr, 偏移: 0x161f
2026/01/12 17:23:54 [DEBUG] ResolveAddress: addr2line 输出行数: 2
2026/01/12 17:23:54 [DEBUG] ResolveAddress: 函数名: main, 位置: /home/ssy/lbr/test/test_lbr.c:152
2026/01/12 17:23:54 [DEBUG] ResolveAddress: 解析成功 -> 函数: main, 文件: /home/ssy/lbr/test/test_lbr.c, 行号: 152
2026/01/12 17:23:54 [DEBUG] ResolveAddress: 开始解析地址 0x557e94e96606
2026/01/12 17:23:54 [DEBUG] ResolveAddress: 主程序地址，基地址 0x557e94e95000, 文件偏移 0x1606
2026/01/12 17:23:54 [DEBUG] ResolveAddress: 执行 addr2line，文件: /home/ssy/lbr/test/test_lbr, 偏移: 0x1606
2026/01/12 17:23:54 [DEBUG] ResolveAddress: addr2line 输出行数: 2
2026/01/12 17:23:54 [DEBUG] ResolveAddress: 函数名: main, 位置: /home/ssy/lbr/test/test_lbr.c:148
2026/01/12 17:23:54 [DEBUG] ResolveAddress: 解析成功 -> 函数: main, 文件: /home/ssy/lbr/test/test_lbr.c, 行号: 148
2026/01/12 17:23:54 [DEBUG] ResolveAddress: 开始解析地址 0x557e94e96611
2026/01/12 17:23:54 [DEBUG] ResolveAddress: 主程序地址，基地址 0x557e94e95000, 文件偏移 0x1611
2026/01/12 17:23:54 [DEBUG] ResolveAddress: 执行 addr2line，文件: /home/ssy/lbr/test/test_lbr, 偏移: 0x1611
2026/01/12 17:23:54 [DEBUG] ResolveAddress: addr2line 输出行数: 2
2026/01/12 17:23:54 [DEBUG] ResolveAddress: 函数名: main, 位置: /home/ssy/lbr/test/test_lbr.c:150
2026/01/12 17:23:54 [DEBUG] ResolveAddress: 解析成功 -> 函数: main, 文件: /home/ssy/lbr/test/test_lbr.c, 行号: 150
2026/01/12 17:23:54 [DEBUG] ResolveAddress: 开始解析地址 0x557e94e965f8
2026/01/12 17:23:54 [DEBUG] ResolveAddress: 主程序地址，基地址 0x557e94e95000, 文件偏移 0x15f8
2026/01/12 17:23:54 [DEBUG] ResolveAddress: 执行 addr2line，文件: /home/ssy/lbr/test/test_lbr, 偏移: 0x15f8
2026/01/12 17:23:54 [DEBUG] ResolveAddress: addr2line 输出行数: 2
2026/01/12 17:23:54 [DEBUG] ResolveAddress: 函数名: main, 位置: /home/ssy/lbr/test/test_lbr.c:146
2026/01/12 17:23:54 [DEBUG] ResolveAddress: 解析成功 -> 函数: main, 文件: /home/ssy/lbr/test/test_lbr.c, 行号: 146
2026/01/12 17:23:54 [DEBUG] ResolveAddress: 开始解析地址 0x557e94e96603
2026/01/12 17:23:54 [DEBUG] ResolveAddress: 主程序地址，基地址 0x557e94e95000, 文件偏移 0x1603
2026/01/12 17:23:54 [DEBUG] ResolveAddress: 执行 addr2line，文件: /home/ssy/lbr/test/test_lbr, 偏移: 0x1603
2026/01/12 17:23:54 [DEBUG] ResolveAddress: addr2line 输出行数: 2
2026/01/12 17:23:54 [DEBUG] ResolveAddress: 函数名: main, 位置: /home/ssy/lbr/test/test_lbr.c:148
2026/01/12 17:23:54 [DEBUG] ResolveAddress: 解析成功 -> 函数: main, 文件: /home/ssy/lbr/test/test_lbr.c, 行号: 148
2026/01/12 17:23:54 [DEBUG] ResolveAddress: 开始解析地址 0x557e94e96482
2026/01/12 17:23:54 [DEBUG] ResolveAddress: 主程序地址，基地址 0x557e94e95000, 文件偏移 0x1482
2026/01/12 17:23:54 [DEBUG] ResolveAddress: 执行 addr2line，文件: /home/ssy/lbr/test/test_lbr, 偏移: 0x1482
2026/01/12 17:23:54 [DEBUG] ResolveAddress: addr2line 输出行数: 2
2026/01/12 17:23:54 [DEBUG] ResolveAddress: 函数名: main, 位置: /home/ssy/lbr/test/test_lbr.c:144
2026/01/12 17:23:54 [DEBUG] ResolveAddress: 解析成功 -> 函数: main, 文件: /home/ssy/lbr/test/test_lbr.c, 行号: 144
2026/01/12 17:23:54 [DEBUG] ResolveAddress: 开始解析地址 0x557e94e965f5
2026/01/12 17:23:54 [DEBUG] ResolveAddress: 主程序地址，基地址 0x557e94e95000, 文件偏移 0x15f5
2026/01/12 17:23:54 [DEBUG] ResolveAddress: 执行 addr2line，文件: /home/ssy/lbr/test/test_lbr, 偏移: 0x15f5
2026/01/12 17:23:54 [DEBUG] ResolveAddress: addr2line 输出行数: 2
2026/01/12 17:23:54 [DEBUG] ResolveAddress: 函数名: main, 位置: /home/ssy/lbr/test/test_lbr.c:146
2026/01/12 17:23:54 [DEBUG] ResolveAddress: 解析成功 -> 函数: main, 文件: /home/ssy/lbr/test/test_lbr.c, 行号: 146
2026/01/12 17:23:54 [DEBUG] ResolveAddress: 开始解析地址 0x7fab7884394e
2026/01/12 17:23:54 [DEBUG] ResolveAddress: 共享库 libc.so, 映射起始 0x7fab78824000, 映射偏移 0x24000, 文件偏移 0x4394e
2026/01/12 17:23:54 [DEBUG] ResolveAddress: 执行 addr2line，文件: /usr/lib/libc.so.6, 偏移: 0x4394e
2026/01/12 17:23:54 [DEBUG] ResolveAddress: addr2line 输出行数: 2
2026/01/12 17:23:54 [DEBUG] ResolveAddress: 函数名: rand@libc.so, 位置: ??:?
2026/01/12 17:23:54 [DEBUG] ResolveAddress: 解析成功 -> 函数: rand@libc.so, 文件: ??, 行号: 0
2026/01/12 17:23:54 [DEBUG] ResolveAddress: 开始解析地址 0x557e94e9645d
2026/01/12 17:23:54 [DEBUG] ResolveAddress: 主程序地址，基地址 0x557e94e95000, 文件偏移 0x145d
2026/01/12 17:23:54 [DEBUG] ResolveAddress: 执行 addr2line，文件: /home/ssy/lbr/test/test_lbr, 偏移: 0x145d
2026/01/12 17:23:54 [DEBUG] ResolveAddress: addr2line 输出行数: 2
2026/01/12 17:23:54 [DEBUG] ResolveAddress: 函数名: main, 位置: /home/ssy/lbr/test/test_lbr.c:141
2026/01/12 17:23:54 [DEBUG] ResolveAddress: 解析成功 -> 函数: main, 文件: /home/ssy/lbr/test/test_lbr.c, 行号: 141
2026/01/12 17:23:54 [DEBUG] ResolveAddress: 开始解析地址 0x7fab78843bb6
2026/01/12 17:23:54 [DEBUG] ResolveAddress: 共享库 libc.so, 映射起始 0x7fab78824000, 映射偏移 0x24000, 文件偏移 0x43bb6
2026/01/12 17:23:54 [DEBUG] ResolveAddress: 执行 addr2line，文件: /usr/lib/libc.so.6, 偏移: 0x43bb6
2026/01/12 17:23:54 [DEBUG] ResolveAddress: addr2line 输出行数: 2
2026/01/12 17:23:54 [DEBUG] ResolveAddress: 函数名: random@libc.so, 位置: ??:?
2026/01/12 17:23:54 [DEBUG] ResolveAddress: 解析成功 -> 函数: random@libc.so, 文件: ??, 行号: 0
2026/01/12 17:23:54 [DEBUG] ResolveAddress: 开始解析地址 0x7fab7884394d
2026/01/12 17:23:54 [DEBUG] ResolveAddress: 共享库 libc.so, 映射起始 0x7fab78824000, 映射偏移 0x24000, 文件偏移 0x4394d
2026/01/12 17:23:54 [DEBUG] ResolveAddress: 执行 addr2line，文件: /usr/lib/libc.so.6, 偏移: 0x4394d
2026/01/12 17:23:54 [DEBUG] ResolveAddress: addr2line 输出行数: 2
2026/01/12 17:23:54 [DEBUG] ResolveAddress: 函数名: rand@libc.so, 位置: ??:?
2026/01/12 17:23:54 [DEBUG] ResolveAddress: 解析成功 -> 函数: rand@libc.so, 文件: ??, 行号: 0
2026/01/12 17:23:54 [DEBUG] ResolveAddress: 开始解析地址 0x7fab78843bd4
2026/01/12 17:23:54 [DEBUG] ResolveAddress: 共享库 libc.so, 映射起始 0x7fab78824000, 映射偏移 0x24000, 文件偏移 0x43bd4
2026/01/12 17:23:54 [DEBUG] ResolveAddress: 执行 addr2line，文件: /usr/lib/libc.so.6, 偏移: 0x43bd4
2026/01/12 17:23:54 [DEBUG] ResolveAddress: addr2line 输出行数: 2
2026/01/12 17:23:54 [DEBUG] ResolveAddress: 函数名: random@libc.so, 位置: ??:?
2026/01/12 17:23:54 [DEBUG] ResolveAddress: 解析成功 -> 函数: random@libc.so, 文件: ??, 行号: 0
2026/01/12 17:23:54 [DEBUG] ResolveAddress: 开始解析地址 0x7fab78843ba6
2026/01/12 17:23:54 [DEBUG] ResolveAddress: 共享库 libc.so, 映射起始 0x7fab78824000, 映射偏移 0x24000, 文件偏移 0x43ba6
2026/01/12 17:23:54 [DEBUG] ResolveAddress: 执行 addr2line，文件: /usr/lib/libc.so.6, 偏移: 0x43ba6
2026/01/12 17:23:54 [DEBUG] ResolveAddress: addr2line 输出行数: 2
2026/01/12 17:23:54 [DEBUG] ResolveAddress: 函数名: random@libc.so, 位置: ??:?
2026/01/12 17:23:54 [DEBUG] ResolveAddress: 解析成功 -> 函数: random@libc.so, 文件: ??, 行号: 0
2026/01/12 17:23:54 [DEBUG] ResolveAddress: 开始解析地址 0x7fab78843d6c
2026/01/12 17:23:54 [DEBUG] ResolveAddress: 共享库 libc.so, 映射起始 0x7fab78824000, 映射偏移 0x24000, 文件偏移 0x43d6c
2026/01/12 17:23:54 [DEBUG] ResolveAddress: 执行 addr2line，文件: /usr/lib/libc.so.6, 偏移: 0x43d6c
2026/01/12 17:23:54 [DEBUG] ResolveAddress: addr2line 输出行数: 2
2026/01/12 17:23:54 [DEBUG] ResolveAddress: 函数名: random_r@libc.so, 位置: ??:?
2026/01/12 17:23:54 [DEBUG] ResolveAddress: 解析成功 -> 函数: random_r@libc.so, 文件: ??, 行号: 0
2026/01/12 17:23:54 [DEBUG] ResolveAddress: 开始解析地址 0x7fab78843bd0
2026/01/12 17:23:54 [DEBUG] ResolveAddress: 共享库 libc.so, 映射起始 0x7fab78824000, 映射偏移 0x24000, 文件偏移 0x43bd0
2026/01/12 17:23:54 [DEBUG] ResolveAddress: 执行 addr2line，文件: /usr/lib/libc.so.6, 偏移: 0x43bd0
2026/01/12 17:23:54 [DEBUG] ResolveAddress: addr2line 输出行数: 2
2026/01/12 17:23:54 [DEBUG] ResolveAddress: 函数名: random@libc.so, 位置: ??:?
2026/01/12 17:23:54 [DEBUG] ResolveAddress: 解析成功 -> 函数: random@libc.so, 文件: ??, 行号: 0
2026/01/12 17:23:54 [DEBUG] ResolveAddress: 开始解析地址 0x7fab78843d17
2026/01/12 17:23:54 [DEBUG] ResolveAddress: 共享库 libc.so, 映射起始 0x7fab78824000, 映射偏移 0x24000, 文件偏移 0x43d17
2026/01/12 17:23:54 [DEBUG] ResolveAddress: 执行 addr2line，文件: /usr/lib/libc.so.6, 偏移: 0x43d17
2026/01/12 17:23:54 [DEBUG] ResolveAddress: addr2line 输出行数: 2
2026/01/12 17:23:54 [DEBUG] ResolveAddress: 函数名: random_r@libc.so, 位置: ??:?
2026/01/12 17:23:54 [DEBUG] ResolveAddress: 解析成功 -> 函数: random_r@libc.so, 文件: ??, 行号: 0
2026/01/12 17:23:54 [DEBUG] ResolveAddress: 开始解析地址 0x7fab78843d38
2026/01/12 17:23:54 [DEBUG] ResolveAddress: 共享库 libc.so, 映射起始 0x7fab78824000, 映射偏移 0x24000, 文件偏移 0x43d38
2026/01/12 17:23:54 [DEBUG] ResolveAddress: 执行 addr2line，文件: /usr/lib/libc.so.6, 偏移: 0x43d38
2026/01/12 17:23:54 [DEBUG] ResolveAddress: addr2line 输出行数: 2
2026/01/12 17:23:54 [DEBUG] ResolveAddress: 函数名: random_r@libc.so, 位置: ??:?
2026/01/12 17:23:54 [DEBUG] ResolveAddress: 解析成功 -> 函数: random_r@libc.so, 文件: ??, 行号: 0
2026/01/12 17:23:54 [DEBUG] ResolveAddress: 开始解析地址 0x7fab78843bcb
2026/01/12 17:23:54 [DEBUG] ResolveAddress: 共享库 libc.so, 映射起始 0x7fab78824000, 映射偏移 0x24000, 文件偏移 0x43bcb
2026/01/12 17:23:54 [DEBUG] ResolveAddress: 执行 addr2line，文件: /usr/lib/libc.so.6, 偏移: 0x43bcb
2026/01/12 17:23:54 [DEBUG] ResolveAddress: addr2line 输出行数: 2
2026/01/12 17:23:54 [DEBUG] ResolveAddress: 函数名: random@libc.so, 位置: ??:?
2026/01/12 17:23:54 [DEBUG] ResolveAddress: 解析成功 -> 函数: random@libc.so, 文件: ??, 行号: 0
2026/01/12 17:23:54 [DEBUG] ResolveAddress: 开始解析地址 0x7fab78843d00
2026/01/12 17:23:54 [DEBUG] ResolveAddress: 共享库 libc.so, 映射起始 0x7fab78824000, 映射偏移 0x24000, 文件偏移 0x43d00
2026/01/12 17:23:54 [DEBUG] ResolveAddress: 执行 addr2line，文件: /usr/lib/libc.so.6, 偏移: 0x43d00
2026/01/12 17:23:54 [DEBUG] ResolveAddress: addr2line 输出行数: 2
2026/01/12 17:23:54 [DEBUG] ResolveAddress: 函数名: random_r@libc.so, 位置: ??:?
2026/01/12 17:23:54 [DEBUG] ResolveAddress: 解析成功 -> 函数: random_r@libc.so, 文件: ??, 行号: 0
2026/01/12 17:23:54 [DEBUG] ResolveAddress: 开始解析地址 0x7fab78843b72
2026/01/12 17:23:54 [DEBUG] ResolveAddress: 共享库 libc.so, 映射起始 0x7fab78824000, 映射偏移 0x24000, 文件偏移 0x43b72
2026/01/12 17:23:54 [DEBUG] ResolveAddress: 执行 addr2line，文件: /usr/lib/libc.so.6, 偏移: 0x43b72
2026/01/12 17:23:54 [DEBUG] ResolveAddress: addr2line 输出行数: 2
2026/01/12 17:23:54 [DEBUG] ResolveAddress: 函数名: random@libc.so, 位置: ??:?
2026/01/12 17:23:54 [DEBUG] ResolveAddress: 解析成功 -> 函数: random@libc.so, 文件: ??, 行号: 0
2026/01/12 17:23:54 [DEBUG] ResolveAddress: 开始解析地址 0x7fab78843bc0
2026/01/12 17:23:54 [DEBUG] ResolveAddress: 共享库 libc.so, 映射起始 0x7fab78824000, 映射偏移 0x24000, 文件偏移 0x43bc0
2026/01/12 17:23:54 [DEBUG] ResolveAddress: 执行 addr2line，文件: /usr/lib/libc.so.6, 偏移: 0x43bc0
2026/01/12 17:23:54 [DEBUG] ResolveAddress: addr2line 输出行数: 2
2026/01/12 17:23:54 [DEBUG] ResolveAddress: 函数名: random@libc.so, 位置: ??:?
2026/01/12 17:23:54 [DEBUG] ResolveAddress: 解析成功 -> 函数: random@libc.so, 文件: ??, 行号: 0

=== PID: 103110, TID: 103110, COMM: test_lbr, Entries: 32 ===
LBR Stack:
[#00] [33mrandom@libc.so[0m        -> [33mrandom@libc.so[0m       
[#01] [33mrandom@libc.so[0m        -> [33mrandom_r@libc.so[0m     
[#02] [33mrandom_r@libc.so[0m      -> [33mrandom_r@libc.so[0m     
[#03] [33mrandom_r@libc.so[0m      -> [33mrandom@libc.so[0m       
[#04] [33mrandom@libc.so[0m        -> [33mrandom@libc.so[0m       
[#05] [33mrandom@libc.so[0m        -> [33mrand@libc.so[0m         
[#06] [33mrand@libc.so[0m          -> [33mmain (test_lbr.c:141)[0m
[#07] [33mmain (test_lbr.c:144)[0m -> [33mmain (test_lbr.c:146)[0m
[#08] [33mmain (test_lbr.c:146)[0m -> [33mmain (test_lbr.c:148)[0m
[#09] [33mmain (test_lbr.c:148)[0m -> [33mmain (test_lbr.c:150)[0m
[#10] [33mmain (test_lbr.c:150)[0m -> [33mmain (test_lbr.c:152)[0m
[#11] [33mmain (test_lbr.c:152)[0m -> [33mmain (test_lbr.c:154)[0m
[#12] [33mmain (test_lbr.c:154)[0m -> [33mmain (test_lbr.c:156)[0m
[#13] [33mmain (test_lbr.c:156)[0m -> [33mmain (test_lbr.c:159)[0m
[#14] [33mmain (test_lbr.c:159)[0m -> [33mmain[0m                 
[#15] [33mmain (test_lbr.c:141)[0m -> [33m_init+0xb0[0m           
[#16] [33m_init+0xb0[0m            -> [33mrand@libc.so[0m         
[#17] [33mrand@libc.so[0m          -> [33mrandom@libc.so[0m       
[#18] [33mrandom@libc.so[0m        -> [33mrandom@libc.so[0m       
[#19] [33mrandom@libc.so[0m        -> [33mrandom_r@libc.so[0m     
[#20] [33mrandom_r@libc.so[0m      -> [33mrandom_r@libc.so[0m     
[#21] [33mrandom_r@libc.so[0m      -> [33mrandom@libc.so[0m       
[#22] [33mrandom@libc.so[0m        -> [33mrandom@libc.so[0m       
[#23] [33mrandom@libc.so[0m        -> [33mrand@libc.so[0m         
[#24] [33mrand@libc.so[0m          -> [33mmain (test_lbr.c:141)[0m
[#25] [33mmain (test_lbr.c:142)[0m -> [33mmain (test_lbr.c:143)[0m
[#26] [33mmain (test_lbr.c:141)[0m -> [33m_init+0xb0[0m           
[#27] [33m_init+0xb0[0m            -> [33mrand@libc.so[0m         
[#28] [33mrand@libc.so[0m          -> [33mrandom@libc.so[0m       
[#29] [33mrandom@libc.so[0m        -> [33mrandom@libc.so[0m       
[#30] [33mrandom@libc.so[0m        -> [33mrandom_r@libc.so[0m     
[#31] [33mrandom_r@libc.so[0m      -> [33mrandom_r@libc.so[0m     
2026/01/12 17:23:54 LBR数据统计: 总条目=1, 有效=1, 空数据=0, 全零数据=0
2026/01/12 17:23:55 No LBR data - map中无任何条目
2026/01/12 17:23:56 No LBR data - map中无任何条目
2026/01/12 17:23:57 No LBR data - map中无任何条目
2026/01/12 17:23:58 No LBR data - map中无任何条目
2026/01/12 17:23:59 No LBR data - map中无任何条目
2026/01/12 17:24:00 No LBR data - map中无任何条目
