2026/03/04 20:03:33 日志文件: log/lbr_output_20260304_200333.log
2026/03/04 20:03:33 Current nofile rlimit: curr=524287 max=524288
2026/03/04 20:03:33 Monitoring PID: 206584
2026/03/04 20:03:34 LBR demo is running. Press Ctrl-C to exit.
2026/03/04 20:03:34 Attached to 8 CPUs, checking for LBR data every second...
2026/03/04 20:03:35 No LBR data - map中无任何条目
2026/03/04 20:03:36 No LBR data - map中无任何条目
2026/03/04 20:03:37 已启用 SFrame 符号解析 for PID 206584

=== PID: 206584, TID: 206584, COMM: test_lbr_sframe, Entries: 32 ===
LBR Stack:
[#00] [33mmain+0x5bd[0m                -> [33mmain+0x392[0m               
[#01] [33mmain+0x398[0m                -> [33m_init+0xb0[0m               
[#02] [33m_init+0xb0[0m                -> [33mrand (libc.so.6)[0m         
[#03] [33mrand+0x8 (libc.so.6)[0m      -> [33mrandom (libc.so.6)[0m       
[#04] [33mrandom+0x22 (libc.so.6)[0m   -> [33mrandom+0x70 (libc.so.6)[0m  
[#05] [33mrandom+0x7b (libc.so.6)[0m   -> [33mrandom_r (libc.so.6)[0m     
[#06] [33mrandom_r+0x17 (libc.so.6)[0m -> [33mrandom_r+0x38 (libc.so.6)[0m
[#07] [33mrandom_r+0x6c (libc.so.6)[0m -> [33mrandom+0x80 (libc.so.6)[0m  
[#08] [33mrandom+0x84 (libc.so.6)[0m   -> [33mrandom+0x56 (libc.so.6)[0m  
[#09] [33mrandom+0x66 (libc.so.6)[0m   -> [33mrand+0xd (libc.so.6)[0m     
[#10] [33mrand+0xe (libc.so.6)[0m      -> [33mmain+0x39d[0m               
[#11] [33mmain+0x3c2[0m                -> [33mmain+0x535[0m               
[#12] [33mmain+0x538[0m                -> [33mmain+0x543[0m               
[#13] [33mmain+0x546[0m                -> [33mmain+0x551[0m               
[#14] [33mmain+0x554[0m                -> [33mmain+0x55f[0m               
[#15] [33mmain+0x562[0m                -> [33mmain+0x56d[0m               
[#16] [33mmain+0x570[0m                -> [33mmain+0x57b[0m               
[#17] [33mmain+0x57e[0m                -> [33mmain+0x5ab[0m               
[#18] [33mmain+0x5bd[0m                -> [33mmain+0x392[0m               
[#19] [33mmain+0x398[0m                -> [33m_init+0xb0[0m               
[#20] [33m_init+0xb0[0m                -> [33mrand (libc.so.6)[0m         
[#21] [33mrand+0x8 (libc.so.6)[0m      -> [33mrandom (libc.so.6)[0m       
[#22] [33mrandom+0x22 (libc.so.6)[0m   -> [33mrandom+0x70 (libc.so.6)[0m  
[#23] [33mrandom+0x7b (libc.so.6)[0m   -> [33mrandom_r (libc.so.6)[0m     
[#24] [33mrandom_r+0x17 (libc.so.6)[0m -> [33mrandom_r+0x38 (libc.so.6)[0m
[#25] [33mrandom_r+0x5e (libc.so.6)[0m -> [33mrandom_r+0x70 (libc.so.6)[0m
[#26] [33mrandom_r+0x73 (libc.so.6)[0m -> [33mrandom_r+0x60 (libc.so.6)[0m
[#27] [33mrandom_r+0x6c (libc.so.6)[0m -> [33mrandom+0x80 (libc.so.6)[0m  
[#28] [33mrandom+0x84 (libc.so.6)[0m   -> [33mrandom+0x56 (libc.so.6)[0m  
[#29] [33mrandom+0x66 (libc.so.6)[0m   -> [33mrand+0xd (libc.so.6)[0m     
[#30] [33mrand+0xe (libc.so.6)[0m      -> [33mmain+0x39d[0m               
[#31] [33mmain+0x3bd[0m                -> [33mmain+0x38e[0m               
2026/03/04 20:03:37 LBR数据统计: 总条目=1, 有效=1, 空数据=0, 全零数据=0
2026/03/04 20:03:38 No LBR data - map中无任何条目
2026/03/04 20:03:39 No LBR data - map中无任何条目
2026/03/04 20:03:40 No LBR data - map中无任何条目
2026/03/04 20:03:41 No LBR data - map中无任何条目
2026/03/04 20:03:42 No LBR data - map中无任何条目
2026/03/04 20:03:43 No LBR data - map中无任何条目
