2026/03/04 20:04:57 日志文件: log/lbr_output_20260304_200457.log
2026/03/04 20:04:57 Current nofile rlimit: curr=524287 max=524288
2026/03/04 20:04:57 Monitoring PID: 207300
2026/03/04 20:04:57 LBR demo is running. Press Ctrl-C to exit.
2026/03/04 20:04:57 Attached to 8 CPUs, checking for LBR data every second...
2026/03/04 20:04:58 No LBR data - map中无任何条目
2026/03/04 20:04:59 No LBR data - map中无任何条目
2026/03/04 20:05:00 已启用 addr2line 符号解析 for PID 207300

=== PID: 207300, TID: 207300, COMM: test_lbr_sframe, Entries: 32 ===
LBR Stack:
[#00] [33mrand@libc.so[0m          -> [33mmain (test_lbr.c:141)[0m
[#01] [33mmain (test_lbr.c:144)[0m -> [33mmain (test_lbr.c:146)[0m
[#02] [33mmain (test_lbr.c:146)[0m -> [33mmain (test_lbr.c:148)[0m
[#03] [33mmain (test_lbr.c:149)[0m -> [33mmain[0m                 
[#04] [33mmain (test_lbr.c:141)[0m -> [33m_init+0xb0[0m           
[#05] [33m_init+0xb0[0m            -> [33mrand@libc.so[0m         
[#06] [33mrand@libc.so[0m          -> [33mrandom@libc.so[0m       
[#07] [33mrandom@libc.so[0m        -> [33mrandom@libc.so[0m       
[#08] [33mrandom@libc.so[0m        -> [33mrandom_r@libc.so[0m     
[#09] [33mrandom_r@libc.so[0m      -> [33mrandom_r@libc.so[0m     
[#10] [33mrandom_r@libc.so[0m      -> [33mrandom@libc.so[0m       
[#11] [33mrandom@libc.so[0m        -> [33mrandom@libc.so[0m       
[#12] [33mrandom@libc.so[0m        -> [33mrand@libc.so[0m         
[#13] [33mrand@libc.so[0m          -> [33mmain (test_lbr.c:141)[0m
[#14] [33mmain[0m                  -> [33mmain (test_lbr.c:141)[0m
[#15] [33mmain (test_lbr.c:141)[0m -> [33m_init+0xb0[0m           
[#16] [33m_init+0xb0[0m            -> [33mrand@libc.so[0m         
[#17] [33mrand@libc.so[0m          -> [33mrandom@libc.so[0m       
[#18] [33mrandom@libc.so[0m        -> [33mrandom@libc.so[0m       
[#19] [33mrandom@libc.so[0m        -> [33mrandom_r@libc.so[0m     
[#20] [33mrandom_r@libc.so[0m      -> [33mrandom_r@libc.so[0m     
[#21] [33mrandom_r@libc.so[0m      -> [33mrandom@libc.so[0m       
[#22] [33mrandom@libc.so[0m        -> [33mrandom@libc.so[0m       
[#23] [33mrandom@libc.so[0m        -> [33mrand@libc.so[0m         
[#24] [33mrand@libc.so[0m          -> [33mmain (test_lbr.c:141)[0m
[#25] [33mmain (test_lbr.c:144)[0m -> [33mmain (test_lbr.c:146)[0m
[#26] [33mmain (test_lbr.c:146)[0m -> [33mmain (test_lbr.c:148)[0m
[#27] [33mmain (test_lbr.c:149)[0m -> [33mmain[0m                 
[#28] [33mmain (test_lbr.c:141)[0m -> [33m_init+0xb0[0m           
[#29] [33m_init+0xb0[0m            -> [33mrand@libc.so[0m         
[#30] [33mrand@libc.so[0m          -> [33mrandom@libc.so[0m       
[#31] [33mrandom@libc.so[0m        -> [33mrandom@libc.so[0m       
2026/03/04 20:05:01 LBR数据统计: 总条目=1, 有效=1, 空数据=0, 全零数据=0
2026/03/04 20:05:01 No LBR data - map中无任何条目
2026/03/04 20:05:02 No LBR data - map中无任何条目
2026/03/04 20:05:03 No LBR data - map中无任何条目
2026/03/04 20:05:04 No LBR data - map中无任何条目
2026/03/04 20:05:05 No LBR data - map中无任何条目
2026/03/04 20:05:06 No LBR data - map中无任何条目
