2026/01/12 17:18:46 日志文件: log/lbr_output_20260112_171846.log
2026/01/12 17:18:46 Current nofile rlimit: curr=524287 max=524288
2026/01/12 17:18:46 Monitoring PID: 100303
2026/01/12 17:18:46 LBR demo is running. Press Ctrl-C to exit.
2026/01/12 17:18:46 Attached to 8 CPUs, checking for LBR data every second...
2026/01/12 17:18:47 No LBR data - map中无任何条目
2026/01/12 17:18:48 No LBR data - map中无任何条目
2026/01/12 17:18:49 [DEBUG] NewUserSymbolResolver: 为PID 100303 创建解析器
2026/01/12 17:18:49 [DEBUG] NewUserSymbolResolver: 使用可执行文件: /home/ssy/lbr/test/test_lbr
2026/01/12 17:18:49 [DEBUG] GetProcessMaps: 读取进程 100303 的内存映射
2026/01/12 17:18:49 [DEBUG] GetProcessMaps: 读取到 24 个内存映射
2026/01/12 17:18:49 [DEBUG] loadBaseAddress: 找到基地址 0x555c9472c000 (StartAddr=0x555c9472d000, Offset=0x1000)
2026/01/12 17:18:49 [DEBUG] NewUserSymbolResolver: 基地址: 0x555c9472c000
2026/01/12 17:18:49 [DEBUG] checkDebugSymbols: 检查文件 /home/ssy/lbr/test/test_lbr 的调试符号
2026/01/12 17:18:49 [DEBUG] checkDebugSymbols: file 输出: /home/ssy/lbr/test/test_lbr: ELF 64-bit LSB pie executable, x86-64, version 1 (SYSV), dynamically linked, interpreter /lib64/ld-linux-x86-64.so.2, BuildID[sha1]=c991d85de712a97fc7e96e087fbedad9567699a4, for GNU/Linux 4.4.0, with debug_info, not stripped
2026/01/12 17:18:49 [DEBUG] checkDebugSymbols: 结果: true
2026/01/12 17:18:49 [DEBUG] NewUserSymbolResolver: 调试符号检查结果: true
2026/01/12 17:18:49 [DEBUG] NewUserSymbolResolver: 解析器创建成功
2026/01/12 17:18:49 已启用 addr2line 符号解析 for PID 100303
2026/01/12 17:18:49 [DEBUG] ResolveAddress: 开始解析地址 0x7fa70cc4394e
2026/01/12 17:18:49 [DEBUG] ResolveAddress: 运行时地址 0x7fa70cc4394e, 基地址 0x555c9472c000, 文件偏移 0x2a4a7851794e
2026/01/12 17:18:49 [DEBUG] ResolveAddress: 执行 addr2line 命令
2026/01/12 17:18:49 [DEBUG] ResolveAddress: addr2line 输出行数: 2
2026/01/12 17:18:49 [DEBUG] ResolveAddress: 函数名: ??, 位置: ??:0
2026/01/12 17:18:49 [DEBUG] ResolveAddress: 解析成功 -> 函数: ??, 文件: ??, 行号: 0
2026/01/12 17:18:49 [DEBUG] ResolveAddress: 开始解析地址 0x555c9472d45d
2026/01/12 17:18:49 [DEBUG] ResolveAddress: 运行时地址 0x555c9472d45d, 基地址 0x555c9472c000, 文件偏移 0x145d
2026/01/12 17:18:49 [DEBUG] ResolveAddress: 执行 addr2line 命令
2026/01/12 17:18:49 [DEBUG] ResolveAddress: addr2line 输出行数: 2
2026/01/12 17:18:49 [DEBUG] ResolveAddress: 函数名: main, 位置: /home/ssy/lbr/test/test_lbr.c:141
2026/01/12 17:18:49 [DEBUG] ResolveAddress: 解析成功 -> 函数: main, 文件: /home/ssy/lbr/test/test_lbr.c, 行号: 141
2026/01/12 17:18:49 [DEBUG] ResolveAddress: 开始解析地址 0x7fa70cc43bb6
2026/01/12 17:18:49 [DEBUG] ResolveAddress: 运行时地址 0x7fa70cc43bb6, 基地址 0x555c9472c000, 文件偏移 0x2a4a78517bb6
2026/01/12 17:18:49 [DEBUG] ResolveAddress: 执行 addr2line 命令
2026/01/12 17:18:49 [DEBUG] ResolveAddress: addr2line 输出行数: 2
2026/01/12 17:18:49 [DEBUG] ResolveAddress: 函数名: ??, 位置: ??:0
2026/01/12 17:18:49 [DEBUG] ResolveAddress: 解析成功 -> 函数: ??, 文件: ??, 行号: 0
2026/01/12 17:18:49 [DEBUG] ResolveAddress: 开始解析地址 0x7fa70cc4394d
2026/01/12 17:18:49 [DEBUG] ResolveAddress: 运行时地址 0x7fa70cc4394d, 基地址 0x555c9472c000, 文件偏移 0x2a4a7851794d
2026/01/12 17:18:49 [DEBUG] ResolveAddress: 执行 addr2line 命令
2026/01/12 17:18:49 [DEBUG] ResolveAddress: addr2line 输出行数: 2
2026/01/12 17:18:49 [DEBUG] ResolveAddress: 函数名: ??, 位置: ??:0
2026/01/12 17:18:49 [DEBUG] ResolveAddress: 解析成功 -> 函数: ??, 文件: ??, 行号: 0
2026/01/12 17:18:49 [DEBUG] ResolveAddress: 开始解析地址 0x7fa70cc43bd4
2026/01/12 17:18:49 [DEBUG] ResolveAddress: 运行时地址 0x7fa70cc43bd4, 基地址 0x555c9472c000, 文件偏移 0x2a4a78517bd4
2026/01/12 17:18:49 [DEBUG] ResolveAddress: 执行 addr2line 命令
2026/01/12 17:18:49 [DEBUG] ResolveAddress: addr2line 输出行数: 2
2026/01/12 17:18:49 [DEBUG] ResolveAddress: 函数名: ??, 位置: ??:0
2026/01/12 17:18:49 [DEBUG] ResolveAddress: 解析成功 -> 函数: ??, 文件: ??, 行号: 0
2026/01/12 17:18:49 [DEBUG] ResolveAddress: 开始解析地址 0x7fa70cc43ba6
2026/01/12 17:18:49 [DEBUG] ResolveAddress: 运行时地址 0x7fa70cc43ba6, 基地址 0x555c9472c000, 文件偏移 0x2a4a78517ba6
2026/01/12 17:18:49 [DEBUG] ResolveAddress: 执行 addr2line 命令
2026/01/12 17:18:49 [DEBUG] ResolveAddress: addr2line 输出行数: 2
2026/01/12 17:18:49 [DEBUG] ResolveAddress: 函数名: ??, 位置: ??:0
2026/01/12 17:18:49 [DEBUG] ResolveAddress: 解析成功 -> 函数: ??, 文件: ??, 行号: 0
2026/01/12 17:18:49 [DEBUG] ResolveAddress: 开始解析地址 0x7fa70cc43d6c
2026/01/12 17:18:49 [DEBUG] ResolveAddress: 运行时地址 0x7fa70cc43d6c, 基地址 0x555c9472c000, 文件偏移 0x2a4a78517d6c
2026/01/12 17:18:49 [DEBUG] ResolveAddress: 执行 addr2line 命令
2026/01/12 17:18:49 [DEBUG] ResolveAddress: addr2line 输出行数: 2
2026/01/12 17:18:49 [DEBUG] ResolveAddress: 函数名: ??, 位置: ??:0
2026/01/12 17:18:49 [DEBUG] ResolveAddress: 解析成功 -> 函数: ??, 文件: ??, 行号: 0
2026/01/12 17:18:49 [DEBUG] ResolveAddress: 开始解析地址 0x7fa70cc43bd0
2026/01/12 17:18:49 [DEBUG] ResolveAddress: 运行时地址 0x7fa70cc43bd0, 基地址 0x555c9472c000, 文件偏移 0x2a4a78517bd0
2026/01/12 17:18:49 [DEBUG] ResolveAddress: 执行 addr2line 命令
2026/01/12 17:18:49 [DEBUG] ResolveAddress: addr2line 输出行数: 2
2026/01/12 17:18:49 [DEBUG] ResolveAddress: 函数名: ??, 位置: ??:0
2026/01/12 17:18:49 [DEBUG] ResolveAddress: 解析成功 -> 函数: ??, 文件: ??, 行号: 0
2026/01/12 17:18:49 [DEBUG] ResolveAddress: 开始解析地址 0x7fa70cc43d17
2026/01/12 17:18:49 [DEBUG] ResolveAddress: 运行时地址 0x7fa70cc43d17, 基地址 0x555c9472c000, 文件偏移 0x2a4a78517d17
2026/01/12 17:18:49 [DEBUG] ResolveAddress: 执行 addr2line 命令
2026/01/12 17:18:49 [DEBUG] ResolveAddress: addr2line 输出行数: 2
2026/01/12 17:18:49 [DEBUG] ResolveAddress: 函数名: ??, 位置: ??:0
2026/01/12 17:18:49 [DEBUG] ResolveAddress: 解析成功 -> 函数: ??, 文件: ??, 行号: 0
2026/01/12 17:18:49 [DEBUG] ResolveAddress: 开始解析地址 0x7fa70cc43d38
2026/01/12 17:18:49 [DEBUG] ResolveAddress: 运行时地址 0x7fa70cc43d38, 基地址 0x555c9472c000, 文件偏移 0x2a4a78517d38
2026/01/12 17:18:49 [DEBUG] ResolveAddress: 执行 addr2line 命令
2026/01/12 17:18:49 [DEBUG] ResolveAddress: addr2line 输出行数: 2
2026/01/12 17:18:49 [DEBUG] ResolveAddress: 函数名: ??, 位置: ??:0
2026/01/12 17:18:49 [DEBUG] ResolveAddress: 解析成功 -> 函数: ??, 文件: ??, 行号: 0
2026/01/12 17:18:49 [DEBUG] ResolveAddress: 开始解析地址 0x7fa70cc43bcb
2026/01/12 17:18:49 [DEBUG] ResolveAddress: 运行时地址 0x7fa70cc43bcb, 基地址 0x555c9472c000, 文件偏移 0x2a4a78517bcb
2026/01/12 17:18:49 [DEBUG] ResolveAddress: 执行 addr2line 命令
2026/01/12 17:18:49 [DEBUG] ResolveAddress: addr2line 输出行数: 2
2026/01/12 17:18:49 [DEBUG] ResolveAddress: 函数名: ??, 位置: ??:0
2026/01/12 17:18:49 [DEBUG] ResolveAddress: 解析成功 -> 函数: ??, 文件: ??, 行号: 0
2026/01/12 17:18:49 [DEBUG] ResolveAddress: 开始解析地址 0x7fa70cc43d00
2026/01/12 17:18:49 [DEBUG] ResolveAddress: 运行时地址 0x7fa70cc43d00, 基地址 0x555c9472c000, 文件偏移 0x2a4a78517d00
2026/01/12 17:18:49 [DEBUG] ResolveAddress: 执行 addr2line 命令
2026/01/12 17:18:49 [DEBUG] ResolveAddress: addr2line 输出行数: 2
2026/01/12 17:18:49 [DEBUG] ResolveAddress: 函数名: ??, 位置: ??:0
2026/01/12 17:18:49 [DEBUG] ResolveAddress: 解析成功 -> 函数: ??, 文件: ??, 行号: 0
2026/01/12 17:18:49 [DEBUG] ResolveAddress: 开始解析地址 0x7fa70cc43b72
2026/01/12 17:18:49 [DEBUG] ResolveAddress: 运行时地址 0x7fa70cc43b72, 基地址 0x555c9472c000, 文件偏移 0x2a4a78517b72
2026/01/12 17:18:49 [DEBUG] ResolveAddress: 执行 addr2line 命令
2026/01/12 17:18:49 [DEBUG] ResolveAddress: addr2line 输出行数: 2
2026/01/12 17:18:49 [DEBUG] ResolveAddress: 函数名: ??, 位置: ??:0
2026/01/12 17:18:49 [DEBUG] ResolveAddress: 解析成功 -> 函数: ??, 文件: ??, 行号: 0
2026/01/12 17:18:49 [DEBUG] ResolveAddress: 开始解析地址 0x7fa70cc43bc0
2026/01/12 17:18:49 [DEBUG] ResolveAddress: 运行时地址 0x7fa70cc43bc0, 基地址 0x555c9472c000, 文件偏移 0x2a4a78517bc0
2026/01/12 17:18:49 [DEBUG] ResolveAddress: 执行 addr2line 命令
2026/01/12 17:18:49 [DEBUG] ResolveAddress: addr2line 输出行数: 2
2026/01/12 17:18:49 [DEBUG] ResolveAddress: 函数名: ??, 位置: ??:0
2026/01/12 17:18:49 [DEBUG] ResolveAddress: 解析成功 -> 函数: ??, 文件: ??, 行号: 0
2026/01/12 17:18:49 [DEBUG] ResolveAddress: 开始解析地址 0x7fa70cc43948
2026/01/12 17:18:49 [DEBUG] ResolveAddress: 运行时地址 0x7fa70cc43948, 基地址 0x555c9472c000, 文件偏移 0x2a4a78517948
2026/01/12 17:18:49 [DEBUG] ResolveAddress: 执行 addr2line 命令
2026/01/12 17:18:49 [DEBUG] ResolveAddress: addr2line 输出行数: 2
2026/01/12 17:18:49 [DEBUG] ResolveAddress: 函数名: ??, 位置: ??:0
2026/01/12 17:18:49 [DEBUG] ResolveAddress: 解析成功 -> 函数: ??, 文件: ??, 行号: 0
2026/01/12 17:18:49 [DEBUG] ResolveAddress: 开始解析地址 0x7fa70cc43b50
2026/01/12 17:18:49 [DEBUG] ResolveAddress: 运行时地址 0x7fa70cc43b50, 基地址 0x555c9472c000, 文件偏移 0x2a4a78517b50
2026/01/12 17:18:49 [DEBUG] ResolveAddress: 执行 addr2line 命令
2026/01/12 17:18:49 [DEBUG] ResolveAddress: addr2line 输出行数: 2
2026/01/12 17:18:49 [DEBUG] ResolveAddress: 函数名: ??, 位置: ??:0
2026/01/12 17:18:49 [DEBUG] ResolveAddress: 解析成功 -> 函数: ??, 文件: ??, 行号: 0
2026/01/12 17:18:49 [DEBUG] ResolveAddress: 开始解析地址 0x555c9472d0b0
2026/01/12 17:18:49 [DEBUG] ResolveAddress: 运行时地址 0x555c9472d0b0, 基地址 0x555c9472c000, 文件偏移 0x10b0
2026/01/12 17:18:49 [DEBUG] ResolveAddress: 执行 addr2line 命令
2026/01/12 17:18:49 [DEBUG] ResolveAddress: addr2line 输出行数: 2
2026/01/12 17:18:49 [DEBUG] ResolveAddress: 函数名: ??, 位置: ??:0
2026/01/12 17:18:49 [DEBUG] ResolveAddress: 解析成功 -> 函数: ??, 文件: ??, 行号: 0
2026/01/12 17:18:49 [DEBUG] ResolveAddress: 开始解析地址 0x7fa70cc43940
2026/01/12 17:18:49 [DEBUG] ResolveAddress: 运行时地址 0x7fa70cc43940, 基地址 0x555c9472c000, 文件偏移 0x2a4a78517940
2026/01/12 17:18:49 [DEBUG] ResolveAddress: 执行 addr2line 命令
2026/01/12 17:18:49 [DEBUG] ResolveAddress: addr2line 输出行数: 2
2026/01/12 17:18:49 [DEBUG] ResolveAddress: 函数名: ??, 位置: ??:0
2026/01/12 17:18:49 [DEBUG] ResolveAddress: 解析成功 -> 函数: ??, 文件: ??, 行号: 0
2026/01/12 17:18:49 [DEBUG] ResolveAddress: 开始解析地址 0x555c9472d458
2026/01/12 17:18:49 [DEBUG] ResolveAddress: 运行时地址 0x555c9472d458, 基地址 0x555c9472c000, 文件偏移 0x1458
2026/01/12 17:18:49 [DEBUG] ResolveAddress: 执行 addr2line 命令
2026/01/12 17:18:49 [DEBUG] ResolveAddress: addr2line 输出行数: 2
2026/01/12 17:18:49 [DEBUG] ResolveAddress: 函数名: main, 位置: /home/ssy/lbr/test/test_lbr.c:141
2026/01/12 17:18:49 [DEBUG] ResolveAddress: 解析成功 -> 函数: main, 文件: /home/ssy/lbr/test/test_lbr.c, 行号: 141
2026/01/12 17:18:49 [DEBUG] ResolveAddress: 开始解析地址 0x555c9472d0b0
2026/01/12 17:18:49 [DEBUG] ResolveAddress: 运行时地址 0x555c9472d0b0, 基地址 0x555c9472c000, 文件偏移 0x10b0
2026/01/12 17:18:49 [DEBUG] ResolveAddress: 执行 addr2line 命令
2026/01/12 17:18:49 [DEBUG] ResolveAddress: addr2line 输出行数: 2
2026/01/12 17:18:49 [DEBUG] ResolveAddress: 函数名: ??, 位置: ??:0
2026/01/12 17:18:49 [DEBUG] ResolveAddress: 解析成功 -> 函数: ??, 文件: ??, 行号: 0
2026/01/12 17:18:49 [DEBUG] ResolveAddress: 开始解析地址 0x555c9472d644
2026/01/12 17:18:49 [DEBUG] ResolveAddress: 运行时地址 0x555c9472d644, 基地址 0x555c9472c000, 文件偏移 0x1644
2026/01/12 17:18:49 [DEBUG] ResolveAddress: 执行 addr2line 命令
2026/01/12 17:18:49 [DEBUG] ResolveAddress: addr2line 输出行数: 2
2026/01/12 17:18:49 [DEBUG] ResolveAddress: 函数名: main, 位置: /home/ssy/lbr/test/test_lbr.c:157
2026/01/12 17:18:49 [DEBUG] ResolveAddress: 解析成功 -> 函数: main, 文件: /home/ssy/lbr/test/test_lbr.c, 行号: 157
2026/01/12 17:18:49 [DEBUG] ResolveAddress: 开始解析地址 0x555c9472d452
2026/01/12 17:18:49 [DEBUG] ResolveAddress: 运行时地址 0x555c9472d452, 基地址 0x555c9472c000, 文件偏移 0x1452
2026/01/12 17:18:49 [DEBUG] ResolveAddress: 执行 addr2line 命令
2026/01/12 17:18:49 [DEBUG] ResolveAddress: addr2line 输出行数: 2
2026/01/12 17:18:49 [DEBUG] ResolveAddress: 函数名: main, 位置: /home/ssy/lbr/test/test_lbr.c:140 (discriminator 1)
2026/01/12 17:18:49 [DEBUG] ResolveAddress: 解析成功 -> 函数: main, 文件: /home/ssy/lbr/test/test_lbr.c, 行号: 0
2026/01/12 17:18:49 [DEBUG] ResolveAddress: 开始解析地址 0x555c9472d630
2026/01/12 17:18:49 [DEBUG] ResolveAddress: 运行时地址 0x555c9472d630, 基地址 0x555c9472c000, 文件偏移 0x1630
2026/01/12 17:18:49 [DEBUG] ResolveAddress: 执行 addr2line 命令
2026/01/12 17:18:49 [DEBUG] ResolveAddress: addr2line 输出行数: 2
2026/01/12 17:18:49 [DEBUG] ResolveAddress: 函数名: main, 位置: /home/ssy/lbr/test/test_lbr.c:154
2026/01/12 17:18:49 [DEBUG] ResolveAddress: 解析成功 -> 函数: main, 文件: /home/ssy/lbr/test/test_lbr.c, 行号: 154
2026/01/12 17:18:49 [DEBUG] ResolveAddress: 开始解析地址 0x555c9472d63b
2026/01/12 17:18:49 [DEBUG] ResolveAddress: 运行时地址 0x555c9472d63b, 基地址 0x555c9472c000, 文件偏移 0x163b
2026/01/12 17:18:49 [DEBUG] ResolveAddress: 执行 addr2line 命令
2026/01/12 17:18:49 [DEBUG] ResolveAddress: addr2line 输出行数: 2
2026/01/12 17:18:49 [DEBUG] ResolveAddress: 函数名: main, 位置: /home/ssy/lbr/test/test_lbr.c:156
2026/01/12 17:18:49 [DEBUG] ResolveAddress: 解析成功 -> 函数: main, 文件: /home/ssy/lbr/test/test_lbr.c, 行号: 156
2026/01/12 17:18:49 [DEBUG] ResolveAddress: 开始解析地址 0x555c9472d622
2026/01/12 17:18:49 [DEBUG] ResolveAddress: 运行时地址 0x555c9472d622, 基地址 0x555c9472c000, 文件偏移 0x1622
2026/01/12 17:18:49 [DEBUG] ResolveAddress: 执行 addr2line 命令
2026/01/12 17:18:49 [DEBUG] ResolveAddress: addr2line 输出行数: 2
2026/01/12 17:18:49 [DEBUG] ResolveAddress: 函数名: main, 位置: /home/ssy/lbr/test/test_lbr.c:152
2026/01/12 17:18:49 [DEBUG] ResolveAddress: 解析成功 -> 函数: main, 文件: /home/ssy/lbr/test/test_lbr.c, 行号: 152
2026/01/12 17:18:49 [DEBUG] ResolveAddress: 开始解析地址 0x555c9472d62d
2026/01/12 17:18:49 [DEBUG] ResolveAddress: 运行时地址 0x555c9472d62d, 基地址 0x555c9472c000, 文件偏移 0x162d
2026/01/12 17:18:49 [DEBUG] ResolveAddress: 执行 addr2line 命令
2026/01/12 17:18:49 [DEBUG] ResolveAddress: addr2line 输出行数: 2
2026/01/12 17:18:49 [DEBUG] ResolveAddress: 函数名: main, 位置: /home/ssy/lbr/test/test_lbr.c:154
2026/01/12 17:18:49 [DEBUG] ResolveAddress: 解析成功 -> 函数: main, 文件: /home/ssy/lbr/test/test_lbr.c, 行号: 154
2026/01/12 17:18:49 [DEBUG] ResolveAddress: 开始解析地址 0x555c9472d614
2026/01/12 17:18:49 [DEBUG] ResolveAddress: 运行时地址 0x555c9472d614, 基地址 0x555c9472c000, 文件偏移 0x1614
2026/01/12 17:18:49 [DEBUG] ResolveAddress: 执行 addr2line 命令
2026/01/12 17:18:49 [DEBUG] ResolveAddress: addr2line 输出行数: 2
2026/01/12 17:18:49 [DEBUG] ResolveAddress: 函数名: main, 位置: /home/ssy/lbr/test/test_lbr.c:150
2026/01/12 17:18:49 [DEBUG] ResolveAddress: 解析成功 -> 函数: main, 文件: /home/ssy/lbr/test/test_lbr.c, 行号: 150
2026/01/12 17:18:49 [DEBUG] ResolveAddress: 开始解析地址 0x555c9472d61f
2026/01/12 17:18:49 [DEBUG] ResolveAddress: 运行时地址 0x555c9472d61f, 基地址 0x555c9472c000, 文件偏移 0x161f
2026/01/12 17:18:49 [DEBUG] ResolveAddress: 执行 addr2line 命令
2026/01/12 17:18:49 [DEBUG] ResolveAddress: addr2line 输出行数: 2
2026/01/12 17:18:49 [DEBUG] ResolveAddress: 函数名: main, 位置: /home/ssy/lbr/test/test_lbr.c:152
2026/01/12 17:18:49 [DEBUG] ResolveAddress: 解析成功 -> 函数: main, 文件: /home/ssy/lbr/test/test_lbr.c, 行号: 152
2026/01/12 17:18:49 [DEBUG] ResolveAddress: 开始解析地址 0x555c9472d606
2026/01/12 17:18:49 [DEBUG] ResolveAddress: 运行时地址 0x555c9472d606, 基地址 0x555c9472c000, 文件偏移 0x1606
2026/01/12 17:18:49 [DEBUG] ResolveAddress: 执行 addr2line 命令
2026/01/12 17:18:49 [DEBUG] ResolveAddress: addr2line 输出行数: 2
2026/01/12 17:18:49 [DEBUG] ResolveAddress: 函数名: main, 位置: /home/ssy/lbr/test/test_lbr.c:148
2026/01/12 17:18:49 [DEBUG] ResolveAddress: 解析成功 -> 函数: main, 文件: /home/ssy/lbr/test/test_lbr.c, 行号: 148
2026/01/12 17:18:49 [DEBUG] ResolveAddress: 开始解析地址 0x555c9472d611
2026/01/12 17:18:49 [DEBUG] ResolveAddress: 运行时地址 0x555c9472d611, 基地址 0x555c9472c000, 文件偏移 0x1611
2026/01/12 17:18:49 [DEBUG] ResolveAddress: 执行 addr2line 命令
2026/01/12 17:18:49 [DEBUG] ResolveAddress: addr2line 输出行数: 2
2026/01/12 17:18:49 [DEBUG] ResolveAddress: 函数名: main, 位置: /home/ssy/lbr/test/test_lbr.c:150
2026/01/12 17:18:49 [DEBUG] ResolveAddress: 解析成功 -> 函数: main, 文件: /home/ssy/lbr/test/test_lbr.c, 行号: 150
2026/01/12 17:18:49 [DEBUG] ResolveAddress: 开始解析地址 0x555c9472d5f8
2026/01/12 17:18:49 [DEBUG] ResolveAddress: 运行时地址 0x555c9472d5f8, 基地址 0x555c9472c000, 文件偏移 0x15f8
2026/01/12 17:18:49 [DEBUG] ResolveAddress: 执行 addr2line 命令
2026/01/12 17:18:49 [DEBUG] ResolveAddress: addr2line 输出行数: 2
2026/01/12 17:18:49 [DEBUG] ResolveAddress: 函数名: main, 位置: /home/ssy/lbr/test/test_lbr.c:146
2026/01/12 17:18:49 [DEBUG] ResolveAddress: 解析成功 -> 函数: main, 文件: /home/ssy/lbr/test/test_lbr.c, 行号: 146
2026/01/12 17:18:49 [DEBUG] ResolveAddress: 开始解析地址 0x555c9472d603
2026/01/12 17:18:49 [DEBUG] ResolveAddress: 运行时地址 0x555c9472d603, 基地址 0x555c9472c000, 文件偏移 0x1603
2026/01/12 17:18:49 [DEBUG] ResolveAddress: 执行 addr2line 命令
2026/01/12 17:18:49 [DEBUG] ResolveAddress: addr2line 输出行数: 2
2026/01/12 17:18:49 [DEBUG] ResolveAddress: 函数名: main, 位置: /home/ssy/lbr/test/test_lbr.c:148
2026/01/12 17:18:49 [DEBUG] ResolveAddress: 解析成功 -> 函数: main, 文件: /home/ssy/lbr/test/test_lbr.c, 行号: 148
2026/01/12 17:18:49 [DEBUG] ResolveAddress: 开始解析地址 0x555c9472d482
2026/01/12 17:18:49 [DEBUG] ResolveAddress: 运行时地址 0x555c9472d482, 基地址 0x555c9472c000, 文件偏移 0x1482
2026/01/12 17:18:49 [DEBUG] ResolveAddress: 执行 addr2line 命令
2026/01/12 17:18:49 [DEBUG] ResolveAddress: addr2line 输出行数: 2
2026/01/12 17:18:49 [DEBUG] ResolveAddress: 函数名: main, 位置: /home/ssy/lbr/test/test_lbr.c:144
2026/01/12 17:18:49 [DEBUG] ResolveAddress: 解析成功 -> 函数: main, 文件: /home/ssy/lbr/test/test_lbr.c, 行号: 144
2026/01/12 17:18:49 [DEBUG] ResolveAddress: 开始解析地址 0x555c9472d5f5
2026/01/12 17:18:49 [DEBUG] ResolveAddress: 运行时地址 0x555c9472d5f5, 基地址 0x555c9472c000, 文件偏移 0x15f5
2026/01/12 17:18:49 [DEBUG] ResolveAddress: 执行 addr2line 命令
2026/01/12 17:18:49 [DEBUG] ResolveAddress: addr2line 输出行数: 2
2026/01/12 17:18:49 [DEBUG] ResolveAddress: 函数名: main, 位置: /home/ssy/lbr/test/test_lbr.c:146
2026/01/12 17:18:49 [DEBUG] ResolveAddress: 解析成功 -> 函数: main, 文件: /home/ssy/lbr/test/test_lbr.c, 行号: 146
2026/01/12 17:18:49 [DEBUG] ResolveAddress: 开始解析地址 0x7fa70cc4394e
2026/01/12 17:18:49 [DEBUG] ResolveAddress: 运行时地址 0x7fa70cc4394e, 基地址 0x555c9472c000, 文件偏移 0x2a4a7851794e
2026/01/12 17:18:49 [DEBUG] ResolveAddress: 执行 addr2line 命令
2026/01/12 17:18:49 [DEBUG] ResolveAddress: addr2line 输出行数: 2
2026/01/12 17:18:49 [DEBUG] ResolveAddress: 函数名: ??, 位置: ??:0
2026/01/12 17:18:49 [DEBUG] ResolveAddress: 解析成功 -> 函数: ??, 文件: ??, 行号: 0
2026/01/12 17:18:49 [DEBUG] ResolveAddress: 开始解析地址 0x555c9472d45d
2026/01/12 17:18:49 [DEBUG] ResolveAddress: 运行时地址 0x555c9472d45d, 基地址 0x555c9472c000, 文件偏移 0x145d
2026/01/12 17:18:49 [DEBUG] ResolveAddress: 执行 addr2line 命令
2026/01/12 17:18:49 [DEBUG] ResolveAddress: addr2line 输出行数: 2
2026/01/12 17:18:49 [DEBUG] ResolveAddress: 函数名: main, 位置: /home/ssy/lbr/test/test_lbr.c:141
2026/01/12 17:18:49 [DEBUG] ResolveAddress: 解析成功 -> 函数: main, 文件: /home/ssy/lbr/test/test_lbr.c, 行号: 141
2026/01/12 17:18:49 [DEBUG] ResolveAddress: 开始解析地址 0x7fa70cc43bb6
2026/01/12 17:18:49 [DEBUG] ResolveAddress: 运行时地址 0x7fa70cc43bb6, 基地址 0x555c9472c000, 文件偏移 0x2a4a78517bb6
2026/01/12 17:18:49 [DEBUG] ResolveAddress: 执行 addr2line 命令
2026/01/12 17:18:49 [DEBUG] ResolveAddress: addr2line 输出行数: 2
2026/01/12 17:18:49 [DEBUG] ResolveAddress: 函数名: ??, 位置: ??:0
2026/01/12 17:18:49 [DEBUG] ResolveAddress: 解析成功 -> 函数: ??, 文件: ??, 行号: 0
2026/01/12 17:18:49 [DEBUG] ResolveAddress: 开始解析地址 0x7fa70cc4394d
2026/01/12 17:18:49 [DEBUG] ResolveAddress: 运行时地址 0x7fa70cc4394d, 基地址 0x555c9472c000, 文件偏移 0x2a4a7851794d
2026/01/12 17:18:49 [DEBUG] ResolveAddress: 执行 addr2line 命令
2026/01/12 17:18:49 [DEBUG] ResolveAddress: addr2line 输出行数: 2
2026/01/12 17:18:49 [DEBUG] ResolveAddress: 函数名: ??, 位置: ??:0
2026/01/12 17:18:49 [DEBUG] ResolveAddress: 解析成功 -> 函数: ??, 文件: ??, 行号: 0
2026/01/12 17:18:49 [DEBUG] ResolveAddress: 开始解析地址 0x7fa70cc43bd4
2026/01/12 17:18:49 [DEBUG] ResolveAddress: 运行时地址 0x7fa70cc43bd4, 基地址 0x555c9472c000, 文件偏移 0x2a4a78517bd4
2026/01/12 17:18:49 [DEBUG] ResolveAddress: 执行 addr2line 命令
2026/01/12 17:18:49 [DEBUG] ResolveAddress: addr2line 输出行数: 2
2026/01/12 17:18:49 [DEBUG] ResolveAddress: 函数名: ??, 位置: ??:0
2026/01/12 17:18:49 [DEBUG] ResolveAddress: 解析成功 -> 函数: ??, 文件: ??, 行号: 0
2026/01/12 17:18:49 [DEBUG] ResolveAddress: 开始解析地址 0x7fa70cc43ba6
2026/01/12 17:18:49 [DEBUG] ResolveAddress: 运行时地址 0x7fa70cc43ba6, 基地址 0x555c9472c000, 文件偏移 0x2a4a78517ba6
2026/01/12 17:18:49 [DEBUG] ResolveAddress: 执行 addr2line 命令
2026/01/12 17:18:49 [DEBUG] ResolveAddress: addr2line 输出行数: 2
2026/01/12 17:18:49 [DEBUG] ResolveAddress: 函数名: ??, 位置: ??:0
2026/01/12 17:18:49 [DEBUG] ResolveAddress: 解析成功 -> 函数: ??, 文件: ??, 行号: 0
2026/01/12 17:18:49 [DEBUG] ResolveAddress: 开始解析地址 0x7fa70cc43d6c
2026/01/12 17:18:49 [DEBUG] ResolveAddress: 运行时地址 0x7fa70cc43d6c, 基地址 0x555c9472c000, 文件偏移 0x2a4a78517d6c
2026/01/12 17:18:49 [DEBUG] ResolveAddress: 执行 addr2line 命令
2026/01/12 17:18:49 [DEBUG] ResolveAddress: addr2line 输出行数: 2
2026/01/12 17:18:49 [DEBUG] ResolveAddress: 函数名: ??, 位置: ??:0
2026/01/12 17:18:49 [DEBUG] ResolveAddress: 解析成功 -> 函数: ??, 文件: ??, 行号: 0
2026/01/12 17:18:49 [DEBUG] ResolveAddress: 开始解析地址 0x7fa70cc43bd0
2026/01/12 17:18:49 [DEBUG] ResolveAddress: 运行时地址 0x7fa70cc43bd0, 基地址 0x555c9472c000, 文件偏移 0x2a4a78517bd0
2026/01/12 17:18:49 [DEBUG] ResolveAddress: 执行 addr2line 命令
2026/01/12 17:18:49 [DEBUG] ResolveAddress: addr2line 输出行数: 2
2026/01/12 17:18:49 [DEBUG] ResolveAddress: 函数名: ??, 位置: ??:0
2026/01/12 17:18:49 [DEBUG] ResolveAddress: 解析成功 -> 函数: ??, 文件: ??, 行号: 0
2026/01/12 17:18:49 [DEBUG] ResolveAddress: 开始解析地址 0x7fa70cc43d17
2026/01/12 17:18:49 [DEBUG] ResolveAddress: 运行时地址 0x7fa70cc43d17, 基地址 0x555c9472c000, 文件偏移 0x2a4a78517d17
2026/01/12 17:18:49 [DEBUG] ResolveAddress: 执行 addr2line 命令
2026/01/12 17:18:49 [DEBUG] ResolveAddress: addr2line 输出行数: 2
2026/01/12 17:18:49 [DEBUG] ResolveAddress: 函数名: ??, 位置: ??:0
2026/01/12 17:18:49 [DEBUG] ResolveAddress: 解析成功 -> 函数: ??, 文件: ??, 行号: 0
2026/01/12 17:18:49 [DEBUG] ResolveAddress: 开始解析地址 0x7fa70cc43d38
2026/01/12 17:18:49 [DEBUG] ResolveAddress: 运行时地址 0x7fa70cc43d38, 基地址 0x555c9472c000, 文件偏移 0x2a4a78517d38
2026/01/12 17:18:49 [DEBUG] ResolveAddress: 执行 addr2line 命令
2026/01/12 17:18:49 [DEBUG] ResolveAddress: addr2line 输出行数: 2
2026/01/12 17:18:49 [DEBUG] ResolveAddress: 函数名: ??, 位置: ??:0
2026/01/12 17:18:49 [DEBUG] ResolveAddress: 解析成功 -> 函数: ??, 文件: ??, 行号: 0
2026/01/12 17:18:49 [DEBUG] ResolveAddress: 开始解析地址 0x7fa70cc43bcb
2026/01/12 17:18:49 [DEBUG] ResolveAddress: 运行时地址 0x7fa70cc43bcb, 基地址 0x555c9472c000, 文件偏移 0x2a4a78517bcb
2026/01/12 17:18:49 [DEBUG] ResolveAddress: 执行 addr2line 命令
2026/01/12 17:18:49 [DEBUG] ResolveAddress: addr2line 输出行数: 2
2026/01/12 17:18:49 [DEBUG] ResolveAddress: 函数名: ??, 位置: ??:0
2026/01/12 17:18:49 [DEBUG] ResolveAddress: 解析成功 -> 函数: ??, 文件: ??, 行号: 0
2026/01/12 17:18:49 [DEBUG] ResolveAddress: 开始解析地址 0x7fa70cc43d00
2026/01/12 17:18:49 [DEBUG] ResolveAddress: 运行时地址 0x7fa70cc43d00, 基地址 0x555c9472c000, 文件偏移 0x2a4a78517d00
2026/01/12 17:18:49 [DEBUG] ResolveAddress: 执行 addr2line 命令
2026/01/12 17:18:49 [DEBUG] ResolveAddress: addr2line 输出行数: 2
2026/01/12 17:18:49 [DEBUG] ResolveAddress: 函数名: ??, 位置: ??:0
2026/01/12 17:18:49 [DEBUG] ResolveAddress: 解析成功 -> 函数: ??, 文件: ??, 行号: 0
2026/01/12 17:18:49 [DEBUG] ResolveAddress: 开始解析地址 0x7fa70cc43b72
2026/01/12 17:18:49 [DEBUG] ResolveAddress: 运行时地址 0x7fa70cc43b72, 基地址 0x555c9472c000, 文件偏移 0x2a4a78517b72
2026/01/12 17:18:49 [DEBUG] ResolveAddress: 执行 addr2line 命令
2026/01/12 17:18:49 [DEBUG] ResolveAddress: addr2line 输出行数: 2
2026/01/12 17:18:49 [DEBUG] ResolveAddress: 函数名: ??, 位置: ??:0
2026/01/12 17:18:49 [DEBUG] ResolveAddress: 解析成功 -> 函数: ??, 文件: ??, 行号: 0
2026/01/12 17:18:49 [DEBUG] ResolveAddress: 开始解析地址 0x7fa70cc43bc0
2026/01/12 17:18:49 [DEBUG] ResolveAddress: 运行时地址 0x7fa70cc43bc0, 基地址 0x555c9472c000, 文件偏移 0x2a4a78517bc0
2026/01/12 17:18:49 [DEBUG] ResolveAddress: 执行 addr2line 命令
2026/01/12 17:18:49 [DEBUG] ResolveAddress: addr2line 输出行数: 2
2026/01/12 17:18:49 [DEBUG] ResolveAddress: 函数名: ??, 位置: ??:0
2026/01/12 17:18:49 [DEBUG] ResolveAddress: 解析成功 -> 函数: ??, 文件: ??, 行号: 0
2026/01/12 17:18:49 [DEBUG] ResolveAddress: 开始解析地址 0x7fa70cc43948
2026/01/12 17:18:49 [DEBUG] ResolveAddress: 运行时地址 0x7fa70cc43948, 基地址 0x555c9472c000, 文件偏移 0x2a4a78517948
2026/01/12 17:18:49 [DEBUG] ResolveAddress: 执行 addr2line 命令
2026/01/12 17:18:49 [DEBUG] ResolveAddress: addr2line 输出行数: 2
2026/01/12 17:18:49 [DEBUG] ResolveAddress: 函数名: ??, 位置: ??:0
2026/01/12 17:18:49 [DEBUG] ResolveAddress: 解析成功 -> 函数: ??, 文件: ??, 行号: 0
2026/01/12 17:18:49 [DEBUG] ResolveAddress: 开始解析地址 0x7fa70cc43b50
2026/01/12 17:18:49 [DEBUG] ResolveAddress: 运行时地址 0x7fa70cc43b50, 基地址 0x555c9472c000, 文件偏移 0x2a4a78517b50
2026/01/12 17:18:49 [DEBUG] ResolveAddress: 执行 addr2line 命令
2026/01/12 17:18:49 [DEBUG] ResolveAddress: addr2line 输出行数: 2
2026/01/12 17:18:49 [DEBUG] ResolveAddress: 函数名: ??, 位置: ??:0
2026/01/12 17:18:49 [DEBUG] ResolveAddress: 解析成功 -> 函数: ??, 文件: ??, 行号: 0
2026/01/12 17:18:49 [DEBUG] ResolveAddress: 开始解析地址 0x555c9472d0b0
2026/01/12 17:18:49 [DEBUG] ResolveAddress: 运行时地址 0x555c9472d0b0, 基地址 0x555c9472c000, 文件偏移 0x10b0
2026/01/12 17:18:49 [DEBUG] ResolveAddress: 执行 addr2line 命令
2026/01/12 17:18:49 [DEBUG] ResolveAddress: addr2line 输出行数: 2
2026/01/12 17:18:49 [DEBUG] ResolveAddress: 函数名: ??, 位置: ??:0
2026/01/12 17:18:49 [DEBUG] ResolveAddress: 解析成功 -> 函数: ??, 文件: ??, 行号: 0
2026/01/12 17:18:49 [DEBUG] ResolveAddress: 开始解析地址 0x7fa70cc43940
2026/01/12 17:18:49 [DEBUG] ResolveAddress: 运行时地址 0x7fa70cc43940, 基地址 0x555c9472c000, 文件偏移 0x2a4a78517940
2026/01/12 17:18:49 [DEBUG] ResolveAddress: 执行 addr2line 命令
2026/01/12 17:18:49 [DEBUG] ResolveAddress: addr2line 输出行数: 2
2026/01/12 17:18:49 [DEBUG] ResolveAddress: 函数名: ??, 位置: ??:0
2026/01/12 17:18:49 [DEBUG] ResolveAddress: 解析成功 -> 函数: ??, 文件: ??, 行号: 0
2026/01/12 17:18:49 [DEBUG] ResolveAddress: 开始解析地址 0x555c9472d458
2026/01/12 17:18:49 [DEBUG] ResolveAddress: 运行时地址 0x555c9472d458, 基地址 0x555c9472c000, 文件偏移 0x1458
2026/01/12 17:18:49 [DEBUG] ResolveAddress: 执行 addr2line 命令
2026/01/12 17:18:49 [DEBUG] ResolveAddress: addr2line 输出行数: 2
2026/01/12 17:18:49 [DEBUG] ResolveAddress: 函数名: main, 位置: /home/ssy/lbr/test/test_lbr.c:141
2026/01/12 17:18:49 [DEBUG] ResolveAddress: 解析成功 -> 函数: main, 文件: /home/ssy/lbr/test/test_lbr.c, 行号: 141
2026/01/12 17:18:49 [DEBUG] ResolveAddress: 开始解析地址 0x555c9472d0b0
2026/01/12 17:18:49 [DEBUG] ResolveAddress: 运行时地址 0x555c9472d0b0, 基地址 0x555c9472c000, 文件偏移 0x10b0
2026/01/12 17:18:49 [DEBUG] ResolveAddress: 执行 addr2line 命令
2026/01/12 17:18:49 [DEBUG] ResolveAddress: addr2line 输出行数: 2
2026/01/12 17:18:49 [DEBUG] ResolveAddress: 函数名: ??, 位置: ??:0
2026/01/12 17:18:49 [DEBUG] ResolveAddress: 解析成功 -> 函数: ??, 文件: ??, 行号: 0
2026/01/12 17:18:49 [DEBUG] ResolveAddress: 开始解析地址 0x555c9472d490
2026/01/12 17:18:49 [DEBUG] ResolveAddress: 运行时地址 0x555c9472d490, 基地址 0x555c9472c000, 文件偏移 0x1490
2026/01/12 17:18:49 [DEBUG] ResolveAddress: 执行 addr2line 命令
2026/01/12 17:18:49 [DEBUG] ResolveAddress: addr2line 输出行数: 2
2026/01/12 17:18:49 [DEBUG] ResolveAddress: 函数名: main, 位置: /home/ssy/lbr/test/test_lbr.c:140 (discriminator 1)
2026/01/12 17:18:49 [DEBUG] ResolveAddress: 解析成功 -> 函数: main, 文件: /home/ssy/lbr/test/test_lbr.c, 行号: 0
2026/01/12 17:18:49 [DEBUG] ResolveAddress: 开始解析地址 0x555c9472d458
2026/01/12 17:18:49 [DEBUG] ResolveAddress: 运行时地址 0x555c9472d458, 基地址 0x555c9472c000, 文件偏移 0x1458
2026/01/12 17:18:49 [DEBUG] ResolveAddress: 执行 addr2line 命令
2026/01/12 17:18:49 [DEBUG] ResolveAddress: addr2line 输出行数: 2
2026/01/12 17:18:49 [DEBUG] ResolveAddress: 函数名: main, 位置: /home/ssy/lbr/test/test_lbr.c:141
2026/01/12 17:18:49 [DEBUG] ResolveAddress: 解析成功 -> 函数: main, 文件: /home/ssy/lbr/test/test_lbr.c, 行号: 141
2026/01/12 17:18:49 [DEBUG] ResolveAddress: 开始解析地址 0x7fa70cc4394e
2026/01/12 17:18:49 [DEBUG] ResolveAddress: 运行时地址 0x7fa70cc4394e, 基地址 0x555c9472c000, 文件偏移 0x2a4a7851794e
2026/01/12 17:18:49 [DEBUG] ResolveAddress: 执行 addr2line 命令
2026/01/12 17:18:49 [DEBUG] ResolveAddress: addr2line 输出行数: 2
2026/01/12 17:18:49 [DEBUG] ResolveAddress: 函数名: ??, 位置: ??:0
2026/01/12 17:18:49 [DEBUG] ResolveAddress: 解析成功 -> 函数: ??, 文件: ??, 行号: 0
2026/01/12 17:18:49 [DEBUG] ResolveAddress: 开始解析地址 0x555c9472d45d
2026/01/12 17:18:49 [DEBUG] ResolveAddress: 运行时地址 0x555c9472d45d, 基地址 0x555c9472c000, 文件偏移 0x145d
2026/01/12 17:18:49 [DEBUG] ResolveAddress: 执行 addr2line 命令
2026/01/12 17:18:49 [DEBUG] ResolveAddress: addr2line 输出行数: 2
2026/01/12 17:18:49 [DEBUG] ResolveAddress: 函数名: main, 位置: /home/ssy/lbr/test/test_lbr.c:141
2026/01/12 17:18:49 [DEBUG] ResolveAddress: 解析成功 -> 函数: main, 文件: /home/ssy/lbr/test/test_lbr.c, 行号: 141
2026/01/12 17:18:49 [DEBUG] ResolveAddress: 开始解析地址 0x7fa70cc43bb6
2026/01/12 17:18:49 [DEBUG] ResolveAddress: 运行时地址 0x7fa70cc43bb6, 基地址 0x555c9472c000, 文件偏移 0x2a4a78517bb6
2026/01/12 17:18:49 [DEBUG] ResolveAddress: 执行 addr2line 命令
2026/01/12 17:18:49 [DEBUG] ResolveAddress: addr2line 输出行数: 2
2026/01/12 17:18:49 [DEBUG] ResolveAddress: 函数名: ??, 位置: ??:0
2026/01/12 17:18:49 [DEBUG] ResolveAddress: 解析成功 -> 函数: ??, 文件: ??, 行号: 0
2026/01/12 17:18:49 [DEBUG] ResolveAddress: 开始解析地址 0x7fa70cc4394d
2026/01/12 17:18:49 [DEBUG] ResolveAddress: 运行时地址 0x7fa70cc4394d, 基地址 0x555c9472c000, 文件偏移 0x2a4a7851794d
2026/01/12 17:18:49 [DEBUG] ResolveAddress: 执行 addr2line 命令
2026/01/12 17:18:49 [DEBUG] ResolveAddress: addr2line 输出行数: 2
2026/01/12 17:18:49 [DEBUG] ResolveAddress: 函数名: ??, 位置: ??:0
2026/01/12 17:18:49 [DEBUG] ResolveAddress: 解析成功 -> 函数: ??, 文件: ??, 行号: 0
2026/01/12 17:18:49 [DEBUG] ResolveAddress: 开始解析地址 0x7fa70cc43bd4
2026/01/12 17:18:49 [DEBUG] ResolveAddress: 运行时地址 0x7fa70cc43bd4, 基地址 0x555c9472c000, 文件偏移 0x2a4a78517bd4
2026/01/12 17:18:49 [DEBUG] ResolveAddress: 执行 addr2line 命令
2026/01/12 17:18:49 [DEBUG] ResolveAddress: addr2line 输出行数: 2
2026/01/12 17:18:49 [DEBUG] ResolveAddress: 函数名: ??, 位置: ??:0
2026/01/12 17:18:49 [DEBUG] ResolveAddress: 解析成功 -> 函数: ??, 文件: ??, 行号: 0
2026/01/12 17:18:49 [DEBUG] ResolveAddress: 开始解析地址 0x7fa70cc43ba6
2026/01/12 17:18:49 [DEBUG] ResolveAddress: 运行时地址 0x7fa70cc43ba6, 基地址 0x555c9472c000, 文件偏移 0x2a4a78517ba6
2026/01/12 17:18:49 [DEBUG] ResolveAddress: 执行 addr2line 命令
2026/01/12 17:18:49 [DEBUG] ResolveAddress: addr2line 输出行数: 2
2026/01/12 17:18:49 [DEBUG] ResolveAddress: 函数名: ??, 位置: ??:0
2026/01/12 17:18:49 [DEBUG] ResolveAddress: 解析成功 -> 函数: ??, 文件: ??, 行号: 0
2026/01/12 17:18:49 [DEBUG] ResolveAddress: 开始解析地址 0x7fa70cc43d6c
2026/01/12 17:18:49 [DEBUG] ResolveAddress: 运行时地址 0x7fa70cc43d6c, 基地址 0x555c9472c000, 文件偏移 0x2a4a78517d6c
2026/01/12 17:18:49 [DEBUG] ResolveAddress: 执行 addr2line 命令
2026/01/12 17:18:49 [DEBUG] ResolveAddress: addr2line 输出行数: 2
2026/01/12 17:18:49 [DEBUG] ResolveAddress: 函数名: ??, 位置: ??:0
2026/01/12 17:18:49 [DEBUG] ResolveAddress: 解析成功 -> 函数: ??, 文件: ??, 行号: 0
2026/01/12 17:18:49 [DEBUG] ResolveAddress: 开始解析地址 0x7fa70cc43bd0
2026/01/12 17:18:49 [DEBUG] ResolveAddress: 运行时地址 0x7fa70cc43bd0, 基地址 0x555c9472c000, 文件偏移 0x2a4a78517bd0
2026/01/12 17:18:49 [DEBUG] ResolveAddress: 执行 addr2line 命令
2026/01/12 17:18:49 [DEBUG] ResolveAddress: addr2line 输出行数: 2
2026/01/12 17:18:49 [DEBUG] ResolveAddress: 函数名: ??, 位置: ??:0
2026/01/12 17:18:49 [DEBUG] ResolveAddress: 解析成功 -> 函数: ??, 文件: ??, 行号: 0

=== PID: 100303, TID: 100303, COMM: test_lbr, Entries: 32 ===
LBR Stack:
[#00] [33m??[0m                    -> [33m??[0m                   
[#01] [33m??[0m                    -> [33m??[0m                   
[#02] [33m??[0m                    -> [33m??[0m                   
[#03] [33m??[0m                    -> [33mmain (test_lbr.c:141)[0m
[#04] [33mmain[0m                  -> [33mmain (test_lbr.c:141)[0m
[#05] [33mmain (test_lbr.c:141)[0m -> [33m??[0m                   
[#06] [33m??[0m                    -> [33m??[0m                   
[#07] [33m??[0m                    -> [33m??[0m                   
[#08] [33m??[0m                    -> [33m??[0m                   
[#09] [33m??[0m                    -> [33m??[0m                   
[#10] [33m??[0m                    -> [33m??[0m                   
[#11] [33m??[0m                    -> [33m??[0m                   
[#12] [33m??[0m                    -> [33m??[0m                   
[#13] [33m??[0m                    -> [33m??[0m                   
[#14] [33m??[0m                    -> [33mmain (test_lbr.c:141)[0m
[#15] [33mmain (test_lbr.c:144)[0m -> [33mmain (test_lbr.c:146)[0m
[#16] [33mmain (test_lbr.c:146)[0m -> [33mmain (test_lbr.c:148)[0m
[#17] [33mmain (test_lbr.c:148)[0m -> [33mmain (test_lbr.c:150)[0m
[#18] [33mmain (test_lbr.c:150)[0m -> [33mmain (test_lbr.c:152)[0m
[#19] [33mmain (test_lbr.c:152)[0m -> [33mmain (test_lbr.c:154)[0m
[#20] [33mmain (test_lbr.c:154)[0m -> [33mmain (test_lbr.c:156)[0m
[#21] [33mmain (test_lbr.c:157)[0m -> [33mmain[0m                 
[#22] [33mmain (test_lbr.c:141)[0m -> [33m??[0m                   
[#23] [33m??[0m                    -> [33m??[0m                   
[#24] [33m??[0m                    -> [33m??[0m                   
[#25] [33m??[0m                    -> [33m??[0m                   
[#26] [33m??[0m                    -> [33m??[0m                   
[#27] [33m??[0m                    -> [33m??[0m                   
[#28] [33m??[0m                    -> [33m??[0m                   
[#29] [33m??[0m                    -> [33m??[0m                   
[#30] [33m??[0m                    -> [33m??[0m                   
[#31] [33m??[0m                    -> [33mmain (test_lbr.c:141)[0m
2026/01/12 17:18:49 LBR数据统计: 总条目=1, 有效=1, 空数据=0, 全零数据=0
2026/01/12 17:18:50 No LBR data - map中无任何条目
2026/01/12 17:18:51 No LBR data - map中无任何条目
2026/01/12 17:18:52 No LBR data - map中无任何条目
2026/01/12 17:18:53 No LBR data - map中无任何条目
2026/01/12 17:18:54 No LBR data - map中无任何条目
2026/01/12 17:18:55 No LBR data - map中无任何条目
