正在对进程 134884 进行栈回溯...
日志文件: ../log/stack_unwinding_134884_20260114_162016.log

2026/01/14 16:20:16 [DEBUG] NewSFrameResolver: 为PID 134884 创建SFrame解析器
2026/01/14 16:20:16 [DEBUG] NewSFrameResolver: 可执行文件: /home/ssy/lbr/test/test_stack_unwinding
2026/01/14 16:20:16 [DEBUG] loadSFrameData: SFrame Magic=0x502dee2, Version=3
2026/01/14 16:20:16 [DEBUG] NewSFrameResolver: 成功加载SFrame数据
2026/01/14 16:20:16 [DEBUG] loadSymbols: 加载了 29 个符号
2026/01/14 16:20:16 [DEBUG] GetProcessMaps: 读取进程 134884 的内存映射
2026/01/14 16:20:16 [DEBUG] GetProcessMaps: 读取到 24 个内存映射
2026/01/14 16:20:16 [DEBUG] loadBaseAddress: 基址=0x55c77bba0000, 结束=0x55c77bba1000, 偏移=0x1000
2026/01/14 16:20:16 [DEBUG] GetProcessMaps: 读取进程 134884 的内存映射
2026/01/14 16:20:16 [DEBUG] GetProcessMaps: 读取到 24 个内存映射
2026/01/14 16:20:16 [DEBUG] loadLibraryMapping: 加载共享库 /usr/lib/libc.so.6, 符号数: 3114
2026/01/14 16:20:16 [DEBUG] loadLibraryMapping: 加载共享库 /usr/lib/ld-linux-x86-64.so.2, 符号数: 32
2026/01/14 16:20:16 [DEBUG] loadLibraryMappings: 加载了 2 个共享库映射
2026/01/14 16:20:16 [DEBUG] NewSFrameResolver: SFrame解析器创建成功
最大栈帧数: 32

2026/01/14 16:20:16 [DEBUG] GetRegisters: PC=0x7f6c1629318e, SP=0x7ffdaa7264b0, BP=0x7ffdaa7264c0 (via ptrace)
2026/01/14 16:20:16 [DEBUG] SFrameResolver.ResolveAddress: 解析地址 0x7f6c1629318e
2026/01/14 16:20:16 [DEBUG] SFrameResolver: 共享库地址, 路径: /usr/lib/libc.so.6, 偏移: 0x9318e
2026/01/14 16:20:16 [DEBUG] SFrameResolver: 未找到符号，使用偏移 0x9318e@libc.so.6
2026/01/14 16:20:16 [DEBUG] UnwindStack: Frame 0: PC=0x7f6c1629318e, SP=0x7ffdaa7264b0, BP=0x7ffdaa7264c0
2026/01/14 16:20:16 [DEBUG] unwindFrame: 读取 newBP=0x7ffdaa7264e0, retAddr=0x7f6c162e3bd2 (from BP=0x7ffdaa7264c0)
2026/01/14 16:20:16 [DEBUG] unwindFrame: 更新后 PC=0x7f6c162e3bd2, BP=0x7ffdaa7264e0, SP=0x7ffdaa7264f0
2026/01/14 16:20:16 [DEBUG] SFrameResolver.ResolveAddress: 解析地址 0x7f6c162e3bd2
2026/01/14 16:20:16 [DEBUG] SFrameResolver: 共享库地址, 路径: /usr/lib/libc.so.6, 偏移: 0xe3bd2
2026/01/14 16:20:16 [DEBUG] SFrameResolver: 找到共享库函数 clock_nanosleep+0x32@libc.so.6
2026/01/14 16:20:16 [DEBUG] UnwindStack: Frame 1: PC=0x7f6c162e3bd2, SP=0x7ffdaa7264f0, BP=0x7ffdaa7264e0
2026/01/14 16:20:16 [DEBUG] unwindFrame: 读取 newBP=0x7ffdaa7264f0, retAddr=0x7f6c162efc57 (from BP=0x7ffdaa7264e0)
2026/01/14 16:20:16 [DEBUG] unwindFrame: 更新后 PC=0x7f6c162efc57, BP=0x7ffdaa7264f0, SP=0x7ffdaa726500
2026/01/14 16:20:16 [DEBUG] SFrameResolver.ResolveAddress: 解析地址 0x7f6c162efc57
2026/01/14 16:20:16 [DEBUG] SFrameResolver: 共享库地址, 路径: /usr/lib/libc.so.6, 偏移: 0xefc57
2026/01/14 16:20:16 [DEBUG] SFrameResolver: 找到共享库函数 nanosleep+0x17@libc.so.6
2026/01/14 16:20:16 [DEBUG] UnwindStack: Frame 2: PC=0x7f6c162efc57, SP=0x7ffdaa726500, BP=0x7ffdaa7264f0
2026/01/14 16:20:16 [DEBUG] unwindFrame: 读取 newBP=0x7ffdaa726530, retAddr=0x7f6c1630229e (from BP=0x7ffdaa7264f0)
2026/01/14 16:20:16 [DEBUG] unwindFrame: 更新后 PC=0x7f6c1630229e, BP=0x7ffdaa726530, SP=0x7ffdaa726540
2026/01/14 16:20:16 [DEBUG] SFrameResolver.ResolveAddress: 解析地址 0x7f6c1630229e
2026/01/14 16:20:16 [DEBUG] SFrameResolver: 共享库地址, 路径: /usr/lib/libc.so.6, 偏移: 0x10229e
2026/01/14 16:20:16 [DEBUG] SFrameResolver: 找到共享库函数 sleep+0x3e@libc.so.6
2026/01/14 16:20:16 [DEBUG] UnwindStack: Frame 3: PC=0x7f6c1630229e, SP=0x7ffdaa726540, BP=0x7ffdaa726530
2026/01/14 16:20:16 [DEBUG] unwindFrame: 读取 newBP=0x7ffdaa726540, retAddr=0x55c77bba01b1 (from BP=0x7ffdaa726530)
2026/01/14 16:20:16 [DEBUG] unwindFrame: 更新后 PC=0x55c77bba01b1, BP=0x7ffdaa726540, SP=0x7ffdaa726550
2026/01/14 16:20:16 [DEBUG] SFrameResolver.ResolveAddress: 解析地址 0x55c77bba01b1
2026/01/14 16:20:16 [DEBUG] SFrameResolver: 主程序地址，文件偏移 0x11b1
2026/01/14 16:20:16 [DEBUG] SFrameResolver: 找到函数 function_level_5+0x48
2026/01/14 16:20:16 [DEBUG] UnwindStack: Frame 4: PC=0x55c77bba01b1, SP=0x7ffdaa726550, BP=0x7ffdaa726540
2026/01/14 16:20:16 [DEBUG] unwindFrame: 读取 newBP=0x7ffdaa726550, retAddr=0x55c77bba01cb (from BP=0x7ffdaa726540)
2026/01/14 16:20:16 [DEBUG] unwindFrame: 更新后 PC=0x55c77bba01cb, BP=0x7ffdaa726550, SP=0x7ffdaa726560
2026/01/14 16:20:16 [DEBUG] SFrameResolver.ResolveAddress: 解析地址 0x55c77bba01cb
2026/01/14 16:20:16 [DEBUG] SFrameResolver: 主程序地址，文件偏移 0x11cb
2026/01/14 16:20:16 [DEBUG] SFrameResolver: 找到函数 function_level_4+0x18
2026/01/14 16:20:16 [DEBUG] UnwindStack: Frame 5: PC=0x55c77bba01cb, SP=0x7ffdaa726560, BP=0x7ffdaa726550
2026/01/14 16:20:16 [DEBUG] unwindFrame: 读取 newBP=0x7ffdaa726560, retAddr=0x55c77bba01e6 (from BP=0x7ffdaa726550)
2026/01/14 16:20:16 [DEBUG] unwindFrame: 更新后 PC=0x55c77bba01e6, BP=0x7ffdaa726560, SP=0x7ffdaa726570
2026/01/14 16:20:16 [DEBUG] SFrameResolver.ResolveAddress: 解析地址 0x55c77bba01e6
2026/01/14 16:20:16 [DEBUG] SFrameResolver: 主程序地址，文件偏移 0x11e6
2026/01/14 16:20:16 [DEBUG] SFrameResolver: 找到函数 function_level_3+0x18
2026/01/14 16:20:16 [DEBUG] UnwindStack: Frame 6: PC=0x55c77bba01e6, SP=0x7ffdaa726570, BP=0x7ffdaa726560
2026/01/14 16:20:16 [DEBUG] unwindFrame: 读取 newBP=0x7ffdaa726570, retAddr=0x55c77bba0201 (from BP=0x7ffdaa726560)
2026/01/14 16:20:16 [DEBUG] unwindFrame: 更新后 PC=0x55c77bba0201, BP=0x7ffdaa726570, SP=0x7ffdaa726580
2026/01/14 16:20:16 [DEBUG] SFrameResolver.ResolveAddress: 解析地址 0x55c77bba0201
2026/01/14 16:20:16 [DEBUG] SFrameResolver: 主程序地址，文件偏移 0x1201
2026/01/14 16:20:16 [DEBUG] SFrameResolver: 找到函数 function_level_2+0x18
2026/01/14 16:20:16 [DEBUG] UnwindStack: Frame 7: PC=0x55c77bba0201, SP=0x7ffdaa726580, BP=0x7ffdaa726570
2026/01/14 16:20:16 [DEBUG] unwindFrame: 读取 newBP=0x7ffdaa726580, retAddr=0x55c77bba021c (from BP=0x7ffdaa726570)
2026/01/14 16:20:16 [DEBUG] unwindFrame: 更新后 PC=0x55c77bba021c, BP=0x7ffdaa726580, SP=0x7ffdaa726590
2026/01/14 16:20:16 [DEBUG] SFrameResolver.ResolveAddress: 解析地址 0x55c77bba021c
2026/01/14 16:20:16 [DEBUG] SFrameResolver: 主程序地址，文件偏移 0x121c
2026/01/14 16:20:16 [DEBUG] SFrameResolver: 找到函数 function_level_1+0x18
2026/01/14 16:20:16 [DEBUG] UnwindStack: Frame 8: PC=0x55c77bba021c, SP=0x7ffdaa726590, BP=0x7ffdaa726580
2026/01/14 16:20:16 [DEBUG] unwindFrame: 读取 newBP=0x7ffdaa726590, retAddr=0x55c77bba0263 (from BP=0x7ffdaa726580)
2026/01/14 16:20:16 [DEBUG] unwindFrame: 更新后 PC=0x55c77bba0263, BP=0x7ffdaa726590, SP=0x7ffdaa7265a0
2026/01/14 16:20:16 [DEBUG] SFrameResolver.ResolveAddress: 解析地址 0x55c77bba0263
2026/01/14 16:20:16 [DEBUG] SFrameResolver: 主程序地址，文件偏移 0x1263
2026/01/14 16:20:16 [DEBUG] SFrameResolver: 找到函数 main+0x44
2026/01/14 16:20:16 [DEBUG] UnwindStack: Frame 9: PC=0x55c77bba0263, SP=0x7ffdaa7265a0, BP=0x7ffdaa726590
2026/01/14 16:20:16 [DEBUG] unwindFrame: 读取 newBP=0x7ffdaa726630, retAddr=0x7f6c16227635 (from BP=0x7ffdaa726590)
2026/01/14 16:20:16 [DEBUG] unwindFrame: 更新后 PC=0x7f6c16227635, BP=0x7ffdaa726630, SP=0x7ffdaa726640
2026/01/14 16:20:16 [DEBUG] SFrameResolver.ResolveAddress: 解析地址 0x7f6c16227635
2026/01/14 16:20:16 [DEBUG] SFrameResolver: 共享库地址, 路径: /usr/lib/libc.so.6, 偏移: 0x27635
2026/01/14 16:20:16 [DEBUG] SFrameResolver: 未找到符号，使用偏移 0x27635@libc.so.6
2026/01/14 16:20:16 [DEBUG] UnwindStack: Frame 10: PC=0x7f6c16227635, SP=0x7ffdaa726640, BP=0x7ffdaa726630
2026/01/14 16:20:16 [DEBUG] unwindFrame: 读取 newBP=0x7ffdaa726690, retAddr=0x7f6c162276e9 (from BP=0x7ffdaa726630)
2026/01/14 16:20:16 [DEBUG] unwindFrame: 更新后 PC=0x7f6c162276e9, BP=0x7ffdaa726690, SP=0x7ffdaa7266a0
2026/01/14 16:20:16 [DEBUG] SFrameResolver.ResolveAddress: 解析地址 0x7f6c162276e9
2026/01/14 16:20:16 [DEBUG] SFrameResolver: 共享库地址, 路径: /usr/lib/libc.so.6, 偏移: 0x276e9
2026/01/14 16:20:16 [DEBUG] SFrameResolver: 找到共享库函数 __libc_start_main+0x89@libc.so.6
2026/01/14 16:20:16 [DEBUG] UnwindStack: Frame 11: PC=0x7f6c162276e9, SP=0x7ffdaa7266a0, BP=0x7ffdaa726690
2026/01/14 16:20:16 [DEBUG] unwindFrame: 读取 newBP=0x0, retAddr=0x55c77bba0095 (from BP=0x7ffdaa726690)
2026/01/14 16:20:16 [DEBUG] unwindFrame: 新BP为0，到达栈底
2026/01/14 16:20:16 [DEBUG] UnwindStack: 展开失败: reached end of stack (null BP)
2026/01/14 16:20:16 [DEBUG] UnwindStack: 总共展开了 12 帧

=== 详细栈帧信息 ===

帧 #0:
  程序计数器 (PC): 0x00007f6c1629318e
  栈指针     (SP): 0x00007ffdaa7264b0
  基址指针   (BP): 0x00007ffdaa7264c0
  函数: 0x9318e
  库: libc.so.6

帧 #1:
  程序计数器 (PC): 0x00007f6c162e3bd2
  栈指针     (SP): 0x00007ffdaa7264f0
  基址指针   (BP): 0x00007ffdaa7264e0
  函数: clock_nanosleep+0x32
  库: libc.so.6

帧 #2:
  程序计数器 (PC): 0x00007f6c162efc57
  栈指针     (SP): 0x00007ffdaa726500
  基址指针   (BP): 0x00007ffdaa7264f0
  函数: nanosleep+0x17
  库: libc.so.6

帧 #3:
  程序计数器 (PC): 0x00007f6c1630229e
  栈指针     (SP): 0x00007ffdaa726540
  基址指针   (BP): 0x00007ffdaa726530
  函数: sleep+0x3e
  库: libc.so.6

帧 #4:
  程序计数器 (PC): 0x000055c77bba01b1
  栈指针     (SP): 0x00007ffdaa726550
  基址指针   (BP): 0x00007ffdaa726540
  函数: function_level_5+0x48

帧 #5:
  程序计数器 (PC): 0x000055c77bba01cb
  栈指针     (SP): 0x00007ffdaa726560
  基址指针   (BP): 0x00007ffdaa726550
  函数: function_level_4+0x18

帧 #6:
  程序计数器 (PC): 0x000055c77bba01e6
  栈指针     (SP): 0x00007ffdaa726570
  基址指针   (BP): 0x00007ffdaa726560
  函数: function_level_3+0x18

帧 #7:
  程序计数器 (PC): 0x000055c77bba0201
  栈指针     (SP): 0x00007ffdaa726580
  基址指针   (BP): 0x00007ffdaa726570
  函数: function_level_2+0x18

帧 #8:
  程序计数器 (PC): 0x000055c77bba021c
  栈指针     (SP): 0x00007ffdaa726590
  基址指针   (BP): 0x00007ffdaa726580
  函数: function_level_1+0x18

帧 #9:
  程序计数器 (PC): 0x000055c77bba0263
  栈指针     (SP): 0x00007ffdaa7265a0
  基址指针   (BP): 0x00007ffdaa726590
  函数: main+0x44

帧 #10:
  程序计数器 (PC): 0x00007f6c16227635
  栈指针     (SP): 0x00007ffdaa726640
  基址指针   (BP): 0x00007ffdaa726630
  函数: 0x27635
  库: libc.so.6

帧 #11:
  程序计数器 (PC): 0x00007f6c162276e9
  栈指针     (SP): 0x00007ffdaa7266a0
  基址指针   (BP): 0x00007ffdaa726690
  函数: __libc_start_main+0x89
  库: libc.so.6

=== 统计信息 ===
总栈帧数: 12

各库栈帧数:
  libc.so.6                     : 6
  <main>                        : 6
