正在对进程 155947 进行栈回溯...
日志文件: ../log/stack_unwinding_155947_20260113_190201.log

2026/01/13 19:02:01 [DEBUG] NewSFrameResolver: 为PID 155947 创建SFrame解析器
2026/01/13 19:02:01 [DEBUG] NewSFrameResolver: 可执行文件: /home/ssy/lbr/test/test_stack_unwinding
2026/01/13 19:02:01 [DEBUG] NewSFrameResolver: 无法加载SFrame数据: no .sframe section found
2026/01/13 19:02:01 [DEBUG] loadSymbols: 加载了 29 个符号
2026/01/13 19:02:01 [DEBUG] GetProcessMaps: 读取进程 155947 的内存映射
2026/01/13 19:02:01 [DEBUG] GetProcessMaps: 读取到 24 个内存映射
2026/01/13 19:02:01 [DEBUG] loadBaseAddress: 基址=0x55f9eb7a2000, 结束=0x55f9eb7a3000, 偏移=0x1000
2026/01/13 19:02:01 [DEBUG] GetProcessMaps: 读取进程 155947 的内存映射
2026/01/13 19:02:01 [DEBUG] GetProcessMaps: 读取到 24 个内存映射
2026/01/13 19:02:01 [DEBUG] loadLibraryMapping: 加载共享库 /usr/lib/libc.so.6, 符号数: 3114
2026/01/13 19:02:01 [DEBUG] loadLibraryMapping: 加载共享库 /usr/lib/ld-linux-x86-64.so.2, 符号数: 32
2026/01/13 19:02:01 [DEBUG] loadLibraryMappings: 加载了 2 个共享库映射
2026/01/13 19:02:01 [DEBUG] NewSFrameResolver: SFrame解析器创建成功
最大栈帧数: 32

2026/01/13 19:02:01 [DEBUG] GetRegisters: PC=0x7f79c269318e, SP=0x7ffd44ecd460, BP=0x7ffd44ecd470 (via ptrace)
2026/01/13 19:02:01 [DEBUG] SFrameResolver.ResolveAddress: 解析地址 0x7f79c269318e
2026/01/13 19:02:01 [DEBUG] SFrameResolver: 共享库地址, 路径: /usr/lib/libc.so.6, 偏移: 0x9318e
2026/01/13 19:02:01 [DEBUG] SFrameResolver: 未找到符号，使用偏移 0x9318e@libc.so.6
2026/01/13 19:02:01 [DEBUG] UnwindStack: Frame 0: PC=0x7f79c269318e, SP=0x7ffd44ecd460, BP=0x7ffd44ecd470
2026/01/13 19:02:01 [DEBUG] unwindFrame: 读取 newBP=0x7ffd44ecd490, retAddr=0x7f79c26e3bd2 (from BP=0x7ffd44ecd470)
2026/01/13 19:02:01 [DEBUG] unwindFrame: 更新后 PC=0x7f79c26e3bd2, BP=0x7ffd44ecd490, SP=0x7ffd44ecd4a0
2026/01/13 19:02:01 [DEBUG] SFrameResolver.ResolveAddress: 解析地址 0x7f79c26e3bd2
2026/01/13 19:02:01 [DEBUG] SFrameResolver: 共享库地址, 路径: /usr/lib/libc.so.6, 偏移: 0xe3bd2
2026/01/13 19:02:01 [DEBUG] SFrameResolver: 找到共享库函数 clock_nanosleep+0x32@libc.so.6
2026/01/13 19:02:01 [DEBUG] UnwindStack: Frame 1: PC=0x7f79c26e3bd2, SP=0x7ffd44ecd4a0, BP=0x7ffd44ecd490
2026/01/13 19:02:01 [DEBUG] unwindFrame: 读取 newBP=0x7ffd44ecd4a0, retAddr=0x7f79c26efc57 (from BP=0x7ffd44ecd490)
2026/01/13 19:02:01 [DEBUG] unwindFrame: 更新后 PC=0x7f79c26efc57, BP=0x7ffd44ecd4a0, SP=0x7ffd44ecd4b0
2026/01/13 19:02:01 [DEBUG] SFrameResolver.ResolveAddress: 解析地址 0x7f79c26efc57
2026/01/13 19:02:01 [DEBUG] SFrameResolver: 共享库地址, 路径: /usr/lib/libc.so.6, 偏移: 0xefc57
2026/01/13 19:02:01 [DEBUG] SFrameResolver: 找到共享库函数 nanosleep+0x17@libc.so.6
2026/01/13 19:02:01 [DEBUG] UnwindStack: Frame 2: PC=0x7f79c26efc57, SP=0x7ffd44ecd4b0, BP=0x7ffd44ecd4a0
2026/01/13 19:02:01 [DEBUG] unwindFrame: 读取 newBP=0x7ffd44ecd4e0, retAddr=0x7f79c270229e (from BP=0x7ffd44ecd4a0)
2026/01/13 19:02:01 [DEBUG] unwindFrame: 更新后 PC=0x7f79c270229e, BP=0x7ffd44ecd4e0, SP=0x7ffd44ecd4f0
2026/01/13 19:02:01 [DEBUG] SFrameResolver.ResolveAddress: 解析地址 0x7f79c270229e
2026/01/13 19:02:01 [DEBUG] SFrameResolver: 共享库地址, 路径: /usr/lib/libc.so.6, 偏移: 0x10229e
2026/01/13 19:02:01 [DEBUG] SFrameResolver: 找到共享库函数 sleep+0x3e@libc.so.6
2026/01/13 19:02:01 [DEBUG] UnwindStack: Frame 3: PC=0x7f79c270229e, SP=0x7ffd44ecd4f0, BP=0x7ffd44ecd4e0
2026/01/13 19:02:01 [DEBUG] unwindFrame: 读取 newBP=0x7ffd44ecd4f0, retAddr=0x55f9eb7a21b1 (from BP=0x7ffd44ecd4e0)
2026/01/13 19:02:01 [DEBUG] unwindFrame: 更新后 PC=0x55f9eb7a21b1, BP=0x7ffd44ecd4f0, SP=0x7ffd44ecd500
2026/01/13 19:02:01 [DEBUG] SFrameResolver.ResolveAddress: 解析地址 0x55f9eb7a21b1
2026/01/13 19:02:01 [DEBUG] SFrameResolver: 主程序地址，文件偏移 0x11b1
2026/01/13 19:02:01 [DEBUG] SFrameResolver: 找到函数 function_level_5+0x48
2026/01/13 19:02:01 [DEBUG] UnwindStack: Frame 4: PC=0x55f9eb7a21b1, SP=0x7ffd44ecd500, BP=0x7ffd44ecd4f0
2026/01/13 19:02:01 [DEBUG] unwindFrame: 读取 newBP=0x7ffd44ecd500, retAddr=0x55f9eb7a21cb (from BP=0x7ffd44ecd4f0)
2026/01/13 19:02:01 [DEBUG] unwindFrame: 更新后 PC=0x55f9eb7a21cb, BP=0x7ffd44ecd500, SP=0x7ffd44ecd510
2026/01/13 19:02:01 [DEBUG] SFrameResolver.ResolveAddress: 解析地址 0x55f9eb7a21cb
2026/01/13 19:02:01 [DEBUG] SFrameResolver: 主程序地址，文件偏移 0x11cb
2026/01/13 19:02:01 [DEBUG] SFrameResolver: 找到函数 function_level_4+0x18
2026/01/13 19:02:01 [DEBUG] UnwindStack: Frame 5: PC=0x55f9eb7a21cb, SP=0x7ffd44ecd510, BP=0x7ffd44ecd500
2026/01/13 19:02:01 [DEBUG] unwindFrame: 读取 newBP=0x7ffd44ecd510, retAddr=0x55f9eb7a21e6 (from BP=0x7ffd44ecd500)
2026/01/13 19:02:01 [DEBUG] unwindFrame: 更新后 PC=0x55f9eb7a21e6, BP=0x7ffd44ecd510, SP=0x7ffd44ecd520
2026/01/13 19:02:01 [DEBUG] SFrameResolver.ResolveAddress: 解析地址 0x55f9eb7a21e6
2026/01/13 19:02:01 [DEBUG] SFrameResolver: 主程序地址，文件偏移 0x11e6
2026/01/13 19:02:01 [DEBUG] SFrameResolver: 找到函数 function_level_3+0x18
2026/01/13 19:02:01 [DEBUG] UnwindStack: Frame 6: PC=0x55f9eb7a21e6, SP=0x7ffd44ecd520, BP=0x7ffd44ecd510
2026/01/13 19:02:01 [DEBUG] unwindFrame: 读取 newBP=0x7ffd44ecd520, retAddr=0x55f9eb7a2201 (from BP=0x7ffd44ecd510)
2026/01/13 19:02:01 [DEBUG] unwindFrame: 更新后 PC=0x55f9eb7a2201, BP=0x7ffd44ecd520, SP=0x7ffd44ecd530
2026/01/13 19:02:01 [DEBUG] SFrameResolver.ResolveAddress: 解析地址 0x55f9eb7a2201
2026/01/13 19:02:01 [DEBUG] SFrameResolver: 主程序地址，文件偏移 0x1201
2026/01/13 19:02:01 [DEBUG] SFrameResolver: 找到函数 function_level_2+0x18
2026/01/13 19:02:01 [DEBUG] UnwindStack: Frame 7: PC=0x55f9eb7a2201, SP=0x7ffd44ecd530, BP=0x7ffd44ecd520
2026/01/13 19:02:01 [DEBUG] unwindFrame: 读取 newBP=0x7ffd44ecd530, retAddr=0x55f9eb7a221c (from BP=0x7ffd44ecd520)
2026/01/13 19:02:01 [DEBUG] unwindFrame: 更新后 PC=0x55f9eb7a221c, BP=0x7ffd44ecd530, SP=0x7ffd44ecd540
2026/01/13 19:02:01 [DEBUG] SFrameResolver.ResolveAddress: 解析地址 0x55f9eb7a221c
2026/01/13 19:02:01 [DEBUG] SFrameResolver: 主程序地址，文件偏移 0x121c
2026/01/13 19:02:01 [DEBUG] SFrameResolver: 找到函数 function_level_1+0x18
2026/01/13 19:02:01 [DEBUG] UnwindStack: Frame 8: PC=0x55f9eb7a221c, SP=0x7ffd44ecd540, BP=0x7ffd44ecd530
2026/01/13 19:02:01 [DEBUG] unwindFrame: 读取 newBP=0x7ffd44ecd540, retAddr=0x55f9eb7a2263 (from BP=0x7ffd44ecd530)
2026/01/13 19:02:01 [DEBUG] unwindFrame: 更新后 PC=0x55f9eb7a2263, BP=0x7ffd44ecd540, SP=0x7ffd44ecd550
2026/01/13 19:02:01 [DEBUG] SFrameResolver.ResolveAddress: 解析地址 0x55f9eb7a2263
2026/01/13 19:02:01 [DEBUG] SFrameResolver: 主程序地址，文件偏移 0x1263
2026/01/13 19:02:01 [DEBUG] SFrameResolver: 找到函数 main+0x44
2026/01/13 19:02:01 [DEBUG] UnwindStack: Frame 9: PC=0x55f9eb7a2263, SP=0x7ffd44ecd550, BP=0x7ffd44ecd540
2026/01/13 19:02:01 [DEBUG] unwindFrame: 读取 newBP=0x7ffd44ecd5e0, retAddr=0x7f79c2627635 (from BP=0x7ffd44ecd540)
2026/01/13 19:02:01 [DEBUG] unwindFrame: 更新后 PC=0x7f79c2627635, BP=0x7ffd44ecd5e0, SP=0x7ffd44ecd5f0
2026/01/13 19:02:01 [DEBUG] SFrameResolver.ResolveAddress: 解析地址 0x7f79c2627635
2026/01/13 19:02:01 [DEBUG] SFrameResolver: 共享库地址, 路径: /usr/lib/libc.so.6, 偏移: 0x27635
2026/01/13 19:02:01 [DEBUG] SFrameResolver: 未找到符号，使用偏移 0x27635@libc.so.6
2026/01/13 19:02:01 [DEBUG] UnwindStack: Frame 10: PC=0x7f79c2627635, SP=0x7ffd44ecd5f0, BP=0x7ffd44ecd5e0
2026/01/13 19:02:01 [DEBUG] unwindFrame: 读取 newBP=0x7ffd44ecd640, retAddr=0x7f79c26276e9 (from BP=0x7ffd44ecd5e0)
2026/01/13 19:02:01 [DEBUG] unwindFrame: 更新后 PC=0x7f79c26276e9, BP=0x7ffd44ecd640, SP=0x7ffd44ecd650
2026/01/13 19:02:01 [DEBUG] SFrameResolver.ResolveAddress: 解析地址 0x7f79c26276e9
2026/01/13 19:02:01 [DEBUG] SFrameResolver: 共享库地址, 路径: /usr/lib/libc.so.6, 偏移: 0x276e9
2026/01/13 19:02:01 [DEBUG] SFrameResolver: 找到共享库函数 __libc_start_main+0x89@libc.so.6
2026/01/13 19:02:01 [DEBUG] UnwindStack: Frame 11: PC=0x7f79c26276e9, SP=0x7ffd44ecd650, BP=0x7ffd44ecd640
2026/01/13 19:02:01 [DEBUG] unwindFrame: 读取 newBP=0x0, retAddr=0x55f9eb7a2095 (from BP=0x7ffd44ecd640)
2026/01/13 19:02:01 [DEBUG] unwindFrame: 新BP为0，到达栈底
2026/01/13 19:02:01 [DEBUG] UnwindStack: 展开失败: reached end of stack (null BP)
2026/01/13 19:02:01 [DEBUG] UnwindStack: 总共展开了 12 帧

=== 详细栈帧信息 ===

帧 #0:
  程序计数器 (PC): 0x00007f79c269318e
  栈指针     (SP): 0x00007ffd44ecd460
  基址指针   (BP): 0x00007ffd44ecd470
  函数: 0x9318e
  库: libc.so.6

帧 #1:
  程序计数器 (PC): 0x00007f79c26e3bd2
  栈指针     (SP): 0x00007ffd44ecd4a0
  基址指针   (BP): 0x00007ffd44ecd490
  函数: clock_nanosleep+0x32
  库: libc.so.6

帧 #2:
  程序计数器 (PC): 0x00007f79c26efc57
  栈指针     (SP): 0x00007ffd44ecd4b0
  基址指针   (BP): 0x00007ffd44ecd4a0
  函数: nanosleep+0x17
  库: libc.so.6

帧 #3:
  程序计数器 (PC): 0x00007f79c270229e
  栈指针     (SP): 0x00007ffd44ecd4f0
  基址指针   (BP): 0x00007ffd44ecd4e0
  函数: sleep+0x3e
  库: libc.so.6

帧 #4:
  程序计数器 (PC): 0x000055f9eb7a21b1
  栈指针     (SP): 0x00007ffd44ecd500
  基址指针   (BP): 0x00007ffd44ecd4f0
  函数: function_level_5+0x48

帧 #5:
  程序计数器 (PC): 0x000055f9eb7a21cb
  栈指针     (SP): 0x00007ffd44ecd510
  基址指针   (BP): 0x00007ffd44ecd500
  函数: function_level_4+0x18

帧 #6:
  程序计数器 (PC): 0x000055f9eb7a21e6
  栈指针     (SP): 0x00007ffd44ecd520
  基址指针   (BP): 0x00007ffd44ecd510
  函数: function_level_3+0x18

帧 #7:
  程序计数器 (PC): 0x000055f9eb7a2201
  栈指针     (SP): 0x00007ffd44ecd530
  基址指针   (BP): 0x00007ffd44ecd520
  函数: function_level_2+0x18

帧 #8:
  程序计数器 (PC): 0x000055f9eb7a221c
  栈指针     (SP): 0x00007ffd44ecd540
  基址指针   (BP): 0x00007ffd44ecd530
  函数: function_level_1+0x18

帧 #9:
  程序计数器 (PC): 0x000055f9eb7a2263
  栈指针     (SP): 0x00007ffd44ecd550
  基址指针   (BP): 0x00007ffd44ecd540
  函数: main+0x44

帧 #10:
  程序计数器 (PC): 0x00007f79c2627635
  栈指针     (SP): 0x00007ffd44ecd5f0
  基址指针   (BP): 0x00007ffd44ecd5e0
  函数: 0x27635
  库: libc.so.6

帧 #11:
  程序计数器 (PC): 0x00007f79c26276e9
  栈指针     (SP): 0x00007ffd44ecd650
  基址指针   (BP): 0x00007ffd44ecd640
  函数: __libc_start_main+0x89
  库: libc.so.6

=== 统计信息 ===
总栈帧数: 12

各库栈帧数:
  libc.so.6                     : 6
  <main>                        : 6
