正在对进程 151382 进行栈回溯...
日志文件: ../log/stack_unwinding_151382_20260312_175910.log

2026/03/12 17:59:10 [DEBUG] NewSFrameResolver: 为PID 151382 创建SFrame解析器
2026/03/12 17:59:10 [DEBUG] NewSFrameResolver: 可执行文件: /home/ssy/lbr/test/test_stack_unwinding2
2026/03/12 17:59:10 sframe.Header.Magic : 0xdee2
2026/03/12 17:59:10 sframe.Header.Version : 3
2026/03/12 17:59:10 sframe.Header.Flags : 0x5
2026/03/12 17:59:10 sframe.Header.ABI : 3 (AMD64 little-endian)
2026/03/12 17:59:10 sframe.Header.FixedFPOffset : 0
2026/03/12 17:59:10 sframe.Header.FixedRAOffset : -8
2026/03/12 17:59:10 sframe.Header.AuxHdrLen : 0
2026/03/12 17:59:10 sframe.Header.NumFDEs : 24
2026/03/12 17:59:10 sframe.Header.NumFREs : 92
2026/03/12 17:59:10 sframe.Header.FRELen : 466
2026/03/12 17:59:10 sframe.Header.FDEOff : 0
2026/03/12 17:59:10 sframe.Header.FREOff : 384
2026/03/12 17:59:10 StartAddr=0x1020(pcrel_raw=0xffffffffffffec14), Size=16, StartFREOff=444
2026/03/12 17:59:10 StartAddr=0x1030(pcrel_raw=0xffffffffffffec14), Size=32, StartFREOff=455
2026/03/12 17:59:10 StartAddr=0x1149(pcrel_raw=0xffffffffffffed1d), Size=20, StartFREOff=0
2026/03/12 17:59:10 StartAddr=0x115d(pcrel_raw=0xffffffffffffed21), Size=235, StartFREOff=20
2026/03/12 17:59:10 StartAddr=0x1248(pcrel_raw=0xffffffffffffedfc), Size=69, StartFREOff=40
2026/03/12 17:59:10 StartAddr=0x128d(pcrel_raw=0xffffffffffffee31), Size=59, StartFREOff=60
2026/03/12 17:59:10 StartAddr=0x12c8(pcrel_raw=0xffffffffffffee5c), Size=12, StartFREOff=80
2026/03/12 17:59:10 StartAddr=0x12d4(pcrel_raw=0xffffffffffffee58), Size=56, StartFREOff=100
2026/03/12 17:59:10 StartAddr=0x130c(pcrel_raw=0xffffffffffffee80), Size=92, StartFREOff=120
2026/03/12 17:59:10 StartAddr=0x1368(pcrel_raw=0xffffffffffffeecc), Size=64, StartFREOff=140
2026/03/12 17:59:10 StartAddr=0x13a8(pcrel_raw=0xffffffffffffeefc), Size=26, StartFREOff=160
2026/03/12 17:59:10 StartAddr=0x13c2(pcrel_raw=0xffffffffffffef06), Size=26, StartFREOff=180
2026/03/12 17:59:10 StartAddr=0x13dc(pcrel_raw=0xffffffffffffef10), Size=69, StartFREOff=200
2026/03/12 17:59:10 StartAddr=0x1421(pcrel_raw=0xffffffffffffef45), Size=128, StartFREOff=220
2026/03/12 17:59:10 StartAddr=0x14a1(pcrel_raw=0xffffffffffffefb5), Size=23, StartFREOff=240
2026/03/12 17:59:10 StartAddr=0x14b8(pcrel_raw=0xffffffffffffefbc), Size=26, StartFREOff=260
2026/03/12 17:59:10 StartAddr=0x14d2(pcrel_raw=0xffffffffffffefc6), Size=26, StartFREOff=280
2026/03/12 17:59:10 StartAddr=0x14ec(pcrel_raw=0xffffffffffffefd0), Size=26, StartFREOff=300
2026/03/12 17:59:10 StartAddr=0x1506(pcrel_raw=0xffffffffffffefda), Size=61, StartFREOff=320
2026/03/12 17:59:10 StartAddr=0x1543(pcrel_raw=0xfffffffffffff007), Size=100, StartFREOff=340
2026/03/12 17:59:10 StartAddr=0x15a7(pcrel_raw=0xfffffffffffff05b), Size=23, StartFREOff=360
2026/03/12 17:59:10 StartAddr=0x15be(pcrel_raw=0xfffffffffffff062), Size=23, StartFREOff=380
2026/03/12 17:59:10 StartAddr=0x15d5(pcrel_raw=0xfffffffffffff069), Size=30, StartFREOff=400
2026/03/12 17:59:10 StartAddr=0x15f3(pcrel_raw=0xfffffffffffff077), Size=802, StartFREOff=420
2026/03/12 17:59:10 [DEBUG] parseSFrameDataFromELF: V3 FDE[0] 属性: NumFREs=2, FuncInfo=0x0(fre_type=0,pctype=0,signal=false), FuncInfo2=0x0(fde_type=0), RepSize=0
2026/03/12 17:59:10 [DEBUG] parseSFrameDataFromELF: V3 FDE[1] 属性: NumFREs=2, FuncInfo=0x10(fre_type=0,pctype=1,signal=false), FuncInfo2=0x0(fde_type=0), RepSize=16
2026/03/12 17:59:10 [DEBUG] parseSFrameDataFromELF: V3 FDE[2] 属性: NumFREs=4, FuncInfo=0x0(fre_type=0,pctype=0,signal=false), FuncInfo2=0x0(fde_type=0), RepSize=0
2026/03/12 17:59:10 [DEBUG] parseSFrameDataFromELF: V3 FDE[3] 属性: NumFREs=4, FuncInfo=0x0(fre_type=0,pctype=0,signal=false), FuncInfo2=0x0(fde_type=0), RepSize=0
2026/03/12 17:59:10 [DEBUG] parseSFrameDataFromELF: V3 FDE[4] 属性: NumFREs=4, FuncInfo=0x0(fre_type=0,pctype=0,signal=false), FuncInfo2=0x0(fde_type=0), RepSize=0
2026/03/12 17:59:10 [DEBUG] parseSFrameDataFromELF: V3 FDE[5] 属性: NumFREs=4, FuncInfo=0x0(fre_type=0,pctype=0,signal=false), FuncInfo2=0x0(fde_type=0), RepSize=0
2026/03/12 17:59:10 [DEBUG] parseSFrameDataFromELF: V3 FDE[6] 属性: NumFREs=4, FuncInfo=0x0(fre_type=0,pctype=0,signal=false), FuncInfo2=0x0(fde_type=0), RepSize=0
2026/03/12 17:59:10 [DEBUG] parseSFrameDataFromELF: V3 FDE[7] 属性: NumFREs=4, FuncInfo=0x0(fre_type=0,pctype=0,signal=false), FuncInfo2=0x0(fde_type=0), RepSize=0
2026/03/12 17:59:10 [DEBUG] parseSFrameDataFromELF: V3 FDE[8] 属性: NumFREs=4, FuncInfo=0x0(fre_type=0,pctype=0,signal=false), FuncInfo2=0x0(fde_type=0), RepSize=0
2026/03/12 17:59:10 [DEBUG] parseSFrameDataFromELF: V3 FDE[9] 属性: NumFREs=4, FuncInfo=0x0(fre_type=0,pctype=0,signal=false), FuncInfo2=0x0(fde_type=0), RepSize=0
2026/03/12 17:59:10 [DEBUG] parseSFrameDataFromELF: V3 FDE[10] 属性: NumFREs=4, FuncInfo=0x0(fre_type=0,pctype=0,signal=false), FuncInfo2=0x0(fde_type=0), RepSize=0
2026/03/12 17:59:10 [DEBUG] parseSFrameDataFromELF: V3 FDE[11] 属性: NumFREs=4, FuncInfo=0x0(fre_type=0,pctype=0,signal=false), FuncInfo2=0x0(fde_type=0), RepSize=0
2026/03/12 17:59:10 [DEBUG] parseSFrameDataFromELF: V3 FDE[12] 属性: NumFREs=4, FuncInfo=0x0(fre_type=0,pctype=0,signal=false), FuncInfo2=0x0(fde_type=0), RepSize=0
2026/03/12 17:59:10 [DEBUG] parseSFrameDataFromELF: V3 FDE[13] 属性: NumFREs=4, FuncInfo=0x0(fre_type=0,pctype=0,signal=false), FuncInfo2=0x0(fde_type=0), RepSize=0
2026/03/12 17:59:10 [DEBUG] parseSFrameDataFromELF: V3 FDE[14] 属性: NumFREs=4, FuncInfo=0x0(fre_type=0,pctype=0,signal=false), FuncInfo2=0x0(fde_type=0), RepSize=0
2026/03/12 17:59:10 [DEBUG] parseSFrameDataFromELF: V3 FDE[15] 属性: NumFREs=4, FuncInfo=0x0(fre_type=0,pctype=0,signal=false), FuncInfo2=0x0(fde_type=0), RepSize=0
2026/03/12 17:59:10 [DEBUG] parseSFrameDataFromELF: V3 FDE[16] 属性: NumFREs=4, FuncInfo=0x0(fre_type=0,pctype=0,signal=false), FuncInfo2=0x0(fde_type=0), RepSize=0
2026/03/12 17:59:10 [DEBUG] parseSFrameDataFromELF: V3 FDE[17] 属性: NumFREs=4, FuncInfo=0x0(fre_type=0,pctype=0,signal=false), FuncInfo2=0x0(fde_type=0), RepSize=0
2026/03/12 17:59:10 [DEBUG] parseSFrameDataFromELF: V3 FDE[18] 属性: NumFREs=4, FuncInfo=0x0(fre_type=0,pctype=0,signal=false), FuncInfo2=0x0(fde_type=0), RepSize=0
2026/03/12 17:59:10 [DEBUG] parseSFrameDataFromELF: V3 FDE[19] 属性: NumFREs=4, FuncInfo=0x0(fre_type=0,pctype=0,signal=false), FuncInfo2=0x0(fde_type=0), RepSize=0
2026/03/12 17:59:10 [DEBUG] parseSFrameDataFromELF: V3 FDE[20] 属性: NumFREs=4, FuncInfo=0x0(fre_type=0,pctype=0,signal=false), FuncInfo2=0x0(fde_type=0), RepSize=0
2026/03/12 17:59:10 [DEBUG] parseSFrameDataFromELF: V3 FDE[21] 属性: NumFREs=4, FuncInfo=0x0(fre_type=0,pctype=0,signal=false), FuncInfo2=0x0(fde_type=0), RepSize=0
2026/03/12 17:59:10 [DEBUG] parseSFrameDataFromELF: V3 FDE[22] 属性: NumFREs=4, FuncInfo=0x0(fre_type=0,pctype=0,signal=false), FuncInfo2=0x0(fde_type=0), RepSize=0
2026/03/12 17:59:10 [DEBUG] parseSFrameDataFromELF: V3 FDE[23] 属性: NumFREs=4, FuncInfo=0x1(fre_type=1,pctype=0,signal=false), FuncInfo2=0x0(fde_type=0), RepSize=0
2026/03/12 17:59:10 [DEBUG] parseSFrameDataFromELF: 成功解析 24 个SFrame FDE, Version=3
2026/03/12 17:59:10 [DEBUG] parseSFrameDataFromELF: FRE数据位于偏移 412, 总长度 466
2026/03/12 17:59:10 [DEBUG] loadSFrameData: SFrame Magic=0xdee2, Version=3, ABI=3 (AMD64 little-endian), NumFDEs=24
2026/03/12 17:59:10 [DEBUG] NewSFrameResolver: 成功加载SFrame数据
2026/03/12 17:59:10 [DEBUG] loadSymbols: 加载了 4 个PLT符号
2026/03/12 17:59:10 [DEBUG] loadSymbols: 加载了 50 个符号（含PLT）
2026/03/12 17:59:10 [DEBUG] GetProcessMaps: 读取进程 151382 的内存映射
2026/03/12 17:59:10 [DEBUG] GetProcessMaps: 读取到 23 个内存映射
2026/03/12 17:59:10 [DEBUG] loadBaseAddress: 基址=0x55cceff13000, 结束=0x55cceff14000, 偏移=0x1000
2026/03/12 17:59:10 [DEBUG] GetProcessMaps: 读取进程 151382 的内存映射
2026/03/12 17:59:10 [DEBUG] GetProcessMaps: 读取到 23 个内存映射
2026/03/12 17:59:10 [DEBUG] loadLibraryMapping: 加载共享库SFrame数据失败 /usr/lib/libc.so.6: no .sframe section found
2026/03/12 17:59:10 [DEBUG] loadLibraryMapping: 加载共享库 /usr/lib/libc.so.6, 符号数: 3121, SFrame: false
2026/03/12 17:59:10 [DEBUG] loadLibraryMapping: 加载共享库SFrame数据失败 /usr/lib/ld-linux-x86-64.so.2: no .sframe section found
2026/03/12 17:59:10 [DEBUG] loadLibraryMapping: 加载共享库 /usr/lib/ld-linux-x86-64.so.2, 符号数: 32, SFrame: false
2026/03/12 17:59:10 [DEBUG] loadLibraryMappings: 加载了 2 个共享库映射
2026/03/12 17:59:10 [DEBUG] NewSFrameResolver: SFrame解析器创建成功
最大栈帧数: 32
栈展开方法: fp

使用帧指针 (FP) 栈展开...
2026/03/12 17:59:10 [DEBUG] GetRegisters: PC=0x55cceff132fb, SP=0x7ffe034ba3b0, BP=0x7ffe034ba3b0 (via ptrace)
2026/03/12 17:59:10 [DEBUG] SFrameResolver.ResolveAddress: 解析地址 0x55cceff132fb
2026/03/12 17:59:10 [DEBUG] SFrameResolver: 主程序地址，文件偏移 0x12fb
2026/03/12 17:59:10 [DEBUG] SFrameResolver: 找到函数 sum_even_numbers+0x27
2026/03/12 17:59:10 [DEBUG] UnwindStackWithFP: Frame 0: PC=0x55cceff132fb, SP=0x7ffe034ba3b0, BP=0x7ffe034ba3b0
2026/03/12 17:59:10 [DEBUG] unwindFrameWithFP: 读取 newBP=0x7ffe034ba4f0, retAddr=0x55cceff13701 (from BP=0x7ffe034ba3b0)
2026/03/12 17:59:10 [DEBUG] unwindFrameWithFP: 更新后 PC=0x55cceff13701, BP=0x7ffe034ba4f0, SP=0x7ffe034ba4f0
2026/03/12 17:59:10 [DEBUG] SFrameResolver.ResolveAddress: 解析地址 0x55cceff13701
2026/03/12 17:59:10 [DEBUG] SFrameResolver: 主程序地址，文件偏移 0x1701
2026/03/12 17:59:10 [DEBUG] SFrameResolver: 找到函数 main+0x10e
2026/03/12 17:59:10 [DEBUG] UnwindStackWithFP: Frame 1: PC=0x55cceff13701, SP=0x7ffe034ba4f0, BP=0x7ffe034ba4f0
2026/03/12 17:59:10 [DEBUG] unwindFrameWithFP: 读取 newBP=0x7ffe034ba5a0, retAddr=0x7ff70da1f6c1 (from BP=0x7ffe034ba4f0)
2026/03/12 17:59:10 [DEBUG] unwindFrameWithFP: 更新后 PC=0x7ff70da1f6c1, BP=0x7ffe034ba5a0, SP=0x7ffe034ba5a0
2026/03/12 17:59:10 [DEBUG] SFrameResolver.ResolveAddress: 解析地址 0x7ff70da1f6c1
2026/03/12 17:59:10 [DEBUG] SFrameResolver: 共享库地址, 路径: /usr/lib/libc.so.6, 偏移: 0x276c1
2026/03/12 17:59:10 [DEBUG] SFrameResolver: 找到共享库函数 __libc_init_first+0x91@libc.so.6
2026/03/12 17:59:10 [DEBUG] UnwindStackWithFP: Frame 2: PC=0x7ff70da1f6c1, SP=0x7ffe034ba5a0, BP=0x7ffe034ba5a0
2026/03/12 17:59:10 [DEBUG] unwindFrameWithFP: 读取 newBP=0x7ffe034ba600, retAddr=0x7ff70da1f7f9 (from BP=0x7ffe034ba5a0)
2026/03/12 17:59:10 [DEBUG] unwindFrameWithFP: 更新后 PC=0x7ff70da1f7f9, BP=0x7ffe034ba600, SP=0x7ffe034ba600
2026/03/12 17:59:10 [DEBUG] SFrameResolver.ResolveAddress: 解析地址 0x7ff70da1f7f9
2026/03/12 17:59:10 [DEBUG] SFrameResolver: 共享库地址, 路径: /usr/lib/libc.so.6, 偏移: 0x277f9
2026/03/12 17:59:10 [DEBUG] SFrameResolver: 找到共享库函数 __libc_start_main+0x89@libc.so.6
2026/03/12 17:59:10 [DEBUG] UnwindStackWithFP: Frame 3: PC=0x7ff70da1f7f9, SP=0x7ffe034ba600, BP=0x7ffe034ba600
2026/03/12 17:59:10 [DEBUG] unwindFrameWithFP: 读取 newBP=0x0, retAddr=0x55cceff13075 (from BP=0x7ffe034ba600)
2026/03/12 17:59:10 [DEBUG] unwindFrameWithFP: 新BP为0，到达栈底
2026/03/12 17:59:10 [DEBUG] UnwindStackWithFP: FP展开失败: reached end of stack (null BP)
2026/03/12 17:59:10 [DEBUG] UnwindStackWithFP: 总共展开了 4 帧

=== 详细栈帧信息 ===

帧 #0:
  程序计数器 (PC): 0x000055cceff132fb
  栈指针     (SP): 0x00007ffe034ba3b0
  基址指针   (BP): 0x00007ffe034ba3b0
  函数: sum_even_numbers+0x27

帧 #1:
  程序计数器 (PC): 0x000055cceff13701
  栈指针     (SP): 0x00007ffe034ba4f0
  基址指针   (BP): 0x00007ffe034ba4f0
  函数: main+0x10e

帧 #2:
  程序计数器 (PC): 0x00007ff70da1f6c1
  栈指针     (SP): 0x00007ffe034ba5a0
  基址指针   (BP): 0x00007ffe034ba5a0
  函数: __libc_init_first+0x91
  库: libc.so.6

帧 #3:
  程序计数器 (PC): 0x00007ff70da1f7f9
  栈指针     (SP): 0x00007ffe034ba600
  基址指针   (BP): 0x00007ffe034ba600
  函数: __libc_start_main+0x89
  库: libc.so.6

=== 统计信息 ===
总栈帧数: 4

各库栈帧数:
  <main>                        : 2
  libc.so.6                     : 2
