正在对进程 7741 进行栈回溯...
日志文件: ../log/stack_unwinding_7741_20260309_215001.log

2026/03/09 21:50:01 [DEBUG] NewSFrameResolver: 为PID 7741 创建SFrame解析器
2026/03/09 21:50:01 [DEBUG] NewSFrameResolver: 可执行文件: /home/ssy/lbr/test/test_stack_unwinding
2026/03/09 21:50:01 [DEBUG] loadSFrameData: SFrame Magic=0xdee2, Version=3, Flags=0x5
2026/03/09 21:50:01 [DEBUG] loadSFrameData: ABI=3 (AMD64 little-endian)
2026/03/09 21:50:01 [DEBUG] loadSFrameData: FixedFPOffset=0, FixedRAOffset=-8, AuxHdrLen=0
2026/03/09 21:50:01 [DEBUG] loadSFrameData: NumFDEs=8, NumFREs=27, FRELen=138, FDEOff=0, FREOff=128
2026/03/09 21:50:01 [DEBUG] loadSFrameData: 成功解析 8 个SFrame FDE
2026/03/09 21:50:01 [DEBUG] loadSFrameData: FRE数据位于偏移 156, 总长度 138
2026/03/09 21:50:01 [DEBUG] NewSFrameResolver: 成功加载SFrame数据
2026/03/09 21:50:01 [DEBUG] loadSymbols: 加载了 29 个符号
2026/03/09 21:50:01 [DEBUG] GetProcessMaps: 读取进程 7741 的内存映射
2026/03/09 21:50:01 [DEBUG] GetProcessMaps: 读取到 24 个内存映射
2026/03/09 21:50:01 [DEBUG] loadBaseAddress: 基址=0x55da54828000, 结束=0x55da54829000, 偏移=0x1000
2026/03/09 21:50:01 [DEBUG] GetProcessMaps: 读取进程 7741 的内存映射
2026/03/09 21:50:01 [DEBUG] GetProcessMaps: 读取到 24 个内存映射
2026/03/09 21:50:01 [DEBUG] loadLibraryMapping: 加载共享库 /usr/lib/libc.so.6, 符号数: 3121, SFrame: false
2026/03/09 21:50:01 [DEBUG] loadLibraryMapping: 加载共享库 /usr/lib/ld-linux-x86-64.so.2, 符号数: 32, SFrame: false
2026/03/09 21:50:01 [DEBUG] loadLibraryMappings: 加载了 2 个共享库映射
2026/03/09 21:50:01 [DEBUG] NewSFrameResolver: SFrame解析器创建成功
最大栈帧数: 32
栈展开方法: sframe

使用 SFrame 栈展开...
2026/03/09 21:50:01 [DEBUG] GetRegisters: PC=0x7f2246e893be, SP=0x7ffe2c2e4e80, BP=0x7ffe2c2e4e90 (via ptrace)
2026/03/09 21:50:01 [DEBUG] SFrameResolver.ResolveAddress: 解析地址 0x7f2246e893be
2026/03/09 21:50:01 [DEBUG] SFrameResolver: 共享库地址, 路径: /usr/lib/libc.so.6, 偏移: 0x933be
2026/03/09 21:50:01 [DEBUG] findSymbolInList: 候选符号 dladdr @ 0x92690, size=41, dist=0xd2e
2026/03/09 21:50:01 [DEBUG] findSymbolInList: 候选符号 dladdr @ 0x92690, size=41, dist=0xd2e
2026/03/09 21:50:01 [DEBUG] findSymbolInList: 候选符号 dlmopen @ 0x92e00, size=172, dist=0x5be
2026/03/09 21:50:01 [DEBUG] findSymbolInList: 候选符号 dlmopen @ 0x92e00, size=172, dist=0x5be
2026/03/09 21:50:01 [DEBUG] findSymbolInList: 候选符号 dlclose @ 0x92710, size=57, dist=0xcae
2026/03/09 21:50:01 [DEBUG] findSymbolInList: 候选符号 dlclose @ 0x92710, size=57, dist=0xcae
2026/03/09 21:50:01 [DEBUG] findSymbolInList: 候选符号 __libc_alloca_cutoff @ 0x932a0, size=47, dist=0x11e
2026/03/09 21:50:01 [DEBUG] findSymbolInList: 候选符号 _IO_str_pbackfail @ 0x92630, size=30, dist=0xd8e
2026/03/09 21:50:01 [DEBUG] findSymbolInList: 候选符号 dladdr1 @ 0x926c0, size=71, dist=0xcfe
2026/03/09 21:50:01 [DEBUG] findSymbolInList: 候选符号 dladdr1 @ 0x926c0, size=71, dist=0xcfe
2026/03/09 21:50:01 [DEBUG] findSymbolInList: 候选符号 dlsym @ 0x93020, size=193, dist=0x39e
2026/03/09 21:50:01 [DEBUG] findSymbolInList: 候选符号 dlsym @ 0x93020, size=193, dist=0x39e
2026/03/09 21:50:01 [DEBUG] findSymbolInList: 候选符号 dlopen @ 0x92f60, size=144, dist=0x45e
2026/03/09 21:50:01 [DEBUG] findSymbolInList: 候选符号 dlopen @ 0x92f60, size=144, dist=0x45e
2026/03/09 21:50:01 [DEBUG] findSymbolInList: 候选符号 dlerror @ 0x92750, size=525, dist=0xc6e
2026/03/09 21:50:01 [DEBUG] findSymbolInList: 候选符号 dlerror @ 0x92750, size=525, dist=0xc6e
2026/03/09 21:50:01 [DEBUG] findSymbolInList: 候选符号 dlinfo @ 0x92c70, size=140, dist=0x74e
2026/03/09 21:50:01 [DEBUG] findSymbolInList: 候选符号 dlinfo @ 0x92c70, size=140, dist=0x74e
2026/03/09 21:50:01 [DEBUG] findSymbolInList: 候选符号 dlvsym @ 0x93120, size=213, dist=0x29e
2026/03/09 21:50:01 [DEBUG] findSymbolInList: 候选符号 dlvsym @ 0x93120, size=213, dist=0x29e
2026/03/09 21:50:01 [DEBUG] findSymbolInList: 目标地址=0x933be, 检查了753个候选符号, 未找到合适的符号
2026/03/09 21:50:01 [DEBUG] SFrameResolver: 未找到符号，使用偏移 0x933be@libc.so.6
2026/03/09 21:50:01 [DEBUG] UnwindStackWithSFrame: Frame 0: PC=0x7f2246e893be, SP=0x7ffe2c2e4e80, BP=0x7ffe2c2e4e90
2026/03/09 21:50:01 [DEBUG] findSFrameFunction: 共享库无SFrame数据 lib=/usr/lib/libc.so.6
2026/03/09 21:50:01 [DEBUG] UnwindStackWithSFrame: SFrame展开失败: no SFrame info for PC 0x7f2246e893be
2026/03/09 21:50:01 [DEBUG] UnwindStackWithSFrame: 总共展开了 1 帧

=== 详细栈帧信息 ===

帧 #0:
  程序计数器 (PC): 0x00007f2246e893be
  栈指针     (SP): 0x00007ffe2c2e4e80
  基址指针   (BP): 0x00007ffe2c2e4e90
  函数: 0x933be
  库: libc.so.6

=== 统计信息 ===
总栈帧数: 1

各库栈帧数:
  libc.so.6                     : 1
