正在对进程 154521 进行栈回溯...
日志文件: ../log/stack_unwinding_154521_20260312_180538.log

2026/03/12 18:05:38 [DEBUG] NewSFrameResolver: 为PID 154521 创建SFrame解析器
2026/03/12 18:05:38 [DEBUG] NewSFrameResolver: 可执行文件: /home/ssy/lbr/test/test_stack_unwinding2
2026/03/12 18:05:38 sframe.Header.Magic : 0xdee2
2026/03/12 18:05:38 sframe.Header.Version : 3
2026/03/12 18:05:38 sframe.Header.Flags : 0x5
2026/03/12 18:05:38 sframe.Header.ABI : 3 (AMD64 little-endian)
2026/03/12 18:05:38 sframe.Header.FixedFPOffset : 0
2026/03/12 18:05:38 sframe.Header.FixedRAOffset : -8
2026/03/12 18:05:38 sframe.Header.AuxHdrLen : 0
2026/03/12 18:05:38 sframe.Header.NumFDEs : 10
2026/03/12 18:05:38 sframe.Header.NumFREs : 36
2026/03/12 18:05:38 sframe.Header.FRELen : 182
2026/03/12 18:05:38 sframe.Header.FDEOff : 0
2026/03/12 18:05:38 sframe.Header.FREOff : 160
2026/03/12 18:05:38 StartAddr=0x1020(pcrel_raw=0xffffffffffffee44), Size=16, StartFREOff=160
2026/03/12 18:05:38 StartAddr=0x1030(pcrel_raw=0xffffffffffffee44), Size=16, StartFREOff=171
2026/03/12 18:05:38 StartAddr=0x1139(pcrel_raw=0xffffffffffffef3d), Size=20, StartFREOff=0
2026/03/12 18:05:38 StartAddr=0x114d(pcrel_raw=0xffffffffffffef41), Size=235, StartFREOff=20
2026/03/12 18:05:38 StartAddr=0x1238(pcrel_raw=0xfffffffffffff01c), Size=69, StartFREOff=40
2026/03/12 18:05:38 StartAddr=0x127d(pcrel_raw=0xfffffffffffff051), Size=59, StartFREOff=60
2026/03/12 18:05:38 StartAddr=0x12b8(pcrel_raw=0xfffffffffffff07c), Size=12, StartFREOff=80
2026/03/12 18:05:38 StartAddr=0x12c4(pcrel_raw=0xfffffffffffff078), Size=50, StartFREOff=100
2026/03/12 18:05:38 StartAddr=0x12f6(pcrel_raw=0xfffffffffffff09a), Size=56, StartFREOff=120
2026/03/12 18:05:38 StartAddr=0x132e(pcrel_raw=0xfffffffffffff0c2), Size=150, StartFREOff=140
2026/03/12 18:05:38 [DEBUG] parseSFrameDataFromELF: V3 FDE[0] 属性: NumFREs=2, FuncInfo=0x0(fre_type=0,pctype=0,signal=false), FuncInfo2=0x0(fde_type=0), RepSize=0
2026/03/12 18:05:38 [DEBUG] parseSFrameDataFromELF: V3 FDE[1] 属性: NumFREs=2, FuncInfo=0x10(fre_type=0,pctype=1,signal=false), FuncInfo2=0x0(fde_type=0), RepSize=16
2026/03/12 18:05:38 [DEBUG] parseSFrameDataFromELF: V3 FDE[2] 属性: NumFREs=4, FuncInfo=0x0(fre_type=0,pctype=0,signal=false), FuncInfo2=0x0(fde_type=0), RepSize=0
2026/03/12 18:05:38 [DEBUG] parseSFrameDataFromELF: V3 FDE[3] 属性: NumFREs=4, FuncInfo=0x0(fre_type=0,pctype=0,signal=false), FuncInfo2=0x0(fde_type=0), RepSize=0
2026/03/12 18:05:38 [DEBUG] parseSFrameDataFromELF: V3 FDE[4] 属性: NumFREs=4, FuncInfo=0x0(fre_type=0,pctype=0,signal=false), FuncInfo2=0x0(fde_type=0), RepSize=0
2026/03/12 18:05:38 [DEBUG] parseSFrameDataFromELF: V3 FDE[5] 属性: NumFREs=4, FuncInfo=0x0(fre_type=0,pctype=0,signal=false), FuncInfo2=0x0(fde_type=0), RepSize=0
2026/03/12 18:05:38 [DEBUG] parseSFrameDataFromELF: V3 FDE[6] 属性: NumFREs=4, FuncInfo=0x0(fre_type=0,pctype=0,signal=false), FuncInfo2=0x0(fde_type=0), RepSize=0
2026/03/12 18:05:38 [DEBUG] parseSFrameDataFromELF: V3 FDE[7] 属性: NumFREs=4, FuncInfo=0x0(fre_type=0,pctype=0,signal=false), FuncInfo2=0x0(fde_type=0), RepSize=0
2026/03/12 18:05:38 [DEBUG] parseSFrameDataFromELF: V3 FDE[8] 属性: NumFREs=4, FuncInfo=0x0(fre_type=0,pctype=0,signal=false), FuncInfo2=0x0(fde_type=0), RepSize=0
2026/03/12 18:05:38 [DEBUG] parseSFrameDataFromELF: V3 FDE[9] 属性: NumFREs=4, FuncInfo=0x0(fre_type=0,pctype=0,signal=false), FuncInfo2=0x0(fde_type=0), RepSize=0
2026/03/12 18:05:38 [DEBUG] parseSFrameDataFromELF: 成功解析 10 个SFrame FDE, Version=3
2026/03/12 18:05:38 [DEBUG] parseSFrameDataFromELF: FRE数据位于偏移 188, 总长度 182
2026/03/12 18:05:38 [DEBUG] loadSFrameData: SFrame Magic=0xdee2, Version=3, ABI=3 (AMD64 little-endian), NumFDEs=10
2026/03/12 18:05:38 [DEBUG] NewSFrameResolver: 成功加载SFrame数据
2026/03/12 18:05:38 [DEBUG] loadSymbols: 加载了 3 个PLT符号
2026/03/12 18:05:38 [DEBUG] loadSymbols: 加载了 35 个符号（含PLT）
2026/03/12 18:05:38 [DEBUG] GetProcessMaps: 读取进程 154521 的内存映射
2026/03/12 18:05:38 [DEBUG] GetProcessMaps: 读取到 23 个内存映射
2026/03/12 18:05:38 [DEBUG] loadBaseAddress: 基址=0x55e98f81f000, 结束=0x55e98f820000, 偏移=0x1000
2026/03/12 18:05:38 [DEBUG] GetProcessMaps: 读取进程 154521 的内存映射
2026/03/12 18:05:38 [DEBUG] GetProcessMaps: 读取到 23 个内存映射
2026/03/12 18:05:38 [DEBUG] loadLibraryMapping: 加载共享库SFrame数据失败 /usr/lib/libc.so.6: no .sframe section found
2026/03/12 18:05:38 [DEBUG] loadLibraryMapping: 加载共享库 /usr/lib/libc.so.6, 符号数: 3121, SFrame: false
2026/03/12 18:05:38 [DEBUG] loadLibraryMapping: 加载共享库SFrame数据失败 /usr/lib/ld-linux-x86-64.so.2: no .sframe section found
2026/03/12 18:05:38 [DEBUG] loadLibraryMapping: 加载共享库 /usr/lib/ld-linux-x86-64.so.2, 符号数: 32, SFrame: false
2026/03/12 18:05:38 [DEBUG] loadLibraryMappings: 加载了 2 个共享库映射
2026/03/12 18:05:38 [DEBUG] NewSFrameResolver: SFrame解析器创建成功
最大栈帧数: 32
栈展开方法: fp

使用帧指针 (FP) 栈展开...
2026/03/12 18:05:38 [DEBUG] GetRegisters: PC=0x55e98f81f2f3, SP=0x7fff3389dbd0, BP=0x7fff3389dbf0 (via ptrace)
2026/03/12 18:05:38 [DEBUG] SFrameResolver.ResolveAddress: 解析地址 0x55e98f81f2f3
2026/03/12 18:05:38 [DEBUG] SFrameResolver: 主程序地址，文件偏移 0x12f3
2026/03/12 18:05:38 [DEBUG] SFrameResolver: 找到函数 deep_call+0x2f
2026/03/12 18:05:38 [DEBUG] UnwindStackWithFP: Frame 0: PC=0x55e98f81f2f3, SP=0x7fff3389dbd0, BP=0x7fff3389dbf0
2026/03/12 18:05:38 [DEBUG] unwindFrameWithFP: 读取 newBP=0x7fff3389dc20, retAddr=0x55e98f81f2e8 (from BP=0x7fff3389dbf0)
2026/03/12 18:05:38 [DEBUG] unwindFrameWithFP: 更新后 PC=0x55e98f81f2e8, BP=0x7fff3389dc20, SP=0x7fff3389dc20
2026/03/12 18:05:38 [DEBUG] SFrameResolver.ResolveAddress: 解析地址 0x55e98f81f2e8
2026/03/12 18:05:38 [DEBUG] SFrameResolver: 主程序地址，文件偏移 0x12e8
2026/03/12 18:05:38 [DEBUG] SFrameResolver: 找到函数 deep_call+0x24
2026/03/12 18:05:38 [DEBUG] UnwindStackWithFP: Frame 1: PC=0x55e98f81f2e8, SP=0x7fff3389dc20, BP=0x7fff3389dc20
2026/03/12 18:05:38 [DEBUG] unwindFrameWithFP: 读取 newBP=0x7fff3389dc50, retAddr=0x55e98f81f2e8 (from BP=0x7fff3389dc20)
2026/03/12 18:05:38 [DEBUG] unwindFrameWithFP: 更新后 PC=0x55e98f81f2e8, BP=0x7fff3389dc50, SP=0x7fff3389dc50
2026/03/12 18:05:38 [DEBUG] SFrameResolver.ResolveAddress: 解析地址 0x55e98f81f2e8
2026/03/12 18:05:38 [DEBUG] SFrameResolver: 主程序地址，文件偏移 0x12e8
2026/03/12 18:05:38 [DEBUG] SFrameResolver: 找到函数 deep_call+0x24
2026/03/12 18:05:38 [DEBUG] UnwindStackWithFP: Frame 2: PC=0x55e98f81f2e8, SP=0x7fff3389dc50, BP=0x7fff3389dc50
2026/03/12 18:05:38 [DEBUG] unwindFrameWithFP: 读取 newBP=0x7fff3389dc80, retAddr=0x55e98f81f2e8 (from BP=0x7fff3389dc50)
2026/03/12 18:05:38 [DEBUG] unwindFrameWithFP: 更新后 PC=0x55e98f81f2e8, BP=0x7fff3389dc80, SP=0x7fff3389dc80
2026/03/12 18:05:38 [DEBUG] SFrameResolver.ResolveAddress: 解析地址 0x55e98f81f2e8
2026/03/12 18:05:38 [DEBUG] SFrameResolver: 主程序地址，文件偏移 0x12e8
2026/03/12 18:05:38 [DEBUG] SFrameResolver: 找到函数 deep_call+0x24
2026/03/12 18:05:38 [DEBUG] UnwindStackWithFP: Frame 3: PC=0x55e98f81f2e8, SP=0x7fff3389dc80, BP=0x7fff3389dc80
2026/03/12 18:05:38 [DEBUG] unwindFrameWithFP: 读取 newBP=0x7fff3389dcb0, retAddr=0x55e98f81f2e8 (from BP=0x7fff3389dc80)
2026/03/12 18:05:38 [DEBUG] unwindFrameWithFP: 更新后 PC=0x55e98f81f2e8, BP=0x7fff3389dcb0, SP=0x7fff3389dcb0
2026/03/12 18:05:38 [DEBUG] SFrameResolver.ResolveAddress: 解析地址 0x55e98f81f2e8
2026/03/12 18:05:38 [DEBUG] SFrameResolver: 主程序地址，文件偏移 0x12e8
2026/03/12 18:05:38 [DEBUG] SFrameResolver: 找到函数 deep_call+0x24
2026/03/12 18:05:38 [DEBUG] UnwindStackWithFP: Frame 4: PC=0x55e98f81f2e8, SP=0x7fff3389dcb0, BP=0x7fff3389dcb0
2026/03/12 18:05:38 [DEBUG] unwindFrameWithFP: 读取 newBP=0x7fff3389dce0, retAddr=0x55e98f81f2e8 (from BP=0x7fff3389dcb0)
2026/03/12 18:05:38 [DEBUG] unwindFrameWithFP: 更新后 PC=0x55e98f81f2e8, BP=0x7fff3389dce0, SP=0x7fff3389dce0
2026/03/12 18:05:38 [DEBUG] SFrameResolver.ResolveAddress: 解析地址 0x55e98f81f2e8
2026/03/12 18:05:38 [DEBUG] SFrameResolver: 主程序地址，文件偏移 0x12e8
2026/03/12 18:05:38 [DEBUG] SFrameResolver: 找到函数 deep_call+0x24
2026/03/12 18:05:38 [DEBUG] UnwindStackWithFP: Frame 5: PC=0x55e98f81f2e8, SP=0x7fff3389dce0, BP=0x7fff3389dce0
2026/03/12 18:05:38 [DEBUG] unwindFrameWithFP: 读取 newBP=0x7fff3389dd10, retAddr=0x55e98f81f2e8 (from BP=0x7fff3389dce0)
2026/03/12 18:05:38 [DEBUG] unwindFrameWithFP: 更新后 PC=0x55e98f81f2e8, BP=0x7fff3389dd10, SP=0x7fff3389dd10
2026/03/12 18:05:38 [DEBUG] SFrameResolver.ResolveAddress: 解析地址 0x55e98f81f2e8
2026/03/12 18:05:38 [DEBUG] SFrameResolver: 主程序地址，文件偏移 0x12e8
2026/03/12 18:05:38 [DEBUG] SFrameResolver: 找到函数 deep_call+0x24
2026/03/12 18:05:38 [DEBUG] UnwindStackWithFP: Frame 6: PC=0x55e98f81f2e8, SP=0x7fff3389dd10, BP=0x7fff3389dd10
2026/03/12 18:05:38 [DEBUG] unwindFrameWithFP: 读取 newBP=0x7fff3389dd40, retAddr=0x55e98f81f2e8 (from BP=0x7fff3389dd10)
2026/03/12 18:05:38 [DEBUG] unwindFrameWithFP: 更新后 PC=0x55e98f81f2e8, BP=0x7fff3389dd40, SP=0x7fff3389dd40
2026/03/12 18:05:38 [DEBUG] SFrameResolver.ResolveAddress: 解析地址 0x55e98f81f2e8
2026/03/12 18:05:38 [DEBUG] SFrameResolver: 主程序地址，文件偏移 0x12e8
2026/03/12 18:05:38 [DEBUG] SFrameResolver: 找到函数 deep_call+0x24
2026/03/12 18:05:38 [DEBUG] UnwindStackWithFP: Frame 7: PC=0x55e98f81f2e8, SP=0x7fff3389dd40, BP=0x7fff3389dd40
2026/03/12 18:05:38 [DEBUG] unwindFrameWithFP: 读取 newBP=0x7fff3389dd70, retAddr=0x55e98f81f2e8 (from BP=0x7fff3389dd40)
2026/03/12 18:05:38 [DEBUG] unwindFrameWithFP: 更新后 PC=0x55e98f81f2e8, BP=0x7fff3389dd70, SP=0x7fff3389dd70
2026/03/12 18:05:38 [DEBUG] SFrameResolver.ResolveAddress: 解析地址 0x55e98f81f2e8
2026/03/12 18:05:38 [DEBUG] SFrameResolver: 主程序地址，文件偏移 0x12e8
2026/03/12 18:05:38 [DEBUG] SFrameResolver: 找到函数 deep_call+0x24
2026/03/12 18:05:38 [DEBUG] UnwindStackWithFP: Frame 8: PC=0x55e98f81f2e8, SP=0x7fff3389dd70, BP=0x7fff3389dd70
2026/03/12 18:05:38 [DEBUG] unwindFrameWithFP: 读取 newBP=0x7fff3389dda0, retAddr=0x55e98f81f2e8 (from BP=0x7fff3389dd70)
2026/03/12 18:05:38 [DEBUG] unwindFrameWithFP: 更新后 PC=0x55e98f81f2e8, BP=0x7fff3389dda0, SP=0x7fff3389dda0
2026/03/12 18:05:38 [DEBUG] SFrameResolver.ResolveAddress: 解析地址 0x55e98f81f2e8
2026/03/12 18:05:38 [DEBUG] SFrameResolver: 主程序地址，文件偏移 0x12e8
2026/03/12 18:05:38 [DEBUG] SFrameResolver: 找到函数 deep_call+0x24
2026/03/12 18:05:38 [DEBUG] UnwindStackWithFP: Frame 9: PC=0x55e98f81f2e8, SP=0x7fff3389dda0, BP=0x7fff3389dda0
2026/03/12 18:05:38 [DEBUG] unwindFrameWithFP: 读取 newBP=0x7fff3389ddd0, retAddr=0x55e98f81f2e8 (from BP=0x7fff3389dda0)
2026/03/12 18:05:38 [DEBUG] unwindFrameWithFP: 更新后 PC=0x55e98f81f2e8, BP=0x7fff3389ddd0, SP=0x7fff3389ddd0
2026/03/12 18:05:38 [DEBUG] SFrameResolver.ResolveAddress: 解析地址 0x55e98f81f2e8
2026/03/12 18:05:38 [DEBUG] SFrameResolver: 主程序地址，文件偏移 0x12e8
2026/03/12 18:05:38 [DEBUG] SFrameResolver: 找到函数 deep_call+0x24
2026/03/12 18:05:38 [DEBUG] UnwindStackWithFP: Frame 10: PC=0x55e98f81f2e8, SP=0x7fff3389ddd0, BP=0x7fff3389ddd0
2026/03/12 18:05:38 [DEBUG] unwindFrameWithFP: 读取 newBP=0x7fff3389de00, retAddr=0x55e98f81f2e8 (from BP=0x7fff3389ddd0)
2026/03/12 18:05:38 [DEBUG] unwindFrameWithFP: 更新后 PC=0x55e98f81f2e8, BP=0x7fff3389de00, SP=0x7fff3389de00
2026/03/12 18:05:38 [DEBUG] SFrameResolver.ResolveAddress: 解析地址 0x55e98f81f2e8
2026/03/12 18:05:38 [DEBUG] SFrameResolver: 主程序地址，文件偏移 0x12e8
2026/03/12 18:05:38 [DEBUG] SFrameResolver: 找到函数 deep_call+0x24
2026/03/12 18:05:38 [DEBUG] UnwindStackWithFP: Frame 11: PC=0x55e98f81f2e8, SP=0x7fff3389de00, BP=0x7fff3389de00
2026/03/12 18:05:38 [DEBUG] unwindFrameWithFP: 读取 newBP=0x7fff3389de30, retAddr=0x55e98f81f2e8 (from BP=0x7fff3389de00)
2026/03/12 18:05:38 [DEBUG] unwindFrameWithFP: 更新后 PC=0x55e98f81f2e8, BP=0x7fff3389de30, SP=0x7fff3389de30
2026/03/12 18:05:38 [DEBUG] SFrameResolver.ResolveAddress: 解析地址 0x55e98f81f2e8
2026/03/12 18:05:38 [DEBUG] SFrameResolver: 主程序地址，文件偏移 0x12e8
2026/03/12 18:05:38 [DEBUG] SFrameResolver: 找到函数 deep_call+0x24
2026/03/12 18:05:38 [DEBUG] UnwindStackWithFP: Frame 12: PC=0x55e98f81f2e8, SP=0x7fff3389de30, BP=0x7fff3389de30
2026/03/12 18:05:38 [DEBUG] unwindFrameWithFP: 读取 newBP=0x7fff3389de60, retAddr=0x55e98f81f2e8 (from BP=0x7fff3389de30)
2026/03/12 18:05:38 [DEBUG] unwindFrameWithFP: 更新后 PC=0x55e98f81f2e8, BP=0x7fff3389de60, SP=0x7fff3389de60
2026/03/12 18:05:38 [DEBUG] SFrameResolver.ResolveAddress: 解析地址 0x55e98f81f2e8
2026/03/12 18:05:38 [DEBUG] SFrameResolver: 主程序地址，文件偏移 0x12e8
2026/03/12 18:05:38 [DEBUG] SFrameResolver: 找到函数 deep_call+0x24
2026/03/12 18:05:38 [DEBUG] UnwindStackWithFP: Frame 13: PC=0x55e98f81f2e8, SP=0x7fff3389de60, BP=0x7fff3389de60
2026/03/12 18:05:38 [DEBUG] unwindFrameWithFP: 读取 newBP=0x7fff3389de90, retAddr=0x55e98f81f2e8 (from BP=0x7fff3389de60)
2026/03/12 18:05:38 [DEBUG] unwindFrameWithFP: 更新后 PC=0x55e98f81f2e8, BP=0x7fff3389de90, SP=0x7fff3389de90
2026/03/12 18:05:38 [DEBUG] SFrameResolver.ResolveAddress: 解析地址 0x55e98f81f2e8
2026/03/12 18:05:38 [DEBUG] SFrameResolver: 主程序地址，文件偏移 0x12e8
2026/03/12 18:05:38 [DEBUG] SFrameResolver: 找到函数 deep_call+0x24
2026/03/12 18:05:38 [DEBUG] UnwindStackWithFP: Frame 14: PC=0x55e98f81f2e8, SP=0x7fff3389de90, BP=0x7fff3389de90
2026/03/12 18:05:38 [DEBUG] unwindFrameWithFP: 读取 newBP=0x7fff3389dec0, retAddr=0x55e98f81f2e8 (from BP=0x7fff3389de90)
2026/03/12 18:05:38 [DEBUG] unwindFrameWithFP: 更新后 PC=0x55e98f81f2e8, BP=0x7fff3389dec0, SP=0x7fff3389dec0
2026/03/12 18:05:38 [DEBUG] SFrameResolver.ResolveAddress: 解析地址 0x55e98f81f2e8
2026/03/12 18:05:38 [DEBUG] SFrameResolver: 主程序地址，文件偏移 0x12e8
2026/03/12 18:05:38 [DEBUG] SFrameResolver: 找到函数 deep_call+0x24
2026/03/12 18:05:38 [DEBUG] UnwindStackWithFP: Frame 15: PC=0x55e98f81f2e8, SP=0x7fff3389dec0, BP=0x7fff3389dec0
2026/03/12 18:05:38 [DEBUG] unwindFrameWithFP: 读取 newBP=0x7fff3389def0, retAddr=0x55e98f81f2e8 (from BP=0x7fff3389dec0)
2026/03/12 18:05:38 [DEBUG] unwindFrameWithFP: 更新后 PC=0x55e98f81f2e8, BP=0x7fff3389def0, SP=0x7fff3389def0
2026/03/12 18:05:38 [DEBUG] SFrameResolver.ResolveAddress: 解析地址 0x55e98f81f2e8
2026/03/12 18:05:38 [DEBUG] SFrameResolver: 主程序地址，文件偏移 0x12e8
2026/03/12 18:05:38 [DEBUG] SFrameResolver: 找到函数 deep_call+0x24
2026/03/12 18:05:38 [DEBUG] UnwindStackWithFP: Frame 16: PC=0x55e98f81f2e8, SP=0x7fff3389def0, BP=0x7fff3389def0
2026/03/12 18:05:38 [DEBUG] unwindFrameWithFP: 读取 newBP=0x7fff3389df20, retAddr=0x55e98f81f2e8 (from BP=0x7fff3389def0)
2026/03/12 18:05:38 [DEBUG] unwindFrameWithFP: 更新后 PC=0x55e98f81f2e8, BP=0x7fff3389df20, SP=0x7fff3389df20
2026/03/12 18:05:38 [DEBUG] SFrameResolver.ResolveAddress: 解析地址 0x55e98f81f2e8
2026/03/12 18:05:38 [DEBUG] SFrameResolver: 主程序地址，文件偏移 0x12e8
2026/03/12 18:05:38 [DEBUG] SFrameResolver: 找到函数 deep_call+0x24
2026/03/12 18:05:38 [DEBUG] UnwindStackWithFP: Frame 17: PC=0x55e98f81f2e8, SP=0x7fff3389df20, BP=0x7fff3389df20
2026/03/12 18:05:38 [DEBUG] unwindFrameWithFP: 读取 newBP=0x7fff3389df50, retAddr=0x55e98f81f2e8 (from BP=0x7fff3389df20)
2026/03/12 18:05:38 [DEBUG] unwindFrameWithFP: 更新后 PC=0x55e98f81f2e8, BP=0x7fff3389df50, SP=0x7fff3389df50
2026/03/12 18:05:38 [DEBUG] SFrameResolver.ResolveAddress: 解析地址 0x55e98f81f2e8
2026/03/12 18:05:38 [DEBUG] SFrameResolver: 主程序地址，文件偏移 0x12e8
2026/03/12 18:05:38 [DEBUG] SFrameResolver: 找到函数 deep_call+0x24
2026/03/12 18:05:38 [DEBUG] UnwindStackWithFP: Frame 18: PC=0x55e98f81f2e8, SP=0x7fff3389df50, BP=0x7fff3389df50
2026/03/12 18:05:38 [DEBUG] unwindFrameWithFP: 读取 newBP=0x7fff3389df80, retAddr=0x55e98f81f2e8 (from BP=0x7fff3389df50)
2026/03/12 18:05:38 [DEBUG] unwindFrameWithFP: 更新后 PC=0x55e98f81f2e8, BP=0x7fff3389df80, SP=0x7fff3389df80
2026/03/12 18:05:38 [DEBUG] SFrameResolver.ResolveAddress: 解析地址 0x55e98f81f2e8
2026/03/12 18:05:38 [DEBUG] SFrameResolver: 主程序地址，文件偏移 0x12e8
2026/03/12 18:05:38 [DEBUG] SFrameResolver: 找到函数 deep_call+0x24
2026/03/12 18:05:38 [DEBUG] UnwindStackWithFP: Frame 19: PC=0x55e98f81f2e8, SP=0x7fff3389df80, BP=0x7fff3389df80
2026/03/12 18:05:38 [DEBUG] unwindFrameWithFP: 读取 newBP=0x7fff3389dfb0, retAddr=0x55e98f81f2e8 (from BP=0x7fff3389df80)
2026/03/12 18:05:38 [DEBUG] unwindFrameWithFP: 更新后 PC=0x55e98f81f2e8, BP=0x7fff3389dfb0, SP=0x7fff3389dfb0
2026/03/12 18:05:38 [DEBUG] SFrameResolver.ResolveAddress: 解析地址 0x55e98f81f2e8
2026/03/12 18:05:38 [DEBUG] SFrameResolver: 主程序地址，文件偏移 0x12e8
2026/03/12 18:05:38 [DEBUG] SFrameResolver: 找到函数 deep_call+0x24
2026/03/12 18:05:38 [DEBUG] UnwindStackWithFP: Frame 20: PC=0x55e98f81f2e8, SP=0x7fff3389dfb0, BP=0x7fff3389dfb0
2026/03/12 18:05:38 [DEBUG] unwindFrameWithFP: 读取 newBP=0x7fff3389dfe0, retAddr=0x55e98f81f2e8 (from BP=0x7fff3389dfb0)
2026/03/12 18:05:38 [DEBUG] unwindFrameWithFP: 更新后 PC=0x55e98f81f2e8, BP=0x7fff3389dfe0, SP=0x7fff3389dfe0
2026/03/12 18:05:38 [DEBUG] SFrameResolver.ResolveAddress: 解析地址 0x55e98f81f2e8
2026/03/12 18:05:38 [DEBUG] SFrameResolver: 主程序地址，文件偏移 0x12e8
2026/03/12 18:05:38 [DEBUG] SFrameResolver: 找到函数 deep_call+0x24
2026/03/12 18:05:38 [DEBUG] UnwindStackWithFP: Frame 21: PC=0x55e98f81f2e8, SP=0x7fff3389dfe0, BP=0x7fff3389dfe0
2026/03/12 18:05:38 [DEBUG] unwindFrameWithFP: 读取 newBP=0x7fff3389e010, retAddr=0x55e98f81f2e8 (from BP=0x7fff3389dfe0)
2026/03/12 18:05:38 [DEBUG] unwindFrameWithFP: 更新后 PC=0x55e98f81f2e8, BP=0x7fff3389e010, SP=0x7fff3389e010
2026/03/12 18:05:38 [DEBUG] SFrameResolver.ResolveAddress: 解析地址 0x55e98f81f2e8
2026/03/12 18:05:38 [DEBUG] SFrameResolver: 主程序地址，文件偏移 0x12e8
2026/03/12 18:05:38 [DEBUG] SFrameResolver: 找到函数 deep_call+0x24
2026/03/12 18:05:38 [DEBUG] UnwindStackWithFP: Frame 22: PC=0x55e98f81f2e8, SP=0x7fff3389e010, BP=0x7fff3389e010
2026/03/12 18:05:38 [DEBUG] unwindFrameWithFP: 读取 newBP=0x7fff3389e040, retAddr=0x55e98f81f2e8 (from BP=0x7fff3389e010)
2026/03/12 18:05:38 [DEBUG] unwindFrameWithFP: 更新后 PC=0x55e98f81f2e8, BP=0x7fff3389e040, SP=0x7fff3389e040
2026/03/12 18:05:38 [DEBUG] SFrameResolver.ResolveAddress: 解析地址 0x55e98f81f2e8
2026/03/12 18:05:38 [DEBUG] SFrameResolver: 主程序地址，文件偏移 0x12e8
2026/03/12 18:05:38 [DEBUG] SFrameResolver: 找到函数 deep_call+0x24
2026/03/12 18:05:38 [DEBUG] UnwindStackWithFP: Frame 23: PC=0x55e98f81f2e8, SP=0x7fff3389e040, BP=0x7fff3389e040
2026/03/12 18:05:38 [DEBUG] unwindFrameWithFP: 读取 newBP=0x7fff3389e070, retAddr=0x55e98f81f2e8 (from BP=0x7fff3389e040)
2026/03/12 18:05:38 [DEBUG] unwindFrameWithFP: 更新后 PC=0x55e98f81f2e8, BP=0x7fff3389e070, SP=0x7fff3389e070
2026/03/12 18:05:38 [DEBUG] SFrameResolver.ResolveAddress: 解析地址 0x55e98f81f2e8
2026/03/12 18:05:38 [DEBUG] SFrameResolver: 主程序地址，文件偏移 0x12e8
2026/03/12 18:05:38 [DEBUG] SFrameResolver: 找到函数 deep_call+0x24
2026/03/12 18:05:38 [DEBUG] UnwindStackWithFP: Frame 24: PC=0x55e98f81f2e8, SP=0x7fff3389e070, BP=0x7fff3389e070
2026/03/12 18:05:38 [DEBUG] unwindFrameWithFP: 读取 newBP=0x7fff3389e0a0, retAddr=0x55e98f81f2e8 (from BP=0x7fff3389e070)
2026/03/12 18:05:38 [DEBUG] unwindFrameWithFP: 更新后 PC=0x55e98f81f2e8, BP=0x7fff3389e0a0, SP=0x7fff3389e0a0
2026/03/12 18:05:38 [DEBUG] SFrameResolver.ResolveAddress: 解析地址 0x55e98f81f2e8
2026/03/12 18:05:38 [DEBUG] SFrameResolver: 主程序地址，文件偏移 0x12e8
2026/03/12 18:05:38 [DEBUG] SFrameResolver: 找到函数 deep_call+0x24
2026/03/12 18:05:38 [DEBUG] UnwindStackWithFP: Frame 25: PC=0x55e98f81f2e8, SP=0x7fff3389e0a0, BP=0x7fff3389e0a0
2026/03/12 18:05:38 [DEBUG] unwindFrameWithFP: 读取 newBP=0x7fff3389e0d0, retAddr=0x55e98f81f2e8 (from BP=0x7fff3389e0a0)
2026/03/12 18:05:38 [DEBUG] unwindFrameWithFP: 更新后 PC=0x55e98f81f2e8, BP=0x7fff3389e0d0, SP=0x7fff3389e0d0
2026/03/12 18:05:38 [DEBUG] SFrameResolver.ResolveAddress: 解析地址 0x55e98f81f2e8
2026/03/12 18:05:38 [DEBUG] SFrameResolver: 主程序地址，文件偏移 0x12e8
2026/03/12 18:05:38 [DEBUG] SFrameResolver: 找到函数 deep_call+0x24
2026/03/12 18:05:38 [DEBUG] UnwindStackWithFP: Frame 26: PC=0x55e98f81f2e8, SP=0x7fff3389e0d0, BP=0x7fff3389e0d0
2026/03/12 18:05:38 [DEBUG] unwindFrameWithFP: 读取 newBP=0x7fff3389e100, retAddr=0x55e98f81f2e8 (from BP=0x7fff3389e0d0)
2026/03/12 18:05:38 [DEBUG] unwindFrameWithFP: 更新后 PC=0x55e98f81f2e8, BP=0x7fff3389e100, SP=0x7fff3389e100
2026/03/12 18:05:38 [DEBUG] SFrameResolver.ResolveAddress: 解析地址 0x55e98f81f2e8
2026/03/12 18:05:38 [DEBUG] SFrameResolver: 主程序地址，文件偏移 0x12e8
2026/03/12 18:05:38 [DEBUG] SFrameResolver: 找到函数 deep_call+0x24
2026/03/12 18:05:38 [DEBUG] UnwindStackWithFP: Frame 27: PC=0x55e98f81f2e8, SP=0x7fff3389e100, BP=0x7fff3389e100
2026/03/12 18:05:38 [DEBUG] unwindFrameWithFP: 读取 newBP=0x7fff3389e130, retAddr=0x55e98f81f2e8 (from BP=0x7fff3389e100)
2026/03/12 18:05:38 [DEBUG] unwindFrameWithFP: 更新后 PC=0x55e98f81f2e8, BP=0x7fff3389e130, SP=0x7fff3389e130
2026/03/12 18:05:38 [DEBUG] SFrameResolver.ResolveAddress: 解析地址 0x55e98f81f2e8
2026/03/12 18:05:38 [DEBUG] SFrameResolver: 主程序地址，文件偏移 0x12e8
2026/03/12 18:05:38 [DEBUG] SFrameResolver: 找到函数 deep_call+0x24
2026/03/12 18:05:38 [DEBUG] UnwindStackWithFP: Frame 28: PC=0x55e98f81f2e8, SP=0x7fff3389e130, BP=0x7fff3389e130
2026/03/12 18:05:38 [DEBUG] unwindFrameWithFP: 读取 newBP=0x7fff3389e160, retAddr=0x55e98f81f2e8 (from BP=0x7fff3389e130)
2026/03/12 18:05:38 [DEBUG] unwindFrameWithFP: 更新后 PC=0x55e98f81f2e8, BP=0x7fff3389e160, SP=0x7fff3389e160
2026/03/12 18:05:38 [DEBUG] SFrameResolver.ResolveAddress: 解析地址 0x55e98f81f2e8
2026/03/12 18:05:38 [DEBUG] SFrameResolver: 主程序地址，文件偏移 0x12e8
2026/03/12 18:05:38 [DEBUG] SFrameResolver: 找到函数 deep_call+0x24
2026/03/12 18:05:38 [DEBUG] UnwindStackWithFP: Frame 29: PC=0x55e98f81f2e8, SP=0x7fff3389e160, BP=0x7fff3389e160
2026/03/12 18:05:38 [DEBUG] unwindFrameWithFP: 读取 newBP=0x7fff3389e190, retAddr=0x55e98f81f2e8 (from BP=0x7fff3389e160)
2026/03/12 18:05:38 [DEBUG] unwindFrameWithFP: 更新后 PC=0x55e98f81f2e8, BP=0x7fff3389e190, SP=0x7fff3389e190
2026/03/12 18:05:38 [DEBUG] SFrameResolver.ResolveAddress: 解析地址 0x55e98f81f2e8
2026/03/12 18:05:38 [DEBUG] SFrameResolver: 主程序地址，文件偏移 0x12e8
2026/03/12 18:05:38 [DEBUG] SFrameResolver: 找到函数 deep_call+0x24
2026/03/12 18:05:38 [DEBUG] UnwindStackWithFP: Frame 30: PC=0x55e98f81f2e8, SP=0x7fff3389e190, BP=0x7fff3389e190
2026/03/12 18:05:38 [DEBUG] unwindFrameWithFP: 读取 newBP=0x7fff3389e1c0, retAddr=0x55e98f81f2e8 (from BP=0x7fff3389e190)
2026/03/12 18:05:38 [DEBUG] unwindFrameWithFP: 更新后 PC=0x55e98f81f2e8, BP=0x7fff3389e1c0, SP=0x7fff3389e1c0
2026/03/12 18:05:38 [DEBUG] SFrameResolver.ResolveAddress: 解析地址 0x55e98f81f2e8
2026/03/12 18:05:38 [DEBUG] SFrameResolver: 主程序地址，文件偏移 0x12e8
2026/03/12 18:05:38 [DEBUG] SFrameResolver: 找到函数 deep_call+0x24
2026/03/12 18:05:38 [DEBUG] UnwindStackWithFP: Frame 31: PC=0x55e98f81f2e8, SP=0x7fff3389e1c0, BP=0x7fff3389e1c0
2026/03/12 18:05:38 [DEBUG] unwindFrameWithFP: 读取 newBP=0x7fff3389e1f0, retAddr=0x55e98f81f2e8 (from BP=0x7fff3389e1c0)
2026/03/12 18:05:38 [DEBUG] unwindFrameWithFP: 更新后 PC=0x55e98f81f2e8, BP=0x7fff3389e1f0, SP=0x7fff3389e1f0
2026/03/12 18:05:38 [DEBUG] UnwindStackWithFP: 总共展开了 32 帧

=== 详细栈帧信息 ===

帧 #0:
  程序计数器 (PC): 0x000055e98f81f2f3
  栈指针     (SP): 0x00007fff3389dbd0
  基址指针   (BP): 0x00007fff3389dbf0
  函数: deep_call+0x2f

帧 #1:
  程序计数器 (PC): 0x000055e98f81f2e8
  栈指针     (SP): 0x00007fff3389dc20
  基址指针   (BP): 0x00007fff3389dc20
  函数: deep_call+0x24

帧 #2:
  程序计数器 (PC): 0x000055e98f81f2e8
  栈指针     (SP): 0x00007fff3389dc50
  基址指针   (BP): 0x00007fff3389dc50
  函数: deep_call+0x24

帧 #3:
  程序计数器 (PC): 0x000055e98f81f2e8
  栈指针     (SP): 0x00007fff3389dc80
  基址指针   (BP): 0x00007fff3389dc80
  函数: deep_call+0x24

帧 #4:
  程序计数器 (PC): 0x000055e98f81f2e8
  栈指针     (SP): 0x00007fff3389dcb0
  基址指针   (BP): 0x00007fff3389dcb0
  函数: deep_call+0x24

帧 #5:
  程序计数器 (PC): 0x000055e98f81f2e8
  栈指针     (SP): 0x00007fff3389dce0
  基址指针   (BP): 0x00007fff3389dce0
  函数: deep_call+0x24

帧 #6:
  程序计数器 (PC): 0x000055e98f81f2e8
  栈指针     (SP): 0x00007fff3389dd10
  基址指针   (BP): 0x00007fff3389dd10
  函数: deep_call+0x24

帧 #7:
  程序计数器 (PC): 0x000055e98f81f2e8
  栈指针     (SP): 0x00007fff3389dd40
  基址指针   (BP): 0x00007fff3389dd40
  函数: deep_call+0x24

帧 #8:
  程序计数器 (PC): 0x000055e98f81f2e8
  栈指针     (SP): 0x00007fff3389dd70
  基址指针   (BP): 0x00007fff3389dd70
  函数: deep_call+0x24

帧 #9:
  程序计数器 (PC): 0x000055e98f81f2e8
  栈指针     (SP): 0x00007fff3389dda0
  基址指针   (BP): 0x00007fff3389dda0
  函数: deep_call+0x24

帧 #10:
  程序计数器 (PC): 0x000055e98f81f2e8
  栈指针     (SP): 0x00007fff3389ddd0
  基址指针   (BP): 0x00007fff3389ddd0
  函数: deep_call+0x24

帧 #11:
  程序计数器 (PC): 0x000055e98f81f2e8
  栈指针     (SP): 0x00007fff3389de00
  基址指针   (BP): 0x00007fff3389de00
  函数: deep_call+0x24

帧 #12:
  程序计数器 (PC): 0x000055e98f81f2e8
  栈指针     (SP): 0x00007fff3389de30
  基址指针   (BP): 0x00007fff3389de30
  函数: deep_call+0x24

帧 #13:
  程序计数器 (PC): 0x000055e98f81f2e8
  栈指针     (SP): 0x00007fff3389de60
  基址指针   (BP): 0x00007fff3389de60
  函数: deep_call+0x24

帧 #14:
  程序计数器 (PC): 0x000055e98f81f2e8
  栈指针     (SP): 0x00007fff3389de90
  基址指针   (BP): 0x00007fff3389de90
  函数: deep_call+0x24

帧 #15:
  程序计数器 (PC): 0x000055e98f81f2e8
  栈指针     (SP): 0x00007fff3389dec0
  基址指针   (BP): 0x00007fff3389dec0
  函数: deep_call+0x24

帧 #16:
  程序计数器 (PC): 0x000055e98f81f2e8
  栈指针     (SP): 0x00007fff3389def0
  基址指针   (BP): 0x00007fff3389def0
  函数: deep_call+0x24

帧 #17:
  程序计数器 (PC): 0x000055e98f81f2e8
  栈指针     (SP): 0x00007fff3389df20
  基址指针   (BP): 0x00007fff3389df20
  函数: deep_call+0x24

帧 #18:
  程序计数器 (PC): 0x000055e98f81f2e8
  栈指针     (SP): 0x00007fff3389df50
  基址指针   (BP): 0x00007fff3389df50
  函数: deep_call+0x24

帧 #19:
  程序计数器 (PC): 0x000055e98f81f2e8
  栈指针     (SP): 0x00007fff3389df80
  基址指针   (BP): 0x00007fff3389df80
  函数: deep_call+0x24

帧 #20:
  程序计数器 (PC): 0x000055e98f81f2e8
  栈指针     (SP): 0x00007fff3389dfb0
  基址指针   (BP): 0x00007fff3389dfb0
  函数: deep_call+0x24

帧 #21:
  程序计数器 (PC): 0x000055e98f81f2e8
  栈指针     (SP): 0x00007fff3389dfe0
  基址指针   (BP): 0x00007fff3389dfe0
  函数: deep_call+0x24

帧 #22:
  程序计数器 (PC): 0x000055e98f81f2e8
  栈指针     (SP): 0x00007fff3389e010
  基址指针   (BP): 0x00007fff3389e010
  函数: deep_call+0x24

帧 #23:
  程序计数器 (PC): 0x000055e98f81f2e8
  栈指针     (SP): 0x00007fff3389e040
  基址指针   (BP): 0x00007fff3389e040
  函数: deep_call+0x24

帧 #24:
  程序计数器 (PC): 0x000055e98f81f2e8
  栈指针     (SP): 0x00007fff3389e070
  基址指针   (BP): 0x00007fff3389e070
  函数: deep_call+0x24

帧 #25:
  程序计数器 (PC): 0x000055e98f81f2e8
  栈指针     (SP): 0x00007fff3389e0a0
  基址指针   (BP): 0x00007fff3389e0a0
  函数: deep_call+0x24

帧 #26:
  程序计数器 (PC): 0x000055e98f81f2e8
  栈指针     (SP): 0x00007fff3389e0d0
  基址指针   (BP): 0x00007fff3389e0d0
  函数: deep_call+0x24

帧 #27:
  程序计数器 (PC): 0x000055e98f81f2e8
  栈指针     (SP): 0x00007fff3389e100
  基址指针   (BP): 0x00007fff3389e100
  函数: deep_call+0x24

帧 #28:
  程序计数器 (PC): 0x000055e98f81f2e8
  栈指针     (SP): 0x00007fff3389e130
  基址指针   (BP): 0x00007fff3389e130
  函数: deep_call+0x24

帧 #29:
  程序计数器 (PC): 0x000055e98f81f2e8
  栈指针     (SP): 0x00007fff3389e160
  基址指针   (BP): 0x00007fff3389e160
  函数: deep_call+0x24

帧 #30:
  程序计数器 (PC): 0x000055e98f81f2e8
  栈指针     (SP): 0x00007fff3389e190
  基址指针   (BP): 0x00007fff3389e190
  函数: deep_call+0x24

帧 #31:
  程序计数器 (PC): 0x000055e98f81f2e8
  栈指针     (SP): 0x00007fff3389e1c0
  基址指针   (BP): 0x00007fff3389e1c0
  函数: deep_call+0x24

=== 统计信息 ===
总栈帧数: 32

各库栈帧数:
  <main>                        : 32
