正在对进程 56919 进行栈回溯...
日志文件: ../log/stack_unwinding_56919_20260115_161142.log

2026/01/15 16:11:42 [DEBUG] NewSFrameResolver: 为PID 56919 创建SFrame解析器
2026/01/15 16:11:42 [DEBUG] NewSFrameResolver: 可执行文件: /home/ssy/lbr/test/test_stack_unwinding
2026/01/15 16:11:42 [DEBUG] loadSFrameData: SFrame Magic=0xdee2, Version=2, Flags=0x5
2026/01/15 16:11:42 [DEBUG] loadSFrameData: ABI=3 (AMD64 little-endian)
2026/01/15 16:11:42 [DEBUG] loadSFrameData: FixedFPOffset=0, FixedRAOffset=-8, AuxHdrLen=0
2026/01/15 16:11:42 [DEBUG] loadSFrameData: NumFDEs=8, NumFREs=27, FRELen=98, FDEOff=0, FREOff=160
2026/01/15 16:11:42 [DEBUG] loadSFrameData: 成功解析 8 个SFrame FDE
2026/01/15 16:11:42 [DEBUG] loadSFrameData: FRE数据位于偏移 188, 总长度 98
2026/01/15 16:11:42 [DEBUG] NewSFrameResolver: 成功加载SFrame数据
2026/01/15 16:11:42 [DEBUG] loadSymbols: 加载了 29 个符号
2026/01/15 16:11:42 [DEBUG] GetProcessMaps: 读取进程 56919 的内存映射
2026/01/15 16:11:42 [DEBUG] GetProcessMaps: 读取到 24 个内存映射
2026/01/15 16:11:42 [DEBUG] loadBaseAddress: 基址=0x5605e492b000, 结束=0x5605e492c000, 偏移=0x1000
2026/01/15 16:11:42 [DEBUG] GetProcessMaps: 读取进程 56919 的内存映射
2026/01/15 16:11:42 [DEBUG] GetProcessMaps: 读取到 24 个内存映射
2026/01/15 16:11:42 [DEBUG] loadLibraryMapping: 成功加载共享库SFrame数据 /usr/lib/libc.so.6, Version=2, FDE数: 3909
2026/01/15 16:11:42 [DEBUG] loadLibraryMapping: 加载共享库 /usr/lib/libc.so.6, 符号数: 3114, SFrame: true
2026/01/15 16:11:42 [DEBUG] loadLibraryMapping: 成功加载共享库SFrame数据 /usr/lib/ld-linux-x86-64.so.2, Version=2, FDE数: 363
2026/01/15 16:11:42 [DEBUG] loadLibraryMapping: 加载共享库 /usr/lib/ld-linux-x86-64.so.2, 符号数: 32, SFrame: true
2026/01/15 16:11:42 [DEBUG] loadLibraryMappings: 加载了 2 个共享库映射
2026/01/15 16:11:42 [DEBUG] NewSFrameResolver: SFrame解析器创建成功
最大栈帧数: 32
栈展开方法: sframe

使用 SFrame 栈展开...
2026/01/15 16:11:42 [DEBUG] GetRegisters: PC=0x7f70a749318e, SP=0x7ffd1d93af90, BP=0x7ffd1d93afa0 (via ptrace)
2026/01/15 16:11:42 [DEBUG] SFrameResolver.ResolveAddress: 解析地址 0x7f70a749318e
2026/01/15 16:11:42 [DEBUG] SFrameResolver: 共享库地址, 路径: /usr/lib/libc.so.6, 偏移: 0x9318e
2026/01/15 16:11:42 [DEBUG] findSymbolInList: 候选符号 dladdr @ 0x92440, size=41, dist=0xd4e
2026/01/15 16:11:42 [DEBUG] findSymbolInList: 候选符号 dladdr @ 0x92440, size=41, dist=0xd4e
2026/01/15 16:11:42 [DEBUG] findSymbolInList: 候选符号 dlmopen @ 0x92bb0, size=172, dist=0x5de
2026/01/15 16:11:42 [DEBUG] findSymbolInList: 候选符号 dlmopen @ 0x92bb0, size=172, dist=0x5de
2026/01/15 16:11:42 [DEBUG] findSymbolInList: 候选符号 dlclose @ 0x924c0, size=57, dist=0xcce
2026/01/15 16:11:42 [DEBUG] findSymbolInList: 候选符号 dlclose @ 0x924c0, size=57, dist=0xcce
2026/01/15 16:11:42 [DEBUG] findSymbolInList: 候选符号 __libc_alloca_cutoff @ 0x93050, size=86, dist=0x13e
2026/01/15 16:11:42 [DEBUG] findSymbolInList: 候选符号 _IO_str_pbackfail @ 0x923e0, size=30, dist=0xdae
2026/01/15 16:11:42 [DEBUG] findSymbolInList: 候选符号 dladdr1 @ 0x92470, size=71, dist=0xd1e
2026/01/15 16:11:42 [DEBUG] findSymbolInList: 候选符号 dladdr1 @ 0x92470, size=71, dist=0xd1e
2026/01/15 16:11:42 [DEBUG] findSymbolInList: 候选符号 dlsym @ 0x92dd0, size=193, dist=0x3be
2026/01/15 16:11:42 [DEBUG] findSymbolInList: 候选符号 dlsym @ 0x92dd0, size=193, dist=0x3be
2026/01/15 16:11:42 [DEBUG] findSymbolInList: 候选符号 dlopen @ 0x92d10, size=144, dist=0x47e
2026/01/15 16:11:42 [DEBUG] findSymbolInList: 候选符号 dlopen @ 0x92d10, size=144, dist=0x47e
2026/01/15 16:11:42 [DEBUG] findSymbolInList: 候选符号 dlerror @ 0x92500, size=525, dist=0xc8e
2026/01/15 16:11:42 [DEBUG] findSymbolInList: 候选符号 dlerror @ 0x92500, size=525, dist=0xc8e
2026/01/15 16:11:42 [DEBUG] findSymbolInList: 候选符号 dlinfo @ 0x92a20, size=140, dist=0x76e
2026/01/15 16:11:42 [DEBUG] findSymbolInList: 候选符号 dlinfo @ 0x92a20, size=140, dist=0x76e
2026/01/15 16:11:42 [DEBUG] findSymbolInList: 候选符号 dlvsym @ 0x92ed0, size=213, dist=0x2be
2026/01/15 16:11:42 [DEBUG] findSymbolInList: 候选符号 dlvsym @ 0x92ed0, size=213, dist=0x2be
2026/01/15 16:11:42 [DEBUG] findSymbolInList: 目标地址=0x9318e, 检查了751个候选符号, 未找到合适的符号
2026/01/15 16:11:42 [DEBUG] SFrameResolver: 未找到符号，使用偏移 0x9318e@libc.so.6
2026/01/15 16:11:42 [DEBUG] UnwindStackWithSFrame: Frame 0: PC=0x7f70a749318e, SP=0x7ffd1d93af90, BP=0x7ffd1d93afa0
2026/01/15 16:11:42 [DEBUG] findSFrameFunction: 共享库地址 PC=0x7f70a749318e, lib=/usr/lib/libc.so.6
2026/01/15 16:11:42 [DEBUG] findSFrameFunction: 找到共享库SFrame函数 @ 0x7f70a7493110 (virtual=0x93110), size=141, lib=/usr/lib/libc.so.6
2026/01/15 16:11:42 [DEBUG] findFDEForFunction: pcOffset=0x7e, FuncInfo=0x0, StartFREOff=15615, FuncSize=141, NumFREs=7
2026/01/15 16:11:42 [DEBUG] findFDEForFunction: 解析FRE, freType=0, freDataStart=93823
2026/01/15 16:11:42 [DEBUG] findFDEForFunction: FRE #0: StartOffset=0x0, CFAOffset=8, RAOffset=-8, FPOffset=0
2026/01/15 16:11:42 [DEBUG] findFDEForFunction: FRE #1: StartOffset=0x5, CFAOffset=16, RAOffset=-8, FPOffset=-16
2026/01/15 16:11:42 [DEBUG] findFDEForFunction: FRE #2: StartOffset=0xb, CFAOffset=16, RAOffset=-8, FPOffset=-16
2026/01/15 16:11:42 [DEBUG] findFDEForFunction: FRE #3: StartOffset=0x70, CFAOffset=8, RAOffset=-8, FPOffset=-16
2026/01/15 16:11:42 [DEBUG] findFDEForFunction: FRE #4: StartOffset=0x78, CFAOffset=16, RAOffset=-8, FPOffset=-16
2026/01/15 16:11:42 [DEBUG] findFDEForFunction: FRE #5: StartOffset=0x7f, CFAOffset=8, RAOffset=-8, FPOffset=-16
2026/01/15 16:11:42 [DEBUG] findFDEForFunction: FRE #6: StartOffset=0x80, CFAOffset=16, RAOffset=-8, FPOffset=-16
2026/01/15 16:11:42 [DEBUG] findFDEForFunction: 找到匹配的FRE, CFA_BASE=SP, CFAOffset=16, RAOffset=-8, FPOffset=-16
2026/01/15 16:11:42 [DEBUG] unwindFrameWithSFrame: 函数size=141, pcOffset=0x7e, useFPBased=false (from FRE)
2026/01/15 16:11:42 [DEBUG] unwindFrameWithSFrame: SP-based CFA (来自FDE), CFA=0x7ffd1d93afa0 (SP=0x7ffd1d93af90 + 16)
2026/01/15 16:11:42 [DEBUG] unwindFrameWithSFrame: 读取返回地址，位置=0x7ffd1d93af98 (CFA=0x7ffd1d93afa0, RAOffset=-8)
2026/01/15 16:11:42 [DEBUG] unwindFrameWithSFrame: 读取保存的BP=0x7ffd1d93afb0 (from CFA+-16=0x7ffd1d93af90), useFPBased=false
2026/01/15 16:11:42 [DEBUG] unwindFrameWithSFrame: retAddr=0x7f70a748daa1, newBP=0x7ffd1d93afb0, newSP=0x7ffd1d93afa0
2026/01/15 16:11:42 [DEBUG] SFrameResolver.ResolveAddress: 解析地址 0x7f70a748daa1
2026/01/15 16:11:42 [DEBUG] SFrameResolver: 共享库地址, 路径: /usr/lib/libc.so.6, 偏移: 0x8daa1
2026/01/15 16:11:42 [DEBUG] findSymbolInList: 候选符号 _IO_file_close_it @ 0x8cfa0, size=650, dist=0xb01
2026/01/15 16:11:42 [DEBUG] findSymbolInList: 候选符号 _IO_file_fopen @ 0x8d3f0, size=1274, dist=0x6b1
2026/01/15 16:11:42 [DEBUG] findSymbolInList: 候选符号 _IO_do_write @ 0x8da80, size=47, dist=0x21
2026/01/15 16:11:42 [DEBUG] findSymbolInList: 候选符号 _IO_file_attach @ 0x8d8f0, size=199, dist=0x1b1
2026/01/15 16:11:42 [DEBUG] findSymbolInList: 候选符号 _IO_file_open @ 0x8d300, size=237, dist=0x7a1
2026/01/15 16:11:42 [DEBUG] findSymbolInList: 候选符号 _IO_file_setbuf @ 0x8d9c0, size=57, dist=0xe1
2026/01/15 16:11:42 [DEBUG] findSymbolInList: 候选符号 _IO_file_finish @ 0x8d230, size=199, dist=0x871
2026/01/15 16:11:42 [DEBUG] findSymbolInList: 候选符号 _IO_file_init @ 0x8cf50, size=78, dist=0xb51
2026/01/15 16:11:42 [DEBUG] findSymbolInList: 目标地址=0x8daa1, 检查了679个候选符号, 最佳匹配(范围内)=_IO_do_write, 距离=0x21
2026/01/15 16:11:42 [DEBUG] SFrameResolver: 找到共享库函数 _IO_do_write+0x21@libc.so.6
2026/01/15 16:11:42 [DEBUG] UnwindStackWithSFrame: Frame 1: PC=0x7f70a748daa1, SP=0x7ffd1d93afa0, BP=0x7ffd1d93afb0
2026/01/15 16:11:42 [DEBUG] findSFrameFunction: 共享库地址 PC=0x7f70a748daa1, lib=/usr/lib/libc.so.6
2026/01/15 16:11:42 [DEBUG] findSFrameFunction: 找到共享库SFrame函数 @ 0x7f70a748da80 (virtual=0x8da80), size=47, lib=/usr/lib/libc.so.6
2026/01/15 16:11:42 [DEBUG] findFDEForFunction: pcOffset=0x21, FuncInfo=0x0, StartFREOff=13826, FuncSize=47, NumFREs=4
2026/01/15 16:11:42 [DEBUG] findFDEForFunction: 解析FRE, freType=0, freDataStart=92034
2026/01/15 16:11:42 [DEBUG] findFDEForFunction: FRE #0: StartOffset=0x0, CFAOffset=8, RAOffset=-8, FPOffset=0
2026/01/15 16:11:42 [DEBUG] findFDEForFunction: FRE #1: StartOffset=0x11, CFAOffset=16, RAOffset=-8, FPOffset=-16
2026/01/15 16:11:42 [DEBUG] findFDEForFunction: FRE #2: StartOffset=0x14, CFAOffset=16, RAOffset=-8, FPOffset=-16
2026/01/15 16:11:42 [DEBUG] findFDEForFunction: FRE #3: StartOffset=0x26, CFAOffset=8, RAOffset=-8, FPOffset=-16
2026/01/15 16:11:42 [DEBUG] findFDEForFunction: 找到匹配的FRE, CFA_BASE=SP, CFAOffset=16, RAOffset=-8, FPOffset=-16
2026/01/15 16:11:42 [DEBUG] unwindFrameWithSFrame: 函数size=47, pcOffset=0x21, useFPBased=false (from FRE)
2026/01/15 16:11:42 [DEBUG] unwindFrameWithSFrame: SP-based CFA (来自FDE), CFA=0x7ffd1d93afb0 (SP=0x7ffd1d93afa0 + 16)
2026/01/15 16:11:42 [DEBUG] unwindFrameWithSFrame: 读取返回地址，位置=0x7ffd1d93afa8 (CFA=0x7ffd1d93afb0, RAOffset=-8)
2026/01/15 16:11:42 [DEBUG] unwindFrameWithSFrame: 读取保存的BP=0x7ffd1d93afc0 (from CFA+-16=0x7ffd1d93afa0), useFPBased=false
2026/01/15 16:11:42 [DEBUG] unwindFrameWithSFrame: retAddr=0x7f70a74e3bd2, newBP=0x7ffd1d93afc0, newSP=0x7ffd1d93afb0
2026/01/15 16:11:42 [DEBUG] SFrameResolver.ResolveAddress: 解析地址 0x7f70a74e3bd2
2026/01/15 16:11:42 [DEBUG] SFrameResolver: 共享库地址, 路径: /usr/lib/libc.so.6, 偏移: 0xe3bd2
2026/01/15 16:11:42 [DEBUG] findSymbolInList: 候选符号 clock_gettime @ 0xe3ad0, size=127, dist=0x102
2026/01/15 16:11:42 [DEBUG] findSymbolInList: 候选符号 clock_gettime @ 0xe3ad0, size=127, dist=0x102
2026/01/15 16:11:42 [DEBUG] findSymbolInList: 候选符号 __clock_gettime @ 0xe3ad0, size=127, dist=0x102
2026/01/15 16:11:42 [DEBUG] findSymbolInList: 候选符号 timespec_getres @ 0xe39f0, size=37, dist=0x1e2
2026/01/15 16:11:42 [DEBUG] findSymbolInList: 候选符号 timespec_get @ 0xe39c0, size=37, dist=0x212
2026/01/15 16:11:42 [DEBUG] findSymbolInList: 候选符号 wcsftime_l @ 0xe3970, size=68, dist=0x262
2026/01/15 16:11:42 [DEBUG] findSymbolInList: 候选符号 __wcsftime_l @ 0xe3970, size=68, dist=0x262
2026/01/15 16:11:42 [DEBUG] findSymbolInList: 候选符号 clock_getres @ 0xe3a60, size=102, dist=0x172
2026/01/15 16:11:42 [DEBUG] findSymbolInList: 候选符号 clock_getres @ 0xe3a60, size=102, dist=0x172
2026/01/15 16:11:42 [DEBUG] findSymbolInList: 候选符号 clock_nanosleep @ 0xe3ba0, size=70, dist=0x32
2026/01/15 16:11:42 [DEBUG] findSymbolInList: 候选符号 clock_nanosleep @ 0xe3ba0, size=70, dist=0x32
2026/01/15 16:11:42 [DEBUG] findSymbolInList: 候选符号 clock_getcpuclockid @ 0xe3a20, size=54, dist=0x1b2
2026/01/15 16:11:42 [DEBUG] findSymbolInList: 候选符号 clock_getcpuclockid @ 0xe3a20, size=54, dist=0x1b2
2026/01/15 16:11:42 [DEBUG] findSymbolInList: 候选符号 clock_settime @ 0xe3b50, size=76, dist=0x82
2026/01/15 16:11:42 [DEBUG] findSymbolInList: 候选符号 clock_settime @ 0xe3b50, size=76, dist=0x82
2026/01/15 16:11:42 [DEBUG] findSymbolInList: 目标地址=0xe3bd2, 检查了1514个候选符号, 最佳匹配(范围内)=clock_nanosleep, 距离=0x32
2026/01/15 16:11:42 [DEBUG] SFrameResolver: 找到共享库函数 clock_nanosleep+0x32@libc.so.6
2026/01/15 16:11:42 [DEBUG] UnwindStackWithSFrame: Frame 2: PC=0x7f70a74e3bd2, SP=0x7ffd1d93afb0, BP=0x7ffd1d93afc0
2026/01/15 16:11:42 [DEBUG] findSFrameFunction: 共享库地址 PC=0x7f70a74e3bd2, lib=/usr/lib/libc.so.6
2026/01/15 16:11:42 [DEBUG] findSFrameFunction: 找到共享库SFrame函数 @ 0x7f70a74e3ba0 (virtual=0xe3ba0), size=70, lib=/usr/lib/libc.so.6
2026/01/15 16:11:42 [DEBUG] findFDEForFunction: pcOffset=0x32, FuncInfo=0x0, StartFREOff=26638, FuncSize=70, NumFREs=5
2026/01/15 16:11:42 [DEBUG] findFDEForFunction: 解析FRE, freType=0, freDataStart=104846
2026/01/15 16:11:42 [DEBUG] findFDEForFunction: FRE #0: StartOffset=0x0, CFAOffset=8, RAOffset=-8, FPOffset=0
2026/01/15 16:11:42 [DEBUG] findFDEForFunction: FRE #1: StartOffset=0xa, CFAOffset=16, RAOffset=-8, FPOffset=-16
2026/01/15 16:11:42 [DEBUG] findFDEForFunction: FRE #2: StartOffset=0x21, CFAOffset=16, RAOffset=-8, FPOffset=-16
2026/01/15 16:11:42 [DEBUG] findFDEForFunction: FRE #3: StartOffset=0x35, CFAOffset=8, RAOffset=-8, FPOffset=-16
2026/01/15 16:11:42 [DEBUG] findFDEForFunction: FRE #4: StartOffset=0x40, CFAOffset=8, RAOffset=-8, FPOffset=0
2026/01/15 16:11:42 [DEBUG] findFDEForFunction: 找到匹配的FRE, CFA_BASE=SP, CFAOffset=16, RAOffset=-8, FPOffset=-16
2026/01/15 16:11:42 [DEBUG] unwindFrameWithSFrame: 函数size=70, pcOffset=0x32, useFPBased=false (from FRE)
2026/01/15 16:11:42 [DEBUG] unwindFrameWithSFrame: SP-based CFA (来自FDE), CFA=0x7ffd1d93afc0 (SP=0x7ffd1d93afb0 + 16)
2026/01/15 16:11:42 [DEBUG] unwindFrameWithSFrame: 读取返回地址，位置=0x7ffd1d93afb8 (CFA=0x7ffd1d93afc0, RAOffset=-8)
2026/01/15 16:11:42 [DEBUG] unwindFrameWithSFrame: BP未增长: newBP=0xe6 <= oldBP=0x7ffd1d93afc0，保持旧BP
2026/01/15 16:11:42 [DEBUG] unwindFrameWithSFrame: retAddr=0x7f70a748dfc0, newBP=0x7ffd1d93afc0, newSP=0x7ffd1d93afc0
2026/01/15 16:11:42 [DEBUG] SFrameResolver.ResolveAddress: 解析地址 0x7f70a748dfc0
2026/01/15 16:11:42 [DEBUG] SFrameResolver: 共享库地址, 路径: /usr/lib/libc.so.6, 偏移: 0x8dfc0
2026/01/15 16:11:42 [DEBUG] findSymbolInList: 候选符号 _IO_file_underflow @ 0x8dab0, size=790, dist=0x510
2026/01/15 16:11:42 [DEBUG] findSymbolInList: 候选符号 _IO_file_fopen @ 0x8d3f0, size=1274, dist=0xbd0
2026/01/15 16:11:42 [DEBUG] findSymbolInList: 候选符号 _IO_do_write @ 0x8da80, size=47, dist=0x540
2026/01/15 16:11:42 [DEBUG] findSymbolInList: 候选符号 _IO_file_attach @ 0x8d8f0, size=199, dist=0x6d0
2026/01/15 16:11:42 [DEBUG] findSymbolInList: 候选符号 _IO_file_open @ 0x8d300, size=237, dist=0xcc0
2026/01/15 16:11:42 [DEBUG] findSymbolInList: 候选符号 _IO_file_setbuf @ 0x8d9c0, size=57, dist=0x600
2026/01/15 16:11:42 [DEBUG] findSymbolInList: 候选符号 _IO_file_finish @ 0x8d230, size=199, dist=0xd90
2026/01/15 16:11:42 [DEBUG] findSymbolInList: 候选符号 _IO_file_overflow @ 0x8dec0, size=537, dist=0x100
2026/01/15 16:11:42 [DEBUG] findSymbolInList: 目标地址=0x8dfc0, 检查了681个候选符号, 最佳匹配(范围内)=_IO_file_overflow, 距离=0x100
2026/01/15 16:11:42 [DEBUG] SFrameResolver: 找到共享库函数 _IO_file_overflow+0x100@libc.so.6
2026/01/15 16:11:42 [DEBUG] UnwindStackWithSFrame: Frame 3: PC=0x7f70a748dfc0, SP=0x7ffd1d93afc0, BP=0x7ffd1d93afc0
2026/01/15 16:11:42 [DEBUG] findSFrameFunction: 共享库地址 PC=0x7f70a748dfc0, lib=/usr/lib/libc.so.6
2026/01/15 16:11:42 [DEBUG] findSFrameFunction: 找到共享库SFrame函数 @ 0x7f70a748dec0 (virtual=0x8dec0), size=537, lib=/usr/lib/libc.so.6
2026/01/15 16:11:42 [DEBUG] findFDEForFunction: pcOffset=0x100, FuncInfo=0x1, StartFREOff=13949, FuncSize=537, NumFREs=8
2026/01/15 16:11:42 [DEBUG] findFDEForFunction: 解析FRE, freType=1, freDataStart=92157
2026/01/15 16:11:42 [DEBUG] findFDEForFunction: FRE #0: StartOffset=0x0, CFAOffset=8, RAOffset=-8, FPOffset=0
2026/01/15 16:11:42 [DEBUG] findFDEForFunction: FRE #1: StartOffset=0x10, CFAOffset=16, RAOffset=-8, FPOffset=-16
2026/01/15 16:11:42 [DEBUG] findFDEForFunction: FRE #2: StartOffset=0x13, CFAOffset=16, RAOffset=-8, FPOffset=-16
2026/01/15 16:11:42 [DEBUG] findFDEForFunction: FRE #3: StartOffset=0x6d, CFAOffset=8, RAOffset=-8, FPOffset=-16
2026/01/15 16:11:42 [DEBUG] findFDEForFunction: FRE #4: StartOffset=0x70, CFAOffset=16, RAOffset=-8, FPOffset=-16
2026/01/15 16:11:42 [DEBUG] findFDEForFunction: FRE #5: StartOffset=0xe2, CFAOffset=8, RAOffset=-8, FPOffset=0
2026/01/15 16:11:42 [DEBUG] findFDEForFunction: FRE #6: StartOffset=0xf0, CFAOffset=16, RAOffset=-8, FPOffset=-16
2026/01/15 16:11:42 [DEBUG] findFDEForFunction: FRE #7: StartOffset=0x200, CFAOffset=8, RAOffset=-8, FPOffset=0
2026/01/15 16:11:42 [DEBUG] findFDEForFunction: 找到匹配的FRE, CFA_BASE=SP, CFAOffset=16, RAOffset=-8, FPOffset=-16
2026/01/15 16:11:42 [DEBUG] unwindFrameWithSFrame: 函数size=537, pcOffset=0x100, useFPBased=false (from FRE)
2026/01/15 16:11:42 [DEBUG] unwindFrameWithSFrame: SP-based CFA (来自FDE), CFA=0x7ffd1d93afd0 (SP=0x7ffd1d93afc0 + 16)
2026/01/15 16:11:42 [DEBUG] unwindFrameWithSFrame: 读取返回地址，位置=0x7ffd1d93afc8 (CFA=0x7ffd1d93afd0, RAOffset=-8)
2026/01/15 16:11:42 [DEBUG] unwindFrameWithSFrame: 读取保存的BP=0x7ffd1d93afd0 (from CFA+-16=0x7ffd1d93afc0), useFPBased=false
2026/01/15 16:11:42 [DEBUG] unwindFrameWithSFrame: retAddr=0x7f70a74efc57, newBP=0x7ffd1d93afd0, newSP=0x7ffd1d93afd0
2026/01/15 16:11:42 [DEBUG] SFrameResolver.ResolveAddress: 解析地址 0x7f70a74efc57
2026/01/15 16:11:42 [DEBUG] SFrameResolver: 共享库地址, 路径: /usr/lib/libc.so.6, 偏移: 0xefc57
2026/01/15 16:11:42 [DEBUG] findSymbolInList: 候选符号 globfree @ 0xefaf0, size=97, dist=0x167
2026/01/15 16:11:42 [DEBUG] findSymbolInList: 候选符号 nanosleep @ 0xefc40, size=49, dist=0x17
2026/01/15 16:11:42 [DEBUG] findSymbolInList: 候选符号 group_member @ 0xefb60, size=221, dist=0xf7
2026/01/15 16:11:42 [DEBUG] findSymbolInList: 候选符号 globfree64 @ 0xefaf0, size=97, dist=0x167
2026/01/15 16:11:42 [DEBUG] findSymbolInList: 候选符号 glob_pattern_p @ 0xefa30, size=189, dist=0x227
2026/01/15 16:11:42 [DEBUG] findSymbolInList: 候选符号 __nanosleep @ 0xefc40, size=49, dist=0x17
2026/01/15 16:11:42 [DEBUG] findSymbolInList: 目标地址=0xefc57, 检查了1585个候选符号, 最佳匹配(范围内)=nanosleep, 距离=0x17
2026/01/15 16:11:42 [DEBUG] SFrameResolver: 找到共享库函数 nanosleep+0x17@libc.so.6
2026/01/15 16:11:42 [DEBUG] UnwindStackWithSFrame: Frame 4: PC=0x7f70a74efc57, SP=0x7ffd1d93afd0, BP=0x7ffd1d93afd0
2026/01/15 16:11:42 [DEBUG] findSFrameFunction: 共享库地址 PC=0x7f70a74efc57, lib=/usr/lib/libc.so.6
2026/01/15 16:11:42 [DEBUG] findSFrameFunction: 找到共享库SFrame函数 @ 0x7f70a74efc40 (virtual=0xefc40), size=49, lib=/usr/lib/libc.so.6
2026/01/15 16:11:42 [DEBUG] findFDEForFunction: pcOffset=0x17, FuncInfo=0x0, StartFREOff=28147, FuncSize=49, NumFREs=6
2026/01/15 16:11:42 [DEBUG] findFDEForFunction: 解析FRE, freType=0, freDataStart=106355
2026/01/15 16:11:42 [DEBUG] findFDEForFunction: FRE #0: StartOffset=0x0, CFAOffset=8, RAOffset=-8, FPOffset=0
2026/01/15 16:11:42 [DEBUG] findFDEForFunction: FRE #1: StartOffset=0x5, CFAOffset=16, RAOffset=-8, FPOffset=-16
2026/01/15 16:11:42 [DEBUG] findFDEForFunction: FRE #2: StartOffset=0x12, CFAOffset=16, RAOffset=-8, FPOffset=-16
2026/01/15 16:11:42 [DEBUG] findFDEForFunction: FRE #3: StartOffset=0x1c, CFAOffset=8, RAOffset=-8, FPOffset=-16
2026/01/15 16:11:42 [DEBUG] findFDEForFunction: FRE #4: StartOffset=0x20, CFAOffset=16, RAOffset=-8, FPOffset=-16
2026/01/15 16:11:42 [DEBUG] findFDEForFunction: FRE #5: StartOffset=0x30, CFAOffset=8, RAOffset=-8, FPOffset=-16
2026/01/15 16:11:42 [DEBUG] findFDEForFunction: 找到匹配的FRE, CFA_BASE=SP, CFAOffset=16, RAOffset=-8, FPOffset=-16
2026/01/15 16:11:42 [DEBUG] unwindFrameWithSFrame: 函数size=49, pcOffset=0x17, useFPBased=false (from FRE)
2026/01/15 16:11:42 [DEBUG] unwindFrameWithSFrame: SP-based CFA (来自FDE), CFA=0x7ffd1d93afe0 (SP=0x7ffd1d93afd0 + 16)
2026/01/15 16:11:42 [DEBUG] unwindFrameWithSFrame: 读取返回地址，位置=0x7ffd1d93afd8 (CFA=0x7ffd1d93afe0, RAOffset=-8)
2026/01/15 16:11:42 [DEBUG] unwindFrameWithSFrame: 读取保存的BP=0x7ffd1d93b010 (from CFA+-16=0x7ffd1d93afd0), useFPBased=false
2026/01/15 16:11:42 [DEBUG] unwindFrameWithSFrame: retAddr=0x7f70a750229e, newBP=0x7ffd1d93b010, newSP=0x7ffd1d93afe0
2026/01/15 16:11:42 [DEBUG] SFrameResolver.ResolveAddress: 解析地址 0x7f70a750229e
2026/01/15 16:11:42 [DEBUG] SFrameResolver: 共享库地址, 路径: /usr/lib/libc.so.6, 偏移: 0x10229e
2026/01/15 16:11:42 [DEBUG] findSymbolInList: 候选符号 __sched_yield @ 0x101de0, size=37, dist=0x4be
2026/01/15 16:11:42 [DEBUG] findSymbolInList: 候选符号 __shm_get_name @ 0x102150, size=265, dist=0x14e
2026/01/15 16:11:42 [DEBUG] findSymbolInList: 候选符号 sleep @ 0x102260, size=115, dist=0x3e
2026/01/15 16:11:42 [DEBUG] findSymbolInList: 候选符号 __sched_getparam @ 0x101c60, size=37, dist=0x63e
2026/01/15 16:11:42 [DEBUG] findSymbolInList: 候选符号 setsid @ 0x1020a0, size=37, dist=0x1fe
2026/01/15 16:11:42 [DEBUG] findSymbolInList: 候选符号 re_exec @ 0x101380, size=40, dist=0xf1e
2026/01/15 16:11:42 [DEBUG] findSymbolInList: 候选符号 __setpgid @ 0x101f20, size=37, dist=0x37e
2026/01/15 16:11:42 [DEBUG] findSymbolInList: 候选符号 setgid @ 0x101e10, size=121, dist=0x48e
2026/01/15 16:11:42 [DEBUG] findSymbolInList: 候选符号 sched_setparam @ 0x101d80, size=37, dist=0x51e
2026/01/15 16:11:42 [DEBUG] findSymbolInList: 候选符号 sched_rr_get_interval @ 0x101d20, size=42, dist=0x57e
2026/01/15 16:11:42 [DEBUG] findSymbolInList: 候选符号 __sched_get_priority_min @ 0x101cf0, size=37, dist=0x5ae
2026/01/15 16:11:42 [DEBUG] findSymbolInList: 候选符号 sched_get_priority_max @ 0x101cc0, size=37, dist=0x5de
2026/01/15 16:11:42 [DEBUG] findSymbolInList: 候选符号 sched_setaffinity @ 0x101d50, size=42, dist=0x54e
2026/01/15 16:11:42 [DEBUG] findSymbolInList: 候选符号 __sched_cpualloc @ 0x101b90, size=22, dist=0x70e
2026/01/15 16:11:42 [DEBUG] findSymbolInList: 候选符号 setuid @ 0x1020d0, size=121, dist=0x1ce
2026/01/15 16:11:42 [DEBUG] findSymbolInList: 候选符号 setgroups @ 0x101e90, size=129, dist=0x40e
2026/01/15 16:11:42 [DEBUG] findSymbolInList: 候选符号 setpgid @ 0x101f20, size=37, dist=0x37e
2026/01/15 16:11:42 [DEBUG] findSymbolInList: 候选符号 re_search @ 0x1012e0, size=22, dist=0xfbe
2026/01/15 16:11:42 [DEBUG] findSymbolInList: 候选符号 __sched_cpufree @ 0x101bf0, size=10, dist=0x6ae
2026/01/15 16:11:42 [DEBUG] findSymbolInList: 候选符号 setresgid @ 0x101f60, size=153, dist=0x33e
2026/01/15 16:11:42 [DEBUG] findSymbolInList: 候选符号 __sched_setscheduler @ 0x101db0, size=37, dist=0x4ee
2026/01/15 16:11:42 [DEBUG] findSymbolInList: 候选符号 __sched_cpucount @ 0x101bb0, size=63, dist=0x6ee
2026/01/15 16:11:42 [DEBUG] findSymbolInList: 候选符号 sched_get_priority_min @ 0x101cf0, size=37, dist=0x5ae
2026/01/15 16:11:42 [DEBUG] findSymbolInList: 候选符号 setresuid @ 0x102000, size=153, dist=0x29e
2026/01/15 16:11:42 [DEBUG] findSymbolInList: 候选符号 sched_yield @ 0x101de0, size=37, dist=0x4be
2026/01/15 16:11:42 [DEBUG] findSymbolInList: 候选符号 re_search_2 @ 0x101320, size=28, dist=0xf7e
2026/01/15 16:11:42 [DEBUG] findSymbolInList: 候选符号 setpgrp @ 0x101f50, size=13, dist=0x34e
2026/01/15 16:11:42 [DEBUG] findSymbolInList: 候选符号 re_match @ 0x1012c0, size=25, dist=0xfde
2026/01/15 16:11:42 [DEBUG] findSymbolInList: 候选符号 re_match_2 @ 0x101300, size=26, dist=0xf9e
2026/01/15 16:11:42 [DEBUG] findSymbolInList: 候选符号 re_set_registers @ 0x101340, size=51, dist=0xf5e
2026/01/15 16:11:42 [DEBUG] findSymbolInList: 候选符号 sched_getscheduler @ 0x101c90, size=37, dist=0x60e
2026/01/15 16:11:42 [DEBUG] findSymbolInList: 候选符号 sched_setscheduler @ 0x101db0, size=37, dist=0x4ee
2026/01/15 16:11:42 [DEBUG] findSymbolInList: 候选符号 __sched_getscheduler @ 0x101c90, size=37, dist=0x60e
2026/01/15 16:11:42 [DEBUG] findSymbolInList: 候选符号 sched_getparam @ 0x101c60, size=37, dist=0x63e
2026/01/15 16:11:42 [DEBUG] findSymbolInList: 候选符号 __register_atfork @ 0x1013c0, size=498, dist=0xede
2026/01/15 16:11:42 [DEBUG] findSymbolInList: 候选符号 sched_getaffinity @ 0x101c00, size=90, dist=0x69e
2026/01/15 16:11:42 [DEBUG] findSymbolInList: 候选符号 __sched_get_priority_max @ 0x101cc0, size=37, dist=0x5de
2026/01/15 16:11:42 [DEBUG] findSymbolInList: 目标地址=0x10229e, 检查了1641个候选符号, 最佳匹配(范围内)=sleep, 距离=0x3e
2026/01/15 16:11:42 [DEBUG] SFrameResolver: 找到共享库函数 sleep+0x3e@libc.so.6
2026/01/15 16:11:42 [DEBUG] UnwindStackWithSFrame: Frame 5: PC=0x7f70a750229e, SP=0x7ffd1d93afe0, BP=0x7ffd1d93b010
2026/01/15 16:11:42 [DEBUG] findSFrameFunction: 共享库地址 PC=0x7f70a750229e, lib=/usr/lib/libc.so.6
2026/01/15 16:11:42 [DEBUG] findSFrameFunction: 找到共享库SFrame函数 @ 0x7f70a7502260 (virtual=0x102260), size=115, lib=/usr/lib/libc.so.6
2026/01/15 16:11:42 [DEBUG] findFDEForFunction: pcOffset=0x3e, FuncInfo=0x0, StartFREOff=30472, FuncSize=115, NumFREs=5
2026/01/15 16:11:42 [DEBUG] findFDEForFunction: 解析FRE, freType=0, freDataStart=108680
2026/01/15 16:11:42 [DEBUG] findFDEForFunction: FRE #0: StartOffset=0x0, CFAOffset=8, RAOffset=-8, FPOffset=0
2026/01/15 16:11:42 [DEBUG] findFDEForFunction: FRE #1: StartOffset=0x5, CFAOffset=16, RAOffset=-8, FPOffset=-16
2026/01/15 16:11:42 [DEBUG] findFDEForFunction: FRE #2: StartOffset=0x8, CFAOffset=16, RAOffset=-8, FPOffset=-16
2026/01/15 16:11:42 [DEBUG] findFDEForFunction: FRE #3: StartOffset=0x62, CFAOffset=8, RAOffset=-8, FPOffset=-16
2026/01/15 16:11:42 [DEBUG] findFDEForFunction: FRE #4: StartOffset=0x68, CFAOffset=16, RAOffset=-8, FPOffset=-16
2026/01/15 16:11:42 [DEBUG] findFDEForFunction: 找到匹配的FRE, CFA_BASE=SP, CFAOffset=16, RAOffset=-8, FPOffset=-16
2026/01/15 16:11:42 [DEBUG] unwindFrameWithSFrame: 函数size=115, pcOffset=0x3e, useFPBased=false (from FRE)
2026/01/15 16:11:42 [DEBUG] unwindFrameWithSFrame: SP-based CFA (来自FDE), CFA=0x7ffd1d93aff0 (SP=0x7ffd1d93afe0 + 16)
2026/01/15 16:11:42 [DEBUG] unwindFrameWithSFrame: 读取返回地址，位置=0x7ffd1d93afe8 (CFA=0x7ffd1d93aff0, RAOffset=-8)
2026/01/15 16:11:42 [DEBUG] unwindFrameWithSFrame: SP-based读取失败(retAddr=0x3176a32b无效)，尝试从BP+8读取
2026/01/15 16:11:42 [DEBUG] unwindFrameWithSFrame: 从BP+8成功读取返回地址 0x5605e492b1b1，切换到FP-based
2026/01/15 16:11:42 [DEBUG] unwindFrameWithSFrame: 读取保存的BP=0x7ffd1d93b020 (from CFA+-16=0x7ffd1d93b010), useFPBased=true
2026/01/15 16:11:42 [DEBUG] unwindFrameWithSFrame: retAddr=0x5605e492b1b1, newBP=0x7ffd1d93b020, newSP=0x7ffd1d93b020
2026/01/15 16:11:42 [DEBUG] SFrameResolver.ResolveAddress: 解析地址 0x5605e492b1b1
2026/01/15 16:11:42 [DEBUG] SFrameResolver: 主程序地址，文件偏移 0x11b1
2026/01/15 16:11:42 [DEBUG] findSymbolInList: 候选符号 deregister_tm_clones @ 0x10a0, size=0, dist=0x111
2026/01/15 16:11:42 [DEBUG] findSymbolInList: 候选符号 register_tm_clones @ 0x10d0, size=0, dist=0xe1
2026/01/15 16:11:42 [DEBUG] findSymbolInList: 候选符号 __do_global_dtors_aux @ 0x1110, size=0, dist=0xa1
2026/01/15 16:11:42 [DEBUG] findSymbolInList: 候选符号 frame_dummy @ 0x1160, size=0, dist=0x51
2026/01/15 16:11:42 [DEBUG] findSymbolInList: 候选符号 function_level_5 @ 0x1169, size=74, dist=0x48
2026/01/15 16:11:42 [DEBUG] findSymbolInList: 候选符号 _start @ 0x1070, size=38, dist=0x141
2026/01/15 16:11:42 [DEBUG] findSymbolInList: 候选符号 _init @ 0x1000, size=0, dist=0x1b1
2026/01/15 16:11:42 [DEBUG] findSymbolInList: 目标地址=0x11b1, 检查了7个候选符号, 最佳匹配(范围内)=function_level_5, 距离=0x48
2026/01/15 16:11:42 [DEBUG] SFrameResolver: 找到函数 function_level_5+0x48
2026/01/15 16:11:42 [DEBUG] UnwindStackWithSFrame: Frame 6: PC=0x5605e492b1b1, SP=0x7ffd1d93b020, BP=0x7ffd1d93b020
2026/01/15 16:11:42 [DEBUG] findSFrameFunction: 主程序地址 PC=0x5605e492b1b1, baseAddr=0x5605e492b000, 函数数=8
2026/01/15 16:11:42 [DEBUG] findSFrameFunction: 找到主程序SFrame函数 @ 0x5605e492b169 (virtual=0x1169), PC=0x5605e492b1b1, size=74
2026/01/15 16:11:42 [DEBUG] findFDEForFunction: pcOffset=0x48, FuncInfo=0x0, StartFREOff=0, FuncSize=74, NumFREs=3
2026/01/15 16:11:42 [DEBUG] findFDEForFunction: 解析FRE, freType=0, freDataStart=188
2026/01/15 16:11:42 [DEBUG] findFDEForFunction: FRE #0: StartOffset=0x0, CFAOffset=8, RAOffset=-8, FPOffset=0
2026/01/15 16:11:42 [DEBUG] findFDEForFunction: FRE #1: StartOffset=0x1, CFAOffset=16, RAOffset=-8, FPOffset=-16
2026/01/15 16:11:42 [DEBUG] findFDEForFunction: FRE #2: StartOffset=0x4, CFAOffset=16, RAOffset=-8, FPOffset=-16
2026/01/15 16:11:42 [DEBUG] findFDEForFunction: 找到匹配的FRE, CFA_BASE=SP, CFAOffset=16, RAOffset=-8, FPOffset=-16
2026/01/15 16:11:42 [DEBUG] unwindFrameWithSFrame: 函数size=74, pcOffset=0x48, useFPBased=false (from FRE)
2026/01/15 16:11:42 [DEBUG] unwindFrameWithSFrame: SP-based CFA (来自FDE), CFA=0x7ffd1d93b030 (SP=0x7ffd1d93b020 + 16)
2026/01/15 16:11:42 [DEBUG] unwindFrameWithSFrame: 读取返回地址，位置=0x7ffd1d93b028 (CFA=0x7ffd1d93b030, RAOffset=-8)
2026/01/15 16:11:42 [DEBUG] unwindFrameWithSFrame: 读取保存的BP=0x7ffd1d93b030 (from CFA+-16=0x7ffd1d93b020), useFPBased=false
2026/01/15 16:11:42 [DEBUG] unwindFrameWithSFrame: retAddr=0x5605e492b1cb, newBP=0x7ffd1d93b030, newSP=0x7ffd1d93b030
2026/01/15 16:11:42 [DEBUG] SFrameResolver.ResolveAddress: 解析地址 0x5605e492b1cb
2026/01/15 16:11:42 [DEBUG] SFrameResolver: 主程序地址，文件偏移 0x11cb
2026/01/15 16:11:42 [DEBUG] findSymbolInList: 候选符号 deregister_tm_clones @ 0x10a0, size=0, dist=0x12b
2026/01/15 16:11:42 [DEBUG] findSymbolInList: 候选符号 register_tm_clones @ 0x10d0, size=0, dist=0xfb
2026/01/15 16:11:42 [DEBUG] findSymbolInList: 候选符号 __do_global_dtors_aux @ 0x1110, size=0, dist=0xbb
2026/01/15 16:11:42 [DEBUG] findSymbolInList: 候选符号 frame_dummy @ 0x1160, size=0, dist=0x6b
2026/01/15 16:11:42 [DEBUG] findSymbolInList: 候选符号 function_level_5 @ 0x1169, size=74, dist=0x62
2026/01/15 16:11:42 [DEBUG] findSymbolInList: 候选符号 function_level_4 @ 0x11b3, size=27, dist=0x18
2026/01/15 16:11:42 [DEBUG] findSymbolInList: 候选符号 _start @ 0x1070, size=38, dist=0x15b
2026/01/15 16:11:42 [DEBUG] findSymbolInList: 候选符号 _init @ 0x1000, size=0, dist=0x1cb
2026/01/15 16:11:42 [DEBUG] findSymbolInList: 目标地址=0x11cb, 检查了8个候选符号, 最佳匹配(范围内)=function_level_4, 距离=0x18
2026/01/15 16:11:42 [DEBUG] SFrameResolver: 找到函数 function_level_4+0x18
2026/01/15 16:11:42 [DEBUG] UnwindStackWithSFrame: Frame 7: PC=0x5605e492b1cb, SP=0x7ffd1d93b030, BP=0x7ffd1d93b030
2026/01/15 16:11:42 [DEBUG] findSFrameFunction: 主程序地址 PC=0x5605e492b1cb, baseAddr=0x5605e492b000, 函数数=8
2026/01/15 16:11:42 [DEBUG] findSFrameFunction: 找到主程序SFrame函数 @ 0x5605e492b1b3 (virtual=0x11b3), PC=0x5605e492b1cb, size=27
2026/01/15 16:11:42 [DEBUG] findFDEForFunction: pcOffset=0x18, FuncInfo=0x0, StartFREOff=11, FuncSize=27, NumFREs=4
2026/01/15 16:11:42 [DEBUG] findFDEForFunction: 解析FRE, freType=0, freDataStart=199
2026/01/15 16:11:42 [DEBUG] findFDEForFunction: FRE #0: StartOffset=0x0, CFAOffset=8, RAOffset=-8, FPOffset=0
2026/01/15 16:11:42 [DEBUG] findFDEForFunction: FRE #1: StartOffset=0x1, CFAOffset=16, RAOffset=-8, FPOffset=-16
2026/01/15 16:11:42 [DEBUG] findFDEForFunction: FRE #2: StartOffset=0x4, CFAOffset=16, RAOffset=-8, FPOffset=-16
2026/01/15 16:11:42 [DEBUG] findFDEForFunction: FRE #3: StartOffset=0x1a, CFAOffset=8, RAOffset=-8, FPOffset=-16
2026/01/15 16:11:42 [DEBUG] findFDEForFunction: 找到匹配的FRE, CFA_BASE=SP, CFAOffset=16, RAOffset=-8, FPOffset=-16
2026/01/15 16:11:42 [DEBUG] unwindFrameWithSFrame: 函数size=27, pcOffset=0x18, useFPBased=false (from FRE)
2026/01/15 16:11:42 [DEBUG] unwindFrameWithSFrame: SP-based CFA (来自FDE), CFA=0x7ffd1d93b040 (SP=0x7ffd1d93b030 + 16)
2026/01/15 16:11:42 [DEBUG] unwindFrameWithSFrame: 读取返回地址，位置=0x7ffd1d93b038 (CFA=0x7ffd1d93b040, RAOffset=-8)
2026/01/15 16:11:42 [DEBUG] unwindFrameWithSFrame: 读取保存的BP=0x7ffd1d93b040 (from CFA+-16=0x7ffd1d93b030), useFPBased=false
2026/01/15 16:11:42 [DEBUG] unwindFrameWithSFrame: retAddr=0x5605e492b1e6, newBP=0x7ffd1d93b040, newSP=0x7ffd1d93b040
2026/01/15 16:11:42 [DEBUG] SFrameResolver.ResolveAddress: 解析地址 0x5605e492b1e6
2026/01/15 16:11:42 [DEBUG] SFrameResolver: 主程序地址，文件偏移 0x11e6
2026/01/15 16:11:42 [DEBUG] findSymbolInList: 候选符号 deregister_tm_clones @ 0x10a0, size=0, dist=0x146
2026/01/15 16:11:42 [DEBUG] findSymbolInList: 候选符号 register_tm_clones @ 0x10d0, size=0, dist=0x116
2026/01/15 16:11:42 [DEBUG] findSymbolInList: 候选符号 __do_global_dtors_aux @ 0x1110, size=0, dist=0xd6
2026/01/15 16:11:42 [DEBUG] findSymbolInList: 候选符号 frame_dummy @ 0x1160, size=0, dist=0x86
2026/01/15 16:11:42 [DEBUG] findSymbolInList: 候选符号 function_level_3 @ 0x11ce, size=27, dist=0x18
2026/01/15 16:11:42 [DEBUG] findSymbolInList: 候选符号 function_level_5 @ 0x1169, size=74, dist=0x7d
2026/01/15 16:11:42 [DEBUG] findSymbolInList: 候选符号 function_level_4 @ 0x11b3, size=27, dist=0x33
2026/01/15 16:11:42 [DEBUG] findSymbolInList: 候选符号 _start @ 0x1070, size=38, dist=0x176
2026/01/15 16:11:42 [DEBUG] findSymbolInList: 候选符号 _init @ 0x1000, size=0, dist=0x1e6
2026/01/15 16:11:42 [DEBUG] findSymbolInList: 目标地址=0x11e6, 检查了9个候选符号, 最佳匹配(范围内)=function_level_3, 距离=0x18
2026/01/15 16:11:42 [DEBUG] SFrameResolver: 找到函数 function_level_3+0x18
2026/01/15 16:11:42 [DEBUG] UnwindStackWithSFrame: Frame 8: PC=0x5605e492b1e6, SP=0x7ffd1d93b040, BP=0x7ffd1d93b040
2026/01/15 16:11:42 [DEBUG] findSFrameFunction: 主程序地址 PC=0x5605e492b1e6, baseAddr=0x5605e492b000, 函数数=8
2026/01/15 16:11:42 [DEBUG] findSFrameFunction: 找到主程序SFrame函数 @ 0x5605e492b1ce (virtual=0x11ce), PC=0x5605e492b1e6, size=27
2026/01/15 16:11:42 [DEBUG] findFDEForFunction: pcOffset=0x18, FuncInfo=0x0, StartFREOff=26, FuncSize=27, NumFREs=4
2026/01/15 16:11:42 [DEBUG] findFDEForFunction: 解析FRE, freType=0, freDataStart=214
2026/01/15 16:11:42 [DEBUG] findFDEForFunction: FRE #0: StartOffset=0x0, CFAOffset=8, RAOffset=-8, FPOffset=0
2026/01/15 16:11:42 [DEBUG] findFDEForFunction: FRE #1: StartOffset=0x1, CFAOffset=16, RAOffset=-8, FPOffset=-16
2026/01/15 16:11:42 [DEBUG] findFDEForFunction: FRE #2: StartOffset=0x4, CFAOffset=16, RAOffset=-8, FPOffset=-16
2026/01/15 16:11:42 [DEBUG] findFDEForFunction: FRE #3: StartOffset=0x1a, CFAOffset=8, RAOffset=-8, FPOffset=-16
2026/01/15 16:11:42 [DEBUG] findFDEForFunction: 找到匹配的FRE, CFA_BASE=SP, CFAOffset=16, RAOffset=-8, FPOffset=-16
2026/01/15 16:11:42 [DEBUG] unwindFrameWithSFrame: 函数size=27, pcOffset=0x18, useFPBased=false (from FRE)
2026/01/15 16:11:42 [DEBUG] unwindFrameWithSFrame: SP-based CFA (来自FDE), CFA=0x7ffd1d93b050 (SP=0x7ffd1d93b040 + 16)
2026/01/15 16:11:42 [DEBUG] unwindFrameWithSFrame: 读取返回地址，位置=0x7ffd1d93b048 (CFA=0x7ffd1d93b050, RAOffset=-8)
2026/01/15 16:11:42 [DEBUG] unwindFrameWithSFrame: 读取保存的BP=0x7ffd1d93b050 (from CFA+-16=0x7ffd1d93b040), useFPBased=false
2026/01/15 16:11:42 [DEBUG] unwindFrameWithSFrame: retAddr=0x5605e492b201, newBP=0x7ffd1d93b050, newSP=0x7ffd1d93b050
2026/01/15 16:11:42 [DEBUG] SFrameResolver.ResolveAddress: 解析地址 0x5605e492b201
2026/01/15 16:11:42 [DEBUG] SFrameResolver: 主程序地址，文件偏移 0x1201
2026/01/15 16:11:42 [DEBUG] findSymbolInList: 候选符号 deregister_tm_clones @ 0x10a0, size=0, dist=0x161
2026/01/15 16:11:42 [DEBUG] findSymbolInList: 候选符号 register_tm_clones @ 0x10d0, size=0, dist=0x131
2026/01/15 16:11:42 [DEBUG] findSymbolInList: 候选符号 __do_global_dtors_aux @ 0x1110, size=0, dist=0xf1
2026/01/15 16:11:42 [DEBUG] findSymbolInList: 候选符号 frame_dummy @ 0x1160, size=0, dist=0xa1
2026/01/15 16:11:42 [DEBUG] findSymbolInList: 候选符号 function_level_3 @ 0x11ce, size=27, dist=0x33
2026/01/15 16:11:42 [DEBUG] findSymbolInList: 候选符号 function_level_5 @ 0x1169, size=74, dist=0x98
2026/01/15 16:11:42 [DEBUG] findSymbolInList: 候选符号 function_level_2 @ 0x11e9, size=27, dist=0x18
2026/01/15 16:11:42 [DEBUG] findSymbolInList: 候选符号 function_level_4 @ 0x11b3, size=27, dist=0x4e
2026/01/15 16:11:42 [DEBUG] findSymbolInList: 候选符号 _start @ 0x1070, size=38, dist=0x191
2026/01/15 16:11:42 [DEBUG] findSymbolInList: 候选符号 _init @ 0x1000, size=0, dist=0x201
2026/01/15 16:11:42 [DEBUG] findSymbolInList: 目标地址=0x1201, 检查了10个候选符号, 最佳匹配(范围内)=function_level_2, 距离=0x18
2026/01/15 16:11:42 [DEBUG] SFrameResolver: 找到函数 function_level_2+0x18
2026/01/15 16:11:42 [DEBUG] UnwindStackWithSFrame: Frame 9: PC=0x5605e492b201, SP=0x7ffd1d93b050, BP=0x7ffd1d93b050
2026/01/15 16:11:42 [DEBUG] findSFrameFunction: 主程序地址 PC=0x5605e492b201, baseAddr=0x5605e492b000, 函数数=8
2026/01/15 16:11:42 [DEBUG] findSFrameFunction: 找到主程序SFrame函数 @ 0x5605e492b1e9 (virtual=0x11e9), PC=0x5605e492b201, size=27
2026/01/15 16:11:42 [DEBUG] findFDEForFunction: pcOffset=0x18, FuncInfo=0x0, StartFREOff=41, FuncSize=27, NumFREs=4
2026/01/15 16:11:42 [DEBUG] findFDEForFunction: 解析FRE, freType=0, freDataStart=229
2026/01/15 16:11:42 [DEBUG] findFDEForFunction: FRE #0: StartOffset=0x0, CFAOffset=8, RAOffset=-8, FPOffset=0
2026/01/15 16:11:42 [DEBUG] findFDEForFunction: FRE #1: StartOffset=0x1, CFAOffset=16, RAOffset=-8, FPOffset=-16
2026/01/15 16:11:42 [DEBUG] findFDEForFunction: FRE #2: StartOffset=0x4, CFAOffset=16, RAOffset=-8, FPOffset=-16
2026/01/15 16:11:42 [DEBUG] findFDEForFunction: FRE #3: StartOffset=0x1a, CFAOffset=8, RAOffset=-8, FPOffset=-16
2026/01/15 16:11:42 [DEBUG] findFDEForFunction: 找到匹配的FRE, CFA_BASE=SP, CFAOffset=16, RAOffset=-8, FPOffset=-16
2026/01/15 16:11:42 [DEBUG] unwindFrameWithSFrame: 函数size=27, pcOffset=0x18, useFPBased=false (from FRE)
2026/01/15 16:11:42 [DEBUG] unwindFrameWithSFrame: SP-based CFA (来自FDE), CFA=0x7ffd1d93b060 (SP=0x7ffd1d93b050 + 16)
2026/01/15 16:11:42 [DEBUG] unwindFrameWithSFrame: 读取返回地址，位置=0x7ffd1d93b058 (CFA=0x7ffd1d93b060, RAOffset=-8)
2026/01/15 16:11:42 [DEBUG] unwindFrameWithSFrame: 读取保存的BP=0x7ffd1d93b060 (from CFA+-16=0x7ffd1d93b050), useFPBased=false
2026/01/15 16:11:42 [DEBUG] unwindFrameWithSFrame: retAddr=0x5605e492b21c, newBP=0x7ffd1d93b060, newSP=0x7ffd1d93b060
2026/01/15 16:11:42 [DEBUG] SFrameResolver.ResolveAddress: 解析地址 0x5605e492b21c
2026/01/15 16:11:42 [DEBUG] SFrameResolver: 主程序地址，文件偏移 0x121c
2026/01/15 16:11:42 [DEBUG] findSymbolInList: 候选符号 deregister_tm_clones @ 0x10a0, size=0, dist=0x17c
2026/01/15 16:11:42 [DEBUG] findSymbolInList: 候选符号 register_tm_clones @ 0x10d0, size=0, dist=0x14c
2026/01/15 16:11:42 [DEBUG] findSymbolInList: 候选符号 __do_global_dtors_aux @ 0x1110, size=0, dist=0x10c
2026/01/15 16:11:42 [DEBUG] findSymbolInList: 候选符号 frame_dummy @ 0x1160, size=0, dist=0xbc
2026/01/15 16:11:42 [DEBUG] findSymbolInList: 候选符号 function_level_1 @ 0x1204, size=27, dist=0x18
2026/01/15 16:11:42 [DEBUG] findSymbolInList: 候选符号 function_level_3 @ 0x11ce, size=27, dist=0x4e
2026/01/15 16:11:42 [DEBUG] findSymbolInList: 候选符号 function_level_5 @ 0x1169, size=74, dist=0xb3
2026/01/15 16:11:42 [DEBUG] findSymbolInList: 候选符号 function_level_2 @ 0x11e9, size=27, dist=0x33
2026/01/15 16:11:42 [DEBUG] findSymbolInList: 候选符号 function_level_4 @ 0x11b3, size=27, dist=0x69
2026/01/15 16:11:42 [DEBUG] findSymbolInList: 候选符号 _start @ 0x1070, size=38, dist=0x1ac
2026/01/15 16:11:42 [DEBUG] findSymbolInList: 候选符号 _init @ 0x1000, size=0, dist=0x21c
2026/01/15 16:11:42 [DEBUG] findSymbolInList: 目标地址=0x121c, 检查了11个候选符号, 最佳匹配(范围内)=function_level_1, 距离=0x18
2026/01/15 16:11:42 [DEBUG] SFrameResolver: 找到函数 function_level_1+0x18
2026/01/15 16:11:42 [DEBUG] UnwindStackWithSFrame: Frame 10: PC=0x5605e492b21c, SP=0x7ffd1d93b060, BP=0x7ffd1d93b060
2026/01/15 16:11:42 [DEBUG] findSFrameFunction: 主程序地址 PC=0x5605e492b21c, baseAddr=0x5605e492b000, 函数数=8
2026/01/15 16:11:42 [DEBUG] findSFrameFunction: 找到主程序SFrame函数 @ 0x5605e492b204 (virtual=0x1204), PC=0x5605e492b21c, size=27
2026/01/15 16:11:42 [DEBUG] findFDEForFunction: pcOffset=0x18, FuncInfo=0x0, StartFREOff=56, FuncSize=27, NumFREs=4
2026/01/15 16:11:42 [DEBUG] findFDEForFunction: 解析FRE, freType=0, freDataStart=244
2026/01/15 16:11:42 [DEBUG] findFDEForFunction: FRE #0: StartOffset=0x0, CFAOffset=8, RAOffset=-8, FPOffset=0
2026/01/15 16:11:42 [DEBUG] findFDEForFunction: FRE #1: StartOffset=0x1, CFAOffset=16, RAOffset=-8, FPOffset=-16
2026/01/15 16:11:42 [DEBUG] findFDEForFunction: FRE #2: StartOffset=0x4, CFAOffset=16, RAOffset=-8, FPOffset=-16
2026/01/15 16:11:42 [DEBUG] findFDEForFunction: FRE #3: StartOffset=0x1a, CFAOffset=8, RAOffset=-8, FPOffset=-16
2026/01/15 16:11:42 [DEBUG] findFDEForFunction: 找到匹配的FRE, CFA_BASE=SP, CFAOffset=16, RAOffset=-8, FPOffset=-16
2026/01/15 16:11:42 [DEBUG] unwindFrameWithSFrame: 函数size=27, pcOffset=0x18, useFPBased=false (from FRE)
2026/01/15 16:11:42 [DEBUG] unwindFrameWithSFrame: SP-based CFA (来自FDE), CFA=0x7ffd1d93b070 (SP=0x7ffd1d93b060 + 16)
2026/01/15 16:11:42 [DEBUG] unwindFrameWithSFrame: 读取返回地址，位置=0x7ffd1d93b068 (CFA=0x7ffd1d93b070, RAOffset=-8)
2026/01/15 16:11:42 [DEBUG] unwindFrameWithSFrame: 读取保存的BP=0x7ffd1d93b070 (from CFA+-16=0x7ffd1d93b060), useFPBased=false
2026/01/15 16:11:42 [DEBUG] unwindFrameWithSFrame: retAddr=0x5605e492b263, newBP=0x7ffd1d93b070, newSP=0x7ffd1d93b070
2026/01/15 16:11:42 [DEBUG] SFrameResolver.ResolveAddress: 解析地址 0x5605e492b263
2026/01/15 16:11:42 [DEBUG] SFrameResolver: 主程序地址，文件偏移 0x1263
2026/01/15 16:11:42 [DEBUG] findSymbolInList: 候选符号 deregister_tm_clones @ 0x10a0, size=0, dist=0x1c3
2026/01/15 16:11:42 [DEBUG] findSymbolInList: 候选符号 register_tm_clones @ 0x10d0, size=0, dist=0x193
2026/01/15 16:11:42 [DEBUG] findSymbolInList: 候选符号 __do_global_dtors_aux @ 0x1110, size=0, dist=0x153
2026/01/15 16:11:42 [DEBUG] findSymbolInList: 候选符号 frame_dummy @ 0x1160, size=0, dist=0x103
2026/01/15 16:11:42 [DEBUG] findSymbolInList: 候选符号 function_level_1 @ 0x1204, size=27, dist=0x5f
2026/01/15 16:11:42 [DEBUG] findSymbolInList: 候选符号 function_level_3 @ 0x11ce, size=27, dist=0x95
2026/01/15 16:11:42 [DEBUG] findSymbolInList: 候选符号 function_level_5 @ 0x1169, size=74, dist=0xfa
2026/01/15 16:11:42 [DEBUG] findSymbolInList: 候选符号 function_level_2 @ 0x11e9, size=27, dist=0x7a
2026/01/15 16:11:42 [DEBUG] findSymbolInList: 候选符号 function_level_4 @ 0x11b3, size=27, dist=0xb0
2026/01/15 16:11:42 [DEBUG] findSymbolInList: 候选符号 _start @ 0x1070, size=38, dist=0x1f3
2026/01/15 16:11:42 [DEBUG] findSymbolInList: 候选符号 main @ 0x121f, size=75, dist=0x44
2026/01/15 16:11:42 [DEBUG] findSymbolInList: 候选符号 _init @ 0x1000, size=0, dist=0x263
2026/01/15 16:11:42 [DEBUG] findSymbolInList: 目标地址=0x1263, 检查了12个候选符号, 最佳匹配(范围内)=main, 距离=0x44
2026/01/15 16:11:42 [DEBUG] SFrameResolver: 找到函数 main+0x44
2026/01/15 16:11:42 [DEBUG] UnwindStackWithSFrame: Frame 11: PC=0x5605e492b263, SP=0x7ffd1d93b070, BP=0x7ffd1d93b070
2026/01/15 16:11:42 [DEBUG] findSFrameFunction: 主程序地址 PC=0x5605e492b263, baseAddr=0x5605e492b000, 函数数=8
2026/01/15 16:11:42 [DEBUG] findSFrameFunction: 找到主程序SFrame函数 @ 0x5605e492b21f (virtual=0x121f), PC=0x5605e492b263, size=75
2026/01/15 16:11:42 [DEBUG] findFDEForFunction: pcOffset=0x44, FuncInfo=0x0, StartFREOff=71, FuncSize=75, NumFREs=4
2026/01/15 16:11:42 [DEBUG] findFDEForFunction: 解析FRE, freType=0, freDataStart=259
2026/01/15 16:11:42 [DEBUG] findFDEForFunction: FRE #0: StartOffset=0x0, CFAOffset=8, RAOffset=-8, FPOffset=0
2026/01/15 16:11:42 [DEBUG] findFDEForFunction: FRE #1: StartOffset=0x1, CFAOffset=16, RAOffset=-8, FPOffset=-16
2026/01/15 16:11:42 [DEBUG] findFDEForFunction: FRE #2: StartOffset=0x4, CFAOffset=16, RAOffset=-8, FPOffset=-16
2026/01/15 16:11:42 [DEBUG] findFDEForFunction: FRE #3: StartOffset=0x4a, CFAOffset=8, RAOffset=-8, FPOffset=-16
2026/01/15 16:11:42 [DEBUG] findFDEForFunction: 找到匹配的FRE, CFA_BASE=SP, CFAOffset=16, RAOffset=-8, FPOffset=-16
2026/01/15 16:11:42 [DEBUG] unwindFrameWithSFrame: 函数size=75, pcOffset=0x44, useFPBased=false (from FRE)
2026/01/15 16:11:42 [DEBUG] unwindFrameWithSFrame: SP-based CFA (来自FDE), CFA=0x7ffd1d93b080 (SP=0x7ffd1d93b070 + 16)
2026/01/15 16:11:42 [DEBUG] unwindFrameWithSFrame: 读取返回地址，位置=0x7ffd1d93b078 (CFA=0x7ffd1d93b080, RAOffset=-8)
2026/01/15 16:11:42 [DEBUG] unwindFrameWithSFrame: 读取保存的BP=0x7ffd1d93b110 (from CFA+-16=0x7ffd1d93b070), useFPBased=false
2026/01/15 16:11:42 [DEBUG] unwindFrameWithSFrame: retAddr=0x7f70a7427635, newBP=0x7ffd1d93b110, newSP=0x7ffd1d93b080
2026/01/15 16:11:42 [DEBUG] SFrameResolver.ResolveAddress: 解析地址 0x7f70a7427635
2026/01/15 16:11:42 [DEBUG] SFrameResolver: 共享库地址, 路径: /usr/lib/libc.so.6, 偏移: 0x27635
2026/01/15 16:11:42 [DEBUG] findSymbolInList: 候选符号 verrx @ 0x26d60, size=33, dist=0x8d5
2026/01/15 16:11:42 [DEBUG] findSymbolInList: 候选符号 __libc_init_first @ 0x275b0, size=5, dist=0x85
2026/01/15 16:11:42 [DEBUG] findSymbolInList: 候选符号 verr @ 0x26d42, size=30, dist=0x8f3
2026/01/15 16:11:42 [DEBUG] findSymbolInList: 候选符号 warn @ 0x26c87, size=187, dist=0x9ae
2026/01/15 16:11:42 [DEBUG] findSymbolInList: 候选符号 err @ 0x26d81, size=178, dist=0x8b4
2026/01/15 16:11:42 [DEBUG] findSymbolInList: 候选符号 vwarn @ 0x26c7b, size=12, dist=0x9ba
2026/01/15 16:11:42 [DEBUG] findSymbolInList: 候选符号 errx @ 0x26e33, size=178, dist=0x802
2026/01/15 16:11:42 [DEBUG] findSymbolInList: 目标地址=0x27635, 检查了15个候选符号, 最佳匹配(最近)=__libc_init_first, 距离=0x85
2026/01/15 16:11:42 [DEBUG] SFrameResolver: 找到共享库函数 __libc_init_first+0x85@libc.so.6
2026/01/15 16:11:42 [DEBUG] UnwindStackWithSFrame: Frame 12: PC=0x7f70a7427635, SP=0x7ffd1d93b080, BP=0x7ffd1d93b110
2026/01/15 16:11:42 [DEBUG] findSFrameFunction: 共享库地址 PC=0x7f70a7427635, lib=/usr/lib/libc.so.6
2026/01/15 16:11:42 [DEBUG] findSFrameFunction: 找到共享库SFrame函数 @ 0x7f70a74275c0 (virtual=0x275c0), size=159, lib=/usr/lib/libc.so.6
2026/01/15 16:11:42 [DEBUG] findFDEForFunction: pcOffset=0x75, FuncInfo=0x0, StartFREOff=67, FuncSize=159, NumFREs=3
2026/01/15 16:11:42 [DEBUG] findFDEForFunction: 解析FRE, freType=0, freDataStart=78275
2026/01/15 16:11:42 [DEBUG] findFDEForFunction: FRE #0: StartOffset=0x0, CFAOffset=8, RAOffset=-8, FPOffset=0
2026/01/15 16:11:42 [DEBUG] findFDEForFunction: FRE #1: StartOffset=0x1, CFAOffset=16, RAOffset=-8, FPOffset=-16
2026/01/15 16:11:42 [DEBUG] findFDEForFunction: FRE #2: StartOffset=0x4, CFAOffset=16, RAOffset=-8, FPOffset=-16
2026/01/15 16:11:42 [DEBUG] findFDEForFunction: 找到匹配的FRE, CFA_BASE=SP, CFAOffset=16, RAOffset=-8, FPOffset=-16
2026/01/15 16:11:42 [DEBUG] unwindFrameWithSFrame: 函数size=159, pcOffset=0x75, useFPBased=false (from FRE)
2026/01/15 16:11:42 [DEBUG] unwindFrameWithSFrame: SP-based CFA (来自FDE), CFA=0x7ffd1d93b090 (SP=0x7ffd1d93b080 + 16)
2026/01/15 16:11:42 [DEBUG] unwindFrameWithSFrame: 读取返回地址，位置=0x7ffd1d93b088 (CFA=0x7ffd1d93b090, RAOffset=-8)
2026/01/15 16:11:42 [DEBUG] unwindFrameWithSFrame: SP-based读取失败(retAddr=0x7ffd1d93b198无效)，尝试从BP+8读取
2026/01/15 16:11:42 [DEBUG] unwindFrameWithSFrame: 从BP+8成功读取返回地址 0x7f70a74276e9，切换到FP-based
2026/01/15 16:11:42 [DEBUG] unwindFrameWithSFrame: 读取保存的BP=0x7ffd1d93b170 (from CFA+-16=0x7ffd1d93b110), useFPBased=true
2026/01/15 16:11:42 [DEBUG] unwindFrameWithSFrame: retAddr=0x7f70a74276e9, newBP=0x7ffd1d93b170, newSP=0x7ffd1d93b120
2026/01/15 16:11:42 [DEBUG] SFrameResolver.ResolveAddress: 解析地址 0x7f70a74276e9
2026/01/15 16:11:42 [DEBUG] SFrameResolver: 共享库地址, 路径: /usr/lib/libc.so.6, 偏移: 0x276e9
2026/01/15 16:11:42 [DEBUG] findSymbolInList: 候选符号 verrx @ 0x26d60, size=33, dist=0x989
2026/01/15 16:11:42 [DEBUG] findSymbolInList: 候选符号 __libc_init_first @ 0x275b0, size=5, dist=0x139
2026/01/15 16:11:42 [DEBUG] findSymbolInList: 候选符号 verr @ 0x26d42, size=30, dist=0x9a7
2026/01/15 16:11:42 [DEBUG] findSymbolInList: 候选符号 __libc_start_main @ 0x27660, size=336, dist=0x89
2026/01/15 16:11:42 [DEBUG] findSymbolInList: 候选符号 __libc_start_main @ 0x27660, size=336, dist=0x89
2026/01/15 16:11:42 [DEBUG] findSymbolInList: 候选符号 warn @ 0x26c87, size=187, dist=0xa62
2026/01/15 16:11:42 [DEBUG] findSymbolInList: 候选符号 err @ 0x26d81, size=178, dist=0x968
2026/01/15 16:11:42 [DEBUG] findSymbolInList: 候选符号 vwarn @ 0x26c7b, size=12, dist=0xa6e
2026/01/15 16:11:42 [DEBUG] findSymbolInList: 候选符号 errx @ 0x26e33, size=178, dist=0x8b6
2026/01/15 16:11:42 [DEBUG] findSymbolInList: 目标地址=0x276e9, 检查了17个候选符号, 最佳匹配(范围内)=__libc_start_main, 距离=0x89
2026/01/15 16:11:42 [DEBUG] SFrameResolver: 找到共享库函数 __libc_start_main+0x89@libc.so.6
2026/01/15 16:11:42 [DEBUG] UnwindStackWithSFrame: Frame 13: PC=0x7f70a74276e9, SP=0x7ffd1d93b120, BP=0x7ffd1d93b170
2026/01/15 16:11:42 [DEBUG] findSFrameFunction: 共享库地址 PC=0x7f70a74276e9, lib=/usr/lib/libc.so.6
2026/01/15 16:11:42 [DEBUG] findSFrameFunction: 找到共享库SFrame函数 @ 0x7f70a7427660 (virtual=0x27660), size=336, lib=/usr/lib/libc.so.6
2026/01/15 16:11:42 [DEBUG] findFDEForFunction: pcOffset=0x89, FuncInfo=0x1, StartFREOff=78, FuncSize=336, NumFREs=4
2026/01/15 16:11:42 [DEBUG] findFDEForFunction: 解析FRE, freType=1, freDataStart=78286
2026/01/15 16:11:42 [DEBUG] findFDEForFunction: FRE #0: StartOffset=0x0, CFAOffset=8, RAOffset=-8, FPOffset=0
2026/01/15 16:11:42 [DEBUG] findFDEForFunction: FRE #1: StartOffset=0x5, CFAOffset=16, RAOffset=-8, FPOffset=-16
2026/01/15 16:11:42 [DEBUG] findFDEForFunction: FRE #2: StartOffset=0x8, CFAOffset=16, RAOffset=-8, FPOffset=-16
2026/01/15 16:11:42 [DEBUG] findFDEForFunction: FRE #3: StartOffset=0x1e, CFAOffset=16, RAOffset=-8, FPOffset=-16
2026/01/15 16:11:42 [DEBUG] findFDEForFunction: 找到匹配的FRE, CFA_BASE=SP, CFAOffset=16, RAOffset=-8, FPOffset=-16
2026/01/15 16:11:42 [DEBUG] unwindFrameWithSFrame: 函数size=336, pcOffset=0x89, useFPBased=false (from FRE)
2026/01/15 16:11:42 [DEBUG] unwindFrameWithSFrame: SP-based CFA (来自FDE), CFA=0x7ffd1d93b130 (SP=0x7ffd1d93b120 + 16)
2026/01/15 16:11:42 [DEBUG] unwindFrameWithSFrame: 读取返回地址，位置=0x7ffd1d93b128 (CFA=0x7ffd1d93b130, RAOffset=-8)
2026/01/15 16:11:42 [DEBUG] unwindFrameWithSFrame: SP-based读取失败(retAddr=0x5605e492ddd8无效)，尝试从BP+8读取
2026/01/15 16:11:42 [DEBUG] unwindFrameWithSFrame: 从BP+8成功读取返回地址 0x5605e492b095，切换到FP-based
2026/01/15 16:11:42 [DEBUG] unwindFrameWithSFrame: 读取保存的BP=0x0 (from CFA+-16=0x7ffd1d93b170), useFPBased=true
2026/01/15 16:11:42 [DEBUG] unwindFrameWithSFrame: retAddr=0x5605e492b095, newBP=0x0, newSP=0x7ffd1d93b180
2026/01/15 16:11:42 [DEBUG] SFrameResolver.ResolveAddress: 解析地址 0x5605e492b095
2026/01/15 16:11:42 [DEBUG] SFrameResolver: 主程序地址，文件偏移 0x1095
2026/01/15 16:11:42 [DEBUG] findSymbolInList: 候选符号 _start @ 0x1070, size=38, dist=0x25
2026/01/15 16:11:42 [DEBUG] findSymbolInList: 候选符号 _init @ 0x1000, size=0, dist=0x95
2026/01/15 16:11:42 [DEBUG] findSymbolInList: 目标地址=0x1095, 检查了2个候选符号, 最佳匹配(范围内)=_start, 距离=0x25
2026/01/15 16:11:42 [DEBUG] SFrameResolver: 找到函数 _start+0x25
2026/01/15 16:11:42 [DEBUG] UnwindStackWithSFrame: Frame 14: PC=0x5605e492b095, SP=0x7ffd1d93b180, BP=0x0
2026/01/15 16:11:42 [DEBUG] findSFrameFunction: 主程序地址 PC=0x5605e492b095, baseAddr=0x5605e492b000, 函数数=8
2026/01/15 16:11:42 [DEBUG] findSFrameFunction: 主程序中未找到匹配的SFrame函数 (PC=0x5605e492b095)
2026/01/15 16:11:42 [DEBUG] UnwindStackWithSFrame: SFrame展开失败: no SFrame info for PC 0x5605e492b095
2026/01/15 16:11:42 [DEBUG] UnwindStackWithSFrame: 总共展开了 15 帧

=== 详细栈帧信息 ===

帧 #0:
  程序计数器 (PC): 0x00007f70a749318e
  栈指针     (SP): 0x00007ffd1d93af90
  基址指针   (BP): 0x00007ffd1d93afa0
  函数: 0x9318e
  库: libc.so.6

帧 #1:
  程序计数器 (PC): 0x00007f70a748daa1
  栈指针     (SP): 0x00007ffd1d93afa0
  基址指针   (BP): 0x00007ffd1d93afb0
  函数: _IO_do_write+0x21
  库: libc.so.6

帧 #2:
  程序计数器 (PC): 0x00007f70a74e3bd2
  栈指针     (SP): 0x00007ffd1d93afb0
  基址指针   (BP): 0x00007ffd1d93afc0
  函数: clock_nanosleep+0x32
  库: libc.so.6

帧 #3:
  程序计数器 (PC): 0x00007f70a748dfc0
  栈指针     (SP): 0x00007ffd1d93afc0
  基址指针   (BP): 0x00007ffd1d93afc0
  函数: _IO_file_overflow+0x100
  库: libc.so.6

帧 #4:
  程序计数器 (PC): 0x00007f70a74efc57
  栈指针     (SP): 0x00007ffd1d93afd0
  基址指针   (BP): 0x00007ffd1d93afd0
  函数: nanosleep+0x17
  库: libc.so.6

帧 #5:
  程序计数器 (PC): 0x00007f70a750229e
  栈指针     (SP): 0x00007ffd1d93afe0
  基址指针   (BP): 0x00007ffd1d93b010
  函数: sleep+0x3e
  库: libc.so.6

帧 #6:
  程序计数器 (PC): 0x00005605e492b1b1
  栈指针     (SP): 0x00007ffd1d93b020
  基址指针   (BP): 0x00007ffd1d93b020
  函数: function_level_5+0x48

帧 #7:
  程序计数器 (PC): 0x00005605e492b1cb
  栈指针     (SP): 0x00007ffd1d93b030
  基址指针   (BP): 0x00007ffd1d93b030
  函数: function_level_4+0x18

帧 #8:
  程序计数器 (PC): 0x00005605e492b1e6
  栈指针     (SP): 0x00007ffd1d93b040
  基址指针   (BP): 0x00007ffd1d93b040
  函数: function_level_3+0x18

帧 #9:
  程序计数器 (PC): 0x00005605e492b201
  栈指针     (SP): 0x00007ffd1d93b050
  基址指针   (BP): 0x00007ffd1d93b050
  函数: function_level_2+0x18

帧 #10:
  程序计数器 (PC): 0x00005605e492b21c
  栈指针     (SP): 0x00007ffd1d93b060
  基址指针   (BP): 0x00007ffd1d93b060
  函数: function_level_1+0x18

帧 #11:
  程序计数器 (PC): 0x00005605e492b263
  栈指针     (SP): 0x00007ffd1d93b070
  基址指针   (BP): 0x00007ffd1d93b070
  函数: main+0x44

帧 #12:
  程序计数器 (PC): 0x00007f70a7427635
  栈指针     (SP): 0x00007ffd1d93b080
  基址指针   (BP): 0x00007ffd1d93b110
  函数: __libc_init_first+0x85
  库: libc.so.6

帧 #13:
  程序计数器 (PC): 0x00007f70a74276e9
  栈指针     (SP): 0x00007ffd1d93b120
  基址指针   (BP): 0x00007ffd1d93b170
  函数: __libc_start_main+0x89
  库: libc.so.6

帧 #14:
  程序计数器 (PC): 0x00005605e492b095
  栈指针     (SP): 0x00007ffd1d93b180
  基址指针   (BP): 0x0000000000000000
  函数: _start+0x25

=== 统计信息 ===
总栈帧数: 15

各库栈帧数:
  <main>                        : 7
  libc.so.6                     : 8
