正在对进程 132995 进行栈回溯...
日志文件: ../log/stack_unwinding_132995_20260114_161634.log

2026/01/14 16:16:34 [DEBUG] NewSFrameResolver: 为PID 132995 创建SFrame解析器
2026/01/14 16:16:34 [DEBUG] NewSFrameResolver: 可执行文件: /home/ssy/lbr/test/test_stack_unwinding
2026/01/14 16:16:34 [DEBUG] loadSFrameData: SFrame Magic=0x502dee2, Version=3
2026/01/14 16:16:34 [DEBUG] NewSFrameResolver: 成功加载SFrame数据
2026/01/14 16:16:34 [DEBUG] loadSymbols: 加载了 29 个符号
2026/01/14 16:16:34 [DEBUG] GetProcessMaps: 读取进程 132995 的内存映射
2026/01/14 16:16:34 [DEBUG] GetProcessMaps: 读取到 24 个内存映射
2026/01/14 16:16:34 [DEBUG] loadBaseAddress: 基址=0x55a9a7da9000, 结束=0x55a9a7daa000, 偏移=0x1000
2026/01/14 16:16:34 [DEBUG] GetProcessMaps: 读取进程 132995 的内存映射
2026/01/14 16:16:34 [DEBUG] GetProcessMaps: 读取到 24 个内存映射
2026/01/14 16:16:34 [DEBUG] loadLibraryMapping: 加载共享库 /usr/lib/libc.so.6, 符号数: 3114
2026/01/14 16:16:34 [DEBUG] loadLibraryMapping: 加载共享库 /usr/lib/ld-linux-x86-64.so.2, 符号数: 32
2026/01/14 16:16:34 [DEBUG] loadLibraryMappings: 加载了 2 个共享库映射
2026/01/14 16:16:34 [DEBUG] NewSFrameResolver: SFrame解析器创建成功
最大栈帧数: 32

2026/01/14 16:16:34 [DEBUG] GetRegisters: PC=0x7f42f789318e, SP=0x7ffee12a9e90, BP=0x7ffee12a9ea0 (via ptrace)
2026/01/14 16:16:34 [DEBUG] SFrameResolver.ResolveAddress: 解析地址 0x7f42f789318e
2026/01/14 16:16:34 [DEBUG] SFrameResolver: 共享库地址, 路径: /usr/lib/libc.so.6, 偏移: 0x9318e
2026/01/14 16:16:34 [DEBUG] SFrameResolver: 未找到符号，使用偏移 0x9318e@libc.so.6
2026/01/14 16:16:34 [DEBUG] UnwindStack: Frame 0: PC=0x7f42f789318e, SP=0x7ffee12a9e90, BP=0x7ffee12a9ea0
2026/01/14 16:16:34 [DEBUG] unwindFrame: 读取 newBP=0x7ffee12a9ec0, retAddr=0x7f42f78e3bd2 (from BP=0x7ffee12a9ea0)
2026/01/14 16:16:34 [DEBUG] unwindFrame: 更新后 PC=0x7f42f78e3bd2, BP=0x7ffee12a9ec0, SP=0x7ffee12a9ed0
2026/01/14 16:16:34 [DEBUG] SFrameResolver.ResolveAddress: 解析地址 0x7f42f78e3bd2
2026/01/14 16:16:34 [DEBUG] SFrameResolver: 共享库地址, 路径: /usr/lib/libc.so.6, 偏移: 0xe3bd2
2026/01/14 16:16:34 [DEBUG] SFrameResolver: 找到共享库函数 clock_nanosleep+0x32@libc.so.6
2026/01/14 16:16:34 [DEBUG] UnwindStack: Frame 1: PC=0x7f42f78e3bd2, SP=0x7ffee12a9ed0, BP=0x7ffee12a9ec0
2026/01/14 16:16:34 [DEBUG] unwindFrame: 读取 newBP=0x7ffee12a9ed0, retAddr=0x7f42f78efc57 (from BP=0x7ffee12a9ec0)
2026/01/14 16:16:34 [DEBUG] unwindFrame: 更新后 PC=0x7f42f78efc57, BP=0x7ffee12a9ed0, SP=0x7ffee12a9ee0
2026/01/14 16:16:34 [DEBUG] SFrameResolver.ResolveAddress: 解析地址 0x7f42f78efc57
2026/01/14 16:16:34 [DEBUG] SFrameResolver: 共享库地址, 路径: /usr/lib/libc.so.6, 偏移: 0xefc57
2026/01/14 16:16:34 [DEBUG] SFrameResolver: 找到共享库函数 nanosleep+0x17@libc.so.6
2026/01/14 16:16:34 [DEBUG] UnwindStack: Frame 2: PC=0x7f42f78efc57, SP=0x7ffee12a9ee0, BP=0x7ffee12a9ed0
2026/01/14 16:16:34 [DEBUG] unwindFrame: 读取 newBP=0x7ffee12a9f10, retAddr=0x7f42f790229e (from BP=0x7ffee12a9ed0)
2026/01/14 16:16:34 [DEBUG] unwindFrame: 更新后 PC=0x7f42f790229e, BP=0x7ffee12a9f10, SP=0x7ffee12a9f20
2026/01/14 16:16:34 [DEBUG] SFrameResolver.ResolveAddress: 解析地址 0x7f42f790229e
2026/01/14 16:16:34 [DEBUG] SFrameResolver: 共享库地址, 路径: /usr/lib/libc.so.6, 偏移: 0x10229e
2026/01/14 16:16:34 [DEBUG] SFrameResolver: 找到共享库函数 sleep+0x3e@libc.so.6
2026/01/14 16:16:34 [DEBUG] UnwindStack: Frame 3: PC=0x7f42f790229e, SP=0x7ffee12a9f20, BP=0x7ffee12a9f10
2026/01/14 16:16:34 [DEBUG] unwindFrame: 读取 newBP=0x7ffee12a9f20, retAddr=0x55a9a7da91b1 (from BP=0x7ffee12a9f10)
2026/01/14 16:16:34 [DEBUG] unwindFrame: 更新后 PC=0x55a9a7da91b1, BP=0x7ffee12a9f20, SP=0x7ffee12a9f30
2026/01/14 16:16:34 [DEBUG] SFrameResolver.ResolveAddress: 解析地址 0x55a9a7da91b1
2026/01/14 16:16:34 [DEBUG] SFrameResolver: 主程序地址，文件偏移 0x11b1
2026/01/14 16:16:34 [DEBUG] SFrameResolver: 找到函数 function_level_5+0x48
2026/01/14 16:16:34 [DEBUG] UnwindStack: Frame 4: PC=0x55a9a7da91b1, SP=0x7ffee12a9f30, BP=0x7ffee12a9f20
2026/01/14 16:16:34 [DEBUG] unwindFrame: 读取 newBP=0x7ffee12a9f30, retAddr=0x55a9a7da91cb (from BP=0x7ffee12a9f20)
2026/01/14 16:16:34 [DEBUG] unwindFrame: 更新后 PC=0x55a9a7da91cb, BP=0x7ffee12a9f30, SP=0x7ffee12a9f40
2026/01/14 16:16:34 [DEBUG] SFrameResolver.ResolveAddress: 解析地址 0x55a9a7da91cb
2026/01/14 16:16:34 [DEBUG] SFrameResolver: 主程序地址，文件偏移 0x11cb
2026/01/14 16:16:34 [DEBUG] SFrameResolver: 找到函数 function_level_4+0x18
2026/01/14 16:16:34 [DEBUG] UnwindStack: Frame 5: PC=0x55a9a7da91cb, SP=0x7ffee12a9f40, BP=0x7ffee12a9f30
2026/01/14 16:16:34 [DEBUG] unwindFrame: 读取 newBP=0x7ffee12a9f40, retAddr=0x55a9a7da91e6 (from BP=0x7ffee12a9f30)
2026/01/14 16:16:34 [DEBUG] unwindFrame: 更新后 PC=0x55a9a7da91e6, BP=0x7ffee12a9f40, SP=0x7ffee12a9f50
2026/01/14 16:16:34 [DEBUG] SFrameResolver.ResolveAddress: 解析地址 0x55a9a7da91e6
2026/01/14 16:16:34 [DEBUG] SFrameResolver: 主程序地址，文件偏移 0x11e6
2026/01/14 16:16:34 [DEBUG] SFrameResolver: 找到函数 function_level_3+0x18
2026/01/14 16:16:34 [DEBUG] UnwindStack: Frame 6: PC=0x55a9a7da91e6, SP=0x7ffee12a9f50, BP=0x7ffee12a9f40
2026/01/14 16:16:34 [DEBUG] unwindFrame: 读取 newBP=0x7ffee12a9f50, retAddr=0x55a9a7da9201 (from BP=0x7ffee12a9f40)
2026/01/14 16:16:34 [DEBUG] unwindFrame: 更新后 PC=0x55a9a7da9201, BP=0x7ffee12a9f50, SP=0x7ffee12a9f60
2026/01/14 16:16:34 [DEBUG] SFrameResolver.ResolveAddress: 解析地址 0x55a9a7da9201
2026/01/14 16:16:34 [DEBUG] SFrameResolver: 主程序地址，文件偏移 0x1201
2026/01/14 16:16:34 [DEBUG] SFrameResolver: 找到函数 function_level_2+0x18
2026/01/14 16:16:34 [DEBUG] UnwindStack: Frame 7: PC=0x55a9a7da9201, SP=0x7ffee12a9f60, BP=0x7ffee12a9f50
2026/01/14 16:16:34 [DEBUG] unwindFrame: 读取 newBP=0x7ffee12a9f60, retAddr=0x55a9a7da921c (from BP=0x7ffee12a9f50)
2026/01/14 16:16:34 [DEBUG] unwindFrame: 更新后 PC=0x55a9a7da921c, BP=0x7ffee12a9f60, SP=0x7ffee12a9f70
2026/01/14 16:16:34 [DEBUG] SFrameResolver.ResolveAddress: 解析地址 0x55a9a7da921c
2026/01/14 16:16:34 [DEBUG] SFrameResolver: 主程序地址，文件偏移 0x121c
2026/01/14 16:16:34 [DEBUG] SFrameResolver: 找到函数 function_level_1+0x18
2026/01/14 16:16:34 [DEBUG] UnwindStack: Frame 8: PC=0x55a9a7da921c, SP=0x7ffee12a9f70, BP=0x7ffee12a9f60
2026/01/14 16:16:34 [DEBUG] unwindFrame: 读取 newBP=0x7ffee12a9f70, retAddr=0x55a9a7da9263 (from BP=0x7ffee12a9f60)
2026/01/14 16:16:34 [DEBUG] unwindFrame: 更新后 PC=0x55a9a7da9263, BP=0x7ffee12a9f70, SP=0x7ffee12a9f80
2026/01/14 16:16:34 [DEBUG] SFrameResolver.ResolveAddress: 解析地址 0x55a9a7da9263
2026/01/14 16:16:34 [DEBUG] SFrameResolver: 主程序地址，文件偏移 0x1263
2026/01/14 16:16:34 [DEBUG] SFrameResolver: 找到函数 main+0x44
2026/01/14 16:16:34 [DEBUG] UnwindStack: Frame 9: PC=0x55a9a7da9263, SP=0x7ffee12a9f80, BP=0x7ffee12a9f70
2026/01/14 16:16:34 [DEBUG] unwindFrame: 读取 newBP=0x7ffee12aa010, retAddr=0x7f42f7827635 (from BP=0x7ffee12a9f70)
2026/01/14 16:16:34 [DEBUG] unwindFrame: 更新后 PC=0x7f42f7827635, BP=0x7ffee12aa010, SP=0x7ffee12aa020
2026/01/14 16:16:34 [DEBUG] SFrameResolver.ResolveAddress: 解析地址 0x7f42f7827635
2026/01/14 16:16:34 [DEBUG] SFrameResolver: 共享库地址, 路径: /usr/lib/libc.so.6, 偏移: 0x27635
2026/01/14 16:16:34 [DEBUG] SFrameResolver: 未找到符号，使用偏移 0x27635@libc.so.6
2026/01/14 16:16:34 [DEBUG] UnwindStack: Frame 10: PC=0x7f42f7827635, SP=0x7ffee12aa020, BP=0x7ffee12aa010
2026/01/14 16:16:34 [DEBUG] unwindFrame: 读取 newBP=0x7ffee12aa070, retAddr=0x7f42f78276e9 (from BP=0x7ffee12aa010)
2026/01/14 16:16:34 [DEBUG] unwindFrame: 更新后 PC=0x7f42f78276e9, BP=0x7ffee12aa070, SP=0x7ffee12aa080
2026/01/14 16:16:34 [DEBUG] SFrameResolver.ResolveAddress: 解析地址 0x7f42f78276e9
2026/01/14 16:16:34 [DEBUG] SFrameResolver: 共享库地址, 路径: /usr/lib/libc.so.6, 偏移: 0x276e9
2026/01/14 16:16:34 [DEBUG] SFrameResolver: 找到共享库函数 __libc_start_main+0x89@libc.so.6
2026/01/14 16:16:34 [DEBUG] UnwindStack: Frame 11: PC=0x7f42f78276e9, SP=0x7ffee12aa080, BP=0x7ffee12aa070
2026/01/14 16:16:34 [DEBUG] unwindFrame: 读取 newBP=0x0, retAddr=0x55a9a7da9095 (from BP=0x7ffee12aa070)
2026/01/14 16:16:34 [DEBUG] unwindFrame: 新BP为0，到达栈底
2026/01/14 16:16:34 [DEBUG] UnwindStack: 展开失败: reached end of stack (null BP)
2026/01/14 16:16:34 [DEBUG] UnwindStack: 总共展开了 12 帧

=== 详细栈帧信息 ===

帧 #0:
  程序计数器 (PC): 0x00007f42f789318e
  栈指针     (SP): 0x00007ffee12a9e90
  基址指针   (BP): 0x00007ffee12a9ea0
  函数: 0x9318e
  库: libc.so.6

帧 #1:
  程序计数器 (PC): 0x00007f42f78e3bd2
  栈指针     (SP): 0x00007ffee12a9ed0
  基址指针   (BP): 0x00007ffee12a9ec0
  函数: clock_nanosleep+0x32
  库: libc.so.6

帧 #2:
  程序计数器 (PC): 0x00007f42f78efc57
  栈指针     (SP): 0x00007ffee12a9ee0
  基址指针   (BP): 0x00007ffee12a9ed0
  函数: nanosleep+0x17
  库: libc.so.6

帧 #3:
  程序计数器 (PC): 0x00007f42f790229e
  栈指针     (SP): 0x00007ffee12a9f20
  基址指针   (BP): 0x00007ffee12a9f10
  函数: sleep+0x3e
  库: libc.so.6

帧 #4:
  程序计数器 (PC): 0x000055a9a7da91b1
  栈指针     (SP): 0x00007ffee12a9f30
  基址指针   (BP): 0x00007ffee12a9f20
  函数: function_level_5+0x48

帧 #5:
  程序计数器 (PC): 0x000055a9a7da91cb
  栈指针     (SP): 0x00007ffee12a9f40
  基址指针   (BP): 0x00007ffee12a9f30
  函数: function_level_4+0x18

帧 #6:
  程序计数器 (PC): 0x000055a9a7da91e6
  栈指针     (SP): 0x00007ffee12a9f50
  基址指针   (BP): 0x00007ffee12a9f40
  函数: function_level_3+0x18

帧 #7:
  程序计数器 (PC): 0x000055a9a7da9201
  栈指针     (SP): 0x00007ffee12a9f60
  基址指针   (BP): 0x00007ffee12a9f50
  函数: function_level_2+0x18

帧 #8:
  程序计数器 (PC): 0x000055a9a7da921c
  栈指针     (SP): 0x00007ffee12a9f70
  基址指针   (BP): 0x00007ffee12a9f60
  函数: function_level_1+0x18

帧 #9:
  程序计数器 (PC): 0x000055a9a7da9263
  栈指针     (SP): 0x00007ffee12a9f80
  基址指针   (BP): 0x00007ffee12a9f70
  函数: main+0x44

帧 #10:
  程序计数器 (PC): 0x00007f42f7827635
  栈指针     (SP): 0x00007ffee12aa020
  基址指针   (BP): 0x00007ffee12aa010
  函数: 0x27635
  库: libc.so.6

帧 #11:
  程序计数器 (PC): 0x00007f42f78276e9
  栈指针     (SP): 0x00007ffee12aa080
  基址指针   (BP): 0x00007ffee12aa070
  函数: __libc_start_main+0x89
  库: libc.so.6

=== 统计信息 ===
总栈帧数: 12

各库栈帧数:
  libc.so.6                     : 6
  <main>                        : 6
